2024-11-16 21:41:46,453 [INFO] Activator:176 - 


2024-11-16 21:41:46,462 [INFO] Activator:177 - !SESSION log4j initialized
2024-11-16 21:41:54,695 [INFO] LogOutputStream:77 - [STDOUT_REDIRECT] 
2024-11-16 21:42:03,447 [INFO] ApplicationProperties:184 - Using Application install path: C:\ST\STM32CubeIDE_1.15.1\STM32CubeIDE\plugins\com.st.stm32cube.common.mx_6.11.1.202404110753
2024-11-16 21:42:03,476 [INFO] DbMcusXml:78 - Set database path to: C:\ST\STM32CubeIDE_1.15.1\STM32CubeIDE\plugins\com.st.stm32cube.common.mx_6.11.1.202404110753\\db\/mcu/
2024-11-16 21:42:03,477 [INFO] ApiDb:274 - Set plugin database path to: C:\ST\STM32CubeIDE_1.15.1\STM32CubeIDE\plugins\com.st.stm32cube.common.mx_6.11.1.202404110753\\db\/plugins/boardmanager/
2024-11-16 21:42:03,478 [WARN] ApiDb:259 - Overriding images path with different value:  => C:\ST\STM32CubeIDE_1.15.1\STM32CubeIDE\plugins\com.st.stm32cube.common.mx_6.11.1.202404110753\\db\/plugins/mcufinder/images/
2024-11-16 21:42:03,491 [INFO] ApiDb:250 - Set database path to: C:\Users\gusta\.stmcufinder\plugins\mcufinder//mcu/
2024-11-16 21:42:03,492 [INFO] DbMcusAds:125 - Set database path to: C:\Users\gusta\.stmcufinder\plugins\mcufinder//mcu/
2024-11-16 21:42:03,496 [INFO] CrossReferenceDbSqlite:203 - Set database path to: C:\Users\gusta\.stmcufinder\plugins\mcufinder//mcu/cs/
2024-11-16 21:42:03,669 [INFO] RulesReader:64 - Compatibility file has been processed (297 Rules)
2024-11-16 21:42:03,782 [INFO] DbMcusXml:78 - Set database path to: C:\ST\STM32CubeIDE_1.15.1\STM32CubeIDE\plugins\com.st.stm32cube.common.mx_6.11.1.202404110753\\db\/mcu/
2024-11-16 21:42:03,782 [INFO] ApiDb:274 - Set plugin database path to: C:\ST\STM32CubeIDE_1.15.1\STM32CubeIDE\plugins\com.st.stm32cube.common.mx_6.11.1.202404110753\\db\/plugins/boardmanager/
2024-11-16 21:42:03,782 [INFO] ApiDb:261 - Set plugin images path to: C:\ST\STM32CubeIDE_1.15.1\STM32CubeIDE\plugins\com.st.stm32cube.common.mx_6.11.1.202404110753\\db\/plugins/mcufinder/images/
2024-11-16 21:42:03,782 [WARN] DbFile:41 - Overriding database path with different value: C:\Users\gusta\.stmcufinder\plugins\mcufinder/ => C:\Users\gusta\.stmcufinder\plugins\mcufinder
2024-11-16 21:42:03,782 [INFO] ApiDb:250 - Set database path to: C:\Users\gusta\.stmcufinder\plugins\mcufinder//mcu/
2024-11-16 21:42:03,782 [WARN] DbFile:41 - Overriding database path with different value: C:\Users\gusta\.stmcufinder\plugins\mcufinder/ => C:\Users\gusta\.stmcufinder\plugins\mcufinder
2024-11-16 21:42:03,782 [INFO] DbMcusAds:125 - Set database path to: C:\Users\gusta\.stmcufinder\plugins\mcufinder//mcu/
2024-11-16 21:42:03,783 [WARN] DbFile:41 - Overriding database path with different value: C:\Users\gusta\.stmcufinder\plugins\mcufinder/ => C:\Users\gusta\.stmcufinder\plugins\mcufinder
2024-11-16 21:42:03,783 [WARN] DbFile:41 - Overriding database path with different value: C:\Users\gusta\.stmcufinder\plugins\mcufinder/ => C:\Users\gusta\.stmcufinder\plugins\mcufinder
2024-11-16 21:42:03,783 [INFO] CrossReferenceDbSqlite:203 - Set database path to: C:\Users\gusta\.stmcufinder\plugins\mcufinder//mcu/cs/
2024-11-16 21:42:03,889 [INFO] MainPanel:264 - HeapMemory: 268435456
2024-11-16 21:42:04,055 [INFO] DbMcusXml:78 - Set database path to: C:\ST\STM32CubeIDE_1.15.1\STM32CubeIDE\plugins\com.st.stm32cube.common.mx_6.11.1.202404110753\\db\/mcu/
2024-11-16 21:42:04,056 [INFO] ApiDb:274 - Set plugin database path to: C:\ST\STM32CubeIDE_1.15.1\STM32CubeIDE\plugins\com.st.stm32cube.common.mx_6.11.1.202404110753\\db\/plugins/boardmanager/
2024-11-16 21:42:04,056 [INFO] ApiDb:261 - Set plugin images path to: C:\ST\STM32CubeIDE_1.15.1\STM32CubeIDE\plugins\com.st.stm32cube.common.mx_6.11.1.202404110753\\db\/plugins/mcufinder/images/
2024-11-16 21:42:04,056 [WARN] DbFile:41 - Overriding database path with different value: C:\Users\gusta\.stmcufinder\plugins\mcufinder/ => C:\Users\gusta\.stmcufinder\plugins\mcufinder
2024-11-16 21:42:04,056 [INFO] ApiDb:250 - Set database path to: C:\Users\gusta\.stmcufinder\plugins\mcufinder//mcu/
2024-11-16 21:42:04,057 [WARN] DbFile:41 - Overriding database path with different value: C:\Users\gusta\.stmcufinder\plugins\mcufinder/ => C:\Users\gusta\.stmcufinder\plugins\mcufinder
2024-11-16 21:42:04,057 [INFO] DbMcusAds:125 - Set database path to: C:\Users\gusta\.stmcufinder\plugins\mcufinder//mcu/
2024-11-16 21:42:04,057 [WARN] DbFile:41 - Overriding database path with different value: C:\Users\gusta\.stmcufinder\plugins\mcufinder/ => C:\Users\gusta\.stmcufinder\plugins\mcufinder
2024-11-16 21:42:04,057 [WARN] DbFile:41 - Overriding database path with different value: C:\Users\gusta\.stmcufinder\plugins\mcufinder/ => C:\Users\gusta\.stmcufinder\plugins\mcufinder
2024-11-16 21:42:04,058 [INFO] CrossReferenceDbSqlite:203 - Set database path to: C:\Users\gusta\.stmcufinder\plugins\mcufinder//mcu/cs/
2024-11-16 21:42:04,084 [INFO] ApplicationProperties:184 - Using Application install path: C:\ST\STM32CubeIDE_1.15.1\STM32CubeIDE\plugins\com.st.stm32cube.common.mx_6.11.1.202404110753
2024-11-16 21:42:04,086 [INFO] PluginManage:196 - Search for loadable plugins [exclusion list=, ]
2024-11-16 21:42:04,088 [INFO] PluginManage:310 - Check plugin analytics
2024-11-16 21:42:08,894 [INFO] AnalyticsPlugin:253 - Accepted Software Licenses: 
2024-11-16 21:42:08,894 [INFO] AnalyticsPlugin:255 - Accepted CMSIS Pack Licenses: 
2024-11-16 21:42:08,895 [INFO] AnalyticsPlugin:257 - Accepted Firmware Licenses: FW.F4.1.27.0,FW.F4.1.28.0
2024-11-16 21:42:08,899 [INFO] PluginManage:359 - Loaded plugin analytics (category:tool,tabindex:-1)
2024-11-16 21:42:08,900 [INFO] PluginManage:310 - Check plugin cadmodel
2024-11-16 21:42:08,908 [INFO] CADModel:105 - Init CAD model plugin
2024-11-16 21:42:08,909 [INFO] PluginManage:359 - Loaded plugin cadmodel (category:power,tabindex:5)
2024-11-16 21:42:08,909 [INFO] PluginManage:310 - Check plugin clock
2024-11-16 21:42:08,923 [INFO] PluginManage:359 - Loaded plugin clock (category:base,tabindex:2)
2024-11-16 21:42:08,924 [INFO] PluginManage:310 - Check plugin ddr
2024-11-16 21:42:08,927 [INFO] PluginManage:359 - Loaded plugin ddr (category:tool,tabindex:6)
2024-11-16 21:42:08,927 [INFO] PluginManage:310 - Check plugin filemanager
2024-11-16 21:42:09,119 [INFO] PluginManage:359 - Loaded plugin filemanager (category:base,tabindex:10)
2024-11-16 21:42:09,120 [INFO] PluginManage:310 - Check plugin ipmanager
2024-11-16 21:42:09,128 [INFO] PluginManage:359 - Loaded plugin ipmanager (category:base,tabindex:5)
2024-11-16 21:42:09,129 [INFO] PluginManage:310 - Check plugin lpbam
2024-11-16 21:42:09,142 [INFO] PluginManage:359 - Loaded plugin lpbam (category:base,tabindex:0)
2024-11-16 21:42:09,142 [INFO] PluginManage:310 - Check plugin memorymap
2024-11-16 21:42:09,163 [INFO] PluginManage:359 - Loaded plugin memorymap (category:base,tabindex:4)
2024-11-16 21:42:09,163 [INFO] PluginManage:310 - Check plugin pinoutandconfiguration
2024-11-16 21:42:09,174 [INFO] PluginManage:359 - Loaded plugin pinoutandconfiguration (category:base,tabindex:1)
2024-11-16 21:42:09,174 [INFO] PluginManage:310 - Check plugin pinoutconfig
2024-11-16 21:42:09,328 [WARN] SupportedApi:132 - Cannot load RTOS API schema: s4s-elt-must-match.1: The content of 'definitions' must match (annotation?, (simpleType | complexType)?, (unique | key | keyref)*)). A problem was found starting at: attribute.
2024-11-16 21:42:09,529 [INFO] PluginManage:359 - Loaded plugin pinoutconfig (category:base,tabindex:0)
2024-11-16 21:42:09,529 [INFO] PluginManage:310 - Check plugin power
2024-11-16 21:42:09,546 [INFO] PluginManage:359 - Loaded plugin power (category:power,tabindex:4)
2024-11-16 21:42:09,546 [INFO] PluginManage:310 - Check plugin projectmanager
2024-11-16 21:42:09,572 [INFO] PluginManage:359 - Loaded plugin projectmanager (category:projectmanager,tabindex:3)
2024-11-16 21:42:09,572 [INFO] PluginManage:310 - Check plugin thirdparty
2024-11-16 21:42:09,760 [INFO] PluginManage:359 - Loaded plugin thirdparty (category:base,tabindex:-1)
2024-11-16 21:42:09,760 [INFO] PluginManage:310 - Check plugin tools
2024-11-16 21:42:09,760 [WARN] IntegrityCheckThread:84 - waiting for thirdparty lock release [integrity check]
2024-11-16 21:42:09,762 [INFO] IntegrityCheckThread:86 - entering critical section [integrity check]
2024-11-16 21:42:09,763 [INFO] ThirdPartyUpdaterWithRetryManager:70 - Updater plugin not ready yet. [1/15]
2024-11-16 21:42:09,764 [INFO] PluginManage:359 - Loaded plugin tools (category:base,tabindex:7)
2024-11-16 21:42:09,764 [INFO] PluginManage:310 - Check plugin tutovideos
2024-11-16 21:42:10,011 [INFO] PluginManage:359 - Loaded plugin tutovideos (category:base,tabindex:-1)
2024-11-16 21:42:10,011 [INFO] PluginManage:310 - Check plugin updater
2024-11-16 21:42:10,028 [INFO] PluginManage:359 - Loaded plugin updater (category:base,tabindex:12)
2024-11-16 21:42:10,029 [INFO] PluginManage:310 - Check plugin userauth
2024-11-16 21:42:10,037 [INFO] UserAuth:114 - Init User Auth plugin
2024-11-16 21:42:10,037 [INFO] PluginManage:359 - Loaded plugin userauth (category:base,tabindex:14)
2024-11-16 21:42:10,038 [INFO] PluginManage:283 - PluginManage : Loaded plugins [17]
2024-11-16 21:42:10,313 [INFO] PinOutPanel:1561 - setPackage(No Configuration,No Configuration)
2024-11-16 21:42:10,432 [INFO] CADModel:165 - CPN selected for project level
2024-11-16 21:42:10,432 [INFO] CADModel:114 - Register for checkConnection events
2024-11-16 21:42:10,452 [INFO] IPUIPlugin:80 - create IPUIPlugin
2024-11-16 21:42:10,452 [INFO] PluginManager:220 - loadIPPluginJar : add adc
2024-11-16 21:42:10,456 [INFO] IPUIPlugin:80 - create IPUIPlugin
2024-11-16 21:42:10,456 [INFO] PluginManager:220 - loadIPPluginJar : add aes
2024-11-16 21:42:10,460 [INFO] IPUIPlugin:80 - create IPUIPlugin
2024-11-16 21:42:10,460 [INFO] PluginManager:220 - loadIPPluginJar : add can
2024-11-16 21:42:10,462 [INFO] IPUIPlugin:80 - create IPUIPlugin
2024-11-16 21:42:10,463 [INFO] PluginManager:220 - loadIPPluginJar : add comp
2024-11-16 21:42:10,466 [INFO] IPUIPlugin:80 - create IPUIPlugin
2024-11-16 21:42:10,466 [INFO] PluginManager:220 - loadIPPluginJar : add cryp
2024-11-16 21:42:10,470 [INFO] IPUIPlugin:80 - create IPUIPlugin
2024-11-16 21:42:10,470 [INFO] PluginManager:220 - loadIPPluginJar : add dfsdm
2024-11-16 21:42:10,483 [INFO] IPUIPlugin:80 - create IPUIPlugin
2024-11-16 21:42:10,484 [INFO] PluginManager:220 - loadIPPluginJar : add dma
2024-11-16 21:42:10,487 [INFO] IPUIPlugin:80 - create IPUIPlugin
2024-11-16 21:42:10,487 [INFO] PluginManager:220 - loadIPPluginJar : add dma3
2024-11-16 21:42:10,491 [INFO] IPUIPlugin:80 - create IPUIPlugin
2024-11-16 21:42:10,491 [INFO] PluginManager:220 - loadIPPluginJar : add extmemmanager
2024-11-16 21:42:10,493 [INFO] IPUIPlugin:80 - create IPUIPlugin
2024-11-16 21:42:10,494 [INFO] PluginManager:220 - loadIPPluginJar : add fatfs
2024-11-16 21:42:10,499 [INFO] IPUIPlugin:80 - create IPUIPlugin
2024-11-16 21:42:10,499 [INFO] PluginManager:220 - loadIPPluginJar : add fmc
2024-11-16 21:42:10,507 [INFO] IPUIPlugin:80 - create IPUIPlugin
2024-11-16 21:42:10,507 [INFO] PluginManager:220 - loadIPPluginJar : add freertos
2024-11-16 21:42:10,509 [INFO] IPUIPlugin:80 - create IPUIPlugin
2024-11-16 21:42:10,510 [INFO] PluginManager:220 - loadIPPluginJar : add genericplugin
2024-11-16 21:42:10,513 [INFO] IPUIPlugin:80 - create IPUIPlugin
2024-11-16 21:42:10,513 [INFO] PluginManager:220 - loadIPPluginJar : add gfxmmu
2024-11-16 21:42:10,520 [INFO] IPUIPlugin:80 - create IPUIPlugin
2024-11-16 21:42:10,520 [INFO] PluginManager:220 - loadIPPluginJar : add gic
2024-11-16 21:42:10,525 [INFO] IPUIPlugin:80 - create IPUIPlugin
2024-11-16 21:42:10,525 [INFO] PluginManager:220 - loadIPPluginJar : add gpio
2024-11-16 21:42:10,530 [INFO] IPUIPlugin:80 - create IPUIPlugin
2024-11-16 21:42:10,530 [INFO] PluginManager:220 - loadIPPluginJar : add gtzc
2024-11-16 21:42:10,534 [INFO] IPUIPlugin:80 - create IPUIPlugin
2024-11-16 21:42:10,534 [INFO] PluginManager:220 - loadIPPluginJar : add hash
2024-11-16 21:42:10,537 [INFO] IPUIPlugin:80 - create IPUIPlugin
2024-11-16 21:42:10,538 [INFO] PluginManager:220 - loadIPPluginJar : add i2c
2024-11-16 21:42:10,541 [INFO] IPUIPlugin:80 - create IPUIPlugin
2024-11-16 21:42:10,542 [INFO] PluginManager:220 - loadIPPluginJar : add i2s
2024-11-16 21:42:10,546 [INFO] IPUIPlugin:80 - create IPUIPlugin
2024-11-16 21:42:10,546 [INFO] PluginManager:220 - loadIPPluginJar : add i3c
2024-11-16 21:42:10,551 [INFO] IPUIPlugin:80 - create IPUIPlugin
2024-11-16 21:42:10,551 [INFO] PluginManager:220 - loadIPPluginJar : add ipddr
2024-11-16 21:42:10,565 [INFO] IPUIPlugin:80 - create IPUIPlugin
2024-11-16 21:42:10,565 [INFO] PluginManager:220 - loadIPPluginJar : add linkedlist
2024-11-16 21:42:10,570 [INFO] IPUIPlugin:80 - create IPUIPlugin
2024-11-16 21:42:10,571 [INFO] PluginManager:220 - loadIPPluginJar : add lorawan
2024-11-16 21:42:10,575 [INFO] IPUIPlugin:80 - create IPUIPlugin
2024-11-16 21:42:10,575 [INFO] PluginManager:220 - loadIPPluginJar : add ltdc
2024-11-16 21:42:10,587 [INFO] IPUIPlugin:80 - create IPUIPlugin
2024-11-16 21:42:10,587 [INFO] PluginManager:220 - loadIPPluginJar : add mdma
2024-11-16 21:42:10,596 [INFO] IPUIPlugin:80 - create IPUIPlugin
2024-11-16 21:42:10,596 [INFO] PluginManager:220 - loadIPPluginJar : add nvic
2024-11-16 21:42:10,602 [INFO] IPUIPlugin:80 - create IPUIPlugin
2024-11-16 21:42:10,602 [INFO] PluginManager:220 - loadIPPluginJar : add opamp
2024-11-16 21:42:10,611 [INFO] IPUIPlugin:80 - create IPUIPlugin
2024-11-16 21:42:10,611 [INFO] PluginManager:220 - loadIPPluginJar : add openamp
2024-11-16 21:42:10,617 [INFO] IPUIPlugin:80 - create IPUIPlugin
2024-11-16 21:42:10,617 [INFO] PluginManager:220 - loadIPPluginJar : add pdm2pcm
2024-11-16 21:42:10,628 [INFO] IPUIPlugin:80 - create IPUIPlugin
2024-11-16 21:42:10,631 [INFO] PluginManager:220 - loadIPPluginJar : add plateformsettings
2024-11-16 21:42:10,634 [INFO] IPUIPlugin:80 - create IPUIPlugin
2024-11-16 21:42:10,634 [INFO] PluginManager:220 - loadIPPluginJar : add quadspi
2024-11-16 21:42:10,640 [INFO] IPUIPlugin:80 - create IPUIPlugin
2024-11-16 21:42:10,640 [INFO] PluginManager:220 - loadIPPluginJar : add resmgrutility
2024-11-16 21:42:10,644 [INFO] IPUIPlugin:80 - create IPUIPlugin
2024-11-16 21:42:10,644 [INFO] PluginManager:220 - loadIPPluginJar : add sai
2024-11-16 21:42:10,647 [INFO] IPUIPlugin:80 - create IPUIPlugin
2024-11-16 21:42:10,647 [INFO] PluginManager:220 - loadIPPluginJar : add spi
2024-11-16 21:42:10,655 [INFO] IPUIPlugin:80 - create IPUIPlugin
2024-11-16 21:42:10,655 [INFO] PluginManager:220 - loadIPPluginJar : add stm32_wpan
2024-11-16 21:42:10,658 [INFO] IPUIPlugin:80 - create IPUIPlugin
2024-11-16 21:42:10,659 [INFO] PluginManager:220 - loadIPPluginJar : add tim
2024-11-16 21:42:10,664 [INFO] IPUIPlugin:80 - create IPUIPlugin
2024-11-16 21:42:10,664 [INFO] PluginManager:220 - loadIPPluginJar : add touchsensing
2024-11-16 21:42:10,667 [INFO] IPUIPlugin:80 - create IPUIPlugin
2024-11-16 21:42:10,667 [INFO] PluginManager:220 - loadIPPluginJar : add tracer_emb
2024-11-16 21:42:10,671 [INFO] IPUIPlugin:80 - create IPUIPlugin
2024-11-16 21:42:10,671 [INFO] PluginManager:220 - loadIPPluginJar : add ts
2024-11-16 21:42:10,674 [INFO] IPUIPlugin:80 - create IPUIPlugin
2024-11-16 21:42:10,674 [INFO] PluginManager:220 - loadIPPluginJar : add tsc
2024-11-16 21:42:10,677 [INFO] IPUIPlugin:80 - create IPUIPlugin
2024-11-16 21:42:10,677 [INFO] PluginManager:220 - loadIPPluginJar : add ucpd
2024-11-16 21:42:10,682 [INFO] IPUIPlugin:80 - create IPUIPlugin
2024-11-16 21:42:10,682 [INFO] PluginManager:220 - loadIPPluginJar : add usart
2024-11-16 21:42:10,687 [INFO] IPUIPlugin:80 - create IPUIPlugin
2024-11-16 21:42:10,687 [INFO] PluginManager:220 - loadIPPluginJar : add usbx
2024-11-16 21:42:10,845 [INFO] CADModel:165 - CPN selected for project level
2024-11-16 21:42:10,846 [INFO] CADModel:114 - Register for checkConnection events
2024-11-16 21:42:10,846 [FATAL] Updater:308 - Updater called before beeing initialized
2024-11-16 21:42:10,847 [ERROR] CADModel:125 - Updater not yet initialized, retry later 
2024-11-16 21:42:11,116 [INFO] CADModel:165 - CPN selected for project level
2024-11-16 21:42:11,116 [INFO] CADModel:114 - Register for checkConnection events
2024-11-16 21:42:11,116 [FATAL] Updater:308 - Updater called before beeing initialized
2024-11-16 21:42:11,116 [ERROR] CADModel:125 - Updater not yet initialized, retry later 
2024-11-16 21:42:11,120 [FATAL] Updater:308 - Updater called before beeing initialized
2024-11-16 21:42:11,263 [FATAL] Updater:308 - Updater called before beeing initialized
2024-11-16 21:42:11,269 [INFO] DbMcusAds:53 - JSON generation date=Thu May 16 06:22:00 ART 2024 (1715851320667)
2024-11-16 21:42:11,269 [FATAL] Updater:308 - Updater called before beeing initialized
2024-11-16 21:42:11,362 [WARN] DetailPanel:346 - Failed to get advertising image, set to default
2024-11-16 21:42:11,469 [FATAL] Updater:308 - Updater called before beeing initialized
2024-11-16 21:42:11,471 [FATAL] Updater:308 - Updater called before beeing initialized
2024-11-16 21:42:11,472 [FATAL] Updater:308 - Updater called before beeing initialized
2024-11-16 21:42:11,472 [WARN] DetailPanel:346 - Failed to get advertising image, set to default
2024-11-16 21:42:11,472 [FATAL] Updater:308 - Updater called before beeing initialized
2024-11-16 21:42:11,639 [ERROR] Updater:1120 - MainUpdater not yet initialized. External WinMGr cannot be set.
2024-11-16 21:42:11,641 [INFO] Updater:1056 - Updater Version found : 6.11.1
2024-11-16 21:42:11,661 [INFO] ApplicationProperties:184 - Using Application install path: C:\ST\STM32CubeIDE_1.15.1\STM32CubeIDE\plugins\com.st.stm32cube.common.mx_6.11.1.202404110753
2024-11-16 21:42:12,765 [INFO] ThirdPartyUpdaterWithRetryManager:70 - Updater plugin not ready yet. [2/15]
2024-11-16 21:42:13,241 [ERROR] LogOutputStream:75 - [STDERR_REDIRECT] Nov 16, 2024 9:42:13 PM java.util.prefs.WindowsPreferences <init>
2024-11-16 21:42:13,245 [ERROR] LogOutputStream:75 - [STDERR_REDIRECT] WARNING: Could not open/create prefs root node Software\JavaSoft\Prefs at root 0xffffffff80000002. Windows RegCreateKeyEx(...) returned error code 5.
2024-11-16 21:42:13,245 [ERROR] LogOutputStream:75 - [STDERR_REDIRECT] 
2024-11-16 21:42:13,652 [INFO] MainUpdater:2873 - connection check result : 10
2024-11-16 21:42:13,654 [INFO] MainUpdater:290 - Updater Check For Update Now.
2024-11-16 21:42:13,654 [INFO] MicroXplorer:498 - Change Database Version : DB.6.0.111
2024-11-16 21:42:13,670 [INFO] McuFinderGlobals:63 - Set McuFinder mode to 2 (CubeIDE integrated)
2024-11-16 21:42:13,684 [INFO] UserAuth:415 - Internet connection configuration mode: 1
2024-11-16 21:42:13,724 [INFO] JxBrowserEngine:152 - Initiate JxBrowser Engine with user profile folder
2024-11-16 21:42:13,978 [INFO] CheckServerUpdateThread:120 - End of CheckServer Thread
2024-11-16 21:42:14,948 [INFO] WebApp:161 - Instantiating new browser for Auth
2024-11-16 21:42:15,798 [INFO] WebApp:779 - Register for checkConnection events
2024-11-16 21:42:15,799 [INFO] WebApp:414 - Apply proxy settings
2024-11-16 21:42:15,799 [INFO] WebApp:499 - Chromium requires no authentication
2024-11-16 21:42:15,810 [INFO] WebApp:442 - Direct internet connection detected
2024-11-16 21:42:16,142 [INFO] WebApp:192 - Starting web application
2024-11-16 21:42:16,142 [INFO] WebApp:544 - Web application path used C:\ST\STM32CubeIDE_1.15.1\STM32CubeIDE\plugins\com.st.stm32cube.common.mx_6.11.1.202404110753\db\plugins\mcufinder\reactClient1\index.html
2024-11-16 21:42:16,322 [WARN] PackLoader:240 - Cannot read IP mode file for STMicroelectronics.FP-SNS-MOTENVWB1.1.4.0
2024-11-16 21:42:16,334 [WARN] PackLoader:240 - Cannot read IP mode file for STMicroelectronics.FP-ATR-ASTRA1.2.0.1
2024-11-16 21:42:16,346 [WARN] PackLoader:240 - Cannot read IP mode file for STMicroelectronics.X-CUBE-SMBUS.2.1.0
2024-11-16 21:42:16,359 [WARN] PackLoader:240 - Cannot read IP mode file for STMicroelectronics.X-CUBE-WB05N.1.1.0
2024-11-16 21:42:16,369 [WARN] PackLoader:240 - Cannot read IP mode file for STMicroelectronics.X-CUBE-TOUCHGFX.4.23.1
2024-11-16 21:42:16,374 [WARN] PackLoader:240 - Cannot read IP mode file for STMicroelectronics.X-CUBE-TOUCHGFX.4.23.0
2024-11-16 21:42:16,379 [WARN] PackLoader:240 - Cannot read IP mode file for STMicroelectronics.X-CUBE-TOUCHGFX.4.23.2
2024-11-16 21:42:16,427 [WARN] PackLoader:240 - Cannot read IP mode file for STMicroelectronics.X-CUBE-AZRTOS-F7.1.1.0
2024-11-16 21:42:16,470 [WARN] PackLoader:240 - Cannot read IP mode file for STMicroelectronics.FP-SNS-MOTENV1.4.3.2
2024-11-16 21:42:16,597 [WARN] PackLoader:240 - Cannot read IP mode file for STMicroelectronics.X-CUBE-MEMS1.11.0.0
2024-11-16 21:42:16,998 [WARN] PackLoader:240 - Cannot read IP mode file for STMicroelectronics.FP-SNS-FLIGHT1.5.0.2
2024-11-16 21:42:17,008 [WARN] PackLoader:240 - Cannot read IP mode file for STMicroelectronics.X-CUBE-DISPLAY.3.0.0
2024-11-16 21:42:17,027 [WARN] PackLoader:240 - Cannot read IP mode file for STMicroelectronics.X-CUBE-BLE1.7.0.0
2024-11-16 21:42:17,043 [WARN] PackLoader:240 - Cannot read IP mode file for STMicroelectronics.X-CUBE-NFC10.1.0.0
2024-11-16 21:42:17,081 [WARN] PackLoader:240 - Cannot read IP mode file for emotas.I-CUBE-CANOPEN.1.3.0
2024-11-16 21:42:17,085 [WARN] PackLoader:240 - Cannot read IP mode file for STMicroelectronics.X-CUBE-TOUCHGFX.4.22.1
2024-11-16 21:42:17,098 [WARN] PackLoader:240 - Cannot read IP mode file for STMicroelectronics.X-CUBE-BLEMGR.3.1.0
2024-11-16 21:42:17,116 [WARN] PackLoader:240 - Cannot read IP mode file for STMicroelectronics.FP-SNS-SMARTAG2.1.2.0
2024-11-16 21:42:17,130 [INFO] LogOutputStream:77 - [STDOUT_REDIRECT] 1 : Invalid condition id : UX_CORESTACK_Condition cause : null
2024-11-16 21:42:17,131 [INFO] LogOutputStream:77 - [STDOUT_REDIRECT] 1 : Invalid condition id : UX_CORESTACK_Condition cause : null
2024-11-16 21:42:17,133 [INFO] LogOutputStream:77 - [STDOUT_REDIRECT] 1 : Invalid condition id : UX_CORESTACK_Condition cause : null
2024-11-16 21:42:17,135 [INFO] LogOutputStream:77 - [STDOUT_REDIRECT] 1 : Invalid condition id : UX_CORESTACK_Condition cause : null
2024-11-16 21:42:17,137 [INFO] LogOutputStream:77 - [STDOUT_REDIRECT] 1 : Invalid condition id : UX_CORESTACK_Condition cause : null
2024-11-16 21:42:17,189 [WARN] PackLoader:240 - Cannot read IP mode file for STMicroelectronics.X-CUBE-AZRTOS-WL.2.0.0
2024-11-16 21:42:17,198 [WARN] PackLoader:240 - Cannot read IP mode file for STMicroelectronics.FP-SNS-MOTENV1.5.0.0
2024-11-16 21:42:17,218 [WARN] PackLoader:240 - Cannot read IP mode file for wolfSSL.I-CUBE-wolfMQTT.1.19.0
2024-11-16 21:42:17,229 [WARN] PackLoader:240 - Cannot read IP mode file for WES.I-CUBE-Cesium.1.3.0
2024-11-16 21:42:17,235 [WARN] PackLoader:240 - Cannot read IP mode file for STMicroelectronics.X-CUBE-BLE2.3.3.0
2024-11-16 21:42:17,278 [WARN] PackLoader:240 - Cannot read IP mode file for STMicroelectronics.X-CUBE-NFC9.1.0.0
2024-11-16 21:42:17,289 [WARN] PackLoader:240 - Cannot read IP mode file for STMicroelectronics.X-CUBE-TCPP.4.1.0
2024-11-16 21:42:17,332 [WARN] PackLoader:240 - Cannot read IP mode file for STMicroelectronics.X-CUBE-ALGOBUILD.1.3.0
2024-11-16 21:42:17,354 [WARN] PackLoader:240 - Cannot read IP mode file for STMicroelectronics.X-CUBE-AZRTOS-G0.1.1.0
2024-11-16 21:42:17,367 [WARN] PackLoader:240 - Cannot read IP mode file for STMicroelectronics.X-CUBE-SAFEA1.1.2.2
2024-11-16 21:42:17,378 [WARN] PackLoader:240 - Cannot read IP mode file for STMicroelectronics.X-CUBE-NFC4.3.0.0
2024-11-16 21:42:17,384 [WARN] PackLoader:240 - Cannot read IP mode file for wolfSSL.I-CUBE-wolfMQTT.1.18.0
2024-11-16 21:42:17,397 [WARN] PackLoader:240 - Cannot read IP mode file for EmbeddedOffice.I-CUBE-FS-RTOS.1.0.1
2024-11-16 21:42:17,398 [ERROR] ConditionMgr:805 - Attr not supported : Dmpu
2024-11-16 21:42:17,398 [ERROR] ConditionMgr:805 - Attr not supported : Dmpu
2024-11-16 21:42:17,398 [ERROR] ConditionMgr:805 - Attr not supported : Dmpu
2024-11-16 21:42:17,398 [ERROR] ConditionMgr:805 - Attr not supported : Dmpu
2024-11-16 21:42:17,398 [ERROR] ConditionMgr:805 - Attr not supported : Dmpu
2024-11-16 21:42:17,398 [ERROR] ConditionMgr:805 - Attr not supported : Dmpu
2024-11-16 21:42:17,398 [ERROR] ConditionMgr:805 - Attr not supported : Dmpu
2024-11-16 21:42:17,398 [ERROR] ConditionMgr:805 - Attr not supported : Dmpu
2024-11-16 21:42:17,398 [ERROR] ConditionMgr:805 - Attr not supported : Dmpu
2024-11-16 21:42:17,398 [ERROR] ConditionMgr:805 - Attr not supported : Dmpu
2024-11-16 21:42:17,399 [ERROR] ConditionMgr:805 - Attr not supported : Dmpu
2024-11-16 21:42:17,399 [ERROR] ConditionMgr:805 - Attr not supported : Dmpu
2024-11-16 21:42:17,399 [ERROR] ConditionMgr:805 - Attr not supported : Dmpu
2024-11-16 21:42:17,399 [ERROR] ConditionMgr:805 - Attr not supported : Dmpu
2024-11-16 21:42:17,399 [ERROR] ConditionMgr:805 - Attr not supported : Dmpu
2024-11-16 21:42:17,399 [ERROR] ConditionMgr:805 - Attr not supported : Dmpu
2024-11-16 21:42:17,399 [ERROR] ConditionMgr:805 - Attr not supported : Dmpu
2024-11-16 21:42:17,399 [ERROR] ConditionMgr:805 - Attr not supported : Dmpu
2024-11-16 21:42:17,399 [ERROR] ConditionMgr:805 - Attr not supported : Dmpu
2024-11-16 21:42:17,400 [ERROR] ConditionMgr:805 - Attr not supported : Dmpu
2024-11-16 21:42:17,400 [ERROR] ConditionMgr:805 - Attr not supported : Dmpu
2024-11-16 21:42:17,400 [ERROR] ConditionMgr:805 - Attr not supported : Dmpu
2024-11-16 21:42:17,400 [ERROR] ConditionMgr:805 - Attr not supported : Dmpu
2024-11-16 21:42:17,400 [ERROR] ConditionMgr:805 - Attr not supported : Dmpu
2024-11-16 21:42:17,400 [ERROR] ConditionMgr:805 - Attr not supported : Dmpu
2024-11-16 21:42:17,400 [ERROR] ConditionMgr:805 - Attr not supported : Dmpu
2024-11-16 21:42:17,400 [ERROR] ConditionMgr:805 - Attr not supported : Dmpu
2024-11-16 21:42:17,400 [ERROR] ConditionMgr:805 - Attr not supported : Dmpu
2024-11-16 21:42:17,401 [ERROR] ConditionMgr:805 - Attr not supported : Dmpu
2024-11-16 21:42:17,401 [ERROR] ConditionMgr:805 - Attr not supported : Dmpu
2024-11-16 21:42:17,401 [ERROR] ConditionMgr:805 - Attr not supported : Dmpu
2024-11-16 21:42:17,401 [ERROR] ConditionMgr:805 - Attr not supported : Dmpu
2024-11-16 21:42:17,401 [ERROR] ConditionMgr:805 - Attr not supported : Dmpu
2024-11-16 21:42:17,401 [ERROR] ConditionMgr:805 - Attr not supported : Dmpu
2024-11-16 21:42:17,401 [ERROR] ConditionMgr:805 - Attr not supported : Dmpu
2024-11-16 21:42:17,401 [ERROR] ConditionMgr:805 - Attr not supported : Dmpu
2024-11-16 21:42:17,401 [ERROR] ConditionMgr:805 - Attr not supported : Dmpu
2024-11-16 21:42:17,402 [ERROR] ConditionMgr:805 - Attr not supported : Dmpu
2024-11-16 21:42:17,402 [ERROR] ConditionMgr:805 - Attr not supported : Dmpu
2024-11-16 21:42:17,402 [ERROR] ConditionMgr:805 - Attr not supported : Dmpu
2024-11-16 21:42:17,402 [ERROR] ConditionMgr:805 - Attr not supported : Dmpu
2024-11-16 21:42:17,402 [ERROR] ConditionMgr:805 - Attr not supported : Dmpu
2024-11-16 21:42:17,402 [ERROR] ConditionMgr:805 - Attr not supported : Dmpu
2024-11-16 21:42:17,402 [ERROR] ConditionMgr:805 - Attr not supported : Dmpu
2024-11-16 21:42:17,402 [ERROR] ConditionMgr:805 - Attr not supported : Dmpu
2024-11-16 21:42:17,406 [ERROR] ConditionMgr:805 - Attr not supported : Dmpu
2024-11-16 21:42:17,406 [ERROR] ConditionMgr:805 - Attr not supported : Dmpu
2024-11-16 21:42:17,406 [ERROR] ConditionMgr:805 - Attr not supported : Dmpu
2024-11-16 21:42:17,406 [ERROR] ConditionMgr:805 - Attr not supported : Dmpu
2024-11-16 21:42:17,406 [ERROR] ConditionMgr:805 - Attr not supported : Dmpu
2024-11-16 21:42:17,406 [ERROR] ConditionMgr:805 - Attr not supported : Dmpu
2024-11-16 21:42:17,406 [ERROR] ConditionMgr:805 - Attr not supported : Dmpu
2024-11-16 21:42:17,406 [ERROR] ConditionMgr:805 - Attr not supported : Dmpu
2024-11-16 21:42:17,406 [ERROR] ConditionMgr:805 - Attr not supported : Dmpu
2024-11-16 21:42:17,406 [ERROR] ConditionMgr:805 - Attr not supported : Dmpu
2024-11-16 21:42:17,406 [ERROR] ConditionMgr:805 - Attr not supported : Dmpu
2024-11-16 21:42:17,406 [ERROR] ConditionMgr:805 - Attr not supported : Dmpu
2024-11-16 21:42:17,407 [ERROR] ConditionMgr:805 - Attr not supported : Dmpu
2024-11-16 21:42:17,407 [ERROR] ConditionMgr:805 - Attr not supported : Dmpu
2024-11-16 21:42:17,407 [ERROR] ConditionMgr:805 - Attr not supported : Dmpu
2024-11-16 21:42:17,407 [ERROR] ConditionMgr:805 - Attr not supported : Dmpu
2024-11-16 21:42:17,407 [ERROR] ConditionMgr:805 - Attr not supported : Dmpu
2024-11-16 21:42:17,407 [ERROR] ConditionMgr:805 - Attr not supported : Dmpu
2024-11-16 21:42:17,407 [ERROR] ConditionMgr:805 - Attr not supported : Dmpu
2024-11-16 21:42:17,419 [WARN] PackLoader:240 - Cannot read IP mode file for STMicroelectronics.X-CUBE-BLEMGR.3.0.0
2024-11-16 21:42:17,430 [WARN] PackLoader:240 - Cannot read IP mode file for RealThread.X-CUBE-RT-Thread_Nano.4.1.1
2024-11-16 21:42:17,437 [WARN] PackLoader:240 - Cannot read IP mode file for STMicroelectronics.FP-ATR-SIGFOX1.3.2.0
2024-11-16 21:42:17,444 [WARN] ConditionMgr:438 - getConditionDescription Invalid condition id : Cortex-A Device cause : null
2024-11-16 21:42:17,461 [WARN] ConditionMgr:1039 - genDependencies : Invalid condition id : Cortex-A Device cause : null
2024-11-16 21:42:17,462 [WARN] ConditionMgr:1039 - genDependencies : Invalid condition id : Cortex-A Device cause : null
2024-11-16 21:42:17,462 [WARN] ConditionMgr:1039 - genDependencies : Invalid condition id : Cortex-A Device cause : null
2024-11-16 21:42:17,471 [WARN] PackLoader:240 - Cannot read IP mode file for STMicroelectronics.X-CUBE-EEPRMA1.5.1.0
2024-11-16 21:42:17,549 [WARN] PackLoader:240 - Cannot read IP mode file for SEGGER.I-CUBE-embOS.1.3.1
2024-11-16 21:42:17,636 [WARN] PackLoader:240 - Cannot read IP mode file for STMicroelectronics.X-CUBE-ALGOBUILD.1.4.0
2024-11-16 21:42:17,644 [WARN] PackLoader:240 - Cannot read IP mode file for STMicroelectronics.X-CUBE-AI.9.1.0
2024-11-16 21:42:17,652 [WARN] PackLoader:240 - Cannot read IP mode file for STMicroelectronics.X-CUBE-GNSS1.6.0.0
2024-11-16 21:42:17,683 [WARN] PackLoader:240 - Cannot read IP mode file for STMicroelectronics.X-CUBE-AZRTOS-F4.1.1.0
2024-11-16 21:42:17,693 [WARN] PackLoader:240 - Cannot read IP mode file for wolfSSL.I-CUBE-wolfSSL.5.6.3
2024-11-16 21:42:17,700 [WARN] PackLoader:240 - Cannot read IP mode file for STMicroelectronics.X-CUBE-ISPU.2.1.0
2024-11-16 21:42:17,708 [WARN] PackLoader:240 - Cannot read IP mode file for STMicroelectronics.X-CUBE-FREERTOS.1.2.0
2024-11-16 21:42:17,739 [WARN] PackLoader:240 - Cannot read IP mode file for STMicroelectronics.X-CUBE-AZRTOS-L5.2.0.0
2024-11-16 21:42:17,813 [WARN] PackLoader:240 - Cannot read IP mode file for STMicroelectronics.X-CUBE-MEMS1.9.6.0
2024-11-16 21:42:18,102 [WARN] PackLoader:240 - Cannot read IP mode file for STMicroelectronics.X-CUBE-EEPRMA1.4.2.0
2024-11-16 21:42:18,117 [WARN] PackLoader:240 - Cannot read IP mode file for STMicroelectronics.X-CUBE-NFC6.3.1.0
2024-11-16 21:42:18,129 [WARN] PackLoader:240 - Cannot read IP mode file for ITTIA_DB.I-CUBE-ITTIADB.8.8.0
2024-11-16 21:42:18,148 [WARN] PackLoader:240 - Cannot read IP mode file for STMicroelectronics.X-CUBE-BLEMGR.2.0.0
2024-11-16 21:42:18,163 [WARN] PackLoader:240 - Cannot read IP mode file for STMicroelectronics.X-CUBE-DPower.1.2.0
2024-11-16 21:42:18,169 [WARN] PackLoader:240 - Cannot read IP mode file for STMicroelectronics.X-CUBE-AI.9.0.0
2024-11-16 21:42:18,195 [WARN] ConditionMgr:438 - getConditionDescription Invalid condition id : UX DEVICE CLASS RTOS Condition cause : null
2024-11-16 21:42:18,196 [WARN] ConditionMgr:438 - getConditionDescription Invalid condition id : UX DEVICE CLASS RTOS Condition cause : null
2024-11-16 21:42:18,202 [WARN] PackLoader:240 - Cannot read IP mode file for STMicroelectronics.X-CUBE-AZRTOS-H7.3.1.0
2024-11-16 21:42:18,204 [WARN] ConditionMgr:1039 - genDependencies : Invalid condition id : UX DEVICE CLASS RTOS Condition cause : null
2024-11-16 21:42:18,204 [WARN] ConditionMgr:1039 - genDependencies : Invalid condition id : UX DEVICE CLASS RTOS Condition cause : null
2024-11-16 21:42:18,205 [WARN] ConditionMgr:1039 - genDependencies : Invalid condition id : UX DEVICE CLASS RTOS Condition cause : null
2024-11-16 21:42:18,206 [WARN] ConditionMgr:1039 - genDependencies : Invalid condition id : UX DEVICE CLASS RTOS Condition cause : null
2024-11-16 21:42:18,206 [WARN] ConditionMgr:1039 - genDependencies : Invalid condition id : UX DEVICE CLASS RTOS Condition cause : null
2024-11-16 21:42:18,215 [WARN] PackLoader:240 - Cannot read IP mode file for STMicroelectronics.X-CUBE-NFC7.1.0.1
2024-11-16 21:42:18,222 [WARN] PackLoader:240 - Cannot read IP mode file for wolfSSL.I-CUBE-wolfTPM.3.2.0
2024-11-16 21:42:18,230 [WARN] PackLoader:240 - Cannot read IP mode file for STMicroelectronics.X-CUBE-NFC6.3.0.0
2024-11-16 21:42:18,240 [WARN] PackLoader:240 - Cannot read IP mode file for STMicroelectronics.X-CUBE-EEPRMA1.4.1.0
2024-11-16 21:42:18,255 [WARN] PackLoader:240 - Cannot read IP mode file for STMicroelectronics.X-CUBE-AI.8.1.0
2024-11-16 21:42:18,282 [WARN] ConditionMgr:438 - getConditionDescription Invalid condition id : LAN8742 Phy interface Condition cause : null
2024-11-16 21:42:18,283 [WARN] PackLoader:240 - Cannot read IP mode file for STMicroelectronics.X-CUBE-AZRTOS-L4.2.0.0
2024-11-16 21:42:18,285 [WARN] ConditionMgr:1039 - genDependencies : Invalid condition id : LAN8742 Phy interface Condition cause : null
2024-11-16 21:42:18,285 [WARN] ConditionMgr:1039 - genDependencies : Invalid condition id : LAN8742 Phy interface Condition cause : null
2024-11-16 21:42:18,286 [WARN] ConditionMgr:1039 - genDependencies : Invalid condition id : LAN8742 Phy interface Condition cause : null
2024-11-16 21:42:18,297 [WARN] PackLoader:240 - Cannot read IP mode file for STMicroelectronics.X-CUBE-SFXS2LP1.4.0.0
2024-11-16 21:42:18,305 [WARN] PackLoader:240 - Cannot read IP mode file for STMicroelectronics.X-CUBE-ISPU.1.1.0
2024-11-16 21:42:18,337 [WARN] PackLoader:240 - Cannot read IP mode file for STMicroelectronics.X-CUBE-AZRTOS-H7.3.3.0
2024-11-16 21:42:18,374 [WARN] PackLoader:240 - Cannot read IP mode file for STMicroelectronics.X-CUBE-IPS.3.0.0
2024-11-16 21:42:18,403 [WARN] ConditionMgr:438 - getConditionDescription Invalid condition id : UX DEVICE CLASS RTOS Condition cause : null
2024-11-16 21:42:18,403 [WARN] ConditionMgr:438 - getConditionDescription Invalid condition id : UX DEVICE CLASS RTOS Condition cause : null
2024-11-16 21:42:18,408 [WARN] PackLoader:240 - Cannot read IP mode file for STMicroelectronics.X-CUBE-AZRTOS-WB.2.0.0
2024-11-16 21:42:18,409 [WARN] ConditionMgr:1039 - genDependencies : Invalid condition id : UX DEVICE CLASS RTOS Condition cause : null
2024-11-16 21:42:18,409 [WARN] ConditionMgr:1039 - genDependencies : Invalid condition id : UX DEVICE CLASS RTOS Condition cause : null
2024-11-16 21:42:18,410 [WARN] ConditionMgr:1039 - genDependencies : Invalid condition id : UX DEVICE CLASS RTOS Condition cause : null
2024-11-16 21:42:18,411 [WARN] ConditionMgr:1039 - genDependencies : Invalid condition id : UX DEVICE CLASS RTOS Condition cause : null
2024-11-16 21:42:18,411 [WARN] ConditionMgr:1039 - genDependencies : Invalid condition id : UX DEVICE CLASS RTOS Condition cause : null
2024-11-16 21:42:18,419 [WARN] PackLoader:240 - Cannot read IP mode file for STMicroelectronics.X-CUBE-GNSS1.7.0.0
2024-11-16 21:42:18,430 [WARN] PackLoader:240 - Cannot read IP mode file for STMicroelectronics.FP-SNS-STBOX1.2.0.0
2024-11-16 21:42:18,449 [WARN] PackLoader:240 - Cannot read IP mode file for STMicroelectronics.X-CUBE-SUBG2.5.0.0
2024-11-16 21:42:18,471 [WARN] PackLoader:240 - Cannot read IP mode file for Cesanta.I-CUBE-Mongoose.7.13.0
2024-11-16 21:42:18,487 [WARN] PackLoader:240 - Cannot read IP mode file for STMicroelectronics.X-CUBE-TOF1.3.3.1
2024-11-16 21:42:18,527 [WARN] PackLoader:240 - Cannot read IP mode file for STMicroelectronics.X-CUBE-AZRTOS-G4.2.0.0
2024-11-16 21:42:18,560 [WARN] PackLoader:240 - Cannot read IP mode file for Infineon.AIROC-Wi-Fi-Bluetooth-STM32.1.5.1
2024-11-16 21:42:18,570 [WARN] PackLoader:240 - Cannot read IP mode file for STMicroelectronics.FP-SNS-MOTENVWB1.1.3.0
2024-11-16 21:42:18,576 [WARN] PackLoader:240 - Cannot read IP mode file for STMicroelectronics.FP-SNS-MOTENVWB1.1.3.1
2024-11-16 21:42:18,581 [WARN] PackLoader:240 - Cannot read IP mode file for STMicroelectronics.X-CUBE-ISPU.2.0.0
2024-11-16 21:42:18,587 [WARN] PackLoader:240 - Cannot read IP mode file for STMicroelectronics.X-CUBE-ALS.1.0.2
2024-11-16 21:42:18,659 [WARN] PackLoader:240 - Cannot read IP mode file for STMicroelectronics.X-CUBE-MEMS1.10.0.0
2024-11-16 21:42:18,817 [WARN] PackLoader:240 - Cannot read IP mode file for STMicroelectronics.X-CUBE-FREERTOS.1.1.0
2024-11-16 21:42:18,823 [WARN] PackLoader:240 - Cannot read IP mode file for STMicroelectronics.X-CUBE-TOUCHGFX.4.24.0
2024-11-16 21:42:18,826 [WARN] PackLoader:240 - Cannot read IP mode file for STMicroelectronics.X-CUBE-TOUCHGFX.4.24.1
2024-11-16 21:42:18,834 [WARN] PackLoader:240 - Cannot read IP mode file for portGmbH.I-Cube-SoM-uGOAL.1.1.0
2024-11-16 21:42:18,841 [WARN] PackLoader:240 - Cannot read IP mode file for STMicroelectronics.X-CUBE-ALS.1.0.1
2024-11-16 21:42:18,865 [WARN] PackLoader:240 - Cannot read IP mode file for STMicroelectronics.X-CUBE-AZRTOS-H7RS.1.0.0
2024-11-16 21:42:18,873 [WARN] PackLoader:240 - Cannot read IP mode file for STMicroelectronics.FP-ATR-ASTRA1.2.0.0
2024-11-16 21:42:18,885 [WARN] PackLoader:240 - Cannot read IP mode file for STMicroelectronics.X-CUBE-TOF1.3.4.2
2024-11-16 21:42:18,912 [WARN] PackLoader:240 - Cannot read IP mode file for STMicroelectronics.X-CUBE-TOF1.3.4.0
2024-11-16 21:42:18,940 [WARN] PackLoader:240 - Cannot read IP mode file for STMicroelectronics.X-CUBE-TOF1.3.4.1
2024-11-16 21:42:18,966 [WARN] PackLoader:240 - Cannot read IP mode file for STMicroelectronics.X-CUBE-AZRTOS-H7.3.2.0
2024-11-16 21:42:18,973 [WARN] PackLoader:240 - Cannot read IP mode file for wolfSSL.I-CUBE-wolfSSH.1.4.17
2024-11-16 21:42:18,974 [INFO] ThirdParty:978 - Integrity check success = true
2024-11-16 21:42:18,974 [INFO] IntegrityCheckThread:100 - exiting critical section [integrity check]
2024-11-16 21:42:18,974 [INFO] IntegrityCheckThread:103 - End integrity checks thread
2024-11-16 21:43:21,145 [ERROR] LogOutputStream:75 - [STDERR_REDIRECT] 
