2024-12-01 00:49:51,122 [ERROR] LogOutputStream:75 - [STDERR_REDIRECT] 
2024-12-01 00:49:51,130 [ERROR] LogOutputStream:75 - [STDERR_REDIRECT] 
2024-12-01 22:52:53,427 [INFO] Activator:176 - 


2024-12-01 22:52:53,430 [INFO] Activator:177 - !SESSION log4j initialized
2024-12-01 22:53:03,045 [INFO] LogOutputStream:77 - [STDOUT_REDIRECT] 
2024-12-01 22:53:12,294 [INFO] ApplicationProperties:184 - Using Application install path: C:\ST\STM32CubeIDE_1.15.1\STM32CubeIDE\plugins\com.st.stm32cube.common.mx_6.11.1.202404110753
2024-12-01 22:53:12,323 [INFO] DbMcusXml:78 - Set database path to: C:\ST\STM32CubeIDE_1.15.1\STM32CubeIDE\plugins\com.st.stm32cube.common.mx_6.11.1.202404110753\\db\/mcu/
2024-12-01 22:53:12,324 [INFO] ApiDb:274 - Set plugin database path to: C:\ST\STM32CubeIDE_1.15.1\STM32CubeIDE\plugins\com.st.stm32cube.common.mx_6.11.1.202404110753\\db\/plugins/boardmanager/
2024-12-01 22:53:12,325 [WARN] ApiDb:259 - Overriding images path with different value:  => C:\ST\STM32CubeIDE_1.15.1\STM32CubeIDE\plugins\com.st.stm32cube.common.mx_6.11.1.202404110753\\db\/plugins/mcufinder/images/
2024-12-01 22:53:12,336 [INFO] ApiDb:250 - Set database path to: C:\Users\gusta\.stmcufinder\plugins\mcufinder//mcu/
2024-12-01 22:53:12,338 [INFO] DbMcusAds:125 - Set database path to: C:\Users\gusta\.stmcufinder\plugins\mcufinder//mcu/
2024-12-01 22:53:12,341 [INFO] CrossReferenceDbSqlite:203 - Set database path to: C:\Users\gusta\.stmcufinder\plugins\mcufinder//mcu/cs/
2024-12-01 22:53:12,530 [INFO] RulesReader:64 - Compatibility file has been processed (297 Rules)
2024-12-01 22:53:12,660 [INFO] DbMcusXml:78 - Set database path to: C:\ST\STM32CubeIDE_1.15.1\STM32CubeIDE\plugins\com.st.stm32cube.common.mx_6.11.1.202404110753\\db\/mcu/
2024-12-01 22:53:12,660 [INFO] ApiDb:274 - Set plugin database path to: C:\ST\STM32CubeIDE_1.15.1\STM32CubeIDE\plugins\com.st.stm32cube.common.mx_6.11.1.202404110753\\db\/plugins/boardmanager/
2024-12-01 22:53:12,660 [INFO] ApiDb:261 - Set plugin images path to: C:\ST\STM32CubeIDE_1.15.1\STM32CubeIDE\plugins\com.st.stm32cube.common.mx_6.11.1.202404110753\\db\/plugins/mcufinder/images/
2024-12-01 22:53:12,661 [WARN] DbFile:41 - Overriding database path with different value: C:\Users\gusta\.stmcufinder\plugins\mcufinder/ => C:\Users\gusta\.stmcufinder\plugins\mcufinder
2024-12-01 22:53:12,661 [INFO] ApiDb:250 - Set database path to: C:\Users\gusta\.stmcufinder\plugins\mcufinder//mcu/
2024-12-01 22:53:12,661 [WARN] DbFile:41 - Overriding database path with different value: C:\Users\gusta\.stmcufinder\plugins\mcufinder/ => C:\Users\gusta\.stmcufinder\plugins\mcufinder
2024-12-01 22:53:12,661 [INFO] DbMcusAds:125 - Set database path to: C:\Users\gusta\.stmcufinder\plugins\mcufinder//mcu/
2024-12-01 22:53:12,661 [WARN] DbFile:41 - Overriding database path with different value: C:\Users\gusta\.stmcufinder\plugins\mcufinder/ => C:\Users\gusta\.stmcufinder\plugins\mcufinder
2024-12-01 22:53:12,661 [WARN] DbFile:41 - Overriding database path with different value: C:\Users\gusta\.stmcufinder\plugins\mcufinder/ => C:\Users\gusta\.stmcufinder\plugins\mcufinder
2024-12-01 22:53:12,661 [INFO] CrossReferenceDbSqlite:203 - Set database path to: C:\Users\gusta\.stmcufinder\plugins\mcufinder//mcu/cs/
2024-12-01 22:53:12,786 [INFO] MainPanel:264 - HeapMemory: 591396864
2024-12-01 22:53:12,943 [INFO] DbMcusXml:78 - Set database path to: C:\ST\STM32CubeIDE_1.15.1\STM32CubeIDE\plugins\com.st.stm32cube.common.mx_6.11.1.202404110753\\db\/mcu/
2024-12-01 22:53:12,943 [INFO] ApiDb:274 - Set plugin database path to: C:\ST\STM32CubeIDE_1.15.1\STM32CubeIDE\plugins\com.st.stm32cube.common.mx_6.11.1.202404110753\\db\/plugins/boardmanager/
2024-12-01 22:53:12,944 [INFO] ApiDb:261 - Set plugin images path to: C:\ST\STM32CubeIDE_1.15.1\STM32CubeIDE\plugins\com.st.stm32cube.common.mx_6.11.1.202404110753\\db\/plugins/mcufinder/images/
2024-12-01 22:53:12,944 [WARN] DbFile:41 - Overriding database path with different value: C:\Users\gusta\.stmcufinder\plugins\mcufinder/ => C:\Users\gusta\.stmcufinder\plugins\mcufinder
2024-12-01 22:53:12,944 [INFO] ApiDb:250 - Set database path to: C:\Users\gusta\.stmcufinder\plugins\mcufinder//mcu/
2024-12-01 22:53:12,944 [WARN] DbFile:41 - Overriding database path with different value: C:\Users\gusta\.stmcufinder\plugins\mcufinder/ => C:\Users\gusta\.stmcufinder\plugins\mcufinder
2024-12-01 22:53:12,944 [INFO] DbMcusAds:125 - Set database path to: C:\Users\gusta\.stmcufinder\plugins\mcufinder//mcu/
2024-12-01 22:53:12,944 [WARN] DbFile:41 - Overriding database path with different value: C:\Users\gusta\.stmcufinder\plugins\mcufinder/ => C:\Users\gusta\.stmcufinder\plugins\mcufinder
2024-12-01 22:53:12,945 [WARN] DbFile:41 - Overriding database path with different value: C:\Users\gusta\.stmcufinder\plugins\mcufinder/ => C:\Users\gusta\.stmcufinder\plugins\mcufinder
2024-12-01 22:53:12,945 [INFO] CrossReferenceDbSqlite:203 - Set database path to: C:\Users\gusta\.stmcufinder\plugins\mcufinder//mcu/cs/
2024-12-01 22:53:12,966 [INFO] ApplicationProperties:184 - Using Application install path: C:\ST\STM32CubeIDE_1.15.1\STM32CubeIDE\plugins\com.st.stm32cube.common.mx_6.11.1.202404110753
2024-12-01 22:53:12,968 [INFO] PluginManage:196 - Search for loadable plugins [exclusion list=, ]
2024-12-01 22:53:12,970 [INFO] PluginManage:310 - Check plugin analytics
2024-12-01 22:53:17,946 [INFO] AnalyticsPlugin:253 - Accepted Software Licenses: 
2024-12-01 22:53:17,946 [INFO] AnalyticsPlugin:255 - Accepted CMSIS Pack Licenses: 
2024-12-01 22:53:17,947 [INFO] AnalyticsPlugin:257 - Accepted Firmware Licenses: FW.F4.1.27.0,FW.F4.1.28.0
2024-12-01 22:53:17,952 [INFO] PluginManage:359 - Loaded plugin analytics (category:tool,tabindex:-1)
2024-12-01 22:53:17,953 [INFO] PluginManage:310 - Check plugin cadmodel
2024-12-01 22:53:17,965 [INFO] CADModel:105 - Init CAD model plugin
2024-12-01 22:53:17,965 [INFO] PluginManage:359 - Loaded plugin cadmodel (category:power,tabindex:5)
2024-12-01 22:53:17,966 [INFO] PluginManage:310 - Check plugin clock
2024-12-01 22:53:17,986 [INFO] PluginManage:359 - Loaded plugin clock (category:base,tabindex:2)
2024-12-01 22:53:17,986 [INFO] PluginManage:310 - Check plugin ddr
2024-12-01 22:53:17,992 [INFO] PluginManage:359 - Loaded plugin ddr (category:tool,tabindex:6)
2024-12-01 22:53:17,993 [INFO] PluginManage:310 - Check plugin filemanager
2024-12-01 22:53:18,206 [INFO] PluginManage:359 - Loaded plugin filemanager (category:base,tabindex:10)
2024-12-01 22:53:18,206 [INFO] PluginManage:310 - Check plugin ipmanager
2024-12-01 22:53:18,215 [INFO] PluginManage:359 - Loaded plugin ipmanager (category:base,tabindex:5)
2024-12-01 22:53:18,215 [INFO] PluginManage:310 - Check plugin lpbam
2024-12-01 22:53:18,225 [INFO] PluginManage:359 - Loaded plugin lpbam (category:base,tabindex:0)
2024-12-01 22:53:18,225 [INFO] PluginManage:310 - Check plugin memorymap
2024-12-01 22:53:18,249 [INFO] PluginManage:359 - Loaded plugin memorymap (category:base,tabindex:4)
2024-12-01 22:53:18,249 [INFO] PluginManage:310 - Check plugin pinoutandconfiguration
2024-12-01 22:53:18,261 [INFO] PluginManage:359 - Loaded plugin pinoutandconfiguration (category:base,tabindex:1)
2024-12-01 22:53:18,261 [INFO] PluginManage:310 - Check plugin pinoutconfig
2024-12-01 22:53:18,383 [WARN] SupportedApi:132 - Cannot load RTOS API schema: s4s-elt-must-match.1: The content of 'definitions' must match (annotation?, (simpleType | complexType)?, (unique | key | keyref)*)). A problem was found starting at: attribute.
2024-12-01 22:53:18,591 [INFO] PluginManage:359 - Loaded plugin pinoutconfig (category:base,tabindex:0)
2024-12-01 22:53:18,591 [INFO] PluginManage:310 - Check plugin power
2024-12-01 22:53:18,607 [INFO] PluginManage:359 - Loaded plugin power (category:power,tabindex:4)
2024-12-01 22:53:18,608 [INFO] PluginManage:310 - Check plugin projectmanager
2024-12-01 22:53:18,634 [INFO] PluginManage:359 - Loaded plugin projectmanager (category:projectmanager,tabindex:3)
2024-12-01 22:53:18,635 [INFO] PluginManage:310 - Check plugin thirdparty
2024-12-01 22:53:18,845 [INFO] PluginManage:359 - Loaded plugin thirdparty (category:base,tabindex:-1)
2024-12-01 22:53:18,846 [INFO] PluginManage:310 - Check plugin tools
2024-12-01 22:53:18,845 [WARN] IntegrityCheckThread:84 - waiting for thirdparty lock release [integrity check]
2024-12-01 22:53:18,846 [INFO] IntegrityCheckThread:86 - entering critical section [integrity check]
2024-12-01 22:53:18,847 [INFO] ThirdPartyUpdaterWithRetryManager:70 - Updater plugin not ready yet. [1/15]
2024-12-01 22:53:18,850 [INFO] PluginManage:359 - Loaded plugin tools (category:base,tabindex:7)
2024-12-01 22:53:18,850 [INFO] PluginManage:310 - Check plugin tutovideos
2024-12-01 22:53:19,076 [INFO] PluginManage:359 - Loaded plugin tutovideos (category:base,tabindex:-1)
2024-12-01 22:53:19,076 [INFO] PluginManage:310 - Check plugin updater
2024-12-01 22:53:19,092 [INFO] PluginManage:359 - Loaded plugin updater (category:base,tabindex:12)
2024-12-01 22:53:19,092 [INFO] PluginManage:310 - Check plugin userauth
2024-12-01 22:53:19,098 [INFO] UserAuth:114 - Init User Auth plugin
2024-12-01 22:53:19,099 [INFO] PluginManage:359 - Loaded plugin userauth (category:base,tabindex:14)
2024-12-01 22:53:19,099 [INFO] PluginManage:283 - PluginManage : Loaded plugins [17]
2024-12-01 22:53:19,389 [INFO] PinOutPanel:1561 - setPackage(No Configuration,No Configuration)
2024-12-01 22:53:19,495 [INFO] CADModel:165 - CPN selected for project level
2024-12-01 22:53:19,496 [INFO] CADModel:114 - Register for checkConnection events
2024-12-01 22:53:19,519 [INFO] IPUIPlugin:80 - create IPUIPlugin
2024-12-01 22:53:19,519 [INFO] PluginManager:220 - loadIPPluginJar : add adc
2024-12-01 22:53:19,523 [INFO] IPUIPlugin:80 - create IPUIPlugin
2024-12-01 22:53:19,523 [INFO] PluginManager:220 - loadIPPluginJar : add aes
2024-12-01 22:53:19,529 [INFO] IPUIPlugin:80 - create IPUIPlugin
2024-12-01 22:53:19,529 [INFO] PluginManager:220 - loadIPPluginJar : add can
2024-12-01 22:53:19,532 [INFO] IPUIPlugin:80 - create IPUIPlugin
2024-12-01 22:53:19,533 [INFO] PluginManager:220 - loadIPPluginJar : add comp
2024-12-01 22:53:19,537 [INFO] IPUIPlugin:80 - create IPUIPlugin
2024-12-01 22:53:19,537 [INFO] PluginManager:220 - loadIPPluginJar : add cryp
2024-12-01 22:53:19,542 [INFO] IPUIPlugin:80 - create IPUIPlugin
2024-12-01 22:53:19,542 [INFO] PluginManager:220 - loadIPPluginJar : add dfsdm
2024-12-01 22:53:19,549 [INFO] IPUIPlugin:80 - create IPUIPlugin
2024-12-01 22:53:19,550 [INFO] PluginManager:220 - loadIPPluginJar : add dma
2024-12-01 22:53:19,555 [INFO] IPUIPlugin:80 - create IPUIPlugin
2024-12-01 22:53:19,555 [INFO] PluginManager:220 - loadIPPluginJar : add dma3
2024-12-01 22:53:19,560 [INFO] IPUIPlugin:80 - create IPUIPlugin
2024-12-01 22:53:19,560 [INFO] PluginManager:220 - loadIPPluginJar : add extmemmanager
2024-12-01 22:53:19,563 [INFO] IPUIPlugin:80 - create IPUIPlugin
2024-12-01 22:53:19,564 [INFO] PluginManager:220 - loadIPPluginJar : add fatfs
2024-12-01 22:53:19,571 [INFO] IPUIPlugin:80 - create IPUIPlugin
2024-12-01 22:53:19,572 [INFO] PluginManager:220 - loadIPPluginJar : add fmc
2024-12-01 22:53:19,581 [INFO] IPUIPlugin:80 - create IPUIPlugin
2024-12-01 22:53:19,582 [INFO] PluginManager:220 - loadIPPluginJar : add freertos
2024-12-01 22:53:19,584 [INFO] IPUIPlugin:80 - create IPUIPlugin
2024-12-01 22:53:19,585 [INFO] PluginManager:220 - loadIPPluginJar : add genericplugin
2024-12-01 22:53:19,589 [INFO] IPUIPlugin:80 - create IPUIPlugin
2024-12-01 22:53:19,589 [INFO] PluginManager:220 - loadIPPluginJar : add gfxmmu
2024-12-01 22:53:19,597 [INFO] IPUIPlugin:80 - create IPUIPlugin
2024-12-01 22:53:19,597 [INFO] PluginManager:220 - loadIPPluginJar : add gic
2024-12-01 22:53:19,605 [INFO] IPUIPlugin:80 - create IPUIPlugin
2024-12-01 22:53:19,605 [INFO] PluginManager:220 - loadIPPluginJar : add gpio
2024-12-01 22:53:19,611 [INFO] IPUIPlugin:80 - create IPUIPlugin
2024-12-01 22:53:19,611 [INFO] PluginManager:220 - loadIPPluginJar : add gtzc
2024-12-01 22:53:19,615 [INFO] IPUIPlugin:80 - create IPUIPlugin
2024-12-01 22:53:19,616 [INFO] PluginManager:220 - loadIPPluginJar : add hash
2024-12-01 22:53:19,620 [INFO] IPUIPlugin:80 - create IPUIPlugin
2024-12-01 22:53:19,621 [INFO] PluginManager:220 - loadIPPluginJar : add i2c
2024-12-01 22:53:19,625 [INFO] IPUIPlugin:80 - create IPUIPlugin
2024-12-01 22:53:19,626 [INFO] PluginManager:220 - loadIPPluginJar : add i2s
2024-12-01 22:53:19,630 [INFO] IPUIPlugin:80 - create IPUIPlugin
2024-12-01 22:53:19,631 [INFO] PluginManager:220 - loadIPPluginJar : add i3c
2024-12-01 22:53:19,636 [INFO] IPUIPlugin:80 - create IPUIPlugin
2024-12-01 22:53:19,636 [INFO] PluginManager:220 - loadIPPluginJar : add ipddr
2024-12-01 22:53:19,646 [INFO] IPUIPlugin:80 - create IPUIPlugin
2024-12-01 22:53:19,646 [INFO] PluginManager:220 - loadIPPluginJar : add linkedlist
2024-12-01 22:53:19,651 [INFO] IPUIPlugin:80 - create IPUIPlugin
2024-12-01 22:53:19,652 [INFO] PluginManager:220 - loadIPPluginJar : add lorawan
2024-12-01 22:53:19,655 [INFO] IPUIPlugin:80 - create IPUIPlugin
2024-12-01 22:53:19,655 [INFO] PluginManager:220 - loadIPPluginJar : add ltdc
2024-12-01 22:53:19,667 [INFO] IPUIPlugin:80 - create IPUIPlugin
2024-12-01 22:53:19,667 [INFO] PluginManager:220 - loadIPPluginJar : add mdma
2024-12-01 22:53:19,674 [INFO] IPUIPlugin:80 - create IPUIPlugin
2024-12-01 22:53:19,674 [INFO] PluginManager:220 - loadIPPluginJar : add nvic
2024-12-01 22:53:19,679 [INFO] IPUIPlugin:80 - create IPUIPlugin
2024-12-01 22:53:19,679 [INFO] PluginManager:220 - loadIPPluginJar : add opamp
2024-12-01 22:53:19,686 [INFO] IPUIPlugin:80 - create IPUIPlugin
2024-12-01 22:53:19,686 [INFO] PluginManager:220 - loadIPPluginJar : add openamp
2024-12-01 22:53:19,691 [INFO] IPUIPlugin:80 - create IPUIPlugin
2024-12-01 22:53:19,691 [INFO] PluginManager:220 - loadIPPluginJar : add pdm2pcm
2024-12-01 22:53:19,699 [INFO] IPUIPlugin:80 - create IPUIPlugin
2024-12-01 22:53:19,703 [INFO] PluginManager:220 - loadIPPluginJar : add plateformsettings
2024-12-01 22:53:19,706 [INFO] IPUIPlugin:80 - create IPUIPlugin
2024-12-01 22:53:19,706 [INFO] PluginManager:220 - loadIPPluginJar : add quadspi
2024-12-01 22:53:19,713 [INFO] IPUIPlugin:80 - create IPUIPlugin
2024-12-01 22:53:19,714 [INFO] PluginManager:220 - loadIPPluginJar : add resmgrutility
2024-12-01 22:53:19,719 [INFO] IPUIPlugin:80 - create IPUIPlugin
2024-12-01 22:53:19,719 [INFO] PluginManager:220 - loadIPPluginJar : add sai
2024-12-01 22:53:19,724 [INFO] IPUIPlugin:80 - create IPUIPlugin
2024-12-01 22:53:19,724 [INFO] PluginManager:220 - loadIPPluginJar : add spi
2024-12-01 22:53:19,732 [INFO] IPUIPlugin:80 - create IPUIPlugin
2024-12-01 22:53:19,732 [INFO] PluginManager:220 - loadIPPluginJar : add stm32_wpan
2024-12-01 22:53:19,735 [INFO] IPUIPlugin:80 - create IPUIPlugin
2024-12-01 22:53:19,736 [INFO] PluginManager:220 - loadIPPluginJar : add tim
2024-12-01 22:53:19,741 [INFO] IPUIPlugin:80 - create IPUIPlugin
2024-12-01 22:53:19,742 [INFO] PluginManager:220 - loadIPPluginJar : add touchsensing
2024-12-01 22:53:19,745 [INFO] IPUIPlugin:80 - create IPUIPlugin
2024-12-01 22:53:19,746 [INFO] PluginManager:220 - loadIPPluginJar : add tracer_emb
2024-12-01 22:53:19,749 [INFO] IPUIPlugin:80 - create IPUIPlugin
2024-12-01 22:53:19,749 [INFO] PluginManager:220 - loadIPPluginJar : add ts
2024-12-01 22:53:19,752 [INFO] IPUIPlugin:80 - create IPUIPlugin
2024-12-01 22:53:19,753 [INFO] PluginManager:220 - loadIPPluginJar : add tsc
2024-12-01 22:53:19,756 [INFO] IPUIPlugin:80 - create IPUIPlugin
2024-12-01 22:53:19,756 [INFO] PluginManager:220 - loadIPPluginJar : add ucpd
2024-12-01 22:53:19,761 [INFO] IPUIPlugin:80 - create IPUIPlugin
2024-12-01 22:53:19,761 [INFO] PluginManager:220 - loadIPPluginJar : add usart
2024-12-01 22:53:19,766 [INFO] IPUIPlugin:80 - create IPUIPlugin
2024-12-01 22:53:19,767 [INFO] PluginManager:220 - loadIPPluginJar : add usbx
2024-12-01 22:53:19,942 [INFO] CADModel:165 - CPN selected for project level
2024-12-01 22:53:19,942 [INFO] CADModel:114 - Register for checkConnection events
2024-12-01 22:53:19,943 [FATAL] Updater:308 - Updater called before beeing initialized
2024-12-01 22:53:19,943 [ERROR] CADModel:125 - Updater not yet initialized, retry later 
2024-12-01 22:53:20,203 [INFO] CADModel:165 - CPN selected for project level
2024-12-01 22:53:20,203 [INFO] CADModel:114 - Register for checkConnection events
2024-12-01 22:53:20,203 [FATAL] Updater:308 - Updater called before beeing initialized
2024-12-01 22:53:20,203 [ERROR] CADModel:125 - Updater not yet initialized, retry later 
2024-12-01 22:53:20,209 [FATAL] Updater:308 - Updater called before beeing initialized
2024-12-01 22:53:20,554 [FATAL] Updater:308 - Updater called before beeing initialized
2024-12-01 22:53:20,560 [INFO] DbMcusAds:53 - JSON generation date=Thu May 16 06:22:00 ART 2024 (1715851320667)
2024-12-01 22:53:20,562 [FATAL] Updater:308 - Updater called before beeing initialized
2024-12-01 22:53:20,631 [WARN] DetailPanel:346 - Failed to get advertising image, set to default
2024-12-01 22:53:20,742 [FATAL] Updater:308 - Updater called before beeing initialized
2024-12-01 22:53:20,744 [FATAL] Updater:308 - Updater called before beeing initialized
2024-12-01 22:53:20,744 [FATAL] Updater:308 - Updater called before beeing initialized
2024-12-01 22:53:20,744 [WARN] DetailPanel:346 - Failed to get advertising image, set to default
2024-12-01 22:53:20,745 [FATAL] Updater:308 - Updater called before beeing initialized
2024-12-01 22:53:20,815 [ERROR] Updater:1120 - MainUpdater not yet initialized. External WinMGr cannot be set.
2024-12-01 22:53:20,818 [INFO] Updater:1056 - Updater Version found : 6.11.1
2024-12-01 22:53:20,843 [INFO] ApplicationProperties:184 - Using Application install path: C:\ST\STM32CubeIDE_1.15.1\STM32CubeIDE\plugins\com.st.stm32cube.common.mx_6.11.1.202404110753
2024-12-01 22:53:21,847 [INFO] ThirdPartyUpdaterWithRetryManager:70 - Updater plugin not ready yet. [2/15]
2024-12-01 22:53:22,423 [ERROR] LogOutputStream:75 - [STDERR_REDIRECT] Dec 01, 2024 10:53:22 PM java.util.prefs.WindowsPreferences <init>
2024-12-01 22:53:22,425 [ERROR] LogOutputStream:75 - [STDERR_REDIRECT] WARNING: Could not open/create prefs root node Software\JavaSoft\Prefs at root 0xffffffff80000002. Windows RegCreateKeyEx(...) returned error code 5.
2024-12-01 22:53:22,425 [ERROR] LogOutputStream:75 - [STDERR_REDIRECT] 
2024-12-01 22:53:22,856 [INFO] MainUpdater:2873 - connection check result : 10
2024-12-01 22:53:22,858 [INFO] MainUpdater:290 - Updater Check For Update Now.
2024-12-01 22:53:22,858 [INFO] MicroXplorer:498 - Change Database Version : DB.6.0.111
2024-12-01 22:53:22,870 [INFO] McuFinderGlobals:63 - Set McuFinder mode to 2 (CubeIDE integrated)
2024-12-01 22:53:22,881 [INFO] UserAuth:415 - Internet connection configuration mode: 1
2024-12-01 22:53:22,929 [INFO] JxBrowserEngine:152 - Initiate JxBrowser Engine with user profile folder
2024-12-01 22:53:23,182 [INFO] CheckServerUpdateThread:120 - End of CheckServer Thread
2024-12-01 22:53:24,170 [INFO] WebApp:161 - Instantiating new browser for Auth
2024-12-01 22:53:25,181 [INFO] WebApp:779 - Register for checkConnection events
2024-12-01 22:53:25,181 [INFO] WebApp:414 - Apply proxy settings
2024-12-01 22:53:25,181 [INFO] WebApp:499 - Chromium requires no authentication
2024-12-01 22:53:25,195 [INFO] WebApp:442 - Direct internet connection detected
2024-12-01 22:53:25,308 [WARN] PackLoader:240 - Cannot read IP mode file for STMicroelectronics.FP-SNS-MOTENVWB1.1.4.0
2024-12-01 22:53:25,323 [WARN] PackLoader:240 - Cannot read IP mode file for STMicroelectronics.FP-ATR-ASTRA1.2.0.1
2024-12-01 22:53:25,337 [WARN] PackLoader:240 - Cannot read IP mode file for STMicroelectronics.X-CUBE-SMBUS.2.1.0
2024-12-01 22:53:25,355 [WARN] PackLoader:240 - Cannot read IP mode file for STMicroelectronics.X-CUBE-WB05N.1.1.0
2024-12-01 22:53:25,364 [WARN] PackLoader:240 - Cannot read IP mode file for STMicroelectronics.X-CUBE-TOUCHGFX.4.23.1
2024-12-01 22:53:25,369 [WARN] PackLoader:240 - Cannot read IP mode file for STMicroelectronics.X-CUBE-TOUCHGFX.4.23.0
2024-12-01 22:53:25,375 [WARN] PackLoader:240 - Cannot read IP mode file for STMicroelectronics.X-CUBE-TOUCHGFX.4.23.2
2024-12-01 22:53:25,436 [WARN] PackLoader:240 - Cannot read IP mode file for STMicroelectronics.X-CUBE-AZRTOS-F7.1.1.0
2024-12-01 22:53:25,458 [WARN] PackLoader:240 - Cannot read IP mode file for STMicroelectronics.FP-SNS-MOTENV1.4.3.2
2024-12-01 22:53:25,612 [WARN] PackLoader:240 - Cannot read IP mode file for STMicroelectronics.X-CUBE-MEMS1.11.0.0
2024-12-01 22:53:25,631 [INFO] WebApp:192 - Starting web application
2024-12-01 22:53:25,631 [INFO] WebApp:544 - Web application path used C:\ST\STM32CubeIDE_1.15.1\STM32CubeIDE\plugins\com.st.stm32cube.common.mx_6.11.1.202404110753\db\plugins\mcufinder\reactClient1\index.html
2024-12-01 22:53:26,227 [WARN] PackLoader:240 - Cannot read IP mode file for STMicroelectronics.FP-SNS-FLIGHT1.5.0.2
2024-12-01 22:53:26,243 [WARN] PackLoader:240 - Cannot read IP mode file for STMicroelectronics.X-CUBE-DISPLAY.3.0.0
2024-12-01 22:53:26,275 [WARN] PackLoader:240 - Cannot read IP mode file for STMicroelectronics.X-CUBE-BLE1.7.0.0
2024-12-01 22:53:26,289 [WARN] PackLoader:240 - Cannot read IP mode file for STMicroelectronics.X-CUBE-NFC10.1.0.0
2024-12-01 22:53:26,298 [WARN] PackLoader:240 - Cannot read IP mode file for emotas.I-CUBE-CANOPEN.1.3.0
2024-12-01 22:53:26,304 [WARN] PackLoader:240 - Cannot read IP mode file for STMicroelectronics.X-CUBE-TOUCHGFX.4.22.1
2024-12-01 22:53:26,319 [WARN] PackLoader:240 - Cannot read IP mode file for STMicroelectronics.X-CUBE-BLEMGR.3.1.0
2024-12-01 22:53:26,331 [WARN] PackLoader:240 - Cannot read IP mode file for STMicroelectronics.FP-SNS-SMARTAG2.1.2.0
2024-12-01 22:53:26,348 [INFO] LogOutputStream:77 - [STDOUT_REDIRECT] 1 : Invalid condition id : UX_CORESTACK_Condition cause : null
2024-12-01 22:53:26,350 [INFO] LogOutputStream:77 - [STDOUT_REDIRECT] 1 : Invalid condition id : UX_CORESTACK_Condition cause : null
2024-12-01 22:53:26,353 [INFO] LogOutputStream:77 - [STDOUT_REDIRECT] 1 : Invalid condition id : UX_CORESTACK_Condition cause : null
2024-12-01 22:53:26,356 [INFO] LogOutputStream:77 - [STDOUT_REDIRECT] 1 : Invalid condition id : UX_CORESTACK_Condition cause : null
2024-12-01 22:53:26,357 [INFO] LogOutputStream:77 - [STDOUT_REDIRECT] 1 : Invalid condition id : UX_CORESTACK_Condition cause : null
2024-12-01 22:53:26,374 [WARN] PackLoader:240 - Cannot read IP mode file for STMicroelectronics.X-CUBE-AZRTOS-WL.2.0.0
2024-12-01 22:53:26,381 [WARN] PackLoader:240 - Cannot read IP mode file for STMicroelectronics.FP-SNS-MOTENV1.5.0.0
2024-12-01 22:53:26,391 [WARN] PackLoader:240 - Cannot read IP mode file for wolfSSL.I-CUBE-wolfMQTT.1.19.0
2024-12-01 22:53:26,438 [WARN] PackLoader:240 - Cannot read IP mode file for WES.I-CUBE-Cesium.1.3.0
2024-12-01 22:53:26,471 [WARN] PackLoader:240 - Cannot read IP mode file for STMicroelectronics.X-CUBE-BLE2.3.3.0
2024-12-01 22:53:26,505 [WARN] PackLoader:240 - Cannot read IP mode file for STMicroelectronics.X-CUBE-NFC9.1.0.0
2024-12-01 22:53:26,520 [WARN] PackLoader:240 - Cannot read IP mode file for STMicroelectronics.X-CUBE-TCPP.4.1.0
2024-12-01 22:53:26,531 [WARN] PackLoader:240 - Cannot read IP mode file for STMicroelectronics.X-CUBE-ALGOBUILD.1.3.0
2024-12-01 22:53:26,563 [WARN] PackLoader:240 - Cannot read IP mode file for STMicroelectronics.X-CUBE-AZRTOS-G0.1.1.0
2024-12-01 22:53:26,605 [WARN] PackLoader:240 - Cannot read IP mode file for STMicroelectronics.X-CUBE-SAFEA1.1.2.2
2024-12-01 22:53:26,614 [WARN] PackLoader:240 - Cannot read IP mode file for STMicroelectronics.X-CUBE-NFC4.3.0.0
2024-12-01 22:53:26,621 [WARN] PackLoader:240 - Cannot read IP mode file for wolfSSL.I-CUBE-wolfMQTT.1.18.0
2024-12-01 22:53:26,639 [WARN] PackLoader:240 - Cannot read IP mode file for EmbeddedOffice.I-CUBE-FS-RTOS.1.0.1
2024-12-01 22:53:26,640 [ERROR] ConditionMgr:805 - Attr not supported : Dmpu
2024-12-01 22:53:26,640 [ERROR] ConditionMgr:805 - Attr not supported : Dmpu
2024-12-01 22:53:26,640 [ERROR] ConditionMgr:805 - Attr not supported : Dmpu
2024-12-01 22:53:26,640 [ERROR] ConditionMgr:805 - Attr not supported : Dmpu
2024-12-01 22:53:26,640 [ERROR] ConditionMgr:805 - Attr not supported : Dmpu
2024-12-01 22:53:26,640 [ERROR] ConditionMgr:805 - Attr not supported : Dmpu
2024-12-01 22:53:26,641 [ERROR] ConditionMgr:805 - Attr not supported : Dmpu
2024-12-01 22:53:26,641 [ERROR] ConditionMgr:805 - Attr not supported : Dmpu
2024-12-01 22:53:26,641 [ERROR] ConditionMgr:805 - Attr not supported : Dmpu
2024-12-01 22:53:26,641 [ERROR] ConditionMgr:805 - Attr not supported : Dmpu
2024-12-01 22:53:26,641 [ERROR] ConditionMgr:805 - Attr not supported : Dmpu
2024-12-01 22:53:26,641 [ERROR] ConditionMgr:805 - Attr not supported : Dmpu
2024-12-01 22:53:26,641 [ERROR] ConditionMgr:805 - Attr not supported : Dmpu
2024-12-01 22:53:26,642 [ERROR] ConditionMgr:805 - Attr not supported : Dmpu
2024-12-01 22:53:26,642 [ERROR] ConditionMgr:805 - Attr not supported : Dmpu
2024-12-01 22:53:26,642 [ERROR] ConditionMgr:805 - Attr not supported : Dmpu
2024-12-01 22:53:26,642 [ERROR] ConditionMgr:805 - Attr not supported : Dmpu
2024-12-01 22:53:26,642 [ERROR] ConditionMgr:805 - Attr not supported : Dmpu
2024-12-01 22:53:26,642 [ERROR] ConditionMgr:805 - Attr not supported : Dmpu
2024-12-01 22:53:26,642 [ERROR] ConditionMgr:805 - Attr not supported : Dmpu
2024-12-01 22:53:26,642 [ERROR] ConditionMgr:805 - Attr not supported : Dmpu
2024-12-01 22:53:26,642 [ERROR] ConditionMgr:805 - Attr not supported : Dmpu
2024-12-01 22:53:26,642 [ERROR] ConditionMgr:805 - Attr not supported : Dmpu
2024-12-01 22:53:26,643 [ERROR] ConditionMgr:805 - Attr not supported : Dmpu
2024-12-01 22:53:26,643 [ERROR] ConditionMgr:805 - Attr not supported : Dmpu
2024-12-01 22:53:26,643 [ERROR] ConditionMgr:805 - Attr not supported : Dmpu
2024-12-01 22:53:26,643 [ERROR] ConditionMgr:805 - Attr not supported : Dmpu
2024-12-01 22:53:26,643 [ERROR] ConditionMgr:805 - Attr not supported : Dmpu
2024-12-01 22:53:26,643 [ERROR] ConditionMgr:805 - Attr not supported : Dmpu
2024-12-01 22:53:26,643 [ERROR] ConditionMgr:805 - Attr not supported : Dmpu
2024-12-01 22:53:26,643 [ERROR] ConditionMgr:805 - Attr not supported : Dmpu
2024-12-01 22:53:26,643 [ERROR] ConditionMgr:805 - Attr not supported : Dmpu
2024-12-01 22:53:26,644 [ERROR] ConditionMgr:805 - Attr not supported : Dmpu
2024-12-01 22:53:26,644 [ERROR] ConditionMgr:805 - Attr not supported : Dmpu
2024-12-01 22:53:26,644 [ERROR] ConditionMgr:805 - Attr not supported : Dmpu
2024-12-01 22:53:26,644 [ERROR] ConditionMgr:805 - Attr not supported : Dmpu
2024-12-01 22:53:26,644 [ERROR] ConditionMgr:805 - Attr not supported : Dmpu
2024-12-01 22:53:26,644 [ERROR] ConditionMgr:805 - Attr not supported : Dmpu
2024-12-01 22:53:26,644 [ERROR] ConditionMgr:805 - Attr not supported : Dmpu
2024-12-01 22:53:26,644 [ERROR] ConditionMgr:805 - Attr not supported : Dmpu
2024-12-01 22:53:26,644 [ERROR] ConditionMgr:805 - Attr not supported : Dmpu
2024-12-01 22:53:26,645 [ERROR] ConditionMgr:805 - Attr not supported : Dmpu
2024-12-01 22:53:26,645 [ERROR] ConditionMgr:805 - Attr not supported : Dmpu
2024-12-01 22:53:26,645 [ERROR] ConditionMgr:805 - Attr not supported : Dmpu
2024-12-01 22:53:26,645 [ERROR] ConditionMgr:805 - Attr not supported : Dmpu
2024-12-01 22:53:26,645 [ERROR] ConditionMgr:805 - Attr not supported : Dmpu
2024-12-01 22:53:26,645 [ERROR] ConditionMgr:805 - Attr not supported : Dmpu
2024-12-01 22:53:26,645 [ERROR] ConditionMgr:805 - Attr not supported : Dmpu
2024-12-01 22:53:26,645 [ERROR] ConditionMgr:805 - Attr not supported : Dmpu
2024-12-01 22:53:26,645 [ERROR] ConditionMgr:805 - Attr not supported : Dmpu
2024-12-01 22:53:26,646 [ERROR] ConditionMgr:805 - Attr not supported : Dmpu
2024-12-01 22:53:26,646 [ERROR] ConditionMgr:805 - Attr not supported : Dmpu
2024-12-01 22:53:26,646 [ERROR] ConditionMgr:805 - Attr not supported : Dmpu
2024-12-01 22:53:26,646 [ERROR] ConditionMgr:805 - Attr not supported : Dmpu
2024-12-01 22:53:26,646 [ERROR] ConditionMgr:805 - Attr not supported : Dmpu
2024-12-01 22:53:26,646 [ERROR] ConditionMgr:805 - Attr not supported : Dmpu
2024-12-01 22:53:26,646 [ERROR] ConditionMgr:805 - Attr not supported : Dmpu
2024-12-01 22:53:26,646 [ERROR] ConditionMgr:805 - Attr not supported : Dmpu
2024-12-01 22:53:26,646 [ERROR] ConditionMgr:805 - Attr not supported : Dmpu
2024-12-01 22:53:26,647 [ERROR] ConditionMgr:805 - Attr not supported : Dmpu
2024-12-01 22:53:26,647 [ERROR] ConditionMgr:805 - Attr not supported : Dmpu
2024-12-01 22:53:26,647 [ERROR] ConditionMgr:805 - Attr not supported : Dmpu
2024-12-01 22:53:26,647 [ERROR] ConditionMgr:805 - Attr not supported : Dmpu
2024-12-01 22:53:26,647 [ERROR] ConditionMgr:805 - Attr not supported : Dmpu
2024-12-01 22:53:26,661 [WARN] PackLoader:240 - Cannot read IP mode file for STMicroelectronics.X-CUBE-BLEMGR.3.0.0
2024-12-01 22:53:26,673 [WARN] PackLoader:240 - Cannot read IP mode file for RealThread.X-CUBE-RT-Thread_Nano.4.1.1
2024-12-01 22:53:26,680 [WARN] PackLoader:240 - Cannot read IP mode file for STMicroelectronics.FP-ATR-SIGFOX1.3.2.0
2024-12-01 22:53:26,689 [WARN] ConditionMgr:438 - getConditionDescription Invalid condition id : Cortex-A Device cause : null
2024-12-01 22:53:26,708 [WARN] ConditionMgr:1039 - genDependencies : Invalid condition id : Cortex-A Device cause : null
2024-12-01 22:53:26,708 [WARN] ConditionMgr:1039 - genDependencies : Invalid condition id : Cortex-A Device cause : null
2024-12-01 22:53:26,708 [WARN] ConditionMgr:1039 - genDependencies : Invalid condition id : Cortex-A Device cause : null
2024-12-01 22:53:26,718 [WARN] PackLoader:240 - Cannot read IP mode file for STMicroelectronics.X-CUBE-EEPRMA1.5.1.0
2024-12-01 22:53:26,782 [WARN] PackLoader:240 - Cannot read IP mode file for SEGGER.I-CUBE-embOS.1.3.1
2024-12-01 22:53:26,861 [WARN] PackLoader:240 - Cannot read IP mode file for STMicroelectronics.X-CUBE-ALGOBUILD.1.4.0
2024-12-01 22:53:26,871 [WARN] PackLoader:240 - Cannot read IP mode file for STMicroelectronics.X-CUBE-AI.9.1.0
2024-12-01 22:53:26,878 [WARN] PackLoader:240 - Cannot read IP mode file for STMicroelectronics.X-CUBE-GNSS1.6.0.0
2024-12-01 22:53:26,922 [WARN] PackLoader:240 - Cannot read IP mode file for STMicroelectronics.X-CUBE-AZRTOS-F4.1.1.0
2024-12-01 22:53:26,930 [WARN] PackLoader:240 - Cannot read IP mode file for wolfSSL.I-CUBE-wolfSSL.5.6.3
2024-12-01 22:53:26,938 [WARN] PackLoader:240 - Cannot read IP mode file for STMicroelectronics.X-CUBE-ISPU.2.1.0
2024-12-01 22:53:26,944 [WARN] PackLoader:240 - Cannot read IP mode file for STMicroelectronics.X-CUBE-FREERTOS.1.2.0
2024-12-01 22:53:26,974 [WARN] PackLoader:240 - Cannot read IP mode file for STMicroelectronics.X-CUBE-AZRTOS-L5.2.0.0
2024-12-01 22:53:27,093 [WARN] PackLoader:240 - Cannot read IP mode file for STMicroelectronics.X-CUBE-MEMS1.9.6.0
2024-12-01 22:53:27,398 [WARN] PackLoader:240 - Cannot read IP mode file for STMicroelectronics.X-CUBE-EEPRMA1.4.2.0
2024-12-01 22:53:27,409 [WARN] PackLoader:240 - Cannot read IP mode file for STMicroelectronics.X-CUBE-NFC6.3.1.0
2024-12-01 22:53:27,421 [WARN] PackLoader:240 - Cannot read IP mode file for ITTIA_DB.I-CUBE-ITTIADB.8.8.0
2024-12-01 22:53:27,430 [WARN] PackLoader:240 - Cannot read IP mode file for STMicroelectronics.X-CUBE-BLEMGR.2.0.0
2024-12-01 22:53:27,442 [WARN] PackLoader:240 - Cannot read IP mode file for STMicroelectronics.X-CUBE-DPower.1.2.0
2024-12-01 22:53:27,447 [WARN] PackLoader:240 - Cannot read IP mode file for STMicroelectronics.X-CUBE-AI.9.0.0
2024-12-01 22:53:27,487 [WARN] ConditionMgr:438 - getConditionDescription Invalid condition id : UX DEVICE CLASS RTOS Condition cause : null
2024-12-01 22:53:27,488 [WARN] ConditionMgr:438 - getConditionDescription Invalid condition id : UX DEVICE CLASS RTOS Condition cause : null
2024-12-01 22:53:27,492 [WARN] PackLoader:240 - Cannot read IP mode file for STMicroelectronics.X-CUBE-AZRTOS-H7.3.1.0
2024-12-01 22:53:27,503 [WARN] ConditionMgr:1039 - genDependencies : Invalid condition id : UX DEVICE CLASS RTOS Condition cause : null
2024-12-01 22:53:27,503 [WARN] ConditionMgr:1039 - genDependencies : Invalid condition id : UX DEVICE CLASS RTOS Condition cause : null
2024-12-01 22:53:27,504 [WARN] ConditionMgr:1039 - genDependencies : Invalid condition id : UX DEVICE CLASS RTOS Condition cause : null
2024-12-01 22:53:27,505 [WARN] ConditionMgr:1039 - genDependencies : Invalid condition id : UX DEVICE CLASS RTOS Condition cause : null
2024-12-01 22:53:27,505 [WARN] ConditionMgr:1039 - genDependencies : Invalid condition id : UX DEVICE CLASS RTOS Condition cause : null
2024-12-01 22:53:27,514 [WARN] PackLoader:240 - Cannot read IP mode file for STMicroelectronics.X-CUBE-NFC7.1.0.1
2024-12-01 22:53:27,522 [WARN] PackLoader:240 - Cannot read IP mode file for wolfSSL.I-CUBE-wolfTPM.3.2.0
2024-12-01 22:53:27,530 [WARN] PackLoader:240 - Cannot read IP mode file for STMicroelectronics.X-CUBE-NFC6.3.0.0
2024-12-01 22:53:27,541 [WARN] PackLoader:240 - Cannot read IP mode file for STMicroelectronics.X-CUBE-EEPRMA1.4.1.0
2024-12-01 22:53:27,547 [WARN] PackLoader:240 - Cannot read IP mode file for STMicroelectronics.X-CUBE-AI.8.1.0
2024-12-01 22:53:27,574 [WARN] ConditionMgr:438 - getConditionDescription Invalid condition id : LAN8742 Phy interface Condition cause : null
2024-12-01 22:53:27,576 [WARN] PackLoader:240 - Cannot read IP mode file for STMicroelectronics.X-CUBE-AZRTOS-L4.2.0.0
2024-12-01 22:53:27,577 [WARN] ConditionMgr:1039 - genDependencies : Invalid condition id : LAN8742 Phy interface Condition cause : null
2024-12-01 22:53:27,577 [WARN] ConditionMgr:1039 - genDependencies : Invalid condition id : LAN8742 Phy interface Condition cause : null
2024-12-01 22:53:27,578 [WARN] ConditionMgr:1039 - genDependencies : Invalid condition id : LAN8742 Phy interface Condition cause : null
2024-12-01 22:53:27,589 [WARN] PackLoader:240 - Cannot read IP mode file for STMicroelectronics.X-CUBE-SFXS2LP1.4.0.0
2024-12-01 22:53:27,596 [WARN] PackLoader:240 - Cannot read IP mode file for STMicroelectronics.X-CUBE-ISPU.1.1.0
2024-12-01 22:53:27,627 [WARN] PackLoader:240 - Cannot read IP mode file for STMicroelectronics.X-CUBE-AZRTOS-H7.3.3.0
2024-12-01 22:53:27,648 [WARN] PackLoader:240 - Cannot read IP mode file for STMicroelectronics.X-CUBE-IPS.3.0.0
2024-12-01 22:53:27,675 [WARN] ConditionMgr:438 - getConditionDescription Invalid condition id : UX DEVICE CLASS RTOS Condition cause : null
2024-12-01 22:53:27,675 [WARN] ConditionMgr:438 - getConditionDescription Invalid condition id : UX DEVICE CLASS RTOS Condition cause : null
2024-12-01 22:53:27,678 [WARN] PackLoader:240 - Cannot read IP mode file for STMicroelectronics.X-CUBE-AZRTOS-WB.2.0.0
2024-12-01 22:53:27,679 [WARN] ConditionMgr:1039 - genDependencies : Invalid condition id : UX DEVICE CLASS RTOS Condition cause : null
2024-12-01 22:53:27,679 [WARN] ConditionMgr:1039 - genDependencies : Invalid condition id : UX DEVICE CLASS RTOS Condition cause : null
2024-12-01 22:53:27,680 [WARN] ConditionMgr:1039 - genDependencies : Invalid condition id : UX DEVICE CLASS RTOS Condition cause : null
2024-12-01 22:53:27,680 [WARN] ConditionMgr:1039 - genDependencies : Invalid condition id : UX DEVICE CLASS RTOS Condition cause : null
2024-12-01 22:53:27,680 [WARN] ConditionMgr:1039 - genDependencies : Invalid condition id : UX DEVICE CLASS RTOS Condition cause : null
2024-12-01 22:53:27,688 [WARN] PackLoader:240 - Cannot read IP mode file for STMicroelectronics.X-CUBE-GNSS1.7.0.0
2024-12-01 22:53:27,697 [WARN] PackLoader:240 - Cannot read IP mode file for STMicroelectronics.FP-SNS-STBOX1.2.0.0
2024-12-01 22:53:27,719 [WARN] PackLoader:240 - Cannot read IP mode file for STMicroelectronics.X-CUBE-SUBG2.5.0.0
2024-12-01 22:53:27,735 [WARN] PackLoader:240 - Cannot read IP mode file for Cesanta.I-CUBE-Mongoose.7.13.0
2024-12-01 22:53:27,749 [WARN] PackLoader:240 - Cannot read IP mode file for STMicroelectronics.X-CUBE-TOF1.3.3.1
2024-12-01 22:53:27,780 [WARN] PackLoader:240 - Cannot read IP mode file for STMicroelectronics.X-CUBE-AZRTOS-G4.2.0.0
2024-12-01 22:53:27,801 [WARN] PackLoader:240 - Cannot read IP mode file for Infineon.AIROC-Wi-Fi-Bluetooth-STM32.1.5.1
2024-12-01 22:53:27,812 [WARN] PackLoader:240 - Cannot read IP mode file for STMicroelectronics.FP-SNS-MOTENVWB1.1.3.0
2024-12-01 22:53:27,821 [WARN] PackLoader:240 - Cannot read IP mode file for STMicroelectronics.FP-SNS-MOTENVWB1.1.3.1
2024-12-01 22:53:27,830 [WARN] PackLoader:240 - Cannot read IP mode file for STMicroelectronics.X-CUBE-ISPU.2.0.0
2024-12-01 22:53:27,843 [WARN] PackLoader:240 - Cannot read IP mode file for STMicroelectronics.X-CUBE-ALS.1.0.2
2024-12-01 22:53:27,963 [WARN] PackLoader:240 - Cannot read IP mode file for STMicroelectronics.X-CUBE-MEMS1.10.0.0
2024-12-01 22:53:28,173 [WARN] PackLoader:240 - Cannot read IP mode file for STMicroelectronics.X-CUBE-FREERTOS.1.1.0
2024-12-01 22:53:28,178 [WARN] PackLoader:240 - Cannot read IP mode file for STMicroelectronics.X-CUBE-TOUCHGFX.4.24.0
2024-12-01 22:53:28,184 [WARN] PackLoader:240 - Cannot read IP mode file for STMicroelectronics.X-CUBE-TOUCHGFX.4.24.1
2024-12-01 22:53:28,191 [WARN] PackLoader:240 - Cannot read IP mode file for portGmbH.I-Cube-SoM-uGOAL.1.1.0
2024-12-01 22:53:28,196 [WARN] PackLoader:240 - Cannot read IP mode file for STMicroelectronics.X-CUBE-ALS.1.0.1
2024-12-01 22:53:28,228 [WARN] PackLoader:240 - Cannot read IP mode file for STMicroelectronics.X-CUBE-AZRTOS-H7RS.1.0.0
2024-12-01 22:53:28,237 [WARN] PackLoader:240 - Cannot read IP mode file for STMicroelectronics.FP-ATR-ASTRA1.2.0.0
2024-12-01 22:53:28,251 [WARN] PackLoader:240 - Cannot read IP mode file for STMicroelectronics.X-CUBE-TOF1.3.4.2
2024-12-01 22:53:28,293 [WARN] PackLoader:240 - Cannot read IP mode file for STMicroelectronics.X-CUBE-TOF1.3.4.0
2024-12-01 22:53:28,345 [WARN] PackLoader:240 - Cannot read IP mode file for STMicroelectronics.X-CUBE-TOF1.3.4.1
2024-12-01 22:53:28,409 [WARN] PackLoader:240 - Cannot read IP mode file for STMicroelectronics.X-CUBE-AZRTOS-H7.3.2.0
2024-12-01 22:53:28,421 [WARN] PackLoader:240 - Cannot read IP mode file for wolfSSL.I-CUBE-wolfSSH.1.4.17
2024-12-01 22:53:28,425 [INFO] ThirdParty:978 - Integrity check success = true
2024-12-01 22:53:28,425 [INFO] IntegrityCheckThread:100 - exiting critical section [integrity check]
2024-12-01 22:53:28,425 [INFO] IntegrityCheckThread:103 - End integrity checks thread
