2024-10-21 23:15:17,387 [INFO] Activator:176 - 


2024-10-21 23:15:17,394 [INFO] Activator:177 - !SESSION log4j initialized
2024-10-21 23:15:26,560 [INFO] LogOutputStream:77 - [STDOUT_REDIRECT] 
2024-10-21 23:15:30,712 [INFO] ApplicationProperties:184 - Using Application install path: C:\ST\STM32CubeIDE_1.15.1\STM32CubeIDE\plugins\com.st.stm32cube.common.mx_6.11.1.202404110753
2024-10-21 23:15:30,774 [INFO] DbMcusXml:78 - Set database path to: C:\ST\STM32CubeIDE_1.15.1\STM32CubeIDE\plugins\com.st.stm32cube.common.mx_6.11.1.202404110753\\db\/mcu/
2024-10-21 23:15:30,774 [INFO] ApiDb:274 - Set plugin database path to: C:\ST\STM32CubeIDE_1.15.1\STM32CubeIDE\plugins\com.st.stm32cube.common.mx_6.11.1.202404110753\\db\/plugins/boardmanager/
2024-10-21 23:15:30,775 [WARN] ApiDb:259 - Overriding images path with different value:  => C:\ST\STM32CubeIDE_1.15.1\STM32CubeIDE\plugins\com.st.stm32cube.common.mx_6.11.1.202404110753\\db\/plugins/mcufinder/images/
2024-10-21 23:15:30,792 [INFO] ApiDb:250 - Set database path to: C:\Users\gusta\.stmcufinder\plugins\mcufinder//mcu/
2024-10-21 23:15:30,794 [INFO] DbMcusAds:125 - Set database path to: C:\Users\gusta\.stmcufinder\plugins\mcufinder//mcu/
2024-10-21 23:15:30,797 [INFO] CrossReferenceDbSqlite:203 - Set database path to: C:\Users\gusta\.stmcufinder\plugins\mcufinder//mcu/cs/
2024-10-21 23:15:31,099 [INFO] RulesReader:64 - Compatibility file has been processed (297 Rules)
2024-10-21 23:15:31,278 [INFO] DbMcusXml:78 - Set database path to: C:\ST\STM32CubeIDE_1.15.1\STM32CubeIDE\plugins\com.st.stm32cube.common.mx_6.11.1.202404110753\\db\/mcu/
2024-10-21 23:15:31,278 [INFO] ApiDb:274 - Set plugin database path to: C:\ST\STM32CubeIDE_1.15.1\STM32CubeIDE\plugins\com.st.stm32cube.common.mx_6.11.1.202404110753\\db\/plugins/boardmanager/
2024-10-21 23:15:31,279 [INFO] ApiDb:261 - Set plugin images path to: C:\ST\STM32CubeIDE_1.15.1\STM32CubeIDE\plugins\com.st.stm32cube.common.mx_6.11.1.202404110753\\db\/plugins/mcufinder/images/
2024-10-21 23:15:31,279 [WARN] DbFile:41 - Overriding database path with different value: C:\Users\gusta\.stmcufinder\plugins\mcufinder/ => C:\Users\gusta\.stmcufinder\plugins\mcufinder
2024-10-21 23:15:31,280 [INFO] ApiDb:250 - Set database path to: C:\Users\gusta\.stmcufinder\plugins\mcufinder//mcu/
2024-10-21 23:15:31,280 [WARN] DbFile:41 - Overriding database path with different value: C:\Users\gusta\.stmcufinder\plugins\mcufinder/ => C:\Users\gusta\.stmcufinder\plugins\mcufinder
2024-10-21 23:15:31,280 [INFO] DbMcusAds:125 - Set database path to: C:\Users\gusta\.stmcufinder\plugins\mcufinder//mcu/
2024-10-21 23:15:31,280 [WARN] DbFile:41 - Overriding database path with different value: C:\Users\gusta\.stmcufinder\plugins\mcufinder/ => C:\Users\gusta\.stmcufinder\plugins\mcufinder
2024-10-21 23:15:31,280 [WARN] DbFile:41 - Overriding database path with different value: C:\Users\gusta\.stmcufinder\plugins\mcufinder/ => C:\Users\gusta\.stmcufinder\plugins\mcufinder
2024-10-21 23:15:31,281 [INFO] CrossReferenceDbSqlite:203 - Set database path to: C:\Users\gusta\.stmcufinder\plugins\mcufinder//mcu/cs/
2024-10-21 23:15:31,425 [INFO] MainPanel:264 - HeapMemory: 268435456
2024-10-21 23:15:31,598 [INFO] DbMcusXml:78 - Set database path to: C:\ST\STM32CubeIDE_1.15.1\STM32CubeIDE\plugins\com.st.stm32cube.common.mx_6.11.1.202404110753\\db\/mcu/
2024-10-21 23:15:31,599 [INFO] ApiDb:274 - Set plugin database path to: C:\ST\STM32CubeIDE_1.15.1\STM32CubeIDE\plugins\com.st.stm32cube.common.mx_6.11.1.202404110753\\db\/plugins/boardmanager/
2024-10-21 23:15:31,599 [INFO] ApiDb:261 - Set plugin images path to: C:\ST\STM32CubeIDE_1.15.1\STM32CubeIDE\plugins\com.st.stm32cube.common.mx_6.11.1.202404110753\\db\/plugins/mcufinder/images/
2024-10-21 23:15:31,600 [WARN] DbFile:41 - Overriding database path with different value: C:\Users\gusta\.stmcufinder\plugins\mcufinder/ => C:\Users\gusta\.stmcufinder\plugins\mcufinder
2024-10-21 23:15:31,600 [INFO] ApiDb:250 - Set database path to: C:\Users\gusta\.stmcufinder\plugins\mcufinder//mcu/
2024-10-21 23:15:31,600 [WARN] DbFile:41 - Overriding database path with different value: C:\Users\gusta\.stmcufinder\plugins\mcufinder/ => C:\Users\gusta\.stmcufinder\plugins\mcufinder
2024-10-21 23:15:31,600 [INFO] DbMcusAds:125 - Set database path to: C:\Users\gusta\.stmcufinder\plugins\mcufinder//mcu/
2024-10-21 23:15:31,601 [WARN] DbFile:41 - Overriding database path with different value: C:\Users\gusta\.stmcufinder\plugins\mcufinder/ => C:\Users\gusta\.stmcufinder\plugins\mcufinder
2024-10-21 23:15:31,601 [WARN] DbFile:41 - Overriding database path with different value: C:\Users\gusta\.stmcufinder\plugins\mcufinder/ => C:\Users\gusta\.stmcufinder\plugins\mcufinder
2024-10-21 23:15:31,601 [INFO] CrossReferenceDbSqlite:203 - Set database path to: C:\Users\gusta\.stmcufinder\plugins\mcufinder//mcu/cs/
2024-10-21 23:15:31,634 [INFO] ApplicationProperties:184 - Using Application install path: C:\ST\STM32CubeIDE_1.15.1\STM32CubeIDE\plugins\com.st.stm32cube.common.mx_6.11.1.202404110753
2024-10-21 23:15:31,641 [INFO] PluginManage:196 - Search for loadable plugins [exclusion list=, ]
2024-10-21 23:15:31,643 [INFO] PluginManage:310 - Check plugin analytics
2024-10-21 23:15:32,087 [INFO] AnalyticsPlugin:253 - Accepted Software Licenses: 
2024-10-21 23:15:32,087 [INFO] AnalyticsPlugin:255 - Accepted CMSIS Pack Licenses: 
2024-10-21 23:15:32,088 [INFO] AnalyticsPlugin:257 - Accepted Firmware Licenses: FW.F4.1.27.0,FW.F4.1.28.0
2024-10-21 23:15:32,094 [INFO] PluginManage:359 - Loaded plugin analytics (category:tool,tabindex:-1)
2024-10-21 23:15:32,094 [INFO] PluginManage:310 - Check plugin cadmodel
2024-10-21 23:15:32,103 [INFO] CADModel:105 - Init CAD model plugin
2024-10-21 23:15:32,104 [INFO] PluginManage:359 - Loaded plugin cadmodel (category:power,tabindex:5)
2024-10-21 23:15:32,104 [INFO] PluginManage:310 - Check plugin clock
2024-10-21 23:15:32,122 [INFO] PluginManage:359 - Loaded plugin clock (category:base,tabindex:2)
2024-10-21 23:15:32,122 [INFO] PluginManage:310 - Check plugin ddr
2024-10-21 23:15:32,126 [INFO] PluginManage:359 - Loaded plugin ddr (category:tool,tabindex:6)
2024-10-21 23:15:32,127 [INFO] PluginManage:310 - Check plugin filemanager
2024-10-21 23:15:32,481 [INFO] PluginManage:359 - Loaded plugin filemanager (category:base,tabindex:10)
2024-10-21 23:15:32,481 [INFO] PluginManage:310 - Check plugin ipmanager
2024-10-21 23:15:32,496 [INFO] PluginManage:359 - Loaded plugin ipmanager (category:base,tabindex:5)
2024-10-21 23:15:32,497 [INFO] PluginManage:310 - Check plugin lpbam
2024-10-21 23:15:32,514 [INFO] PluginManage:359 - Loaded plugin lpbam (category:base,tabindex:0)
2024-10-21 23:15:32,514 [INFO] PluginManage:310 - Check plugin memorymap
2024-10-21 23:15:32,543 [INFO] PluginManage:359 - Loaded plugin memorymap (category:base,tabindex:4)
2024-10-21 23:15:32,544 [INFO] PluginManage:310 - Check plugin pinoutandconfiguration
2024-10-21 23:15:32,562 [INFO] PluginManage:359 - Loaded plugin pinoutandconfiguration (category:base,tabindex:1)
2024-10-21 23:15:32,562 [INFO] PluginManage:310 - Check plugin pinoutconfig
2024-10-21 23:15:32,719 [WARN] SupportedApi:132 - Cannot load RTOS API schema: s4s-elt-must-match.1: The content of 'definitions' must match (annotation?, (simpleType | complexType)?, (unique | key | keyref)*)). A problem was found starting at: attribute.
2024-10-21 23:15:32,949 [INFO] PluginManage:359 - Loaded plugin pinoutconfig (category:base,tabindex:0)
2024-10-21 23:15:32,950 [INFO] PluginManage:310 - Check plugin power
2024-10-21 23:15:32,980 [INFO] PluginManage:359 - Loaded plugin power (category:power,tabindex:4)
2024-10-21 23:15:32,980 [INFO] PluginManage:310 - Check plugin projectmanager
2024-10-21 23:15:33,028 [INFO] PluginManage:359 - Loaded plugin projectmanager (category:projectmanager,tabindex:3)
2024-10-21 23:15:33,028 [INFO] PluginManage:310 - Check plugin thirdparty
2024-10-21 23:15:33,280 [INFO] PluginManage:359 - Loaded plugin thirdparty (category:base,tabindex:-1)
2024-10-21 23:15:33,280 [WARN] IntegrityCheckThread:84 - waiting for thirdparty lock release [integrity check]
2024-10-21 23:15:33,280 [INFO] PluginManage:310 - Check plugin tools
2024-10-21 23:15:33,281 [INFO] IntegrityCheckThread:86 - entering critical section [integrity check]
2024-10-21 23:15:33,282 [INFO] ThirdPartyUpdaterWithRetryManager:70 - Updater plugin not ready yet. [1/15]
2024-10-21 23:15:33,284 [INFO] PluginManage:359 - Loaded plugin tools (category:base,tabindex:7)
2024-10-21 23:15:33,284 [INFO] PluginManage:310 - Check plugin tutovideos
2024-10-21 23:15:33,516 [INFO] PluginManage:359 - Loaded plugin tutovideos (category:base,tabindex:-1)
2024-10-21 23:15:33,517 [INFO] PluginManage:310 - Check plugin updater
2024-10-21 23:15:33,534 [INFO] PluginManage:359 - Loaded plugin updater (category:base,tabindex:12)
2024-10-21 23:15:33,534 [INFO] PluginManage:310 - Check plugin userauth
2024-10-21 23:15:33,544 [INFO] UserAuth:114 - Init User Auth plugin
2024-10-21 23:15:33,545 [INFO] PluginManage:359 - Loaded plugin userauth (category:base,tabindex:14)
2024-10-21 23:15:33,545 [INFO] PluginManage:283 - PluginManage : Loaded plugins [17]
2024-10-21 23:15:33,858 [INFO] PinOutPanel:1561 - setPackage(No Configuration,No Configuration)
2024-10-21 23:15:33,950 [INFO] CADModel:165 - CPN selected for project level
2024-10-21 23:15:33,950 [INFO] CADModel:114 - Register for checkConnection events
2024-10-21 23:15:33,969 [INFO] IPUIPlugin:80 - create IPUIPlugin
2024-10-21 23:15:33,969 [INFO] PluginManager:220 - loadIPPluginJar : add adc
2024-10-21 23:15:33,973 [INFO] IPUIPlugin:80 - create IPUIPlugin
2024-10-21 23:15:33,974 [INFO] PluginManager:220 - loadIPPluginJar : add aes
2024-10-21 23:15:33,977 [INFO] IPUIPlugin:80 - create IPUIPlugin
2024-10-21 23:15:33,978 [INFO] PluginManager:220 - loadIPPluginJar : add can
2024-10-21 23:15:33,980 [INFO] IPUIPlugin:80 - create IPUIPlugin
2024-10-21 23:15:33,980 [INFO] PluginManager:220 - loadIPPluginJar : add comp
2024-10-21 23:15:33,983 [INFO] IPUIPlugin:80 - create IPUIPlugin
2024-10-21 23:15:33,983 [INFO] PluginManager:220 - loadIPPluginJar : add cryp
2024-10-21 23:15:33,987 [INFO] IPUIPlugin:80 - create IPUIPlugin
2024-10-21 23:15:33,987 [INFO] PluginManager:220 - loadIPPluginJar : add dfsdm
2024-10-21 23:15:33,993 [INFO] IPUIPlugin:80 - create IPUIPlugin
2024-10-21 23:15:33,994 [INFO] PluginManager:220 - loadIPPluginJar : add dma
2024-10-21 23:15:33,997 [INFO] IPUIPlugin:80 - create IPUIPlugin
2024-10-21 23:15:33,998 [INFO] PluginManager:220 - loadIPPluginJar : add dma3
2024-10-21 23:15:34,001 [INFO] IPUIPlugin:80 - create IPUIPlugin
2024-10-21 23:15:34,001 [INFO] PluginManager:220 - loadIPPluginJar : add extmemmanager
2024-10-21 23:15:34,004 [INFO] IPUIPlugin:80 - create IPUIPlugin
2024-10-21 23:15:34,004 [INFO] PluginManager:220 - loadIPPluginJar : add fatfs
2024-10-21 23:15:34,010 [INFO] IPUIPlugin:80 - create IPUIPlugin
2024-10-21 23:15:34,010 [INFO] PluginManager:220 - loadIPPluginJar : add fmc
2024-10-21 23:15:34,019 [INFO] IPUIPlugin:80 - create IPUIPlugin
2024-10-21 23:15:34,020 [INFO] PluginManager:220 - loadIPPluginJar : add freertos
2024-10-21 23:15:34,022 [INFO] IPUIPlugin:80 - create IPUIPlugin
2024-10-21 23:15:34,022 [INFO] PluginManager:220 - loadIPPluginJar : add genericplugin
2024-10-21 23:15:34,026 [INFO] IPUIPlugin:80 - create IPUIPlugin
2024-10-21 23:15:34,026 [INFO] PluginManager:220 - loadIPPluginJar : add gfxmmu
2024-10-21 23:15:34,033 [INFO] IPUIPlugin:80 - create IPUIPlugin
2024-10-21 23:15:34,033 [INFO] PluginManager:220 - loadIPPluginJar : add gic
2024-10-21 23:15:34,041 [INFO] IPUIPlugin:80 - create IPUIPlugin
2024-10-21 23:15:34,041 [INFO] PluginManager:220 - loadIPPluginJar : add gpio
2024-10-21 23:15:34,047 [INFO] IPUIPlugin:80 - create IPUIPlugin
2024-10-21 23:15:34,047 [INFO] PluginManager:220 - loadIPPluginJar : add gtzc
2024-10-21 23:15:34,052 [INFO] IPUIPlugin:80 - create IPUIPlugin
2024-10-21 23:15:34,052 [INFO] PluginManager:220 - loadIPPluginJar : add hash
2024-10-21 23:15:34,058 [INFO] IPUIPlugin:80 - create IPUIPlugin
2024-10-21 23:15:34,058 [INFO] PluginManager:220 - loadIPPluginJar : add i2c
2024-10-21 23:15:34,063 [INFO] IPUIPlugin:80 - create IPUIPlugin
2024-10-21 23:15:34,063 [INFO] PluginManager:220 - loadIPPluginJar : add i2s
2024-10-21 23:15:34,069 [INFO] IPUIPlugin:80 - create IPUIPlugin
2024-10-21 23:15:34,069 [INFO] PluginManager:220 - loadIPPluginJar : add i3c
2024-10-21 23:15:34,075 [INFO] IPUIPlugin:80 - create IPUIPlugin
2024-10-21 23:15:34,075 [INFO] PluginManager:220 - loadIPPluginJar : add ipddr
2024-10-21 23:15:34,087 [INFO] IPUIPlugin:80 - create IPUIPlugin
2024-10-21 23:15:34,087 [INFO] PluginManager:220 - loadIPPluginJar : add linkedlist
2024-10-21 23:15:34,093 [INFO] IPUIPlugin:80 - create IPUIPlugin
2024-10-21 23:15:34,094 [INFO] PluginManager:220 - loadIPPluginJar : add lorawan
2024-10-21 23:15:34,097 [INFO] IPUIPlugin:80 - create IPUIPlugin
2024-10-21 23:15:34,097 [INFO] PluginManager:220 - loadIPPluginJar : add ltdc
2024-10-21 23:15:34,108 [INFO] IPUIPlugin:80 - create IPUIPlugin
2024-10-21 23:15:34,108 [INFO] PluginManager:220 - loadIPPluginJar : add mdma
2024-10-21 23:15:34,115 [INFO] IPUIPlugin:80 - create IPUIPlugin
2024-10-21 23:15:34,115 [INFO] PluginManager:220 - loadIPPluginJar : add nvic
2024-10-21 23:15:34,121 [INFO] IPUIPlugin:80 - create IPUIPlugin
2024-10-21 23:15:34,121 [INFO] PluginManager:220 - loadIPPluginJar : add opamp
2024-10-21 23:15:34,128 [INFO] IPUIPlugin:80 - create IPUIPlugin
2024-10-21 23:15:34,128 [INFO] PluginManager:220 - loadIPPluginJar : add openamp
2024-10-21 23:15:34,134 [INFO] IPUIPlugin:80 - create IPUIPlugin
2024-10-21 23:15:34,135 [INFO] PluginManager:220 - loadIPPluginJar : add pdm2pcm
2024-10-21 23:15:34,146 [INFO] IPUIPlugin:80 - create IPUIPlugin
2024-10-21 23:15:34,151 [INFO] PluginManager:220 - loadIPPluginJar : add plateformsettings
2024-10-21 23:15:34,155 [INFO] IPUIPlugin:80 - create IPUIPlugin
2024-10-21 23:15:34,155 [INFO] PluginManager:220 - loadIPPluginJar : add quadspi
2024-10-21 23:15:34,164 [INFO] IPUIPlugin:80 - create IPUIPlugin
2024-10-21 23:15:34,165 [INFO] PluginManager:220 - loadIPPluginJar : add resmgrutility
2024-10-21 23:15:34,170 [INFO] IPUIPlugin:80 - create IPUIPlugin
2024-10-21 23:15:34,171 [INFO] PluginManager:220 - loadIPPluginJar : add sai
2024-10-21 23:15:34,175 [INFO] IPUIPlugin:80 - create IPUIPlugin
2024-10-21 23:15:34,176 [INFO] PluginManager:220 - loadIPPluginJar : add spi
2024-10-21 23:15:34,185 [INFO] IPUIPlugin:80 - create IPUIPlugin
2024-10-21 23:15:34,185 [INFO] PluginManager:220 - loadIPPluginJar : add stm32_wpan
2024-10-21 23:15:34,188 [INFO] IPUIPlugin:80 - create IPUIPlugin
2024-10-21 23:15:34,189 [INFO] PluginManager:220 - loadIPPluginJar : add tim
2024-10-21 23:15:34,196 [INFO] IPUIPlugin:80 - create IPUIPlugin
2024-10-21 23:15:34,196 [INFO] PluginManager:220 - loadIPPluginJar : add touchsensing
2024-10-21 23:15:34,200 [INFO] IPUIPlugin:80 - create IPUIPlugin
2024-10-21 23:15:34,200 [INFO] PluginManager:220 - loadIPPluginJar : add tracer_emb
2024-10-21 23:15:34,204 [INFO] IPUIPlugin:80 - create IPUIPlugin
2024-10-21 23:15:34,204 [INFO] PluginManager:220 - loadIPPluginJar : add ts
2024-10-21 23:15:34,207 [INFO] IPUIPlugin:80 - create IPUIPlugin
2024-10-21 23:15:34,208 [INFO] PluginManager:220 - loadIPPluginJar : add tsc
2024-10-21 23:15:34,211 [INFO] IPUIPlugin:80 - create IPUIPlugin
2024-10-21 23:15:34,211 [INFO] PluginManager:220 - loadIPPluginJar : add ucpd
2024-10-21 23:15:34,216 [INFO] IPUIPlugin:80 - create IPUIPlugin
2024-10-21 23:15:34,216 [INFO] PluginManager:220 - loadIPPluginJar : add usart
2024-10-21 23:15:34,222 [INFO] IPUIPlugin:80 - create IPUIPlugin
2024-10-21 23:15:34,222 [INFO] PluginManager:220 - loadIPPluginJar : add usbx
2024-10-21 23:15:34,403 [INFO] CADModel:165 - CPN selected for project level
2024-10-21 23:15:34,403 [INFO] CADModel:114 - Register for checkConnection events
2024-10-21 23:15:34,403 [FATAL] Updater:308 - Updater called before beeing initialized
2024-10-21 23:15:34,404 [ERROR] CADModel:125 - Updater not yet initialized, retry later 
2024-10-21 23:15:34,640 [INFO] CADModel:165 - CPN selected for project level
2024-10-21 23:15:34,641 [INFO] CADModel:114 - Register for checkConnection events
2024-10-21 23:15:34,641 [FATAL] Updater:308 - Updater called before beeing initialized
2024-10-21 23:15:34,641 [ERROR] CADModel:125 - Updater not yet initialized, retry later 
2024-10-21 23:15:34,646 [FATAL] Updater:308 - Updater called before beeing initialized
2024-10-21 23:15:34,800 [FATAL] Updater:308 - Updater called before beeing initialized
2024-10-21 23:15:34,804 [INFO] DbMcusAds:53 - JSON generation date=Thu May 16 06:22:00 ART 2024 (1715851320667)
2024-10-21 23:15:34,805 [FATAL] Updater:308 - Updater called before beeing initialized
2024-10-21 23:15:34,885 [WARN] DetailPanel:346 - Failed to get advertising image, set to default
2024-10-21 23:15:35,017 [FATAL] Updater:308 - Updater called before beeing initialized
2024-10-21 23:15:35,020 [FATAL] Updater:308 - Updater called before beeing initialized
2024-10-21 23:15:35,020 [FATAL] Updater:308 - Updater called before beeing initialized
2024-10-21 23:15:35,020 [WARN] DetailPanel:346 - Failed to get advertising image, set to default
2024-10-21 23:15:35,021 [FATAL] Updater:308 - Updater called before beeing initialized
2024-10-21 23:15:35,110 [ERROR] Updater:1120 - MainUpdater not yet initialized. External WinMGr cannot be set.
2024-10-21 23:15:35,113 [INFO] Updater:1056 - Updater Version found : 6.11.1
2024-10-21 23:15:35,155 [INFO] ApplicationProperties:184 - Using Application install path: C:\ST\STM32CubeIDE_1.15.1\STM32CubeIDE\plugins\com.st.stm32cube.common.mx_6.11.1.202404110753
2024-10-21 23:15:36,282 [INFO] ThirdPartyUpdaterWithRetryManager:70 - Updater plugin not ready yet. [2/15]
2024-10-21 23:15:36,742 [ERROR] LogOutputStream:75 - [STDERR_REDIRECT] Oct 21, 2024 11:15:36 PM java.util.prefs.WindowsPreferences <init>
2024-10-21 23:15:36,746 [ERROR] LogOutputStream:75 - [STDERR_REDIRECT] WARNING: Could not open/create prefs root node Software\JavaSoft\Prefs at root 0xffffffff80000002. Windows RegCreateKeyEx(...) returned error code 5.
2024-10-21 23:15:36,746 [ERROR] LogOutputStream:75 - [STDERR_REDIRECT] 
2024-10-21 23:15:37,205 [INFO] MainUpdater:2873 - connection check result : 10
2024-10-21 23:15:37,205 [INFO] MainUpdater:3567 - Updater definition file requires update
2024-10-21 23:15:37,207 [INFO] MainUpdater:290 - Updater Check For Update Now.
2024-10-21 23:15:37,207 [INFO] MicroXplorer:498 - Change Database Version : DB.6.0.111
2024-10-21 23:15:37,217 [INFO] McuFinderGlobals:63 - Set McuFinder mode to 2 (CubeIDE integrated)
2024-10-21 23:15:37,226 [INFO] UserAuth:415 - Internet connection configuration mode: 1
2024-10-21 23:15:37,249 [INFO] JxBrowserEngine:152 - Initiate JxBrowser Engine with user profile folder
2024-10-21 23:15:37,255 [INFO] ServerAccessManage:473 - Download File updaters.zip
2024-10-21 23:15:37,343 [INFO] FileExtend:240 - Unzip File : updaters.zip
2024-10-21 23:15:37,343 [INFO] FileExtend:255 - Standard Zip Deflate
2024-10-21 23:15:37,869 [INFO] ServerAccessManage:473 - Download File PacksControlFlags.xml
2024-10-21 23:15:37,948 [INFO] ServerAccessManage:473 - Download File cubemx.pidx
2024-10-21 23:15:38,488 [INFO] ServerAccessManage:473 - Download File STMicroelectronics.X-CUBE-AI.pdsc
2024-10-21 23:15:39,284 [WARN] MainUpdater:1194 - Updater busy. Cannot search thirdparties
2024-10-21 23:15:39,285 [INFO] ThirdPartyUpdaterWithRetryManager:96 - Updater plugin is busy. [1/15]
2024-10-21 23:15:39,463 [INFO] ServerAccessManage:473 - Download File STMicroelectronics.X-CUBE-IPS.pdsc
2024-10-21 23:15:39,563 [INFO] WebApp:161 - Instantiating new browser for Auth
2024-10-21 23:15:39,736 [INFO] ServerAccessManage:473 - Download File STMicroelectronics.X-CUBE-NFC9.pdsc
2024-10-21 23:15:39,807 [INFO] ServerAccessManage:473 - Download File STMicroelectronics.X-CUBE-NFC10.pdsc
2024-10-21 23:15:41,020 [INFO] WebApp:779 - Register for checkConnection events
2024-10-21 23:15:41,021 [INFO] WebApp:414 - Apply proxy settings
2024-10-21 23:15:41,021 [INFO] WebApp:499 - Chromium requires no authentication
2024-10-21 23:15:41,034 [INFO] WebApp:442 - Direct internet connection detected
2024-10-21 23:15:41,269 [INFO] ServerAccessManage:473 - Download File STMicroelectronics.X-CUBE-TOUCHGFX.pdsc
2024-10-21 23:15:41,362 [INFO] WebApp:192 - Starting web application
2024-10-21 23:15:41,362 [INFO] WebApp:544 - Web application path used C:\ST\STM32CubeIDE_1.15.1\STM32CubeIDE\plugins\com.st.stm32cube.common.mx_6.11.1.202404110753\db\plugins\mcufinder\reactClient1\index.html
2024-10-21 23:15:42,287 [WARN] MainUpdater:1194 - Updater busy. Cannot search thirdparties
2024-10-21 23:15:42,287 [INFO] ThirdPartyUpdaterWithRetryManager:96 - Updater plugin is busy. [2/15]
2024-10-21 23:15:45,288 [WARN] MainUpdater:1194 - Updater busy. Cannot search thirdparties
2024-10-21 23:15:45,288 [INFO] ThirdPartyUpdaterWithRetryManager:96 - Updater plugin is busy. [3/15]
2024-10-21 23:15:48,290 [WARN] MainUpdater:1194 - Updater busy. Cannot search thirdparties
2024-10-21 23:15:48,291 [INFO] ThirdPartyUpdaterWithRetryManager:96 - Updater plugin is busy. [4/15]
2024-10-21 23:15:51,293 [WARN] MainUpdater:1194 - Updater busy. Cannot search thirdparties
2024-10-21 23:15:51,294 [INFO] ThirdPartyUpdaterWithRetryManager:96 - Updater plugin is busy. [5/15]
2024-10-21 23:15:54,294 [WARN] MainUpdater:1194 - Updater busy. Cannot search thirdparties
2024-10-21 23:15:54,294 [INFO] ThirdPartyUpdaterWithRetryManager:96 - Updater plugin is busy. [6/15]
2024-10-21 23:15:57,295 [WARN] MainUpdater:1194 - Updater busy. Cannot search thirdparties
2024-10-21 23:15:57,295 [INFO] ThirdPartyUpdaterWithRetryManager:96 - Updater plugin is busy. [7/15]
2024-10-21 23:16:00,296 [WARN] MainUpdater:1194 - Updater busy. Cannot search thirdparties
2024-10-21 23:16:00,296 [INFO] ThirdPartyUpdaterWithRetryManager:96 - Updater plugin is busy. [8/15]
2024-10-21 23:16:03,298 [WARN] MainUpdater:1194 - Updater busy. Cannot search thirdparties
2024-10-21 23:16:03,298 [INFO] ThirdPartyUpdaterWithRetryManager:96 - Updater plugin is busy. [9/15]
2024-10-21 23:16:04,448 [INFO] ServerAccessManage:473 - Download File STMicroelectronics.X-CUBE-WB05N.pdsc
2024-10-21 23:16:04,894 [WARN] PackLoader:240 - Cannot read IP mode file for STMicroelectronics.X-CUBE-AI.9.1.0
2024-10-21 23:16:04,959 [WARN] PackLoader:240 - Cannot read IP mode file for STMicroelectronics.X-CUBE-IPS.3.0.0
2024-10-21 23:16:04,986 [WARN] PackLoader:240 - Cannot read IP mode file for STMicroelectronics.X-CUBE-NFC9.1.0.0
2024-10-21 23:16:05,004 [WARN] PackLoader:240 - Cannot read IP mode file for STMicroelectronics.X-CUBE-NFC10.1.0.0
2024-10-21 23:16:05,017 [WARN] PackLoader:240 - Cannot read IP mode file for STMicroelectronics.X-CUBE-TOUCHGFX.4.24.1
2024-10-21 23:16:05,026 [WARN] PackLoader:240 - Cannot read IP mode file for STMicroelectronics.X-CUBE-WB05N.1.1.0
2024-10-21 23:16:05,028 [INFO] PopulateThirdPartyThread:66 - Ending populate Thread
2024-10-21 23:16:05,030 [INFO] ThirdParty:1030 - CMSIS Pack Vendor :STMicroelectronics X-CUBE-IPS 3.0.0
2024-10-21 23:16:05,030 [INFO] ThirdParty:1030 - CMSIS Pack Vendor :STMicroelectronics X-CUBE-NFC9 1.0.0
2024-10-21 23:16:05,030 [INFO] ThirdParty:1030 - CMSIS Pack Vendor :STMicroelectronics X-CUBE-AI 9.1.0
2024-10-21 23:16:05,030 [INFO] ThirdParty:1030 - CMSIS Pack Vendor :STMicroelectronics X-CUBE-NFC10 1.0.0
2024-10-21 23:16:05,031 [INFO] ThirdParty:1030 - CMSIS Pack Vendor :STMicroelectronics X-CUBE-TOUCHGFX 4.24.1
2024-10-21 23:16:05,031 [INFO] ThirdParty:1030 - CMSIS Pack Vendor :STMicroelectronics X-CUBE-WB05N 1.1.0
2024-10-21 23:16:05,031 [INFO] LoadServerUpdatesThread:375 - End of LoadServerUpdate Thread
2024-10-21 23:16:05,056 [INFO] CheckServerUpdateThread:120 - End of CheckServer Thread
2024-10-21 23:16:06,725 [WARN] PackLoader:240 - Cannot read IP mode file for STMicroelectronics.FP-SNS-MOTENVWB1.1.4.0
2024-10-21 23:16:06,735 [WARN] PackLoader:240 - Cannot read IP mode file for STMicroelectronics.X-CUBE-SMBUS.2.1.0
2024-10-21 23:16:06,743 [WARN] PackLoader:240 - Cannot read IP mode file for STMicroelectronics.X-CUBE-WB05N.1.1.0
2024-10-21 23:16:06,751 [WARN] PackLoader:240 - Cannot read IP mode file for STMicroelectronics.X-CUBE-TOUCHGFX.4.23.1
2024-10-21 23:16:06,756 [WARN] PackLoader:240 - Cannot read IP mode file for STMicroelectronics.X-CUBE-TOUCHGFX.4.23.0
2024-10-21 23:16:06,760 [WARN] PackLoader:240 - Cannot read IP mode file for STMicroelectronics.X-CUBE-TOUCHGFX.4.23.2
2024-10-21 23:16:06,789 [WARN] PackLoader:240 - Cannot read IP mode file for STMicroelectronics.X-CUBE-AZRTOS-F7.1.1.0
2024-10-21 23:16:06,806 [WARN] PackLoader:240 - Cannot read IP mode file for STMicroelectronics.FP-SNS-MOTENV1.4.3.2
2024-10-21 23:16:06,898 [WARN] PackLoader:240 - Cannot read IP mode file for STMicroelectronics.X-CUBE-MEMS1.11.0.0
2024-10-21 23:16:07,205 [WARN] PackLoader:240 - Cannot read IP mode file for STMicroelectronics.FP-SNS-FLIGHT1.5.0.2
2024-10-21 23:16:07,216 [WARN] PackLoader:240 - Cannot read IP mode file for STMicroelectronics.X-CUBE-DISPLAY.3.0.0
2024-10-21 23:16:07,228 [WARN] PackLoader:240 - Cannot read IP mode file for STMicroelectronics.X-CUBE-BLE1.7.0.0
2024-10-21 23:16:07,258 [WARN] PackLoader:240 - Cannot read IP mode file for STMicroelectronics.X-CUBE-NFC10.1.0.0
2024-10-21 23:16:07,275 [WARN] PackLoader:240 - Cannot read IP mode file for emotas.I-CUBE-CANOPEN.1.3.0
2024-10-21 23:16:07,280 [WARN] PackLoader:240 - Cannot read IP mode file for STMicroelectronics.X-CUBE-TOUCHGFX.4.22.1
2024-10-21 23:16:07,294 [WARN] PackLoader:240 - Cannot read IP mode file for STMicroelectronics.X-CUBE-BLEMGR.3.1.0
2024-10-21 23:16:07,303 [WARN] PackLoader:240 - Cannot read IP mode file for STMicroelectronics.FP-SNS-SMARTAG2.1.2.0
2024-10-21 23:16:07,314 [INFO] LogOutputStream:77 - [STDOUT_REDIRECT] 1 : Invalid condition id : UX_CORESTACK_Condition cause : null
2024-10-21 23:16:07,314 [INFO] LogOutputStream:77 - [STDOUT_REDIRECT] 1 : Invalid condition id : UX_CORESTACK_Condition cause : null
2024-10-21 23:16:07,317 [INFO] LogOutputStream:77 - [STDOUT_REDIRECT] 1 : Invalid condition id : UX_CORESTACK_Condition cause : null
2024-10-21 23:16:07,320 [INFO] LogOutputStream:77 - [STDOUT_REDIRECT] 1 : Invalid condition id : UX_CORESTACK_Condition cause : null
2024-10-21 23:16:07,322 [INFO] LogOutputStream:77 - [STDOUT_REDIRECT] 1 : Invalid condition id : UX_CORESTACK_Condition cause : null
2024-10-21 23:16:07,327 [WARN] PackLoader:240 - Cannot read IP mode file for STMicroelectronics.X-CUBE-AZRTOS-WL.2.0.0
2024-10-21 23:16:07,333 [WARN] PackLoader:240 - Cannot read IP mode file for STMicroelectronics.FP-SNS-MOTENV1.5.0.0
2024-10-21 23:16:07,341 [WARN] PackLoader:240 - Cannot read IP mode file for wolfSSL.I-CUBE-wolfMQTT.1.19.0
2024-10-21 23:16:07,352 [WARN] PackLoader:240 - Cannot read IP mode file for WES.I-CUBE-Cesium.1.3.0
2024-10-21 23:16:07,360 [WARN] PackLoader:240 - Cannot read IP mode file for STMicroelectronics.X-CUBE-BLE2.3.3.0
2024-10-21 23:16:07,367 [WARN] PackLoader:240 - Cannot read IP mode file for STMicroelectronics.X-CUBE-NFC9.1.0.0
2024-10-21 23:16:07,376 [WARN] PackLoader:240 - Cannot read IP mode file for STMicroelectronics.X-CUBE-TCPP.4.1.0
2024-10-21 23:16:07,384 [WARN] PackLoader:240 - Cannot read IP mode file for STMicroelectronics.X-CUBE-ALGOBUILD.1.3.0
2024-10-21 23:16:07,409 [WARN] PackLoader:240 - Cannot read IP mode file for STMicroelectronics.X-CUBE-AZRTOS-G0.1.1.0
2024-10-21 23:16:07,421 [WARN] PackLoader:240 - Cannot read IP mode file for STMicroelectronics.X-CUBE-SAFEA1.1.2.2
2024-10-21 23:16:07,428 [WARN] PackLoader:240 - Cannot read IP mode file for STMicroelectronics.X-CUBE-NFC4.3.0.0
2024-10-21 23:16:07,433 [WARN] PackLoader:240 - Cannot read IP mode file for wolfSSL.I-CUBE-wolfMQTT.1.18.0
2024-10-21 23:16:07,448 [WARN] PackLoader:240 - Cannot read IP mode file for EmbeddedOffice.I-CUBE-FS-RTOS.1.0.1
2024-10-21 23:16:07,448 [ERROR] ConditionMgr:805 - Attr not supported : Dmpu
2024-10-21 23:16:07,448 [ERROR] ConditionMgr:805 - Attr not supported : Dmpu
2024-10-21 23:16:07,448 [ERROR] ConditionMgr:805 - Attr not supported : Dmpu
2024-10-21 23:16:07,448 [ERROR] ConditionMgr:805 - Attr not supported : Dmpu
2024-10-21 23:16:07,448 [ERROR] ConditionMgr:805 - Attr not supported : Dmpu
2024-10-21 23:16:07,449 [ERROR] ConditionMgr:805 - Attr not supported : Dmpu
2024-10-21 23:16:07,449 [ERROR] ConditionMgr:805 - Attr not supported : Dmpu
2024-10-21 23:16:07,449 [ERROR] ConditionMgr:805 - Attr not supported : Dmpu
2024-10-21 23:16:07,449 [ERROR] ConditionMgr:805 - Attr not supported : Dmpu
2024-10-21 23:16:07,449 [ERROR] ConditionMgr:805 - Attr not supported : Dmpu
2024-10-21 23:16:07,449 [ERROR] ConditionMgr:805 - Attr not supported : Dmpu
2024-10-21 23:16:07,449 [ERROR] ConditionMgr:805 - Attr not supported : Dmpu
2024-10-21 23:16:07,449 [ERROR] ConditionMgr:805 - Attr not supported : Dmpu
2024-10-21 23:16:07,449 [ERROR] ConditionMgr:805 - Attr not supported : Dmpu
2024-10-21 23:16:07,449 [ERROR] ConditionMgr:805 - Attr not supported : Dmpu
2024-10-21 23:16:07,449 [ERROR] ConditionMgr:805 - Attr not supported : Dmpu
2024-10-21 23:16:07,449 [ERROR] ConditionMgr:805 - Attr not supported : Dmpu
2024-10-21 23:16:07,449 [ERROR] ConditionMgr:805 - Attr not supported : Dmpu
2024-10-21 23:16:07,450 [ERROR] ConditionMgr:805 - Attr not supported : Dmpu
2024-10-21 23:16:07,450 [ERROR] ConditionMgr:805 - Attr not supported : Dmpu
2024-10-21 23:16:07,450 [ERROR] ConditionMgr:805 - Attr not supported : Dmpu
2024-10-21 23:16:07,450 [ERROR] ConditionMgr:805 - Attr not supported : Dmpu
2024-10-21 23:16:07,450 [ERROR] ConditionMgr:805 - Attr not supported : Dmpu
2024-10-21 23:16:07,450 [ERROR] ConditionMgr:805 - Attr not supported : Dmpu
2024-10-21 23:16:07,450 [ERROR] ConditionMgr:805 - Attr not supported : Dmpu
2024-10-21 23:16:07,450 [ERROR] ConditionMgr:805 - Attr not supported : Dmpu
2024-10-21 23:16:07,450 [ERROR] ConditionMgr:805 - Attr not supported : Dmpu
2024-10-21 23:16:07,450 [ERROR] ConditionMgr:805 - Attr not supported : Dmpu
2024-10-21 23:16:07,450 [ERROR] ConditionMgr:805 - Attr not supported : Dmpu
2024-10-21 23:16:07,450 [ERROR] ConditionMgr:805 - Attr not supported : Dmpu
2024-10-21 23:16:07,450 [ERROR] ConditionMgr:805 - Attr not supported : Dmpu
2024-10-21 23:16:07,451 [ERROR] ConditionMgr:805 - Attr not supported : Dmpu
2024-10-21 23:16:07,451 [ERROR] ConditionMgr:805 - Attr not supported : Dmpu
2024-10-21 23:16:07,451 [ERROR] ConditionMgr:805 - Attr not supported : Dmpu
2024-10-21 23:16:07,451 [ERROR] ConditionMgr:805 - Attr not supported : Dmpu
2024-10-21 23:16:07,451 [ERROR] ConditionMgr:805 - Attr not supported : Dmpu
2024-10-21 23:16:07,451 [ERROR] ConditionMgr:805 - Attr not supported : Dmpu
2024-10-21 23:16:07,451 [ERROR] ConditionMgr:805 - Attr not supported : Dmpu
2024-10-21 23:16:07,452 [ERROR] ConditionMgr:805 - Attr not supported : Dmpu
2024-10-21 23:16:07,452 [ERROR] ConditionMgr:805 - Attr not supported : Dmpu
2024-10-21 23:16:07,452 [ERROR] ConditionMgr:805 - Attr not supported : Dmpu
2024-10-21 23:16:07,452 [ERROR] ConditionMgr:805 - Attr not supported : Dmpu
2024-10-21 23:16:07,452 [ERROR] ConditionMgr:805 - Attr not supported : Dmpu
2024-10-21 23:16:07,453 [ERROR] ConditionMgr:805 - Attr not supported : Dmpu
2024-10-21 23:16:07,453 [ERROR] ConditionMgr:805 - Attr not supported : Dmpu
2024-10-21 23:16:07,453 [ERROR] ConditionMgr:805 - Attr not supported : Dmpu
2024-10-21 23:16:07,453 [ERROR] ConditionMgr:805 - Attr not supported : Dmpu
2024-10-21 23:16:07,453 [ERROR] ConditionMgr:805 - Attr not supported : Dmpu
2024-10-21 23:16:07,454 [ERROR] ConditionMgr:805 - Attr not supported : Dmpu
2024-10-21 23:16:07,454 [ERROR] ConditionMgr:805 - Attr not supported : Dmpu
2024-10-21 23:16:07,454 [ERROR] ConditionMgr:805 - Attr not supported : Dmpu
2024-10-21 23:16:07,454 [ERROR] ConditionMgr:805 - Attr not supported : Dmpu
2024-10-21 23:16:07,454 [ERROR] ConditionMgr:805 - Attr not supported : Dmpu
2024-10-21 23:16:07,454 [ERROR] ConditionMgr:805 - Attr not supported : Dmpu
2024-10-21 23:16:07,454 [ERROR] ConditionMgr:805 - Attr not supported : Dmpu
2024-10-21 23:16:07,454 [ERROR] ConditionMgr:805 - Attr not supported : Dmpu
2024-10-21 23:16:07,454 [ERROR] ConditionMgr:805 - Attr not supported : Dmpu
2024-10-21 23:16:07,455 [ERROR] ConditionMgr:805 - Attr not supported : Dmpu
2024-10-21 23:16:07,455 [ERROR] ConditionMgr:805 - Attr not supported : Dmpu
2024-10-21 23:16:07,455 [ERROR] ConditionMgr:805 - Attr not supported : Dmpu
2024-10-21 23:16:07,455 [ERROR] ConditionMgr:805 - Attr not supported : Dmpu
2024-10-21 23:16:07,455 [ERROR] ConditionMgr:805 - Attr not supported : Dmpu
2024-10-21 23:16:07,455 [ERROR] ConditionMgr:805 - Attr not supported : Dmpu
2024-10-21 23:16:07,455 [ERROR] ConditionMgr:805 - Attr not supported : Dmpu
2024-10-21 23:16:07,464 [WARN] PackLoader:240 - Cannot read IP mode file for STMicroelectronics.X-CUBE-BLEMGR.3.0.0
2024-10-21 23:16:07,474 [WARN] PackLoader:240 - Cannot read IP mode file for RealThread.X-CUBE-RT-Thread_Nano.4.1.1
2024-10-21 23:16:07,479 [WARN] PackLoader:240 - Cannot read IP mode file for STMicroelectronics.FP-ATR-SIGFOX1.3.2.0
2024-10-21 23:16:07,488 [WARN] PackLoader:240 - Cannot read IP mode file for STMicroelectronics.X-CUBE-EEPRMA1.5.1.0
2024-10-21 23:16:07,530 [WARN] PackLoader:240 - Cannot read IP mode file for SEGGER.I-CUBE-embOS.1.3.1
2024-10-21 23:16:07,607 [WARN] PackLoader:240 - Cannot read IP mode file for STMicroelectronics.X-CUBE-ALGOBUILD.1.4.0
2024-10-21 23:16:07,613 [WARN] PackLoader:240 - Cannot read IP mode file for STMicroelectronics.X-CUBE-AI.9.1.0
2024-10-21 23:16:07,620 [WARN] PackLoader:240 - Cannot read IP mode file for STMicroelectronics.X-CUBE-GNSS1.6.0.0
2024-10-21 23:16:07,644 [WARN] PackLoader:240 - Cannot read IP mode file for STMicroelectronics.X-CUBE-AZRTOS-F4.1.1.0
2024-10-21 23:16:07,650 [WARN] PackLoader:240 - Cannot read IP mode file for wolfSSL.I-CUBE-wolfSSL.5.6.3
2024-10-21 23:16:07,657 [WARN] PackLoader:240 - Cannot read IP mode file for STMicroelectronics.X-CUBE-ISPU.2.1.0
2024-10-21 23:16:07,663 [WARN] PackLoader:240 - Cannot read IP mode file for STMicroelectronics.X-CUBE-FREERTOS.1.2.0
2024-10-21 23:16:07,687 [WARN] PackLoader:240 - Cannot read IP mode file for STMicroelectronics.X-CUBE-AZRTOS-L5.2.0.0
2024-10-21 23:16:07,749 [WARN] PackLoader:240 - Cannot read IP mode file for STMicroelectronics.X-CUBE-MEMS1.9.6.0
2024-10-21 23:16:08,057 [WARN] PackLoader:240 - Cannot read IP mode file for STMicroelectronics.X-CUBE-EEPRMA1.4.2.0
2024-10-21 23:16:08,067 [WARN] PackLoader:240 - Cannot read IP mode file for STMicroelectronics.X-CUBE-NFC6.3.1.0
2024-10-21 23:16:08,079 [WARN] PackLoader:240 - Cannot read IP mode file for ITTIA_DB.I-CUBE-ITTIADB.8.8.0
2024-10-21 23:16:08,090 [WARN] PackLoader:240 - Cannot read IP mode file for STMicroelectronics.X-CUBE-BLEMGR.2.0.0
2024-10-21 23:16:08,103 [WARN] PackLoader:240 - Cannot read IP mode file for STMicroelectronics.X-CUBE-DPower.1.2.0
2024-10-21 23:16:08,109 [WARN] PackLoader:240 - Cannot read IP mode file for STMicroelectronics.X-CUBE-AI.9.0.0
2024-10-21 23:16:08,135 [WARN] ConditionMgr:438 - getConditionDescription Invalid condition id : UX DEVICE CLASS RTOS Condition cause : null
2024-10-21 23:16:08,136 [WARN] ConditionMgr:438 - getConditionDescription Invalid condition id : UX DEVICE CLASS RTOS Condition cause : null
2024-10-21 23:16:08,141 [WARN] PackLoader:240 - Cannot read IP mode file for STMicroelectronics.X-CUBE-AZRTOS-H7.3.1.0
2024-10-21 23:16:08,142 [WARN] ConditionMgr:1039 - genDependencies : Invalid condition id : UX DEVICE CLASS RTOS Condition cause : null
2024-10-21 23:16:08,142 [WARN] ConditionMgr:1039 - genDependencies : Invalid condition id : UX DEVICE CLASS RTOS Condition cause : null
2024-10-21 23:16:08,145 [WARN] ConditionMgr:1039 - genDependencies : Invalid condition id : UX DEVICE CLASS RTOS Condition cause : null
2024-10-21 23:16:08,146 [WARN] ConditionMgr:1039 - genDependencies : Invalid condition id : UX DEVICE CLASS RTOS Condition cause : null
2024-10-21 23:16:08,146 [WARN] ConditionMgr:1039 - genDependencies : Invalid condition id : UX DEVICE CLASS RTOS Condition cause : null
2024-10-21 23:16:08,157 [WARN] PackLoader:240 - Cannot read IP mode file for STMicroelectronics.X-CUBE-NFC7.1.0.1
2024-10-21 23:16:08,163 [WARN] PackLoader:240 - Cannot read IP mode file for wolfSSL.I-CUBE-wolfTPM.3.2.0
2024-10-21 23:16:08,181 [WARN] PackLoader:240 - Cannot read IP mode file for STMicroelectronics.X-CUBE-NFC6.3.0.0
2024-10-21 23:16:08,195 [WARN] PackLoader:240 - Cannot read IP mode file for STMicroelectronics.X-CUBE-EEPRMA1.4.1.0
2024-10-21 23:16:08,201 [WARN] PackLoader:240 - Cannot read IP mode file for STMicroelectronics.X-CUBE-AI.8.1.0
2024-10-21 23:16:08,254 [WARN] ConditionMgr:438 - getConditionDescription Invalid condition id : LAN8742 Phy interface Condition cause : null
2024-10-21 23:16:08,255 [WARN] PackLoader:240 - Cannot read IP mode file for STMicroelectronics.X-CUBE-AZRTOS-L4.2.0.0
2024-10-21 23:16:08,257 [WARN] ConditionMgr:1039 - genDependencies : Invalid condition id : LAN8742 Phy interface Condition cause : null
2024-10-21 23:16:08,257 [WARN] ConditionMgr:1039 - genDependencies : Invalid condition id : LAN8742 Phy interface Condition cause : null
2024-10-21 23:16:08,258 [WARN] ConditionMgr:1039 - genDependencies : Invalid condition id : LAN8742 Phy interface Condition cause : null
2024-10-21 23:16:08,276 [WARN] PackLoader:240 - Cannot read IP mode file for STMicroelectronics.X-CUBE-SFXS2LP1.4.0.0
2024-10-21 23:16:08,285 [WARN] PackLoader:240 - Cannot read IP mode file for STMicroelectronics.X-CUBE-ISPU.1.1.0
2024-10-21 23:16:08,327 [WARN] PackLoader:240 - Cannot read IP mode file for STMicroelectronics.X-CUBE-AZRTOS-H7.3.3.0
2024-10-21 23:16:08,347 [WARN] PackLoader:240 - Cannot read IP mode file for STMicroelectronics.X-CUBE-IPS.3.0.0
2024-10-21 23:16:08,418 [WARN] ConditionMgr:438 - getConditionDescription Invalid condition id : UX DEVICE CLASS RTOS Condition cause : null
2024-10-21 23:16:08,422 [WARN] ConditionMgr:438 - getConditionDescription Invalid condition id : UX DEVICE CLASS RTOS Condition cause : null
2024-10-21 23:16:08,432 [WARN] PackLoader:240 - Cannot read IP mode file for STMicroelectronics.X-CUBE-AZRTOS-WB.2.0.0
2024-10-21 23:16:08,434 [WARN] ConditionMgr:1039 - genDependencies : Invalid condition id : UX DEVICE CLASS RTOS Condition cause : null
2024-10-21 23:16:08,435 [WARN] ConditionMgr:1039 - genDependencies : Invalid condition id : UX DEVICE CLASS RTOS Condition cause : null
2024-10-21 23:16:08,435 [WARN] ConditionMgr:1039 - genDependencies : Invalid condition id : UX DEVICE CLASS RTOS Condition cause : null
2024-10-21 23:16:08,436 [WARN] ConditionMgr:1039 - genDependencies : Invalid condition id : UX DEVICE CLASS RTOS Condition cause : null
2024-10-21 23:16:08,436 [WARN] ConditionMgr:1039 - genDependencies : Invalid condition id : UX DEVICE CLASS RTOS Condition cause : null
2024-10-21 23:16:08,449 [WARN] PackLoader:240 - Cannot read IP mode file for STMicroelectronics.X-CUBE-GNSS1.7.0.0
2024-10-21 23:16:08,461 [WARN] PackLoader:240 - Cannot read IP mode file for STMicroelectronics.FP-SNS-STBOX1.2.0.0
2024-10-21 23:16:08,482 [WARN] PackLoader:240 - Cannot read IP mode file for STMicroelectronics.X-CUBE-SUBG2.5.0.0
2024-10-21 23:16:08,494 [WARN] PackLoader:240 - Cannot read IP mode file for Cesanta.I-CUBE-Mongoose.7.13.0
2024-10-21 23:16:08,508 [WARN] PackLoader:240 - Cannot read IP mode file for STMicroelectronics.X-CUBE-TOF1.3.3.1
2024-10-21 23:16:08,596 [WARN] PackLoader:240 - Cannot read IP mode file for STMicroelectronics.X-CUBE-AZRTOS-G4.2.0.0
2024-10-21 23:16:08,619 [WARN] PackLoader:240 - Cannot read IP mode file for Infineon.AIROC-Wi-Fi-Bluetooth-STM32.1.5.1
2024-10-21 23:16:08,628 [WARN] PackLoader:240 - Cannot read IP mode file for STMicroelectronics.FP-SNS-MOTENVWB1.1.3.0
2024-10-21 23:16:08,635 [WARN] PackLoader:240 - Cannot read IP mode file for STMicroelectronics.FP-SNS-MOTENVWB1.1.3.1
2024-10-21 23:16:08,641 [WARN] PackLoader:240 - Cannot read IP mode file for STMicroelectronics.X-CUBE-ISPU.2.0.0
2024-10-21 23:16:08,647 [WARN] PackLoader:240 - Cannot read IP mode file for STMicroelectronics.X-CUBE-ALS.1.0.2
2024-10-21 23:16:08,752 [WARN] PackLoader:240 - Cannot read IP mode file for STMicroelectronics.X-CUBE-MEMS1.10.0.0
2024-10-21 23:16:08,911 [WARN] PackLoader:240 - Cannot read IP mode file for STMicroelectronics.X-CUBE-FREERTOS.1.1.0
2024-10-21 23:16:08,915 [WARN] PackLoader:240 - Cannot read IP mode file for STMicroelectronics.X-CUBE-TOUCHGFX.4.24.0
2024-10-21 23:16:08,919 [WARN] PackLoader:240 - Cannot read IP mode file for STMicroelectronics.X-CUBE-TOUCHGFX.4.24.1
2024-10-21 23:16:08,926 [WARN] PackLoader:240 - Cannot read IP mode file for portGmbH.I-Cube-SoM-uGOAL.1.1.0
2024-10-21 23:16:08,931 [WARN] PackLoader:240 - Cannot read IP mode file for STMicroelectronics.X-CUBE-ALS.1.0.1
2024-10-21 23:16:08,954 [WARN] PackLoader:240 - Cannot read IP mode file for STMicroelectronics.X-CUBE-AZRTOS-H7RS.1.0.0
2024-10-21 23:16:08,961 [WARN] PackLoader:240 - Cannot read IP mode file for STMicroelectronics.FP-ATR-ASTRA1.2.0.0
2024-10-21 23:16:08,974 [WARN] PackLoader:240 - Cannot read IP mode file for STMicroelectronics.X-CUBE-TOF1.3.4.2
2024-10-21 23:16:08,999 [WARN] PackLoader:240 - Cannot read IP mode file for STMicroelectronics.X-CUBE-TOF1.3.4.0
2024-10-21 23:16:09,023 [WARN] PackLoader:240 - Cannot read IP mode file for STMicroelectronics.X-CUBE-TOF1.3.4.1
2024-10-21 23:16:09,063 [WARN] PackLoader:240 - Cannot read IP mode file for STMicroelectronics.X-CUBE-AZRTOS-H7.3.2.0
2024-10-21 23:16:09,073 [WARN] PackLoader:240 - Cannot read IP mode file for wolfSSL.I-CUBE-wolfSSH.1.4.17
2024-10-21 23:16:09,073 [INFO] ThirdParty:978 - Integrity check success = true
2024-10-21 23:16:09,074 [INFO] IntegrityCheckThread:100 - exiting critical section [integrity check]
2024-10-21 23:16:09,074 [INFO] IntegrityCheckThread:103 - End integrity checks thread
2024-10-21 23:42:13,519 [ERROR] LogOutputStream:75 - [STDERR_REDIRECT] 
