2024-07-12 23:07:10,464 [INFO] Activator:176 - 


2024-07-12 23:07:10,472 [INFO] Activator:177 - !SESSION log4j initialized
2024-07-12 23:07:18,950 [INFO] LogOutputStream:77 - [STDOUT_REDIRECT] 
2024-07-12 23:07:26,663 [INFO] ApplicationProperties:184 - Using Application install path: C:\ST\STM32CubeIDE_1.15.1\STM32CubeIDE\plugins\com.st.stm32cube.common.mx_6.11.1.202404110753
2024-07-12 23:07:26,689 [INFO] DbMcusXml:78 - Set database path to: C:\ST\STM32CubeIDE_1.15.1\STM32CubeIDE\plugins\com.st.stm32cube.common.mx_6.11.1.202404110753\\db\/mcu/
2024-07-12 23:07:26,690 [INFO] ApiDb:274 - Set plugin database path to: C:\ST\STM32CubeIDE_1.15.1\STM32CubeIDE\plugins\com.st.stm32cube.common.mx_6.11.1.202404110753\\db\/plugins/boardmanager/
2024-07-12 23:07:26,690 [WARN] ApiDb:259 - Overriding images path with different value:  => C:\ST\STM32CubeIDE_1.15.1\STM32CubeIDE\plugins\com.st.stm32cube.common.mx_6.11.1.202404110753\\db\/plugins/mcufinder/images/
2024-07-12 23:07:26,702 [INFO] ApiDb:250 - Set database path to: C:\Users\gusta\.stmcufinder\plugins\mcufinder//mcu/
2024-07-12 23:07:26,703 [INFO] DbMcusAds:125 - Set database path to: C:\Users\gusta\.stmcufinder\plugins\mcufinder//mcu/
2024-07-12 23:07:26,706 [INFO] CrossReferenceDbSqlite:203 - Set database path to: C:\Users\gusta\.stmcufinder\plugins\mcufinder//mcu/cs/
2024-07-12 23:07:26,873 [INFO] RulesReader:64 - Compatibility file has been processed (297 Rules)
2024-07-12 23:07:27,005 [INFO] DbMcusXml:78 - Set database path to: C:\ST\STM32CubeIDE_1.15.1\STM32CubeIDE\plugins\com.st.stm32cube.common.mx_6.11.1.202404110753\\db\/mcu/
2024-07-12 23:07:27,005 [INFO] ApiDb:274 - Set plugin database path to: C:\ST\STM32CubeIDE_1.15.1\STM32CubeIDE\plugins\com.st.stm32cube.common.mx_6.11.1.202404110753\\db\/plugins/boardmanager/
2024-07-12 23:07:27,007 [INFO] ApiDb:261 - Set plugin images path to: C:\ST\STM32CubeIDE_1.15.1\STM32CubeIDE\plugins\com.st.stm32cube.common.mx_6.11.1.202404110753\\db\/plugins/mcufinder/images/
2024-07-12 23:07:27,007 [WARN] DbFile:41 - Overriding database path with different value: C:\Users\gusta\.stmcufinder\plugins\mcufinder/ => C:\Users\gusta\.stmcufinder\plugins\mcufinder
2024-07-12 23:07:27,008 [INFO] ApiDb:250 - Set database path to: C:\Users\gusta\.stmcufinder\plugins\mcufinder//mcu/
2024-07-12 23:07:27,008 [WARN] DbFile:41 - Overriding database path with different value: C:\Users\gusta\.stmcufinder\plugins\mcufinder/ => C:\Users\gusta\.stmcufinder\plugins\mcufinder
2024-07-12 23:07:27,008 [INFO] DbMcusAds:125 - Set database path to: C:\Users\gusta\.stmcufinder\plugins\mcufinder//mcu/
2024-07-12 23:07:27,008 [WARN] DbFile:41 - Overriding database path with different value: C:\Users\gusta\.stmcufinder\plugins\mcufinder/ => C:\Users\gusta\.stmcufinder\plugins\mcufinder
2024-07-12 23:07:27,008 [WARN] DbFile:41 - Overriding database path with different value: C:\Users\gusta\.stmcufinder\plugins\mcufinder/ => C:\Users\gusta\.stmcufinder\plugins\mcufinder
2024-07-12 23:07:27,009 [INFO] CrossReferenceDbSqlite:203 - Set database path to: C:\Users\gusta\.stmcufinder\plugins\mcufinder//mcu/cs/
2024-07-12 23:07:27,155 [INFO] MainPanel:264 - HeapMemory: 268435456
2024-07-12 23:07:27,315 [INFO] DbMcusXml:78 - Set database path to: C:\ST\STM32CubeIDE_1.15.1\STM32CubeIDE\plugins\com.st.stm32cube.common.mx_6.11.1.202404110753\\db\/mcu/
2024-07-12 23:07:27,316 [INFO] ApiDb:274 - Set plugin database path to: C:\ST\STM32CubeIDE_1.15.1\STM32CubeIDE\plugins\com.st.stm32cube.common.mx_6.11.1.202404110753\\db\/plugins/boardmanager/
2024-07-12 23:07:27,316 [INFO] ApiDb:261 - Set plugin images path to: C:\ST\STM32CubeIDE_1.15.1\STM32CubeIDE\plugins\com.st.stm32cube.common.mx_6.11.1.202404110753\\db\/plugins/mcufinder/images/
2024-07-12 23:07:27,317 [WARN] DbFile:41 - Overriding database path with different value: C:\Users\gusta\.stmcufinder\plugins\mcufinder/ => C:\Users\gusta\.stmcufinder\plugins\mcufinder
2024-07-12 23:07:27,317 [INFO] ApiDb:250 - Set database path to: C:\Users\gusta\.stmcufinder\plugins\mcufinder//mcu/
2024-07-12 23:07:27,317 [WARN] DbFile:41 - Overriding database path with different value: C:\Users\gusta\.stmcufinder\plugins\mcufinder/ => C:\Users\gusta\.stmcufinder\plugins\mcufinder
2024-07-12 23:07:27,318 [INFO] DbMcusAds:125 - Set database path to: C:\Users\gusta\.stmcufinder\plugins\mcufinder//mcu/
2024-07-12 23:07:27,318 [WARN] DbFile:41 - Overriding database path with different value: C:\Users\gusta\.stmcufinder\plugins\mcufinder/ => C:\Users\gusta\.stmcufinder\plugins\mcufinder
2024-07-12 23:07:27,318 [WARN] DbFile:41 - Overriding database path with different value: C:\Users\gusta\.stmcufinder\plugins\mcufinder/ => C:\Users\gusta\.stmcufinder\plugins\mcufinder
2024-07-12 23:07:27,319 [INFO] CrossReferenceDbSqlite:203 - Set database path to: C:\Users\gusta\.stmcufinder\plugins\mcufinder//mcu/cs/
2024-07-12 23:07:27,353 [INFO] ApplicationProperties:184 - Using Application install path: C:\ST\STM32CubeIDE_1.15.1\STM32CubeIDE\plugins\com.st.stm32cube.common.mx_6.11.1.202404110753
2024-07-12 23:07:27,356 [INFO] PluginManage:196 - Search for loadable plugins [exclusion list=, ]
2024-07-12 23:07:27,359 [INFO] PluginManage:310 - Check plugin analytics
2024-07-12 23:07:32,174 [INFO] AnalyticsPlugin:253 - Accepted Software Licenses: 
2024-07-12 23:07:32,174 [INFO] AnalyticsPlugin:255 - Accepted CMSIS Pack Licenses: 
2024-07-12 23:07:32,175 [INFO] AnalyticsPlugin:257 - Accepted Firmware Licenses: FW.F4.1.27.0,FW.F4.1.28.0
2024-07-12 23:07:32,180 [INFO] PluginManage:359 - Loaded plugin analytics (category:tool,tabindex:-1)
2024-07-12 23:07:32,180 [INFO] PluginManage:310 - Check plugin cadmodel
2024-07-12 23:07:32,189 [INFO] CADModel:105 - Init CAD model plugin
2024-07-12 23:07:32,190 [INFO] PluginManage:359 - Loaded plugin cadmodel (category:power,tabindex:5)
2024-07-12 23:07:32,190 [INFO] PluginManage:310 - Check plugin clock
2024-07-12 23:07:32,210 [INFO] PluginManage:359 - Loaded plugin clock (category:base,tabindex:2)
2024-07-12 23:07:32,210 [INFO] PluginManage:310 - Check plugin ddr
2024-07-12 23:07:32,214 [INFO] PluginManage:359 - Loaded plugin ddr (category:tool,tabindex:6)
2024-07-12 23:07:32,215 [INFO] PluginManage:310 - Check plugin filemanager
2024-07-12 23:07:32,434 [INFO] PluginManage:359 - Loaded plugin filemanager (category:base,tabindex:10)
2024-07-12 23:07:32,434 [INFO] PluginManage:310 - Check plugin ipmanager
2024-07-12 23:07:32,444 [INFO] PluginManage:359 - Loaded plugin ipmanager (category:base,tabindex:5)
2024-07-12 23:07:32,444 [INFO] PluginManage:310 - Check plugin lpbam
2024-07-12 23:07:32,455 [INFO] PluginManage:359 - Loaded plugin lpbam (category:base,tabindex:0)
2024-07-12 23:07:32,455 [INFO] PluginManage:310 - Check plugin memorymap
2024-07-12 23:07:32,475 [INFO] PluginManage:359 - Loaded plugin memorymap (category:base,tabindex:4)
2024-07-12 23:07:32,475 [INFO] PluginManage:310 - Check plugin pinoutandconfiguration
2024-07-12 23:07:32,486 [INFO] PluginManage:359 - Loaded plugin pinoutandconfiguration (category:base,tabindex:1)
2024-07-12 23:07:32,486 [INFO] PluginManage:310 - Check plugin pinoutconfig
2024-07-12 23:07:32,629 [WARN] SupportedApi:132 - Cannot load RTOS API schema: s4s-elt-must-match.1: The content of 'definitions' must match (annotation?, (simpleType | complexType)?, (unique | key | keyref)*)). A problem was found starting at: attribute.
2024-07-12 23:07:32,838 [INFO] PluginManage:359 - Loaded plugin pinoutconfig (category:base,tabindex:0)
2024-07-12 23:07:32,838 [INFO] PluginManage:310 - Check plugin power
2024-07-12 23:07:32,855 [INFO] PluginManage:359 - Loaded plugin power (category:power,tabindex:4)
2024-07-12 23:07:32,855 [INFO] PluginManage:310 - Check plugin projectmanager
2024-07-12 23:07:32,884 [INFO] PluginManage:359 - Loaded plugin projectmanager (category:projectmanager,tabindex:3)
2024-07-12 23:07:32,884 [INFO] PluginManage:310 - Check plugin thirdparty
2024-07-12 23:07:33,122 [INFO] PluginManage:359 - Loaded plugin thirdparty (category:base,tabindex:-1)
2024-07-12 23:07:33,122 [INFO] PluginManage:310 - Check plugin tools
2024-07-12 23:07:33,124 [WARN] IntegrityCheckThread:84 - waiting for thirdparty lock release [integrity check]
2024-07-12 23:07:33,126 [INFO] IntegrityCheckThread:86 - entering critical section [integrity check]
2024-07-12 23:07:33,127 [INFO] ThirdPartyUpdaterWithRetryManager:70 - Updater plugin not ready yet. [1/15]
2024-07-12 23:07:33,127 [INFO] PluginManage:359 - Loaded plugin tools (category:base,tabindex:7)
2024-07-12 23:07:33,128 [INFO] PluginManage:310 - Check plugin tutovideos
2024-07-12 23:07:33,431 [INFO] PluginManage:359 - Loaded plugin tutovideos (category:base,tabindex:-1)
2024-07-12 23:07:33,432 [INFO] PluginManage:310 - Check plugin updater
2024-07-12 23:07:33,448 [INFO] PluginManage:359 - Loaded plugin updater (category:base,tabindex:12)
2024-07-12 23:07:33,448 [INFO] PluginManage:310 - Check plugin userauth
2024-07-12 23:07:33,456 [INFO] UserAuth:114 - Init User Auth plugin
2024-07-12 23:07:33,456 [INFO] PluginManage:359 - Loaded plugin userauth (category:base,tabindex:14)
2024-07-12 23:07:33,457 [INFO] PluginManage:283 - PluginManage : Loaded plugins [17]
2024-07-12 23:07:33,748 [INFO] PinOutPanel:1561 - setPackage(No Configuration,No Configuration)
2024-07-12 23:07:33,841 [INFO] CADModel:165 - CPN selected for project level
2024-07-12 23:07:33,841 [INFO] CADModel:114 - Register for checkConnection events
2024-07-12 23:07:33,868 [INFO] IPUIPlugin:80 - create IPUIPlugin
2024-07-12 23:07:33,868 [INFO] PluginManager:220 - loadIPPluginJar : add adc
2024-07-12 23:07:33,873 [INFO] IPUIPlugin:80 - create IPUIPlugin
2024-07-12 23:07:33,873 [INFO] PluginManager:220 - loadIPPluginJar : add aes
2024-07-12 23:07:33,879 [INFO] IPUIPlugin:80 - create IPUIPlugin
2024-07-12 23:07:33,879 [INFO] PluginManager:220 - loadIPPluginJar : add can
2024-07-12 23:07:33,882 [INFO] IPUIPlugin:80 - create IPUIPlugin
2024-07-12 23:07:33,882 [INFO] PluginManager:220 - loadIPPluginJar : add comp
2024-07-12 23:07:33,887 [INFO] IPUIPlugin:80 - create IPUIPlugin
2024-07-12 23:07:33,887 [INFO] PluginManager:220 - loadIPPluginJar : add cryp
2024-07-12 23:07:33,891 [INFO] IPUIPlugin:80 - create IPUIPlugin
2024-07-12 23:07:33,891 [INFO] PluginManager:220 - loadIPPluginJar : add dfsdm
2024-07-12 23:07:33,902 [INFO] IPUIPlugin:80 - create IPUIPlugin
2024-07-12 23:07:33,902 [INFO] PluginManager:220 - loadIPPluginJar : add dma
2024-07-12 23:07:33,907 [INFO] IPUIPlugin:80 - create IPUIPlugin
2024-07-12 23:07:33,908 [INFO] PluginManager:220 - loadIPPluginJar : add dma3
2024-07-12 23:07:33,914 [INFO] IPUIPlugin:80 - create IPUIPlugin
2024-07-12 23:07:33,914 [INFO] PluginManager:220 - loadIPPluginJar : add extmemmanager
2024-07-12 23:07:33,917 [INFO] IPUIPlugin:80 - create IPUIPlugin
2024-07-12 23:07:33,917 [INFO] PluginManager:220 - loadIPPluginJar : add fatfs
2024-07-12 23:07:33,925 [INFO] IPUIPlugin:80 - create IPUIPlugin
2024-07-12 23:07:33,925 [INFO] PluginManager:220 - loadIPPluginJar : add fmc
2024-07-12 23:07:33,935 [INFO] IPUIPlugin:80 - create IPUIPlugin
2024-07-12 23:07:33,936 [INFO] PluginManager:220 - loadIPPluginJar : add freertos
2024-07-12 23:07:33,938 [INFO] IPUIPlugin:80 - create IPUIPlugin
2024-07-12 23:07:33,938 [INFO] PluginManager:220 - loadIPPluginJar : add genericplugin
2024-07-12 23:07:33,942 [INFO] IPUIPlugin:80 - create IPUIPlugin
2024-07-12 23:07:33,943 [INFO] PluginManager:220 - loadIPPluginJar : add gfxmmu
2024-07-12 23:07:33,951 [INFO] IPUIPlugin:80 - create IPUIPlugin
2024-07-12 23:07:33,951 [INFO] PluginManager:220 - loadIPPluginJar : add gic
2024-07-12 23:07:33,959 [INFO] IPUIPlugin:80 - create IPUIPlugin
2024-07-12 23:07:33,960 [INFO] PluginManager:220 - loadIPPluginJar : add gpio
2024-07-12 23:07:33,965 [INFO] IPUIPlugin:80 - create IPUIPlugin
2024-07-12 23:07:33,965 [INFO] PluginManager:220 - loadIPPluginJar : add gtzc
2024-07-12 23:07:33,969 [INFO] IPUIPlugin:80 - create IPUIPlugin
2024-07-12 23:07:33,969 [INFO] PluginManager:220 - loadIPPluginJar : add hash
2024-07-12 23:07:33,973 [INFO] IPUIPlugin:80 - create IPUIPlugin
2024-07-12 23:07:33,973 [INFO] PluginManager:220 - loadIPPluginJar : add i2c
2024-07-12 23:07:33,979 [INFO] IPUIPlugin:80 - create IPUIPlugin
2024-07-12 23:07:33,979 [INFO] PluginManager:220 - loadIPPluginJar : add i2s
2024-07-12 23:07:33,985 [INFO] IPUIPlugin:80 - create IPUIPlugin
2024-07-12 23:07:33,985 [INFO] PluginManager:220 - loadIPPluginJar : add i3c
2024-07-12 23:07:33,991 [INFO] IPUIPlugin:80 - create IPUIPlugin
2024-07-12 23:07:33,992 [INFO] PluginManager:220 - loadIPPluginJar : add ipddr
2024-07-12 23:07:34,003 [INFO] IPUIPlugin:80 - create IPUIPlugin
2024-07-12 23:07:34,003 [INFO] PluginManager:220 - loadIPPluginJar : add linkedlist
2024-07-12 23:07:34,009 [INFO] IPUIPlugin:80 - create IPUIPlugin
2024-07-12 23:07:34,009 [INFO] PluginManager:220 - loadIPPluginJar : add lorawan
2024-07-12 23:07:34,012 [INFO] IPUIPlugin:80 - create IPUIPlugin
2024-07-12 23:07:34,012 [INFO] PluginManager:220 - loadIPPluginJar : add ltdc
2024-07-12 23:07:34,027 [INFO] IPUIPlugin:80 - create IPUIPlugin
2024-07-12 23:07:34,027 [INFO] PluginManager:220 - loadIPPluginJar : add mdma
2024-07-12 23:07:34,042 [INFO] IPUIPlugin:80 - create IPUIPlugin
2024-07-12 23:07:34,042 [INFO] PluginManager:220 - loadIPPluginJar : add nvic
2024-07-12 23:07:34,048 [INFO] IPUIPlugin:80 - create IPUIPlugin
2024-07-12 23:07:34,048 [INFO] PluginManager:220 - loadIPPluginJar : add opamp
2024-07-12 23:07:34,055 [INFO] IPUIPlugin:80 - create IPUIPlugin
2024-07-12 23:07:34,055 [INFO] PluginManager:220 - loadIPPluginJar : add openamp
2024-07-12 23:07:34,060 [INFO] IPUIPlugin:80 - create IPUIPlugin
2024-07-12 23:07:34,060 [INFO] PluginManager:220 - loadIPPluginJar : add pdm2pcm
2024-07-12 23:07:34,070 [INFO] IPUIPlugin:80 - create IPUIPlugin
2024-07-12 23:07:34,073 [INFO] PluginManager:220 - loadIPPluginJar : add plateformsettings
2024-07-12 23:07:34,076 [INFO] IPUIPlugin:80 - create IPUIPlugin
2024-07-12 23:07:34,076 [INFO] PluginManager:220 - loadIPPluginJar : add quadspi
2024-07-12 23:07:34,081 [INFO] IPUIPlugin:80 - create IPUIPlugin
2024-07-12 23:07:34,082 [INFO] PluginManager:220 - loadIPPluginJar : add resmgrutility
2024-07-12 23:07:34,087 [INFO] IPUIPlugin:80 - create IPUIPlugin
2024-07-12 23:07:34,087 [INFO] PluginManager:220 - loadIPPluginJar : add sai
2024-07-12 23:07:34,090 [INFO] IPUIPlugin:80 - create IPUIPlugin
2024-07-12 23:07:34,090 [INFO] PluginManager:220 - loadIPPluginJar : add spi
2024-07-12 23:07:34,097 [INFO] IPUIPlugin:80 - create IPUIPlugin
2024-07-12 23:07:34,098 [INFO] PluginManager:220 - loadIPPluginJar : add stm32_wpan
2024-07-12 23:07:34,100 [INFO] IPUIPlugin:80 - create IPUIPlugin
2024-07-12 23:07:34,100 [INFO] PluginManager:220 - loadIPPluginJar : add tim
2024-07-12 23:07:34,105 [INFO] IPUIPlugin:80 - create IPUIPlugin
2024-07-12 23:07:34,105 [INFO] PluginManager:220 - loadIPPluginJar : add touchsensing
2024-07-12 23:07:34,108 [INFO] IPUIPlugin:80 - create IPUIPlugin
2024-07-12 23:07:34,108 [INFO] PluginManager:220 - loadIPPluginJar : add tracer_emb
2024-07-12 23:07:34,111 [INFO] IPUIPlugin:80 - create IPUIPlugin
2024-07-12 23:07:34,111 [INFO] PluginManager:220 - loadIPPluginJar : add ts
2024-07-12 23:07:34,114 [INFO] IPUIPlugin:80 - create IPUIPlugin
2024-07-12 23:07:34,114 [INFO] PluginManager:220 - loadIPPluginJar : add tsc
2024-07-12 23:07:34,117 [INFO] IPUIPlugin:80 - create IPUIPlugin
2024-07-12 23:07:34,117 [INFO] PluginManager:220 - loadIPPluginJar : add ucpd
2024-07-12 23:07:34,123 [INFO] IPUIPlugin:80 - create IPUIPlugin
2024-07-12 23:07:34,123 [INFO] PluginManager:220 - loadIPPluginJar : add usart
2024-07-12 23:07:34,129 [INFO] IPUIPlugin:80 - create IPUIPlugin
2024-07-12 23:07:34,130 [INFO] PluginManager:220 - loadIPPluginJar : add usbx
2024-07-12 23:07:34,302 [INFO] CADModel:165 - CPN selected for project level
2024-07-12 23:07:34,303 [INFO] CADModel:114 - Register for checkConnection events
2024-07-12 23:07:34,303 [FATAL] Updater:308 - Updater called before beeing initialized
2024-07-12 23:07:34,303 [ERROR] CADModel:125 - Updater not yet initialized, retry later 
2024-07-12 23:07:34,538 [INFO] CADModel:165 - CPN selected for project level
2024-07-12 23:07:34,538 [INFO] CADModel:114 - Register for checkConnection events
2024-07-12 23:07:34,538 [FATAL] Updater:308 - Updater called before beeing initialized
2024-07-12 23:07:34,539 [ERROR] CADModel:125 - Updater not yet initialized, retry later 
2024-07-12 23:07:34,544 [FATAL] Updater:308 - Updater called before beeing initialized
2024-07-12 23:07:34,720 [FATAL] Updater:308 - Updater called before beeing initialized
2024-07-12 23:07:34,725 [INFO] DbMcusAds:53 - JSON generation date=Thu May 16 06:22:00 ART 2024 (1715851320667)
2024-07-12 23:07:34,725 [FATAL] Updater:308 - Updater called before beeing initialized
2024-07-12 23:07:34,794 [WARN] DetailPanel:346 - Failed to get advertising image, set to default
2024-07-12 23:07:34,898 [FATAL] Updater:308 - Updater called before beeing initialized
2024-07-12 23:07:34,901 [FATAL] Updater:308 - Updater called before beeing initialized
2024-07-12 23:07:34,902 [FATAL] Updater:308 - Updater called before beeing initialized
2024-07-12 23:07:34,902 [WARN] DetailPanel:346 - Failed to get advertising image, set to default
2024-07-12 23:07:34,903 [FATAL] Updater:308 - Updater called before beeing initialized
2024-07-12 23:07:34,986 [ERROR] Updater:1120 - MainUpdater not yet initialized. External WinMGr cannot be set.
2024-07-12 23:07:34,989 [INFO] Updater:1056 - Updater Version found : 6.11.1
2024-07-12 23:07:35,017 [INFO] ApplicationProperties:184 - Using Application install path: C:\ST\STM32CubeIDE_1.15.1\STM32CubeIDE\plugins\com.st.stm32cube.common.mx_6.11.1.202404110753
2024-07-12 23:07:36,129 [INFO] ThirdPartyUpdaterWithRetryManager:70 - Updater plugin not ready yet. [2/15]
2024-07-12 23:07:36,599 [ERROR] LogOutputStream:75 - [STDERR_REDIRECT] Jul 12, 2024 11:07:36 PM java.util.prefs.WindowsPreferences <init>
2024-07-12 23:07:36,602 [ERROR] LogOutputStream:75 - [STDERR_REDIRECT] WARNING: Could not open/create prefs root node Software\JavaSoft\Prefs at root 0xffffffff80000002. Windows RegCreateKeyEx(...) returned error code 5.
2024-07-12 23:07:36,602 [ERROR] LogOutputStream:75 - [STDERR_REDIRECT] 
2024-07-12 23:07:36,983 [INFO] MainUpdater:2873 - connection check result : 10
2024-07-12 23:07:36,983 [INFO] MainUpdater:3567 - Updater definition file requires update
2024-07-12 23:07:36,985 [INFO] MainUpdater:290 - Updater Check For Update Now.
2024-07-12 23:07:36,985 [INFO] MicroXplorer:498 - Change Database Version : DB.6.0.111
2024-07-12 23:07:36,994 [INFO] McuFinderGlobals:63 - Set McuFinder mode to 2 (CubeIDE integrated)
2024-07-12 23:07:37,002 [INFO] UserAuth:415 - Internet connection configuration mode: 1
2024-07-12 23:07:37,011 [INFO] ServerAccessManage:473 - Download File updaters.zip
2024-07-12 23:07:37,045 [INFO] JxBrowserEngine:152 - Initiate JxBrowser Engine with user profile folder
2024-07-12 23:07:37,136 [INFO] FileExtend:240 - Unzip File : updaters.zip
2024-07-12 23:07:37,136 [INFO] FileExtend:255 - Standard Zip Deflate
2024-07-12 23:07:37,825 [INFO] ServerAccessManage:473 - Download File PacksControlFlags.xml
2024-07-12 23:07:37,903 [INFO] ServerAccessManage:473 - Download File cubemx.pidx
2024-07-12 23:07:38,074 [INFO] LoadServerUpdatesThread:375 - End of LoadServerUpdate Thread
2024-07-12 23:07:38,311 [INFO] CheckServerUpdateThread:120 - End of CheckServer Thread
2024-07-12 23:07:39,281 [INFO] WebApp:161 - Instantiating new browser for Auth
2024-07-12 23:07:39,703 [WARN] PackLoader:240 - Cannot read IP mode file for STMicroelectronics.FP-SNS-MOTENVWB1.1.4.0
2024-07-12 23:07:39,722 [WARN] PackLoader:240 - Cannot read IP mode file for STMicroelectronics.X-CUBE-SMBUS.2.1.0
2024-07-12 23:07:39,733 [WARN] PackLoader:240 - Cannot read IP mode file for STMicroelectronics.X-CUBE-TOUCHGFX.4.23.1
2024-07-12 23:07:39,737 [WARN] PackLoader:240 - Cannot read IP mode file for STMicroelectronics.X-CUBE-TOUCHGFX.4.23.0
2024-07-12 23:07:39,742 [WARN] PackLoader:240 - Cannot read IP mode file for STMicroelectronics.X-CUBE-TOUCHGFX.4.23.2
2024-07-12 23:07:39,827 [WARN] PackLoader:240 - Cannot read IP mode file for STMicroelectronics.X-CUBE-AZRTOS-F7.1.1.0
2024-07-12 23:07:39,847 [WARN] PackLoader:240 - Cannot read IP mode file for STMicroelectronics.FP-SNS-MOTENV1.4.3.2
2024-07-12 23:07:39,858 [WARN] PackLoader:240 - Cannot read IP mode file for STMicroelectronics.FP-SNS-FLIGHT1.5.0.2
2024-07-12 23:07:39,875 [WARN] PackLoader:240 - Cannot read IP mode file for STMicroelectronics.X-CUBE-DISPLAY.3.0.0
2024-07-12 23:07:39,900 [WARN] PackLoader:240 - Cannot read IP mode file for STMicroelectronics.X-CUBE-BLE1.7.0.0
2024-07-12 23:07:39,941 [WARN] PackLoader:240 - Cannot read IP mode file for emotas.I-CUBE-CANOPEN.1.3.0
2024-07-12 23:07:39,949 [WARN] PackLoader:240 - Cannot read IP mode file for STMicroelectronics.X-CUBE-TOUCHGFX.4.22.1
2024-07-12 23:07:39,967 [WARN] PackLoader:240 - Cannot read IP mode file for STMicroelectronics.X-CUBE-BLEMGR.3.1.0
2024-07-12 23:07:39,980 [WARN] PackLoader:240 - Cannot read IP mode file for STMicroelectronics.FP-SNS-SMARTAG2.1.2.0
2024-07-12 23:07:40,000 [INFO] LogOutputStream:77 - [STDOUT_REDIRECT] 1 : Invalid condition id : UX_CORESTACK_Condition cause : null
2024-07-12 23:07:40,001 [INFO] LogOutputStream:77 - [STDOUT_REDIRECT] 1 : Invalid condition id : UX_CORESTACK_Condition cause : null
2024-07-12 23:07:40,003 [INFO] LogOutputStream:77 - [STDOUT_REDIRECT] 1 : Invalid condition id : UX_CORESTACK_Condition cause : null
2024-07-12 23:07:40,005 [INFO] LogOutputStream:77 - [STDOUT_REDIRECT] 1 : Invalid condition id : UX_CORESTACK_Condition cause : null
2024-07-12 23:07:40,007 [INFO] LogOutputStream:77 - [STDOUT_REDIRECT] 1 : Invalid condition id : UX_CORESTACK_Condition cause : null
2024-07-12 23:07:40,014 [WARN] PackLoader:240 - Cannot read IP mode file for STMicroelectronics.X-CUBE-AZRTOS-WL.2.0.0
2024-07-12 23:07:40,026 [WARN] PackLoader:240 - Cannot read IP mode file for STMicroelectronics.FP-SNS-MOTENV1.5.0.0
2024-07-12 23:07:40,034 [WARN] PackLoader:240 - Cannot read IP mode file for wolfSSL.I-CUBE-wolfMQTT.1.19.0
2024-07-12 23:07:40,068 [WARN] PackLoader:240 - Cannot read IP mode file for WES.I-CUBE-Cesium.1.3.0
2024-07-12 23:07:40,076 [WARN] PackLoader:240 - Cannot read IP mode file for STMicroelectronics.X-CUBE-BLE2.3.3.0
2024-07-12 23:07:40,087 [WARN] PackLoader:240 - Cannot read IP mode file for STMicroelectronics.X-CUBE-TCPP.4.1.0
2024-07-12 23:07:40,100 [WARN] PackLoader:240 - Cannot read IP mode file for STMicroelectronics.X-CUBE-ALGOBUILD.1.3.0
2024-07-12 23:07:40,132 [WARN] PackLoader:240 - Cannot read IP mode file for STMicroelectronics.X-CUBE-AZRTOS-G0.1.1.0
2024-07-12 23:07:40,146 [WARN] PackLoader:240 - Cannot read IP mode file for STMicroelectronics.X-CUBE-SAFEA1.1.2.2
2024-07-12 23:07:40,156 [WARN] PackLoader:240 - Cannot read IP mode file for STMicroelectronics.X-CUBE-NFC4.3.0.0
2024-07-12 23:07:40,163 [WARN] PackLoader:240 - Cannot read IP mode file for wolfSSL.I-CUBE-wolfMQTT.1.18.0
2024-07-12 23:07:40,202 [WARN] PackLoader:240 - Cannot read IP mode file for EmbeddedOffice.I-CUBE-FS-RTOS.1.0.1
2024-07-12 23:07:40,203 [ERROR] ConditionMgr:805 - Attr not supported : Dmpu
2024-07-12 23:07:40,203 [ERROR] ConditionMgr:805 - Attr not supported : Dmpu
2024-07-12 23:07:40,203 [ERROR] ConditionMgr:805 - Attr not supported : Dmpu
2024-07-12 23:07:40,203 [ERROR] ConditionMgr:805 - Attr not supported : Dmpu
2024-07-12 23:07:40,203 [ERROR] ConditionMgr:805 - Attr not supported : Dmpu
2024-07-12 23:07:40,203 [ERROR] ConditionMgr:805 - Attr not supported : Dmpu
2024-07-12 23:07:40,203 [ERROR] ConditionMgr:805 - Attr not supported : Dmpu
2024-07-12 23:07:40,203 [ERROR] ConditionMgr:805 - Attr not supported : Dmpu
2024-07-12 23:07:40,204 [ERROR] ConditionMgr:805 - Attr not supported : Dmpu
2024-07-12 23:07:40,204 [ERROR] ConditionMgr:805 - Attr not supported : Dmpu
2024-07-12 23:07:40,204 [ERROR] ConditionMgr:805 - Attr not supported : Dmpu
2024-07-12 23:07:40,204 [ERROR] ConditionMgr:805 - Attr not supported : Dmpu
2024-07-12 23:07:40,204 [ERROR] ConditionMgr:805 - Attr not supported : Dmpu
2024-07-12 23:07:40,204 [ERROR] ConditionMgr:805 - Attr not supported : Dmpu
2024-07-12 23:07:40,204 [ERROR] ConditionMgr:805 - Attr not supported : Dmpu
2024-07-12 23:07:40,205 [ERROR] ConditionMgr:805 - Attr not supported : Dmpu
2024-07-12 23:07:40,205 [ERROR] ConditionMgr:805 - Attr not supported : Dmpu
2024-07-12 23:07:40,205 [ERROR] ConditionMgr:805 - Attr not supported : Dmpu
2024-07-12 23:07:40,205 [ERROR] ConditionMgr:805 - Attr not supported : Dmpu
2024-07-12 23:07:40,205 [ERROR] ConditionMgr:805 - Attr not supported : Dmpu
2024-07-12 23:07:40,205 [ERROR] ConditionMgr:805 - Attr not supported : Dmpu
2024-07-12 23:07:40,205 [ERROR] ConditionMgr:805 - Attr not supported : Dmpu
2024-07-12 23:07:40,205 [ERROR] ConditionMgr:805 - Attr not supported : Dmpu
2024-07-12 23:07:40,205 [ERROR] ConditionMgr:805 - Attr not supported : Dmpu
2024-07-12 23:07:40,205 [ERROR] ConditionMgr:805 - Attr not supported : Dmpu
2024-07-12 23:07:40,206 [ERROR] ConditionMgr:805 - Attr not supported : Dmpu
2024-07-12 23:07:40,206 [ERROR] ConditionMgr:805 - Attr not supported : Dmpu
2024-07-12 23:07:40,206 [ERROR] ConditionMgr:805 - Attr not supported : Dmpu
2024-07-12 23:07:40,206 [ERROR] ConditionMgr:805 - Attr not supported : Dmpu
2024-07-12 23:07:40,206 [ERROR] ConditionMgr:805 - Attr not supported : Dmpu
2024-07-12 23:07:40,207 [ERROR] ConditionMgr:805 - Attr not supported : Dmpu
2024-07-12 23:07:40,207 [ERROR] ConditionMgr:805 - Attr not supported : Dmpu
2024-07-12 23:07:40,207 [ERROR] ConditionMgr:805 - Attr not supported : Dmpu
2024-07-12 23:07:40,207 [ERROR] ConditionMgr:805 - Attr not supported : Dmpu
2024-07-12 23:07:40,207 [ERROR] ConditionMgr:805 - Attr not supported : Dmpu
2024-07-12 23:07:40,207 [ERROR] ConditionMgr:805 - Attr not supported : Dmpu
2024-07-12 23:07:40,207 [ERROR] ConditionMgr:805 - Attr not supported : Dmpu
2024-07-12 23:07:40,207 [ERROR] ConditionMgr:805 - Attr not supported : Dmpu
2024-07-12 23:07:40,207 [ERROR] ConditionMgr:805 - Attr not supported : Dmpu
2024-07-12 23:07:40,208 [ERROR] ConditionMgr:805 - Attr not supported : Dmpu
2024-07-12 23:07:40,208 [ERROR] ConditionMgr:805 - Attr not supported : Dmpu
2024-07-12 23:07:40,208 [ERROR] ConditionMgr:805 - Attr not supported : Dmpu
2024-07-12 23:07:40,208 [ERROR] ConditionMgr:805 - Attr not supported : Dmpu
2024-07-12 23:07:40,208 [ERROR] ConditionMgr:805 - Attr not supported : Dmpu
2024-07-12 23:07:40,208 [ERROR] ConditionMgr:805 - Attr not supported : Dmpu
2024-07-12 23:07:40,208 [ERROR] ConditionMgr:805 - Attr not supported : Dmpu
2024-07-12 23:07:40,208 [ERROR] ConditionMgr:805 - Attr not supported : Dmpu
2024-07-12 23:07:40,208 [ERROR] ConditionMgr:805 - Attr not supported : Dmpu
2024-07-12 23:07:40,208 [ERROR] ConditionMgr:805 - Attr not supported : Dmpu
2024-07-12 23:07:40,209 [ERROR] ConditionMgr:805 - Attr not supported : Dmpu
2024-07-12 23:07:40,209 [ERROR] ConditionMgr:805 - Attr not supported : Dmpu
2024-07-12 23:07:40,209 [ERROR] ConditionMgr:805 - Attr not supported : Dmpu
2024-07-12 23:07:40,209 [ERROR] ConditionMgr:805 - Attr not supported : Dmpu
2024-07-12 23:07:40,209 [ERROR] ConditionMgr:805 - Attr not supported : Dmpu
2024-07-12 23:07:40,209 [ERROR] ConditionMgr:805 - Attr not supported : Dmpu
2024-07-12 23:07:40,209 [ERROR] ConditionMgr:805 - Attr not supported : Dmpu
2024-07-12 23:07:40,209 [ERROR] ConditionMgr:805 - Attr not supported : Dmpu
2024-07-12 23:07:40,209 [ERROR] ConditionMgr:805 - Attr not supported : Dmpu
2024-07-12 23:07:40,210 [ERROR] ConditionMgr:805 - Attr not supported : Dmpu
2024-07-12 23:07:40,210 [ERROR] ConditionMgr:805 - Attr not supported : Dmpu
2024-07-12 23:07:40,210 [ERROR] ConditionMgr:805 - Attr not supported : Dmpu
2024-07-12 23:07:40,210 [ERROR] ConditionMgr:805 - Attr not supported : Dmpu
2024-07-12 23:07:40,210 [ERROR] ConditionMgr:805 - Attr not supported : Dmpu
2024-07-12 23:07:40,210 [ERROR] ConditionMgr:805 - Attr not supported : Dmpu
2024-07-12 23:07:40,225 [WARN] PackLoader:240 - Cannot read IP mode file for STMicroelectronics.X-CUBE-BLEMGR.3.0.0
2024-07-12 23:07:40,236 [WARN] PackLoader:240 - Cannot read IP mode file for RealThread.X-CUBE-RT-Thread_Nano.4.1.1
2024-07-12 23:07:40,242 [WARN] PackLoader:240 - Cannot read IP mode file for STMicroelectronics.FP-ATR-SIGFOX1.3.2.0
2024-07-12 23:07:40,253 [WARN] PackLoader:240 - Cannot read IP mode file for STMicroelectronics.X-CUBE-EEPRMA1.5.1.0
2024-07-12 23:07:40,335 [WARN] PackLoader:240 - Cannot read IP mode file for SEGGER.I-CUBE-embOS.1.3.1
2024-07-12 23:07:40,411 [WARN] PackLoader:240 - Cannot read IP mode file for STMicroelectronics.X-CUBE-ALGOBUILD.1.4.0
2024-07-12 23:07:40,433 [WARN] PackLoader:240 - Cannot read IP mode file for STMicroelectronics.X-CUBE-GNSS1.6.0.0
2024-07-12 23:07:40,496 [WARN] PackLoader:240 - Cannot read IP mode file for STMicroelectronics.X-CUBE-AZRTOS-F4.1.1.0
2024-07-12 23:07:40,507 [WARN] PackLoader:240 - Cannot read IP mode file for wolfSSL.I-CUBE-wolfSSL.5.6.3
2024-07-12 23:07:40,514 [WARN] PackLoader:240 - Cannot read IP mode file for STMicroelectronics.X-CUBE-FREERTOS.1.2.0
2024-07-12 23:07:40,537 [WARN] PackLoader:240 - Cannot read IP mode file for STMicroelectronics.X-CUBE-AZRTOS-L5.2.0.0
2024-07-12 23:07:40,620 [WARN] PackLoader:240 - Cannot read IP mode file for STMicroelectronics.X-CUBE-MEMS1.9.6.0
2024-07-12 23:07:40,915 [WARN] PackLoader:240 - Cannot read IP mode file for STMicroelectronics.X-CUBE-EEPRMA1.4.2.0
2024-07-12 23:07:40,928 [WARN] PackLoader:240 - Cannot read IP mode file for STMicroelectronics.X-CUBE-NFC6.3.1.0
2024-07-12 23:07:40,943 [WARN] PackLoader:240 - Cannot read IP mode file for ITTIA_DB.I-CUBE-ITTIADB.8.8.0
2024-07-12 23:07:40,953 [WARN] PackLoader:240 - Cannot read IP mode file for STMicroelectronics.X-CUBE-BLEMGR.2.0.0
2024-07-12 23:07:40,975 [WARN] PackLoader:240 - Cannot read IP mode file for STMicroelectronics.X-CUBE-DPower.1.2.0
2024-07-12 23:07:40,981 [WARN] PackLoader:240 - Cannot read IP mode file for STMicroelectronics.X-CUBE-AI.9.0.0
2024-07-12 23:07:41,005 [WARN] ConditionMgr:438 - getConditionDescription Invalid condition id : UX DEVICE CLASS RTOS Condition cause : null
2024-07-12 23:07:41,006 [WARN] ConditionMgr:438 - getConditionDescription Invalid condition id : UX DEVICE CLASS RTOS Condition cause : null
2024-07-12 23:07:41,013 [WARN] PackLoader:240 - Cannot read IP mode file for STMicroelectronics.X-CUBE-AZRTOS-H7.3.1.0
2024-07-12 23:07:41,015 [WARN] ConditionMgr:1039 - genDependencies : Invalid condition id : UX DEVICE CLASS RTOS Condition cause : null
2024-07-12 23:07:41,015 [WARN] ConditionMgr:1039 - genDependencies : Invalid condition id : UX DEVICE CLASS RTOS Condition cause : null
2024-07-12 23:07:41,016 [WARN] ConditionMgr:1039 - genDependencies : Invalid condition id : UX DEVICE CLASS RTOS Condition cause : null
2024-07-12 23:07:41,017 [WARN] ConditionMgr:1039 - genDependencies : Invalid condition id : UX DEVICE CLASS RTOS Condition cause : null
2024-07-12 23:07:41,017 [WARN] ConditionMgr:1039 - genDependencies : Invalid condition id : UX DEVICE CLASS RTOS Condition cause : null
2024-07-12 23:07:41,026 [WARN] PackLoader:240 - Cannot read IP mode file for STMicroelectronics.X-CUBE-NFC7.1.0.1
2024-07-12 23:07:41,034 [WARN] PackLoader:240 - Cannot read IP mode file for wolfSSL.I-CUBE-wolfTPM.3.2.0
2024-07-12 23:07:41,042 [WARN] PackLoader:240 - Cannot read IP mode file for STMicroelectronics.X-CUBE-NFC6.3.0.0
2024-07-12 23:07:41,051 [WARN] PackLoader:240 - Cannot read IP mode file for STMicroelectronics.X-CUBE-EEPRMA1.4.1.0
2024-07-12 23:07:41,057 [WARN] PackLoader:240 - Cannot read IP mode file for STMicroelectronics.X-CUBE-AI.8.1.0
2024-07-12 23:07:41,112 [WARN] ConditionMgr:438 - getConditionDescription Invalid condition id : LAN8742 Phy interface Condition cause : null
2024-07-12 23:07:41,113 [WARN] PackLoader:240 - Cannot read IP mode file for STMicroelectronics.X-CUBE-AZRTOS-L4.2.0.0
2024-07-12 23:07:41,119 [WARN] ConditionMgr:1039 - genDependencies : Invalid condition id : LAN8742 Phy interface Condition cause : null
2024-07-12 23:07:41,119 [WARN] ConditionMgr:1039 - genDependencies : Invalid condition id : LAN8742 Phy interface Condition cause : null
2024-07-12 23:07:41,120 [WARN] ConditionMgr:1039 - genDependencies : Invalid condition id : LAN8742 Phy interface Condition cause : null
2024-07-12 23:07:41,131 [WARN] PackLoader:240 - Cannot read IP mode file for STMicroelectronics.X-CUBE-SFXS2LP1.4.0.0
2024-07-12 23:07:41,139 [WARN] PackLoader:240 - Cannot read IP mode file for STMicroelectronics.X-CUBE-ISPU.1.1.0
2024-07-12 23:07:41,157 [WARN] ConditionMgr:438 - getConditionDescription Invalid condition id : UX DEVICE CLASS RTOS Condition cause : null
2024-07-12 23:07:41,157 [WARN] ConditionMgr:438 - getConditionDescription Invalid condition id : UX DEVICE CLASS RTOS Condition cause : null
2024-07-12 23:07:41,182 [WARN] PackLoader:240 - Cannot read IP mode file for STMicroelectronics.X-CUBE-AZRTOS-WB.2.0.0
2024-07-12 23:07:41,183 [WARN] ConditionMgr:1039 - genDependencies : Invalid condition id : UX DEVICE CLASS RTOS Condition cause : null
2024-07-12 23:07:41,184 [WARN] ConditionMgr:1039 - genDependencies : Invalid condition id : UX DEVICE CLASS RTOS Condition cause : null
2024-07-12 23:07:41,185 [WARN] ConditionMgr:1039 - genDependencies : Invalid condition id : UX DEVICE CLASS RTOS Condition cause : null
2024-07-12 23:07:41,185 [WARN] ConditionMgr:1039 - genDependencies : Invalid condition id : UX DEVICE CLASS RTOS Condition cause : null
2024-07-12 23:07:41,185 [WARN] ConditionMgr:1039 - genDependencies : Invalid condition id : UX DEVICE CLASS RTOS Condition cause : null
2024-07-12 23:07:41,201 [WARN] PackLoader:240 - Cannot read IP mode file for STMicroelectronics.X-CUBE-SUBG2.5.0.0
2024-07-12 23:07:41,213 [WARN] PackLoader:240 - Cannot read IP mode file for Cesanta.I-CUBE-Mongoose.7.13.0
2024-07-12 23:07:41,228 [WARN] PackLoader:240 - Cannot read IP mode file for STMicroelectronics.X-CUBE-TOF1.3.3.1
2024-07-12 23:07:41,283 [WARN] PackLoader:240 - Cannot read IP mode file for STMicroelectronics.X-CUBE-AZRTOS-G4.2.0.0
2024-07-12 23:07:41,305 [WARN] PackLoader:240 - Cannot read IP mode file for Infineon.AIROC-Wi-Fi-Bluetooth-STM32.1.5.1
2024-07-12 23:07:41,317 [WARN] PackLoader:240 - Cannot read IP mode file for STMicroelectronics.FP-SNS-MOTENVWB1.1.3.0
2024-07-12 23:07:41,322 [WARN] PackLoader:240 - Cannot read IP mode file for STMicroelectronics.FP-SNS-MOTENVWB1.1.3.1
2024-07-12 23:07:41,328 [WARN] PackLoader:240 - Cannot read IP mode file for STMicroelectronics.X-CUBE-ISPU.2.0.0
2024-07-12 23:07:41,333 [WARN] PackLoader:240 - Cannot read IP mode file for STMicroelectronics.X-CUBE-ALS.1.0.2
2024-07-12 23:07:41,352 [INFO] WebApp:779 - Register for checkConnection events
2024-07-12 23:07:41,352 [INFO] WebApp:414 - Apply proxy settings
2024-07-12 23:07:41,352 [INFO] WebApp:499 - Chromium requires no authentication
2024-07-12 23:07:41,377 [INFO] WebApp:442 - Direct internet connection detected
2024-07-12 23:07:41,417 [WARN] PackLoader:240 - Cannot read IP mode file for STMicroelectronics.X-CUBE-MEMS1.10.0.0
2024-07-12 23:07:41,638 [WARN] PackLoader:240 - Cannot read IP mode file for STMicroelectronics.X-CUBE-FREERTOS.1.1.0
2024-07-12 23:07:41,643 [WARN] PackLoader:240 - Cannot read IP mode file for STMicroelectronics.X-CUBE-TOUCHGFX.4.24.0
2024-07-12 23:07:41,652 [WARN] PackLoader:240 - Cannot read IP mode file for portGmbH.I-Cube-SoM-uGOAL.1.1.0
2024-07-12 23:07:41,658 [WARN] PackLoader:240 - Cannot read IP mode file for STMicroelectronics.X-CUBE-ALS.1.0.1
2024-07-12 23:07:41,684 [WARN] PackLoader:240 - Cannot read IP mode file for STMicroelectronics.X-CUBE-AZRTOS-H7RS.1.0.0
2024-07-12 23:07:41,693 [WARN] PackLoader:240 - Cannot read IP mode file for STMicroelectronics.FP-ATR-ASTRA1.2.0.0
2024-07-12 23:07:41,707 [WARN] PackLoader:240 - Cannot read IP mode file for STMicroelectronics.X-CUBE-TOF1.3.4.0
2024-07-12 23:07:41,745 [WARN] PackLoader:240 - Cannot read IP mode file for STMicroelectronics.X-CUBE-TOF1.3.4.1
2024-07-12 23:07:41,815 [WARN] PackLoader:240 - Cannot read IP mode file for STMicroelectronics.X-CUBE-AZRTOS-H7.3.2.0
2024-07-12 23:07:41,820 [INFO] ThirdParty:978 - Integrity check success = true
2024-07-12 23:07:41,820 [INFO] IntegrityCheckThread:100 - exiting critical section [integrity check]
2024-07-12 23:07:41,820 [INFO] IntegrityCheckThread:103 - End integrity checks thread
2024-07-12 23:07:41,830 [INFO] WebApp:192 - Starting web application
2024-07-12 23:07:41,830 [INFO] WebApp:544 - Web application path used C:\ST\STM32CubeIDE_1.15.1\STM32CubeIDE\plugins\com.st.stm32cube.common.mx_6.11.1.202404110753\db\plugins\mcufinder\reactClient1\index.html
2024-07-12 23:09:07,106 [ERROR] LogOutputStream:75 - [STDERR_REDIRECT] 
2024-07-12 23:09:07,108 [ERROR] LogOutputStream:75 - [STDERR_REDIRECT] 
