2024-08-12 21:07:34,244 [INFO] Activator:176 - 


2024-08-12 21:07:34,254 [INFO] Activator:177 - !SESSION log4j initialized
2024-08-12 21:07:41,574 [INFO] LogOutputStream:77 - [STDOUT_REDIRECT] 
2024-08-12 21:07:48,179 [INFO] ApplicationProperties:184 - Using Application install path: C:\ST\STM32CubeIDE_1.15.1\STM32CubeIDE\plugins\com.st.stm32cube.common.mx_6.11.1.202404110753
2024-08-12 21:07:48,207 [INFO] DbMcusXml:78 - Set database path to: C:\ST\STM32CubeIDE_1.15.1\STM32CubeIDE\plugins\com.st.stm32cube.common.mx_6.11.1.202404110753\\db\/mcu/
2024-08-12 21:07:48,207 [INFO] ApiDb:274 - Set plugin database path to: C:\ST\STM32CubeIDE_1.15.1\STM32CubeIDE\plugins\com.st.stm32cube.common.mx_6.11.1.202404110753\\db\/plugins/boardmanager/
2024-08-12 21:07:48,208 [WARN] ApiDb:259 - Overriding images path with different value:  => C:\ST\STM32CubeIDE_1.15.1\STM32CubeIDE\plugins\com.st.stm32cube.common.mx_6.11.1.202404110753\\db\/plugins/mcufinder/images/
2024-08-12 21:07:48,221 [INFO] ApiDb:250 - Set database path to: C:\Users\gusta\.stmcufinder\plugins\mcufinder//mcu/
2024-08-12 21:07:48,223 [INFO] DbMcusAds:125 - Set database path to: C:\Users\gusta\.stmcufinder\plugins\mcufinder//mcu/
2024-08-12 21:07:48,226 [INFO] CrossReferenceDbSqlite:203 - Set database path to: C:\Users\gusta\.stmcufinder\plugins\mcufinder//mcu/cs/
2024-08-12 21:07:48,412 [INFO] RulesReader:64 - Compatibility file has been processed (297 Rules)
2024-08-12 21:07:48,532 [INFO] DbMcusXml:78 - Set database path to: C:\ST\STM32CubeIDE_1.15.1\STM32CubeIDE\plugins\com.st.stm32cube.common.mx_6.11.1.202404110753\\db\/mcu/
2024-08-12 21:07:48,533 [INFO] ApiDb:274 - Set plugin database path to: C:\ST\STM32CubeIDE_1.15.1\STM32CubeIDE\plugins\com.st.stm32cube.common.mx_6.11.1.202404110753\\db\/plugins/boardmanager/
2024-08-12 21:07:48,533 [INFO] ApiDb:261 - Set plugin images path to: C:\ST\STM32CubeIDE_1.15.1\STM32CubeIDE\plugins\com.st.stm32cube.common.mx_6.11.1.202404110753\\db\/plugins/mcufinder/images/
2024-08-12 21:07:48,533 [WARN] DbFile:41 - Overriding database path with different value: C:\Users\gusta\.stmcufinder\plugins\mcufinder/ => C:\Users\gusta\.stmcufinder\plugins\mcufinder
2024-08-12 21:07:48,533 [INFO] ApiDb:250 - Set database path to: C:\Users\gusta\.stmcufinder\plugins\mcufinder//mcu/
2024-08-12 21:07:48,534 [WARN] DbFile:41 - Overriding database path with different value: C:\Users\gusta\.stmcufinder\plugins\mcufinder/ => C:\Users\gusta\.stmcufinder\plugins\mcufinder
2024-08-12 21:07:48,534 [INFO] DbMcusAds:125 - Set database path to: C:\Users\gusta\.stmcufinder\plugins\mcufinder//mcu/
2024-08-12 21:07:48,534 [WARN] DbFile:41 - Overriding database path with different value: C:\Users\gusta\.stmcufinder\plugins\mcufinder/ => C:\Users\gusta\.stmcufinder\plugins\mcufinder
2024-08-12 21:07:48,534 [WARN] DbFile:41 - Overriding database path with different value: C:\Users\gusta\.stmcufinder\plugins\mcufinder/ => C:\Users\gusta\.stmcufinder\plugins\mcufinder
2024-08-12 21:07:48,534 [INFO] CrossReferenceDbSqlite:203 - Set database path to: C:\Users\gusta\.stmcufinder\plugins\mcufinder//mcu/cs/
2024-08-12 21:07:48,643 [INFO] MainPanel:264 - HeapMemory: 268435456
2024-08-12 21:07:48,778 [INFO] DbMcusXml:78 - Set database path to: C:\ST\STM32CubeIDE_1.15.1\STM32CubeIDE\plugins\com.st.stm32cube.common.mx_6.11.1.202404110753\\db\/mcu/
2024-08-12 21:07:48,778 [INFO] ApiDb:274 - Set plugin database path to: C:\ST\STM32CubeIDE_1.15.1\STM32CubeIDE\plugins\com.st.stm32cube.common.mx_6.11.1.202404110753\\db\/plugins/boardmanager/
2024-08-12 21:07:48,779 [INFO] ApiDb:261 - Set plugin images path to: C:\ST\STM32CubeIDE_1.15.1\STM32CubeIDE\plugins\com.st.stm32cube.common.mx_6.11.1.202404110753\\db\/plugins/mcufinder/images/
2024-08-12 21:07:48,779 [WARN] DbFile:41 - Overriding database path with different value: C:\Users\gusta\.stmcufinder\plugins\mcufinder/ => C:\Users\gusta\.stmcufinder\plugins\mcufinder
2024-08-12 21:07:48,779 [INFO] ApiDb:250 - Set database path to: C:\Users\gusta\.stmcufinder\plugins\mcufinder//mcu/
2024-08-12 21:07:48,779 [WARN] DbFile:41 - Overriding database path with different value: C:\Users\gusta\.stmcufinder\plugins\mcufinder/ => C:\Users\gusta\.stmcufinder\plugins\mcufinder
2024-08-12 21:07:48,780 [INFO] DbMcusAds:125 - Set database path to: C:\Users\gusta\.stmcufinder\plugins\mcufinder//mcu/
2024-08-12 21:07:48,780 [WARN] DbFile:41 - Overriding database path with different value: C:\Users\gusta\.stmcufinder\plugins\mcufinder/ => C:\Users\gusta\.stmcufinder\plugins\mcufinder
2024-08-12 21:07:48,780 [WARN] DbFile:41 - Overriding database path with different value: C:\Users\gusta\.stmcufinder\plugins\mcufinder/ => C:\Users\gusta\.stmcufinder\plugins\mcufinder
2024-08-12 21:07:48,780 [INFO] CrossReferenceDbSqlite:203 - Set database path to: C:\Users\gusta\.stmcufinder\plugins\mcufinder//mcu/cs/
2024-08-12 21:07:48,806 [INFO] ApplicationProperties:184 - Using Application install path: C:\ST\STM32CubeIDE_1.15.1\STM32CubeIDE\plugins\com.st.stm32cube.common.mx_6.11.1.202404110753
2024-08-12 21:07:48,808 [INFO] PluginManage:196 - Search for loadable plugins [exclusion list=, ]
2024-08-12 21:07:48,810 [INFO] PluginManage:310 - Check plugin analytics
2024-08-12 21:07:53,672 [INFO] AnalyticsPlugin:253 - Accepted Software Licenses: 
2024-08-12 21:07:53,672 [INFO] AnalyticsPlugin:255 - Accepted CMSIS Pack Licenses: 
2024-08-12 21:07:53,672 [INFO] AnalyticsPlugin:257 - Accepted Firmware Licenses: FW.F4.1.27.0,FW.F4.1.28.0
2024-08-12 21:07:53,677 [INFO] PluginManage:359 - Loaded plugin analytics (category:tool,tabindex:-1)
2024-08-12 21:07:53,678 [INFO] PluginManage:310 - Check plugin cadmodel
2024-08-12 21:07:53,686 [INFO] CADModel:105 - Init CAD model plugin
2024-08-12 21:07:53,686 [INFO] PluginManage:359 - Loaded plugin cadmodel (category:power,tabindex:5)
2024-08-12 21:07:53,687 [INFO] PluginManage:310 - Check plugin clock
2024-08-12 21:07:53,705 [INFO] PluginManage:359 - Loaded plugin clock (category:base,tabindex:2)
2024-08-12 21:07:53,705 [INFO] PluginManage:310 - Check plugin ddr
2024-08-12 21:07:53,709 [INFO] PluginManage:359 - Loaded plugin ddr (category:tool,tabindex:6)
2024-08-12 21:07:53,710 [INFO] PluginManage:310 - Check plugin filemanager
2024-08-12 21:07:53,992 [INFO] PluginManage:359 - Loaded plugin filemanager (category:base,tabindex:10)
2024-08-12 21:07:53,992 [INFO] PluginManage:310 - Check plugin ipmanager
2024-08-12 21:07:54,002 [INFO] PluginManage:359 - Loaded plugin ipmanager (category:base,tabindex:5)
2024-08-12 21:07:54,002 [INFO] PluginManage:310 - Check plugin lpbam
2024-08-12 21:07:54,016 [INFO] PluginManage:359 - Loaded plugin lpbam (category:base,tabindex:0)
2024-08-12 21:07:54,017 [INFO] PluginManage:310 - Check plugin memorymap
2024-08-12 21:07:54,043 [INFO] PluginManage:359 - Loaded plugin memorymap (category:base,tabindex:4)
2024-08-12 21:07:54,043 [INFO] PluginManage:310 - Check plugin pinoutandconfiguration
2024-08-12 21:07:54,059 [INFO] PluginManage:359 - Loaded plugin pinoutandconfiguration (category:base,tabindex:1)
2024-08-12 21:07:54,059 [INFO] PluginManage:310 - Check plugin pinoutconfig
2024-08-12 21:07:54,212 [WARN] SupportedApi:132 - Cannot load RTOS API schema: s4s-elt-must-match.1: The content of 'definitions' must match (annotation?, (simpleType | complexType)?, (unique | key | keyref)*)). A problem was found starting at: attribute.
2024-08-12 21:07:54,426 [INFO] PluginManage:359 - Loaded plugin pinoutconfig (category:base,tabindex:0)
2024-08-12 21:07:54,426 [INFO] PluginManage:310 - Check plugin power
2024-08-12 21:07:54,451 [INFO] PluginManage:359 - Loaded plugin power (category:power,tabindex:4)
2024-08-12 21:07:54,451 [INFO] PluginManage:310 - Check plugin projectmanager
2024-08-12 21:07:54,482 [INFO] PluginManage:359 - Loaded plugin projectmanager (category:projectmanager,tabindex:3)
2024-08-12 21:07:54,482 [INFO] PluginManage:310 - Check plugin thirdparty
2024-08-12 21:07:54,673 [INFO] PluginManage:359 - Loaded plugin thirdparty (category:base,tabindex:-1)
2024-08-12 21:07:54,673 [INFO] PluginManage:310 - Check plugin tools
2024-08-12 21:07:54,677 [INFO] PluginManage:359 - Loaded plugin tools (category:base,tabindex:7)
2024-08-12 21:07:54,678 [INFO] PluginManage:310 - Check plugin tutovideos
2024-08-12 21:07:54,677 [WARN] IntegrityCheckThread:84 - waiting for thirdparty lock release [integrity check]
2024-08-12 21:07:54,679 [INFO] IntegrityCheckThread:86 - entering critical section [integrity check]
2024-08-12 21:07:54,680 [INFO] ThirdPartyUpdaterWithRetryManager:70 - Updater plugin not ready yet. [1/15]
2024-08-12 21:07:54,921 [INFO] PluginManage:359 - Loaded plugin tutovideos (category:base,tabindex:-1)
2024-08-12 21:07:54,921 [INFO] PluginManage:310 - Check plugin updater
2024-08-12 21:07:54,938 [INFO] PluginManage:359 - Loaded plugin updater (category:base,tabindex:12)
2024-08-12 21:07:54,939 [INFO] PluginManage:310 - Check plugin userauth
2024-08-12 21:07:54,946 [INFO] UserAuth:114 - Init User Auth plugin
2024-08-12 21:07:54,946 [INFO] PluginManage:359 - Loaded plugin userauth (category:base,tabindex:14)
2024-08-12 21:07:54,947 [INFO] PluginManage:283 - PluginManage : Loaded plugins [17]
2024-08-12 21:07:55,260 [INFO] PinOutPanel:1561 - setPackage(No Configuration,No Configuration)
2024-08-12 21:07:55,365 [INFO] CADModel:165 - CPN selected for project level
2024-08-12 21:07:55,366 [INFO] CADModel:114 - Register for checkConnection events
2024-08-12 21:07:55,388 [INFO] IPUIPlugin:80 - create IPUIPlugin
2024-08-12 21:07:55,388 [INFO] PluginManager:220 - loadIPPluginJar : add adc
2024-08-12 21:07:55,391 [INFO] IPUIPlugin:80 - create IPUIPlugin
2024-08-12 21:07:55,392 [INFO] PluginManager:220 - loadIPPluginJar : add aes
2024-08-12 21:07:55,396 [INFO] IPUIPlugin:80 - create IPUIPlugin
2024-08-12 21:07:55,396 [INFO] PluginManager:220 - loadIPPluginJar : add can
2024-08-12 21:07:55,398 [INFO] IPUIPlugin:80 - create IPUIPlugin
2024-08-12 21:07:55,398 [INFO] PluginManager:220 - loadIPPluginJar : add comp
2024-08-12 21:07:55,402 [INFO] IPUIPlugin:80 - create IPUIPlugin
2024-08-12 21:07:55,402 [INFO] PluginManager:220 - loadIPPluginJar : add cryp
2024-08-12 21:07:55,405 [INFO] IPUIPlugin:80 - create IPUIPlugin
2024-08-12 21:07:55,405 [INFO] PluginManager:220 - loadIPPluginJar : add dfsdm
2024-08-12 21:07:55,413 [INFO] IPUIPlugin:80 - create IPUIPlugin
2024-08-12 21:07:55,414 [INFO] PluginManager:220 - loadIPPluginJar : add dma
2024-08-12 21:07:55,417 [INFO] IPUIPlugin:80 - create IPUIPlugin
2024-08-12 21:07:55,417 [INFO] PluginManager:220 - loadIPPluginJar : add dma3
2024-08-12 21:07:55,421 [INFO] IPUIPlugin:80 - create IPUIPlugin
2024-08-12 21:07:55,421 [INFO] PluginManager:220 - loadIPPluginJar : add extmemmanager
2024-08-12 21:07:55,423 [INFO] IPUIPlugin:80 - create IPUIPlugin
2024-08-12 21:07:55,424 [INFO] PluginManager:220 - loadIPPluginJar : add fatfs
2024-08-12 21:07:55,429 [INFO] IPUIPlugin:80 - create IPUIPlugin
2024-08-12 21:07:55,429 [INFO] PluginManager:220 - loadIPPluginJar : add fmc
2024-08-12 21:07:55,437 [INFO] IPUIPlugin:80 - create IPUIPlugin
2024-08-12 21:07:55,437 [INFO] PluginManager:220 - loadIPPluginJar : add freertos
2024-08-12 21:07:55,439 [INFO] IPUIPlugin:80 - create IPUIPlugin
2024-08-12 21:07:55,440 [INFO] PluginManager:220 - loadIPPluginJar : add genericplugin
2024-08-12 21:07:55,443 [INFO] IPUIPlugin:80 - create IPUIPlugin
2024-08-12 21:07:55,444 [INFO] PluginManager:220 - loadIPPluginJar : add gfxmmu
2024-08-12 21:07:55,450 [INFO] IPUIPlugin:80 - create IPUIPlugin
2024-08-12 21:07:55,450 [INFO] PluginManager:220 - loadIPPluginJar : add gic
2024-08-12 21:07:55,456 [INFO] IPUIPlugin:80 - create IPUIPlugin
2024-08-12 21:07:55,456 [INFO] PluginManager:220 - loadIPPluginJar : add gpio
2024-08-12 21:07:55,461 [INFO] IPUIPlugin:80 - create IPUIPlugin
2024-08-12 21:07:55,461 [INFO] PluginManager:220 - loadIPPluginJar : add gtzc
2024-08-12 21:07:55,465 [INFO] IPUIPlugin:80 - create IPUIPlugin
2024-08-12 21:07:55,465 [INFO] PluginManager:220 - loadIPPluginJar : add hash
2024-08-12 21:07:55,470 [INFO] IPUIPlugin:80 - create IPUIPlugin
2024-08-12 21:07:55,470 [INFO] PluginManager:220 - loadIPPluginJar : add i2c
2024-08-12 21:07:55,475 [INFO] IPUIPlugin:80 - create IPUIPlugin
2024-08-12 21:07:55,475 [INFO] PluginManager:220 - loadIPPluginJar : add i2s
2024-08-12 21:07:55,480 [INFO] IPUIPlugin:80 - create IPUIPlugin
2024-08-12 21:07:55,480 [INFO] PluginManager:220 - loadIPPluginJar : add i3c
2024-08-12 21:07:55,484 [INFO] IPUIPlugin:80 - create IPUIPlugin
2024-08-12 21:07:55,485 [INFO] PluginManager:220 - loadIPPluginJar : add ipddr
2024-08-12 21:07:55,493 [INFO] IPUIPlugin:80 - create IPUIPlugin
2024-08-12 21:07:55,494 [INFO] PluginManager:220 - loadIPPluginJar : add linkedlist
2024-08-12 21:07:55,498 [INFO] IPUIPlugin:80 - create IPUIPlugin
2024-08-12 21:07:55,498 [INFO] PluginManager:220 - loadIPPluginJar : add lorawan
2024-08-12 21:07:55,500 [INFO] IPUIPlugin:80 - create IPUIPlugin
2024-08-12 21:07:55,501 [INFO] PluginManager:220 - loadIPPluginJar : add ltdc
2024-08-12 21:07:55,510 [INFO] IPUIPlugin:80 - create IPUIPlugin
2024-08-12 21:07:55,511 [INFO] PluginManager:220 - loadIPPluginJar : add mdma
2024-08-12 21:07:55,516 [INFO] IPUIPlugin:80 - create IPUIPlugin
2024-08-12 21:07:55,516 [INFO] PluginManager:220 - loadIPPluginJar : add nvic
2024-08-12 21:07:55,520 [INFO] IPUIPlugin:80 - create IPUIPlugin
2024-08-12 21:07:55,521 [INFO] PluginManager:220 - loadIPPluginJar : add opamp
2024-08-12 21:07:55,527 [INFO] IPUIPlugin:80 - create IPUIPlugin
2024-08-12 21:07:55,527 [INFO] PluginManager:220 - loadIPPluginJar : add openamp
2024-08-12 21:07:55,534 [INFO] IPUIPlugin:80 - create IPUIPlugin
2024-08-12 21:07:55,534 [INFO] PluginManager:220 - loadIPPluginJar : add pdm2pcm
2024-08-12 21:07:55,543 [INFO] IPUIPlugin:80 - create IPUIPlugin
2024-08-12 21:07:55,546 [INFO] PluginManager:220 - loadIPPluginJar : add plateformsettings
2024-08-12 21:07:55,549 [INFO] IPUIPlugin:80 - create IPUIPlugin
2024-08-12 21:07:55,549 [INFO] PluginManager:220 - loadIPPluginJar : add quadspi
2024-08-12 21:07:55,555 [INFO] IPUIPlugin:80 - create IPUIPlugin
2024-08-12 21:07:55,555 [INFO] PluginManager:220 - loadIPPluginJar : add resmgrutility
2024-08-12 21:07:55,560 [INFO] IPUIPlugin:80 - create IPUIPlugin
2024-08-12 21:07:55,560 [INFO] PluginManager:220 - loadIPPluginJar : add sai
2024-08-12 21:07:55,565 [INFO] IPUIPlugin:80 - create IPUIPlugin
2024-08-12 21:07:55,565 [INFO] PluginManager:220 - loadIPPluginJar : add spi
2024-08-12 21:07:55,572 [INFO] IPUIPlugin:80 - create IPUIPlugin
2024-08-12 21:07:55,573 [INFO] PluginManager:220 - loadIPPluginJar : add stm32_wpan
2024-08-12 21:07:55,576 [INFO] IPUIPlugin:80 - create IPUIPlugin
2024-08-12 21:07:55,576 [INFO] PluginManager:220 - loadIPPluginJar : add tim
2024-08-12 21:07:55,582 [INFO] IPUIPlugin:80 - create IPUIPlugin
2024-08-12 21:07:55,582 [INFO] PluginManager:220 - loadIPPluginJar : add touchsensing
2024-08-12 21:07:55,585 [INFO] IPUIPlugin:80 - create IPUIPlugin
2024-08-12 21:07:55,586 [INFO] PluginManager:220 - loadIPPluginJar : add tracer_emb
2024-08-12 21:07:55,589 [INFO] IPUIPlugin:80 - create IPUIPlugin
2024-08-12 21:07:55,589 [INFO] PluginManager:220 - loadIPPluginJar : add ts
2024-08-12 21:07:55,591 [INFO] IPUIPlugin:80 - create IPUIPlugin
2024-08-12 21:07:55,592 [INFO] PluginManager:220 - loadIPPluginJar : add tsc
2024-08-12 21:07:55,595 [INFO] IPUIPlugin:80 - create IPUIPlugin
2024-08-12 21:07:55,595 [INFO] PluginManager:220 - loadIPPluginJar : add ucpd
2024-08-12 21:07:55,601 [INFO] IPUIPlugin:80 - create IPUIPlugin
2024-08-12 21:07:55,601 [INFO] PluginManager:220 - loadIPPluginJar : add usart
2024-08-12 21:07:55,606 [INFO] IPUIPlugin:80 - create IPUIPlugin
2024-08-12 21:07:55,606 [INFO] PluginManager:220 - loadIPPluginJar : add usbx
2024-08-12 21:07:55,777 [INFO] CADModel:165 - CPN selected for project level
2024-08-12 21:07:55,778 [INFO] CADModel:114 - Register for checkConnection events
2024-08-12 21:07:55,778 [FATAL] Updater:308 - Updater called before beeing initialized
2024-08-12 21:07:55,778 [ERROR] CADModel:125 - Updater not yet initialized, retry later 
2024-08-12 21:07:55,992 [INFO] CADModel:165 - CPN selected for project level
2024-08-12 21:07:55,992 [INFO] CADModel:114 - Register for checkConnection events
2024-08-12 21:07:55,992 [FATAL] Updater:308 - Updater called before beeing initialized
2024-08-12 21:07:55,992 [ERROR] CADModel:125 - Updater not yet initialized, retry later 
2024-08-12 21:07:55,997 [FATAL] Updater:308 - Updater called before beeing initialized
2024-08-12 21:07:56,173 [FATAL] Updater:308 - Updater called before beeing initialized
2024-08-12 21:07:56,179 [INFO] DbMcusAds:53 - JSON generation date=Thu May 16 06:22:00 ART 2024 (1715851320667)
2024-08-12 21:07:56,179 [FATAL] Updater:308 - Updater called before beeing initialized
2024-08-12 21:07:56,231 [WARN] DetailPanel:346 - Failed to get advertising image, set to default
2024-08-12 21:07:56,342 [FATAL] Updater:308 - Updater called before beeing initialized
2024-08-12 21:07:56,346 [FATAL] Updater:308 - Updater called before beeing initialized
2024-08-12 21:07:56,346 [FATAL] Updater:308 - Updater called before beeing initialized
2024-08-12 21:07:56,346 [WARN] DetailPanel:346 - Failed to get advertising image, set to default
2024-08-12 21:07:56,347 [FATAL] Updater:308 - Updater called before beeing initialized
2024-08-12 21:07:56,427 [ERROR] Updater:1120 - MainUpdater not yet initialized. External WinMGr cannot be set.
2024-08-12 21:07:56,430 [INFO] Updater:1056 - Updater Version found : 6.11.1
2024-08-12 21:07:56,458 [INFO] ApplicationProperties:184 - Using Application install path: C:\ST\STM32CubeIDE_1.15.1\STM32CubeIDE\plugins\com.st.stm32cube.common.mx_6.11.1.202404110753
2024-08-12 21:07:57,683 [INFO] ThirdPartyUpdaterWithRetryManager:70 - Updater plugin not ready yet. [2/15]
2024-08-12 21:07:58,042 [ERROR] LogOutputStream:75 - [STDERR_REDIRECT] Aug 12, 2024 9:07:58 PM java.util.prefs.WindowsPreferences <init>
2024-08-12 21:07:58,045 [ERROR] LogOutputStream:75 - [STDERR_REDIRECT] WARNING: Could not open/create prefs root node Software\JavaSoft\Prefs at root 0xffffffff80000002. Windows RegCreateKeyEx(...) returned error code 5.
2024-08-12 21:07:58,046 [ERROR] LogOutputStream:75 - [STDERR_REDIRECT] 
2024-08-12 21:07:58,732 [INFO] MainUpdater:2873 - connection check result : 10
2024-08-12 21:07:58,733 [INFO] MainUpdater:3567 - Updater definition file requires update
2024-08-12 21:07:58,735 [INFO] MainUpdater:290 - Updater Check For Update Now.
2024-08-12 21:07:58,736 [INFO] MicroXplorer:498 - Change Database Version : DB.6.0.111
2024-08-12 21:07:58,752 [INFO] McuFinderGlobals:63 - Set McuFinder mode to 2 (CubeIDE integrated)
2024-08-12 21:07:58,771 [INFO] UserAuth:415 - Internet connection configuration mode: 1
2024-08-12 21:07:58,808 [INFO] JxBrowserEngine:152 - Initiate JxBrowser Engine with user profile folder
2024-08-12 21:07:58,856 [INFO] ServerAccessManage:473 - Download File updaters.zip
2024-08-12 21:07:59,160 [INFO] FileExtend:240 - Unzip File : updaters.zip
2024-08-12 21:07:59,161 [INFO] FileExtend:255 - Standard Zip Deflate
2024-08-12 21:08:00,119 [INFO] ServerAccessManage:473 - Download File PacksControlFlags.xml
2024-08-12 21:08:00,342 [INFO] ServerAccessManage:473 - Download File cubemx.pidx
2024-08-12 21:08:00,503 [INFO] WebApp:161 - Instantiating new browser for Auth
2024-08-12 21:08:00,701 [WARN] MainUpdater:1194 - Updater busy. Cannot search thirdparties
2024-08-12 21:08:00,702 [INFO] ThirdPartyUpdaterWithRetryManager:96 - Updater plugin is busy. [1/15]
2024-08-12 21:08:01,577 [INFO] WebApp:779 - Register for checkConnection events
2024-08-12 21:08:01,578 [INFO] WebApp:414 - Apply proxy settings
2024-08-12 21:08:01,578 [INFO] WebApp:499 - Chromium requires no authentication
2024-08-12 21:08:01,590 [INFO] WebApp:442 - Direct internet connection detected
2024-08-12 21:08:01,911 [INFO] WebApp:192 - Starting web application
2024-08-12 21:08:01,912 [INFO] WebApp:544 - Web application path used C:\ST\STM32CubeIDE_1.15.1\STM32CubeIDE\plugins\com.st.stm32cube.common.mx_6.11.1.202404110753\db\plugins\mcufinder\reactClient1\index.html
2024-08-12 21:08:02,121 [INFO] ServerAccessManage:473 - Download File STMicroelectronics.FP-SNS-STBOX1.pdsc
2024-08-12 21:08:03,704 [WARN] MainUpdater:1194 - Updater busy. Cannot search thirdparties
2024-08-12 21:08:03,704 [INFO] ThirdPartyUpdaterWithRetryManager:96 - Updater plugin is busy. [2/15]
2024-08-12 21:08:05,334 [INFO] ServerAccessManage:473 - Download File STMicroelectronics.X-CUBE-TOF1.pdsc
2024-08-12 21:08:06,707 [WARN] MainUpdater:1194 - Updater busy. Cannot search thirdparties
2024-08-12 21:08:06,707 [INFO] ThirdPartyUpdaterWithRetryManager:96 - Updater plugin is busy. [3/15]
2024-08-12 21:08:09,709 [WARN] MainUpdater:1194 - Updater busy. Cannot search thirdparties
2024-08-12 21:08:09,709 [INFO] ThirdPartyUpdaterWithRetryManager:96 - Updater plugin is busy. [4/15]
2024-08-12 21:08:12,711 [WARN] MainUpdater:1194 - Updater busy. Cannot search thirdparties
2024-08-12 21:08:12,711 [INFO] ThirdPartyUpdaterWithRetryManager:96 - Updater plugin is busy. [5/15]
2024-08-12 21:08:15,721 [WARN] MainUpdater:1194 - Updater busy. Cannot search thirdparties
2024-08-12 21:08:15,722 [INFO] ThirdPartyUpdaterWithRetryManager:96 - Updater plugin is busy. [6/15]
2024-08-12 21:08:17,978 [ERROR] ServerAccessManage:1089 - Problem, file not found on Server
2024-08-12 21:08:18,722 [WARN] MainUpdater:1194 - Updater busy. Cannot search thirdparties
2024-08-12 21:08:18,723 [INFO] ThirdPartyUpdaterWithRetryManager:96 - Updater plugin is busy. [7/15]
2024-08-12 21:08:19,640 [INFO] ServerAccessManage:473 - Download File STMicroelectronics.X-CUBE-AZRTOS-H7.pdsc
2024-08-12 21:08:21,725 [WARN] MainUpdater:1194 - Updater busy. Cannot search thirdparties
2024-08-12 21:08:21,725 [INFO] ThirdPartyUpdaterWithRetryManager:96 - Updater plugin is busy. [8/15]
2024-08-12 21:08:23,010 [INFO] ServerAccessManage:473 - Download File wolfSSL.I-CUBE-wolfSSH.pdsc
2024-08-12 21:08:24,726 [WARN] MainUpdater:1194 - Updater busy. Cannot search thirdparties
2024-08-12 21:08:24,726 [INFO] ThirdPartyUpdaterWithRetryManager:96 - Updater plugin is busy. [9/15]
2024-08-12 21:08:24,966 [WARN] PackLoader:240 - Cannot read IP mode file for STMicroelectronics.FP-SNS-STBOX1.2.0.0
2024-08-12 21:08:25,012 [WARN] PackLoader:240 - Cannot read IP mode file for STMicroelectronics.X-CUBE-TOF1.3.4.2
2024-08-12 21:08:25,125 [INFO] CheckServerUpdateThread:120 - End of CheckServer Thread
2024-08-12 21:08:25,126 [WARN] PackLoader:240 - Cannot read IP mode file for STMicroelectronics.X-CUBE-AZRTOS-H7.3.3.0
2024-08-12 21:08:25,140 [WARN] PackLoader:240 - Cannot read IP mode file for wolfSSL.I-CUBE-wolfSSH.1.4.17
2024-08-12 21:08:25,142 [INFO] PopulateThirdPartyThread:66 - Ending populate Thread
2024-08-12 21:08:25,144 [INFO] ThirdParty:1030 - CMSIS Pack Vendor :STMicroelectronics FP-SNS-STBOX1 2.0.0
2024-08-12 21:08:25,144 [INFO] ThirdParty:1030 - CMSIS Pack Vendor :STMicroelectronics X-CUBE-AZRTOS-H7 3.3.0
2024-08-12 21:08:25,144 [INFO] ThirdParty:1030 - CMSIS Pack Vendor :STMicroelectronics X-CUBE-TOF1 3.4.2
2024-08-12 21:08:25,145 [INFO] ThirdParty:1030 - CMSIS Pack Vendor :wolfSSL I-CUBE-wolfSSH 1.4.17
2024-08-12 21:08:25,146 [INFO] LoadServerUpdatesThread:375 - End of LoadServerUpdate Thread
2024-08-12 21:08:28,195 [WARN] PackLoader:240 - Cannot read IP mode file for STMicroelectronics.FP-SNS-MOTENVWB1.1.4.0
2024-08-12 21:08:28,206 [WARN] PackLoader:240 - Cannot read IP mode file for STMicroelectronics.X-CUBE-SMBUS.2.1.0
2024-08-12 21:08:28,212 [WARN] PackLoader:240 - Cannot read IP mode file for STMicroelectronics.X-CUBE-TOUCHGFX.4.23.1
2024-08-12 21:08:28,216 [WARN] PackLoader:240 - Cannot read IP mode file for STMicroelectronics.X-CUBE-TOUCHGFX.4.23.0
2024-08-12 21:08:28,240 [WARN] PackLoader:240 - Cannot read IP mode file for STMicroelectronics.X-CUBE-TOUCHGFX.4.23.2
2024-08-12 21:08:28,329 [WARN] PackLoader:240 - Cannot read IP mode file for STMicroelectronics.X-CUBE-AZRTOS-F7.1.1.0
2024-08-12 21:08:28,361 [WARN] PackLoader:240 - Cannot read IP mode file for STMicroelectronics.FP-SNS-MOTENV1.4.3.2
2024-08-12 21:08:28,373 [WARN] PackLoader:240 - Cannot read IP mode file for STMicroelectronics.FP-SNS-FLIGHT1.5.0.2
2024-08-12 21:08:28,383 [WARN] PackLoader:240 - Cannot read IP mode file for STMicroelectronics.X-CUBE-DISPLAY.3.0.0
2024-08-12 21:08:28,399 [WARN] PackLoader:240 - Cannot read IP mode file for STMicroelectronics.X-CUBE-BLE1.7.0.0
2024-08-12 21:08:28,408 [WARN] PackLoader:240 - Cannot read IP mode file for emotas.I-CUBE-CANOPEN.1.3.0
2024-08-12 21:08:28,412 [WARN] PackLoader:240 - Cannot read IP mode file for STMicroelectronics.X-CUBE-TOUCHGFX.4.22.1
2024-08-12 21:08:28,428 [WARN] PackLoader:240 - Cannot read IP mode file for STMicroelectronics.X-CUBE-BLEMGR.3.1.0
2024-08-12 21:08:28,440 [WARN] PackLoader:240 - Cannot read IP mode file for STMicroelectronics.FP-SNS-SMARTAG2.1.2.0
2024-08-12 21:08:28,476 [INFO] LogOutputStream:77 - [STDOUT_REDIRECT] 1 : Invalid condition id : UX_CORESTACK_Condition cause : null
2024-08-12 21:08:28,477 [INFO] LogOutputStream:77 - [STDOUT_REDIRECT] 1 : Invalid condition id : UX_CORESTACK_Condition cause : null
2024-08-12 21:08:28,480 [INFO] LogOutputStream:77 - [STDOUT_REDIRECT] 1 : Invalid condition id : UX_CORESTACK_Condition cause : null
2024-08-12 21:08:28,482 [INFO] LogOutputStream:77 - [STDOUT_REDIRECT] 1 : Invalid condition id : UX_CORESTACK_Condition cause : null
2024-08-12 21:08:28,484 [INFO] LogOutputStream:77 - [STDOUT_REDIRECT] 1 : Invalid condition id : UX_CORESTACK_Condition cause : null
2024-08-12 21:08:28,488 [WARN] PackLoader:240 - Cannot read IP mode file for STMicroelectronics.X-CUBE-AZRTOS-WL.2.0.0
2024-08-12 21:08:28,495 [WARN] PackLoader:240 - Cannot read IP mode file for STMicroelectronics.FP-SNS-MOTENV1.5.0.0
2024-08-12 21:08:28,503 [WARN] PackLoader:240 - Cannot read IP mode file for wolfSSL.I-CUBE-wolfMQTT.1.19.0
2024-08-12 21:08:28,513 [WARN] PackLoader:240 - Cannot read IP mode file for WES.I-CUBE-Cesium.1.3.0
2024-08-12 21:08:28,539 [WARN] PackLoader:240 - Cannot read IP mode file for STMicroelectronics.X-CUBE-BLE2.3.3.0
2024-08-12 21:08:28,547 [WARN] PackLoader:240 - Cannot read IP mode file for STMicroelectronics.X-CUBE-TCPP.4.1.0
2024-08-12 21:08:28,557 [WARN] PackLoader:240 - Cannot read IP mode file for STMicroelectronics.X-CUBE-ALGOBUILD.1.3.0
2024-08-12 21:08:28,586 [WARN] PackLoader:240 - Cannot read IP mode file for STMicroelectronics.X-CUBE-AZRTOS-G0.1.1.0
2024-08-12 21:08:28,596 [WARN] PackLoader:240 - Cannot read IP mode file for STMicroelectronics.X-CUBE-SAFEA1.1.2.2
2024-08-12 21:08:28,623 [WARN] PackLoader:240 - Cannot read IP mode file for STMicroelectronics.X-CUBE-NFC4.3.0.0
2024-08-12 21:08:28,628 [WARN] PackLoader:240 - Cannot read IP mode file for wolfSSL.I-CUBE-wolfMQTT.1.18.0
2024-08-12 21:08:28,641 [WARN] PackLoader:240 - Cannot read IP mode file for EmbeddedOffice.I-CUBE-FS-RTOS.1.0.1
2024-08-12 21:08:28,641 [ERROR] ConditionMgr:805 - Attr not supported : Dmpu
2024-08-12 21:08:28,641 [ERROR] ConditionMgr:805 - Attr not supported : Dmpu
2024-08-12 21:08:28,641 [ERROR] ConditionMgr:805 - Attr not supported : Dmpu
2024-08-12 21:08:28,641 [ERROR] ConditionMgr:805 - Attr not supported : Dmpu
2024-08-12 21:08:28,642 [ERROR] ConditionMgr:805 - Attr not supported : Dmpu
2024-08-12 21:08:28,642 [ERROR] ConditionMgr:805 - Attr not supported : Dmpu
2024-08-12 21:08:28,642 [ERROR] ConditionMgr:805 - Attr not supported : Dmpu
2024-08-12 21:08:28,642 [ERROR] ConditionMgr:805 - Attr not supported : Dmpu
2024-08-12 21:08:28,642 [ERROR] ConditionMgr:805 - Attr not supported : Dmpu
2024-08-12 21:08:28,642 [ERROR] ConditionMgr:805 - Attr not supported : Dmpu
2024-08-12 21:08:28,642 [ERROR] ConditionMgr:805 - Attr not supported : Dmpu
2024-08-12 21:08:28,642 [ERROR] ConditionMgr:805 - Attr not supported : Dmpu
2024-08-12 21:08:28,642 [ERROR] ConditionMgr:805 - Attr not supported : Dmpu
2024-08-12 21:08:28,642 [ERROR] ConditionMgr:805 - Attr not supported : Dmpu
2024-08-12 21:08:28,642 [ERROR] ConditionMgr:805 - Attr not supported : Dmpu
2024-08-12 21:08:28,642 [ERROR] ConditionMgr:805 - Attr not supported : Dmpu
2024-08-12 21:08:28,642 [ERROR] ConditionMgr:805 - Attr not supported : Dmpu
2024-08-12 21:08:28,642 [ERROR] ConditionMgr:805 - Attr not supported : Dmpu
2024-08-12 21:08:28,642 [ERROR] ConditionMgr:805 - Attr not supported : Dmpu
2024-08-12 21:08:28,643 [ERROR] ConditionMgr:805 - Attr not supported : Dmpu
2024-08-12 21:08:28,643 [ERROR] ConditionMgr:805 - Attr not supported : Dmpu
2024-08-12 21:08:28,643 [ERROR] ConditionMgr:805 - Attr not supported : Dmpu
2024-08-12 21:08:28,643 [ERROR] ConditionMgr:805 - Attr not supported : Dmpu
2024-08-12 21:08:28,643 [ERROR] ConditionMgr:805 - Attr not supported : Dmpu
2024-08-12 21:08:28,643 [ERROR] ConditionMgr:805 - Attr not supported : Dmpu
2024-08-12 21:08:28,643 [ERROR] ConditionMgr:805 - Attr not supported : Dmpu
2024-08-12 21:08:28,643 [ERROR] ConditionMgr:805 - Attr not supported : Dmpu
2024-08-12 21:08:28,643 [ERROR] ConditionMgr:805 - Attr not supported : Dmpu
2024-08-12 21:08:28,643 [ERROR] ConditionMgr:805 - Attr not supported : Dmpu
2024-08-12 21:08:28,643 [ERROR] ConditionMgr:805 - Attr not supported : Dmpu
2024-08-12 21:08:28,643 [ERROR] ConditionMgr:805 - Attr not supported : Dmpu
2024-08-12 21:08:28,643 [ERROR] ConditionMgr:805 - Attr not supported : Dmpu
2024-08-12 21:08:28,643 [ERROR] ConditionMgr:805 - Attr not supported : Dmpu
2024-08-12 21:08:28,644 [ERROR] ConditionMgr:805 - Attr not supported : Dmpu
2024-08-12 21:08:28,644 [ERROR] ConditionMgr:805 - Attr not supported : Dmpu
2024-08-12 21:08:28,644 [ERROR] ConditionMgr:805 - Attr not supported : Dmpu
2024-08-12 21:08:28,644 [ERROR] ConditionMgr:805 - Attr not supported : Dmpu
2024-08-12 21:08:28,644 [ERROR] ConditionMgr:805 - Attr not supported : Dmpu
2024-08-12 21:08:28,644 [ERROR] ConditionMgr:805 - Attr not supported : Dmpu
2024-08-12 21:08:28,644 [ERROR] ConditionMgr:805 - Attr not supported : Dmpu
2024-08-12 21:08:28,644 [ERROR] ConditionMgr:805 - Attr not supported : Dmpu
2024-08-12 21:08:28,644 [ERROR] ConditionMgr:805 - Attr not supported : Dmpu
2024-08-12 21:08:28,644 [ERROR] ConditionMgr:805 - Attr not supported : Dmpu
2024-08-12 21:08:28,645 [ERROR] ConditionMgr:805 - Attr not supported : Dmpu
2024-08-12 21:08:28,645 [ERROR] ConditionMgr:805 - Attr not supported : Dmpu
2024-08-12 21:08:28,645 [ERROR] ConditionMgr:805 - Attr not supported : Dmpu
2024-08-12 21:08:28,645 [ERROR] ConditionMgr:805 - Attr not supported : Dmpu
2024-08-12 21:08:28,645 [ERROR] ConditionMgr:805 - Attr not supported : Dmpu
2024-08-12 21:08:28,645 [ERROR] ConditionMgr:805 - Attr not supported : Dmpu
2024-08-12 21:08:28,645 [ERROR] ConditionMgr:805 - Attr not supported : Dmpu
2024-08-12 21:08:28,645 [ERROR] ConditionMgr:805 - Attr not supported : Dmpu
2024-08-12 21:08:28,645 [ERROR] ConditionMgr:805 - Attr not supported : Dmpu
2024-08-12 21:08:28,645 [ERROR] ConditionMgr:805 - Attr not supported : Dmpu
2024-08-12 21:08:28,645 [ERROR] ConditionMgr:805 - Attr not supported : Dmpu
2024-08-12 21:08:28,646 [ERROR] ConditionMgr:805 - Attr not supported : Dmpu
2024-08-12 21:08:28,646 [ERROR] ConditionMgr:805 - Attr not supported : Dmpu
2024-08-12 21:08:28,646 [ERROR] ConditionMgr:805 - Attr not supported : Dmpu
2024-08-12 21:08:28,646 [ERROR] ConditionMgr:805 - Attr not supported : Dmpu
2024-08-12 21:08:28,646 [ERROR] ConditionMgr:805 - Attr not supported : Dmpu
2024-08-12 21:08:28,646 [ERROR] ConditionMgr:805 - Attr not supported : Dmpu
2024-08-12 21:08:28,646 [ERROR] ConditionMgr:805 - Attr not supported : Dmpu
2024-08-12 21:08:28,646 [ERROR] ConditionMgr:805 - Attr not supported : Dmpu
2024-08-12 21:08:28,646 [ERROR] ConditionMgr:805 - Attr not supported : Dmpu
2024-08-12 21:08:28,647 [ERROR] ConditionMgr:805 - Attr not supported : Dmpu
2024-08-12 21:08:28,658 [WARN] PackLoader:240 - Cannot read IP mode file for STMicroelectronics.X-CUBE-BLEMGR.3.0.0
2024-08-12 21:08:28,668 [WARN] PackLoader:240 - Cannot read IP mode file for RealThread.X-CUBE-RT-Thread_Nano.4.1.1
2024-08-12 21:08:28,675 [WARN] PackLoader:240 - Cannot read IP mode file for STMicroelectronics.FP-ATR-SIGFOX1.3.2.0
2024-08-12 21:08:28,686 [WARN] PackLoader:240 - Cannot read IP mode file for STMicroelectronics.X-CUBE-EEPRMA1.5.1.0
2024-08-12 21:08:28,751 [WARN] PackLoader:240 - Cannot read IP mode file for SEGGER.I-CUBE-embOS.1.3.1
2024-08-12 21:08:28,821 [WARN] PackLoader:240 - Cannot read IP mode file for STMicroelectronics.X-CUBE-ALGOBUILD.1.4.0
2024-08-12 21:08:28,848 [WARN] PackLoader:240 - Cannot read IP mode file for STMicroelectronics.X-CUBE-GNSS1.6.0.0
2024-08-12 21:08:28,883 [WARN] PackLoader:240 - Cannot read IP mode file for STMicroelectronics.X-CUBE-AZRTOS-F4.1.1.0
2024-08-12 21:08:28,894 [WARN] PackLoader:240 - Cannot read IP mode file for wolfSSL.I-CUBE-wolfSSL.5.6.3
2024-08-12 21:08:28,900 [WARN] PackLoader:240 - Cannot read IP mode file for STMicroelectronics.X-CUBE-FREERTOS.1.2.0
2024-08-12 21:08:28,926 [WARN] PackLoader:240 - Cannot read IP mode file for STMicroelectronics.X-CUBE-AZRTOS-L5.2.0.0
2024-08-12 21:08:28,991 [WARN] PackLoader:240 - Cannot read IP mode file for STMicroelectronics.X-CUBE-MEMS1.9.6.0
2024-08-12 21:08:29,284 [WARN] PackLoader:240 - Cannot read IP mode file for STMicroelectronics.X-CUBE-EEPRMA1.4.2.0
2024-08-12 21:08:29,296 [WARN] PackLoader:240 - Cannot read IP mode file for STMicroelectronics.X-CUBE-NFC6.3.1.0
2024-08-12 21:08:29,307 [WARN] PackLoader:240 - Cannot read IP mode file for ITTIA_DB.I-CUBE-ITTIADB.8.8.0
2024-08-12 21:08:29,318 [WARN] PackLoader:240 - Cannot read IP mode file for STMicroelectronics.X-CUBE-BLEMGR.2.0.0
2024-08-12 21:08:29,331 [WARN] PackLoader:240 - Cannot read IP mode file for STMicroelectronics.X-CUBE-DPower.1.2.0
2024-08-12 21:08:29,338 [WARN] PackLoader:240 - Cannot read IP mode file for STMicroelectronics.X-CUBE-AI.9.0.0
2024-08-12 21:08:29,361 [WARN] ConditionMgr:438 - getConditionDescription Invalid condition id : UX DEVICE CLASS RTOS Condition cause : null
2024-08-12 21:08:29,361 [WARN] ConditionMgr:438 - getConditionDescription Invalid condition id : UX DEVICE CLASS RTOS Condition cause : null
2024-08-12 21:08:29,365 [WARN] PackLoader:240 - Cannot read IP mode file for STMicroelectronics.X-CUBE-AZRTOS-H7.3.1.0
2024-08-12 21:08:29,367 [WARN] ConditionMgr:1039 - genDependencies : Invalid condition id : UX DEVICE CLASS RTOS Condition cause : null
2024-08-12 21:08:29,367 [WARN] ConditionMgr:1039 - genDependencies : Invalid condition id : UX DEVICE CLASS RTOS Condition cause : null
2024-08-12 21:08:29,368 [WARN] ConditionMgr:1039 - genDependencies : Invalid condition id : UX DEVICE CLASS RTOS Condition cause : null
2024-08-12 21:08:29,369 [WARN] ConditionMgr:1039 - genDependencies : Invalid condition id : UX DEVICE CLASS RTOS Condition cause : null
2024-08-12 21:08:29,369 [WARN] ConditionMgr:1039 - genDependencies : Invalid condition id : UX DEVICE CLASS RTOS Condition cause : null
2024-08-12 21:08:29,379 [WARN] PackLoader:240 - Cannot read IP mode file for STMicroelectronics.X-CUBE-NFC7.1.0.1
2024-08-12 21:08:29,395 [WARN] PackLoader:240 - Cannot read IP mode file for wolfSSL.I-CUBE-wolfTPM.3.2.0
2024-08-12 21:08:29,403 [WARN] PackLoader:240 - Cannot read IP mode file for STMicroelectronics.X-CUBE-NFC6.3.0.0
2024-08-12 21:08:29,413 [WARN] PackLoader:240 - Cannot read IP mode file for STMicroelectronics.X-CUBE-EEPRMA1.4.1.0
2024-08-12 21:08:29,418 [WARN] PackLoader:240 - Cannot read IP mode file for STMicroelectronics.X-CUBE-AI.8.1.0
2024-08-12 21:08:29,443 [WARN] ConditionMgr:438 - getConditionDescription Invalid condition id : LAN8742 Phy interface Condition cause : null
2024-08-12 21:08:29,444 [WARN] PackLoader:240 - Cannot read IP mode file for STMicroelectronics.X-CUBE-AZRTOS-L4.2.0.0
2024-08-12 21:08:29,445 [WARN] ConditionMgr:1039 - genDependencies : Invalid condition id : LAN8742 Phy interface Condition cause : null
2024-08-12 21:08:29,445 [WARN] ConditionMgr:1039 - genDependencies : Invalid condition id : LAN8742 Phy interface Condition cause : null
2024-08-12 21:08:29,446 [WARN] ConditionMgr:1039 - genDependencies : Invalid condition id : LAN8742 Phy interface Condition cause : null
2024-08-12 21:08:29,457 [WARN] PackLoader:240 - Cannot read IP mode file for STMicroelectronics.X-CUBE-SFXS2LP1.4.0.0
2024-08-12 21:08:29,464 [WARN] PackLoader:240 - Cannot read IP mode file for STMicroelectronics.X-CUBE-ISPU.1.1.0
2024-08-12 21:08:29,493 [WARN] PackLoader:240 - Cannot read IP mode file for STMicroelectronics.X-CUBE-AZRTOS-H7.3.3.0
2024-08-12 21:08:29,514 [WARN] ConditionMgr:438 - getConditionDescription Invalid condition id : UX DEVICE CLASS RTOS Condition cause : null
2024-08-12 21:08:29,514 [WARN] ConditionMgr:438 - getConditionDescription Invalid condition id : UX DEVICE CLASS RTOS Condition cause : null
2024-08-12 21:08:29,518 [WARN] PackLoader:240 - Cannot read IP mode file for STMicroelectronics.X-CUBE-AZRTOS-WB.2.0.0
2024-08-12 21:08:29,519 [WARN] ConditionMgr:1039 - genDependencies : Invalid condition id : UX DEVICE CLASS RTOS Condition cause : null
2024-08-12 21:08:29,519 [WARN] ConditionMgr:1039 - genDependencies : Invalid condition id : UX DEVICE CLASS RTOS Condition cause : null
2024-08-12 21:08:29,520 [WARN] ConditionMgr:1039 - genDependencies : Invalid condition id : UX DEVICE CLASS RTOS Condition cause : null
2024-08-12 21:08:29,520 [WARN] ConditionMgr:1039 - genDependencies : Invalid condition id : UX DEVICE CLASS RTOS Condition cause : null
2024-08-12 21:08:29,520 [WARN] ConditionMgr:1039 - genDependencies : Invalid condition id : UX DEVICE CLASS RTOS Condition cause : null
2024-08-12 21:08:29,529 [WARN] PackLoader:240 - Cannot read IP mode file for STMicroelectronics.FP-SNS-STBOX1.2.0.0
2024-08-12 21:08:29,546 [WARN] PackLoader:240 - Cannot read IP mode file for STMicroelectronics.X-CUBE-SUBG2.5.0.0
2024-08-12 21:08:29,560 [WARN] PackLoader:240 - Cannot read IP mode file for Cesanta.I-CUBE-Mongoose.7.13.0
2024-08-12 21:08:29,572 [WARN] PackLoader:240 - Cannot read IP mode file for STMicroelectronics.X-CUBE-TOF1.3.3.1
2024-08-12 21:08:29,614 [WARN] PackLoader:240 - Cannot read IP mode file for STMicroelectronics.X-CUBE-AZRTOS-G4.2.0.0
2024-08-12 21:08:29,632 [WARN] PackLoader:240 - Cannot read IP mode file for Infineon.AIROC-Wi-Fi-Bluetooth-STM32.1.5.1
2024-08-12 21:08:29,642 [WARN] PackLoader:240 - Cannot read IP mode file for STMicroelectronics.FP-SNS-MOTENVWB1.1.3.0
2024-08-12 21:08:29,647 [WARN] PackLoader:240 - Cannot read IP mode file for STMicroelectronics.FP-SNS-MOTENVWB1.1.3.1
2024-08-12 21:08:29,652 [WARN] PackLoader:240 - Cannot read IP mode file for STMicroelectronics.X-CUBE-ISPU.2.0.0
2024-08-12 21:08:29,658 [WARN] PackLoader:240 - Cannot read IP mode file for STMicroelectronics.X-CUBE-ALS.1.0.2
2024-08-12 21:08:29,716 [WARN] PackLoader:240 - Cannot read IP mode file for STMicroelectronics.X-CUBE-MEMS1.10.0.0
2024-08-12 21:08:29,910 [WARN] PackLoader:240 - Cannot read IP mode file for STMicroelectronics.X-CUBE-FREERTOS.1.1.0
2024-08-12 21:08:29,914 [WARN] PackLoader:240 - Cannot read IP mode file for STMicroelectronics.X-CUBE-TOUCHGFX.4.24.0
2024-08-12 21:08:29,923 [WARN] PackLoader:240 - Cannot read IP mode file for portGmbH.I-Cube-SoM-uGOAL.1.1.0
2024-08-12 21:08:29,928 [WARN] PackLoader:240 - Cannot read IP mode file for STMicroelectronics.X-CUBE-ALS.1.0.1
2024-08-12 21:08:29,989 [WARN] PackLoader:240 - Cannot read IP mode file for STMicroelectronics.X-CUBE-AZRTOS-H7RS.1.0.0
2024-08-12 21:08:30,003 [WARN] PackLoader:240 - Cannot read IP mode file for STMicroelectronics.FP-ATR-ASTRA1.2.0.0
2024-08-12 21:08:30,019 [WARN] PackLoader:240 - Cannot read IP mode file for STMicroelectronics.X-CUBE-TOF1.3.4.2
2024-08-12 21:08:30,050 [WARN] PackLoader:240 - Cannot read IP mode file for STMicroelectronics.X-CUBE-TOF1.3.4.0
2024-08-12 21:08:30,086 [WARN] PackLoader:240 - Cannot read IP mode file for STMicroelectronics.X-CUBE-TOF1.3.4.1
2024-08-12 21:08:30,179 [WARN] PackLoader:240 - Cannot read IP mode file for STMicroelectronics.X-CUBE-AZRTOS-H7.3.2.0
2024-08-12 21:08:30,233 [WARN] PackLoader:240 - Cannot read IP mode file for wolfSSL.I-CUBE-wolfSSH.1.4.17
2024-08-12 21:08:30,233 [INFO] ThirdParty:978 - Integrity check success = true
2024-08-12 21:08:30,234 [INFO] IntegrityCheckThread:100 - exiting critical section [integrity check]
2024-08-12 21:08:30,234 [INFO] IntegrityCheckThread:103 - End integrity checks thread
