2024-12-27 10:54:44,401 [INFO] Activator:176 - 


2024-12-27 10:54:44,412 [INFO] Activator:177 - !SESSION log4j initialized
2024-12-27 10:54:53,777 [INFO] LogOutputStream:77 - [STDOUT_REDIRECT] 
2024-12-27 10:54:58,878 [INFO] ApplicationProperties:184 - Using Application install path: C:\ST\STM32CubeIDE_1.15.1\STM32CubeIDE\plugins\com.st.stm32cube.common.mx_6.11.1.202404110753
2024-12-27 10:54:58,900 [INFO] DbMcusXml:78 - Set database path to: C:\ST\STM32CubeIDE_1.15.1\STM32CubeIDE\plugins\com.st.stm32cube.common.mx_6.11.1.202404110753\\db\/mcu/
2024-12-27 10:54:58,901 [INFO] ApiDb:274 - Set plugin database path to: C:\ST\STM32CubeIDE_1.15.1\STM32CubeIDE\plugins\com.st.stm32cube.common.mx_6.11.1.202404110753\\db\/plugins/boardmanager/
2024-12-27 10:54:58,901 [WARN] ApiDb:259 - Overriding images path with different value:  => C:\ST\STM32CubeIDE_1.15.1\STM32CubeIDE\plugins\com.st.stm32cube.common.mx_6.11.1.202404110753\\db\/plugins/mcufinder/images/
2024-12-27 10:54:58,912 [INFO] ApiDb:250 - Set database path to: C:\Users\gusta\.stmcufinder\plugins\mcufinder//mcu/
2024-12-27 10:54:58,913 [INFO] DbMcusAds:125 - Set database path to: C:\Users\gusta\.stmcufinder\plugins\mcufinder//mcu/
2024-12-27 10:54:58,917 [INFO] CrossReferenceDbSqlite:203 - Set database path to: C:\Users\gusta\.stmcufinder\plugins\mcufinder//mcu/cs/
2024-12-27 10:54:59,087 [INFO] RulesReader:64 - Compatibility file has been processed (297 Rules)
2024-12-27 10:54:59,199 [INFO] DbMcusXml:78 - Set database path to: C:\ST\STM32CubeIDE_1.15.1\STM32CubeIDE\plugins\com.st.stm32cube.common.mx_6.11.1.202404110753\\db\/mcu/
2024-12-27 10:54:59,199 [INFO] ApiDb:274 - Set plugin database path to: C:\ST\STM32CubeIDE_1.15.1\STM32CubeIDE\plugins\com.st.stm32cube.common.mx_6.11.1.202404110753\\db\/plugins/boardmanager/
2024-12-27 10:54:59,199 [INFO] ApiDb:261 - Set plugin images path to: C:\ST\STM32CubeIDE_1.15.1\STM32CubeIDE\plugins\com.st.stm32cube.common.mx_6.11.1.202404110753\\db\/plugins/mcufinder/images/
2024-12-27 10:54:59,200 [WARN] DbFile:41 - Overriding database path with different value: C:\Users\gusta\.stmcufinder\plugins\mcufinder/ => C:\Users\gusta\.stmcufinder\plugins\mcufinder
2024-12-27 10:54:59,200 [INFO] ApiDb:250 - Set database path to: C:\Users\gusta\.stmcufinder\plugins\mcufinder//mcu/
2024-12-27 10:54:59,200 [WARN] DbFile:41 - Overriding database path with different value: C:\Users\gusta\.stmcufinder\plugins\mcufinder/ => C:\Users\gusta\.stmcufinder\plugins\mcufinder
2024-12-27 10:54:59,200 [INFO] DbMcusAds:125 - Set database path to: C:\Users\gusta\.stmcufinder\plugins\mcufinder//mcu/
2024-12-27 10:54:59,200 [WARN] DbFile:41 - Overriding database path with different value: C:\Users\gusta\.stmcufinder\plugins\mcufinder/ => C:\Users\gusta\.stmcufinder\plugins\mcufinder
2024-12-27 10:54:59,200 [WARN] DbFile:41 - Overriding database path with different value: C:\Users\gusta\.stmcufinder\plugins\mcufinder/ => C:\Users\gusta\.stmcufinder\plugins\mcufinder
2024-12-27 10:54:59,201 [INFO] CrossReferenceDbSqlite:203 - Set database path to: C:\Users\gusta\.stmcufinder\plugins\mcufinder//mcu/cs/
2024-12-27 10:54:59,307 [INFO] MainPanel:264 - HeapMemory: 268435456
2024-12-27 10:54:59,428 [INFO] DbMcusXml:78 - Set database path to: C:\ST\STM32CubeIDE_1.15.1\STM32CubeIDE\plugins\com.st.stm32cube.common.mx_6.11.1.202404110753\\db\/mcu/
2024-12-27 10:54:59,428 [INFO] ApiDb:274 - Set plugin database path to: C:\ST\STM32CubeIDE_1.15.1\STM32CubeIDE\plugins\com.st.stm32cube.common.mx_6.11.1.202404110753\\db\/plugins/boardmanager/
2024-12-27 10:54:59,429 [INFO] ApiDb:261 - Set plugin images path to: C:\ST\STM32CubeIDE_1.15.1\STM32CubeIDE\plugins\com.st.stm32cube.common.mx_6.11.1.202404110753\\db\/plugins/mcufinder/images/
2024-12-27 10:54:59,429 [WARN] DbFile:41 - Overriding database path with different value: C:\Users\gusta\.stmcufinder\plugins\mcufinder/ => C:\Users\gusta\.stmcufinder\plugins\mcufinder
2024-12-27 10:54:59,429 [INFO] ApiDb:250 - Set database path to: C:\Users\gusta\.stmcufinder\plugins\mcufinder//mcu/
2024-12-27 10:54:59,429 [WARN] DbFile:41 - Overriding database path with different value: C:\Users\gusta\.stmcufinder\plugins\mcufinder/ => C:\Users\gusta\.stmcufinder\plugins\mcufinder
2024-12-27 10:54:59,429 [INFO] DbMcusAds:125 - Set database path to: C:\Users\gusta\.stmcufinder\plugins\mcufinder//mcu/
2024-12-27 10:54:59,429 [WARN] DbFile:41 - Overriding database path with different value: C:\Users\gusta\.stmcufinder\plugins\mcufinder/ => C:\Users\gusta\.stmcufinder\plugins\mcufinder
2024-12-27 10:54:59,430 [WARN] DbFile:41 - Overriding database path with different value: C:\Users\gusta\.stmcufinder\plugins\mcufinder/ => C:\Users\gusta\.stmcufinder\plugins\mcufinder
2024-12-27 10:54:59,430 [INFO] CrossReferenceDbSqlite:203 - Set database path to: C:\Users\gusta\.stmcufinder\plugins\mcufinder//mcu/cs/
2024-12-27 10:54:59,455 [INFO] ApplicationProperties:184 - Using Application install path: C:\ST\STM32CubeIDE_1.15.1\STM32CubeIDE\plugins\com.st.stm32cube.common.mx_6.11.1.202404110753
2024-12-27 10:54:59,457 [INFO] PluginManage:196 - Search for loadable plugins [exclusion list=, ]
2024-12-27 10:54:59,459 [INFO] PluginManage:310 - Check plugin analytics
2024-12-27 10:54:59,716 [INFO] AnalyticsPlugin:253 - Accepted Software Licenses: 
2024-12-27 10:54:59,717 [INFO] AnalyticsPlugin:255 - Accepted CMSIS Pack Licenses: 
2024-12-27 10:54:59,717 [INFO] AnalyticsPlugin:257 - Accepted Firmware Licenses: FW.F4.1.27.0,FW.F4.1.28.0
2024-12-27 10:54:59,722 [INFO] PluginManage:359 - Loaded plugin analytics (category:tool,tabindex:-1)
2024-12-27 10:54:59,723 [INFO] PluginManage:310 - Check plugin cadmodel
2024-12-27 10:54:59,731 [INFO] CADModel:105 - Init CAD model plugin
2024-12-27 10:54:59,732 [INFO] PluginManage:359 - Loaded plugin cadmodel (category:power,tabindex:5)
2024-12-27 10:54:59,733 [INFO] PluginManage:310 - Check plugin clock
2024-12-27 10:54:59,748 [INFO] PluginManage:359 - Loaded plugin clock (category:base,tabindex:2)
2024-12-27 10:54:59,748 [INFO] PluginManage:310 - Check plugin ddr
2024-12-27 10:54:59,752 [INFO] PluginManage:359 - Loaded plugin ddr (category:tool,tabindex:6)
2024-12-27 10:54:59,752 [INFO] PluginManage:310 - Check plugin filemanager
2024-12-27 10:54:59,932 [INFO] PluginManage:359 - Loaded plugin filemanager (category:base,tabindex:10)
2024-12-27 10:54:59,932 [INFO] PluginManage:310 - Check plugin ipmanager
2024-12-27 10:54:59,941 [INFO] PluginManage:359 - Loaded plugin ipmanager (category:base,tabindex:5)
2024-12-27 10:54:59,942 [INFO] PluginManage:310 - Check plugin lpbam
2024-12-27 10:54:59,954 [INFO] PluginManage:359 - Loaded plugin lpbam (category:base,tabindex:0)
2024-12-27 10:54:59,954 [INFO] PluginManage:310 - Check plugin memorymap
2024-12-27 10:54:59,975 [INFO] PluginManage:359 - Loaded plugin memorymap (category:base,tabindex:4)
2024-12-27 10:54:59,975 [INFO] PluginManage:310 - Check plugin pinoutandconfiguration
2024-12-27 10:54:59,986 [INFO] PluginManage:359 - Loaded plugin pinoutandconfiguration (category:base,tabindex:1)
2024-12-27 10:54:59,987 [INFO] PluginManage:310 - Check plugin pinoutconfig
2024-12-27 10:55:00,112 [WARN] SupportedApi:132 - Cannot load RTOS API schema: s4s-elt-must-match.1: The content of 'definitions' must match (annotation?, (simpleType | complexType)?, (unique | key | keyref)*)). A problem was found starting at: attribute.
2024-12-27 10:55:00,329 [INFO] PluginManage:359 - Loaded plugin pinoutconfig (category:base,tabindex:0)
2024-12-27 10:55:00,329 [INFO] PluginManage:310 - Check plugin power
2024-12-27 10:55:00,345 [INFO] PluginManage:359 - Loaded plugin power (category:power,tabindex:4)
2024-12-27 10:55:00,345 [INFO] PluginManage:310 - Check plugin projectmanager
2024-12-27 10:55:00,371 [INFO] PluginManage:359 - Loaded plugin projectmanager (category:projectmanager,tabindex:3)
2024-12-27 10:55:00,372 [INFO] PluginManage:310 - Check plugin thirdparty
2024-12-27 10:55:00,557 [INFO] PluginManage:359 - Loaded plugin thirdparty (category:base,tabindex:-1)
2024-12-27 10:55:00,558 [INFO] PluginManage:310 - Check plugin tools
2024-12-27 10:55:00,558 [WARN] IntegrityCheckThread:84 - waiting for thirdparty lock release [integrity check]
2024-12-27 10:55:00,559 [INFO] IntegrityCheckThread:86 - entering critical section [integrity check]
2024-12-27 10:55:00,560 [INFO] ThirdPartyUpdaterWithRetryManager:70 - Updater plugin not ready yet. [1/15]
2024-12-27 10:55:00,562 [INFO] PluginManage:359 - Loaded plugin tools (category:base,tabindex:7)
2024-12-27 10:55:00,562 [INFO] PluginManage:310 - Check plugin tutovideos
2024-12-27 10:55:00,795 [INFO] PluginManage:359 - Loaded plugin tutovideos (category:base,tabindex:-1)
2024-12-27 10:55:00,795 [INFO] PluginManage:310 - Check plugin updater
2024-12-27 10:55:00,809 [INFO] PluginManage:359 - Loaded plugin updater (category:base,tabindex:12)
2024-12-27 10:55:00,810 [INFO] PluginManage:310 - Check plugin userauth
2024-12-27 10:55:00,817 [INFO] UserAuth:114 - Init User Auth plugin
2024-12-27 10:55:00,817 [INFO] PluginManage:359 - Loaded plugin userauth (category:base,tabindex:14)
2024-12-27 10:55:00,817 [INFO] PluginManage:283 - PluginManage : Loaded plugins [17]
2024-12-27 10:55:01,078 [INFO] PinOutPanel:1561 - setPackage(No Configuration,No Configuration)
2024-12-27 10:55:01,168 [INFO] CADModel:165 - CPN selected for project level
2024-12-27 10:55:01,169 [INFO] CADModel:114 - Register for checkConnection events
2024-12-27 10:55:01,189 [INFO] IPUIPlugin:80 - create IPUIPlugin
2024-12-27 10:55:01,189 [INFO] PluginManager:220 - loadIPPluginJar : add adc
2024-12-27 10:55:01,192 [INFO] IPUIPlugin:80 - create IPUIPlugin
2024-12-27 10:55:01,192 [INFO] PluginManager:220 - loadIPPluginJar : add aes
2024-12-27 10:55:01,196 [INFO] IPUIPlugin:80 - create IPUIPlugin
2024-12-27 10:55:01,196 [INFO] PluginManager:220 - loadIPPluginJar : add can
2024-12-27 10:55:01,198 [INFO] IPUIPlugin:80 - create IPUIPlugin
2024-12-27 10:55:01,198 [INFO] PluginManager:220 - loadIPPluginJar : add comp
2024-12-27 10:55:01,202 [INFO] IPUIPlugin:80 - create IPUIPlugin
2024-12-27 10:55:01,202 [INFO] PluginManager:220 - loadIPPluginJar : add cryp
2024-12-27 10:55:01,205 [INFO] IPUIPlugin:80 - create IPUIPlugin
2024-12-27 10:55:01,205 [INFO] PluginManager:220 - loadIPPluginJar : add dfsdm
2024-12-27 10:55:01,213 [INFO] IPUIPlugin:80 - create IPUIPlugin
2024-12-27 10:55:01,214 [INFO] PluginManager:220 - loadIPPluginJar : add dma
2024-12-27 10:55:01,218 [INFO] IPUIPlugin:80 - create IPUIPlugin
2024-12-27 10:55:01,218 [INFO] PluginManager:220 - loadIPPluginJar : add dma3
2024-12-27 10:55:01,222 [INFO] IPUIPlugin:80 - create IPUIPlugin
2024-12-27 10:55:01,222 [INFO] PluginManager:220 - loadIPPluginJar : add extmemmanager
2024-12-27 10:55:01,224 [INFO] IPUIPlugin:80 - create IPUIPlugin
2024-12-27 10:55:01,224 [INFO] PluginManager:220 - loadIPPluginJar : add fatfs
2024-12-27 10:55:01,229 [INFO] IPUIPlugin:80 - create IPUIPlugin
2024-12-27 10:55:01,230 [INFO] PluginManager:220 - loadIPPluginJar : add fmc
2024-12-27 10:55:01,237 [INFO] IPUIPlugin:80 - create IPUIPlugin
2024-12-27 10:55:01,237 [INFO] PluginManager:220 - loadIPPluginJar : add freertos
2024-12-27 10:55:01,239 [INFO] IPUIPlugin:80 - create IPUIPlugin
2024-12-27 10:55:01,239 [INFO] PluginManager:220 - loadIPPluginJar : add genericplugin
2024-12-27 10:55:01,243 [INFO] IPUIPlugin:80 - create IPUIPlugin
2024-12-27 10:55:01,244 [INFO] PluginManager:220 - loadIPPluginJar : add gfxmmu
2024-12-27 10:55:01,250 [INFO] IPUIPlugin:80 - create IPUIPlugin
2024-12-27 10:55:01,250 [INFO] PluginManager:220 - loadIPPluginJar : add gic
2024-12-27 10:55:01,255 [INFO] IPUIPlugin:80 - create IPUIPlugin
2024-12-27 10:55:01,255 [INFO] PluginManager:220 - loadIPPluginJar : add gpio
2024-12-27 10:55:01,259 [INFO] IPUIPlugin:80 - create IPUIPlugin
2024-12-27 10:55:01,259 [INFO] PluginManager:220 - loadIPPluginJar : add gtzc
2024-12-27 10:55:01,263 [INFO] IPUIPlugin:80 - create IPUIPlugin
2024-12-27 10:55:01,263 [INFO] PluginManager:220 - loadIPPluginJar : add hash
2024-12-27 10:55:01,267 [INFO] IPUIPlugin:80 - create IPUIPlugin
2024-12-27 10:55:01,267 [INFO] PluginManager:220 - loadIPPluginJar : add i2c
2024-12-27 10:55:01,271 [INFO] IPUIPlugin:80 - create IPUIPlugin
2024-12-27 10:55:01,271 [INFO] PluginManager:220 - loadIPPluginJar : add i2s
2024-12-27 10:55:01,274 [INFO] IPUIPlugin:80 - create IPUIPlugin
2024-12-27 10:55:01,274 [INFO] PluginManager:220 - loadIPPluginJar : add i3c
2024-12-27 10:55:01,279 [INFO] IPUIPlugin:80 - create IPUIPlugin
2024-12-27 10:55:01,279 [INFO] PluginManager:220 - loadIPPluginJar : add ipddr
2024-12-27 10:55:01,287 [INFO] IPUIPlugin:80 - create IPUIPlugin
2024-12-27 10:55:01,287 [INFO] PluginManager:220 - loadIPPluginJar : add linkedlist
2024-12-27 10:55:01,290 [INFO] IPUIPlugin:80 - create IPUIPlugin
2024-12-27 10:55:01,290 [INFO] PluginManager:220 - loadIPPluginJar : add lorawan
2024-12-27 10:55:01,293 [INFO] IPUIPlugin:80 - create IPUIPlugin
2024-12-27 10:55:01,293 [INFO] PluginManager:220 - loadIPPluginJar : add ltdc
2024-12-27 10:55:01,300 [INFO] IPUIPlugin:80 - create IPUIPlugin
2024-12-27 10:55:01,300 [INFO] PluginManager:220 - loadIPPluginJar : add mdma
2024-12-27 10:55:01,303 [INFO] IPUIPlugin:80 - create IPUIPlugin
2024-12-27 10:55:01,304 [INFO] PluginManager:220 - loadIPPluginJar : add nvic
2024-12-27 10:55:01,307 [INFO] IPUIPlugin:80 - create IPUIPlugin
2024-12-27 10:55:01,307 [INFO] PluginManager:220 - loadIPPluginJar : add opamp
2024-12-27 10:55:01,311 [INFO] IPUIPlugin:80 - create IPUIPlugin
2024-12-27 10:55:01,312 [INFO] PluginManager:220 - loadIPPluginJar : add openamp
2024-12-27 10:55:01,316 [INFO] IPUIPlugin:80 - create IPUIPlugin
2024-12-27 10:55:01,316 [INFO] PluginManager:220 - loadIPPluginJar : add pdm2pcm
2024-12-27 10:55:01,322 [INFO] IPUIPlugin:80 - create IPUIPlugin
2024-12-27 10:55:01,325 [INFO] PluginManager:220 - loadIPPluginJar : add plateformsettings
2024-12-27 10:55:01,327 [INFO] IPUIPlugin:80 - create IPUIPlugin
2024-12-27 10:55:01,328 [INFO] PluginManager:220 - loadIPPluginJar : add quadspi
2024-12-27 10:55:01,333 [INFO] IPUIPlugin:80 - create IPUIPlugin
2024-12-27 10:55:01,333 [INFO] PluginManager:220 - loadIPPluginJar : add resmgrutility
2024-12-27 10:55:01,337 [INFO] IPUIPlugin:80 - create IPUIPlugin
2024-12-27 10:55:01,338 [INFO] PluginManager:220 - loadIPPluginJar : add sai
2024-12-27 10:55:01,341 [INFO] IPUIPlugin:80 - create IPUIPlugin
2024-12-27 10:55:01,341 [INFO] PluginManager:220 - loadIPPluginJar : add spi
2024-12-27 10:55:01,349 [INFO] IPUIPlugin:80 - create IPUIPlugin
2024-12-27 10:55:01,349 [INFO] PluginManager:220 - loadIPPluginJar : add stm32_wpan
2024-12-27 10:55:01,352 [INFO] IPUIPlugin:80 - create IPUIPlugin
2024-12-27 10:55:01,352 [INFO] PluginManager:220 - loadIPPluginJar : add tim
2024-12-27 10:55:01,357 [INFO] IPUIPlugin:80 - create IPUIPlugin
2024-12-27 10:55:01,357 [INFO] PluginManager:220 - loadIPPluginJar : add touchsensing
2024-12-27 10:55:01,360 [INFO] IPUIPlugin:80 - create IPUIPlugin
2024-12-27 10:55:01,360 [INFO] PluginManager:220 - loadIPPluginJar : add tracer_emb
2024-12-27 10:55:01,363 [INFO] IPUIPlugin:80 - create IPUIPlugin
2024-12-27 10:55:01,363 [INFO] PluginManager:220 - loadIPPluginJar : add ts
2024-12-27 10:55:01,365 [INFO] IPUIPlugin:80 - create IPUIPlugin
2024-12-27 10:55:01,366 [INFO] PluginManager:220 - loadIPPluginJar : add tsc
2024-12-27 10:55:01,368 [INFO] IPUIPlugin:80 - create IPUIPlugin
2024-12-27 10:55:01,368 [INFO] PluginManager:220 - loadIPPluginJar : add ucpd
2024-12-27 10:55:01,373 [INFO] IPUIPlugin:80 - create IPUIPlugin
2024-12-27 10:55:01,373 [INFO] PluginManager:220 - loadIPPluginJar : add usart
2024-12-27 10:55:01,378 [INFO] IPUIPlugin:80 - create IPUIPlugin
2024-12-27 10:55:01,378 [INFO] PluginManager:220 - loadIPPluginJar : add usbx
2024-12-27 10:55:01,530 [INFO] CADModel:165 - CPN selected for project level
2024-12-27 10:55:01,531 [INFO] CADModel:114 - Register for checkConnection events
2024-12-27 10:55:01,531 [FATAL] Updater:308 - Updater called before beeing initialized
2024-12-27 10:55:01,531 [ERROR] CADModel:125 - Updater not yet initialized, retry later 
2024-12-27 10:55:01,745 [INFO] CADModel:165 - CPN selected for project level
2024-12-27 10:55:01,746 [INFO] CADModel:114 - Register for checkConnection events
2024-12-27 10:55:01,746 [FATAL] Updater:308 - Updater called before beeing initialized
2024-12-27 10:55:01,746 [ERROR] CADModel:125 - Updater not yet initialized, retry later 
2024-12-27 10:55:01,750 [FATAL] Updater:308 - Updater called before beeing initialized
2024-12-27 10:55:02,032 [FATAL] Updater:308 - Updater called before beeing initialized
2024-12-27 10:55:02,037 [INFO] DbMcusAds:53 - JSON generation date=Thu May 16 06:22:00 ART 2024 (1715851320667)
2024-12-27 10:55:02,037 [FATAL] Updater:308 - Updater called before beeing initialized
2024-12-27 10:55:02,105 [WARN] DetailPanel:346 - Failed to get advertising image, set to default
2024-12-27 10:55:02,203 [FATAL] Updater:308 - Updater called before beeing initialized
2024-12-27 10:55:02,205 [FATAL] Updater:308 - Updater called before beeing initialized
2024-12-27 10:55:02,205 [FATAL] Updater:308 - Updater called before beeing initialized
2024-12-27 10:55:02,205 [WARN] DetailPanel:346 - Failed to get advertising image, set to default
2024-12-27 10:55:02,206 [FATAL] Updater:308 - Updater called before beeing initialized
2024-12-27 10:55:02,264 [ERROR] Updater:1120 - MainUpdater not yet initialized. External WinMGr cannot be set.
2024-12-27 10:55:02,267 [INFO] Updater:1056 - Updater Version found : 6.11.1
2024-12-27 10:55:02,286 [INFO] ApplicationProperties:184 - Using Application install path: C:\ST\STM32CubeIDE_1.15.1\STM32CubeIDE\plugins\com.st.stm32cube.common.mx_6.11.1.202404110753
2024-12-27 10:55:03,561 [INFO] ThirdPartyUpdaterWithRetryManager:70 - Updater plugin not ready yet. [2/15]
2024-12-27 10:55:03,877 [ERROR] LogOutputStream:75 - [STDERR_REDIRECT] Dec 27, 2024 10:55:03 AM java.util.prefs.WindowsPreferences <init>
2024-12-27 10:55:03,881 [ERROR] LogOutputStream:75 - [STDERR_REDIRECT] WARNING: Could not open/create prefs root node Software\JavaSoft\Prefs at root 0xffffffff80000002. Windows RegCreateKeyEx(...) returned error code 5.
2024-12-27 10:55:03,882 [ERROR] LogOutputStream:75 - [STDERR_REDIRECT] 
2024-12-27 10:55:04,264 [INFO] MainUpdater:2873 - connection check result : 10
2024-12-27 10:55:04,265 [INFO] MainUpdater:3567 - Updater definition file requires update
2024-12-27 10:55:04,266 [INFO] MainUpdater:290 - Updater Check For Update Now.
2024-12-27 10:55:04,266 [INFO] MicroXplorer:498 - Change Database Version : DB.6.0.111
2024-12-27 10:55:04,274 [INFO] McuFinderGlobals:63 - Set McuFinder mode to 2 (CubeIDE integrated)
2024-12-27 10:55:04,281 [INFO] UserAuth:415 - Internet connection configuration mode: 1
2024-12-27 10:55:04,305 [INFO] JxBrowserEngine:152 - Initiate JxBrowser Engine with user profile folder
2024-12-27 10:55:05,539 [INFO] WebApp:161 - Instantiating new browser for Auth
2024-12-27 10:55:05,610 [INFO] ServerAccessManage:473 - Download File updaters.zip
2024-12-27 10:55:05,697 [INFO] FileExtend:240 - Unzip File : updaters.zip
2024-12-27 10:55:05,697 [INFO] FileExtend:255 - Standard Zip Deflate
2024-12-27 10:55:06,563 [WARN] MainUpdater:1194 - Updater busy. Cannot search thirdparties
2024-12-27 10:55:06,563 [INFO] ThirdPartyUpdaterWithRetryManager:96 - Updater plugin is busy. [1/15]
2024-12-27 10:55:06,876 [INFO] WebApp:779 - Register for checkConnection events
2024-12-27 10:55:06,877 [INFO] WebApp:414 - Apply proxy settings
2024-12-27 10:55:06,877 [INFO] WebApp:499 - Chromium requires no authentication
2024-12-27 10:55:06,886 [INFO] WebApp:442 - Direct internet connection detected
2024-12-27 10:55:07,037 [INFO] ServerAccessManage:473 - Download File PacksControlFlags.xml
2024-12-27 10:55:07,166 [INFO] WebApp:192 - Starting web application
2024-12-27 10:55:07,166 [INFO] WebApp:544 - Web application path used C:\ST\STM32CubeIDE_1.15.1\STM32CubeIDE\plugins\com.st.stm32cube.common.mx_6.11.1.202404110753\db\plugins\mcufinder\reactClient1\index.html
2024-12-27 10:55:07,832 [INFO] ServerAccessManage:473 - Download File cubemx.pidx
2024-12-27 10:55:08,010 [INFO] LoadServerUpdatesThread:375 - End of LoadServerUpdate Thread
2024-12-27 10:55:08,230 [INFO] CheckServerUpdateThread:120 - End of CheckServer Thread
2024-12-27 10:55:10,062 [WARN] PackLoader:240 - Cannot read IP mode file for STMicroelectronics.FP-SNS-MOTENVWB1.1.4.0
2024-12-27 10:55:10,073 [WARN] PackLoader:240 - Cannot read IP mode file for STMicroelectronics.FP-ATR-ASTRA1.2.0.1
2024-12-27 10:55:10,086 [WARN] PackLoader:240 - Cannot read IP mode file for STMicroelectronics.X-CUBE-SMBUS.2.1.0
2024-12-27 10:55:10,096 [WARN] PackLoader:240 - Cannot read IP mode file for STMicroelectronics.X-CUBE-WB05N.1.1.0
2024-12-27 10:55:10,104 [WARN] PackLoader:240 - Cannot read IP mode file for STMicroelectronics.X-CUBE-TOUCHGFX.4.23.1
2024-12-27 10:55:10,107 [WARN] PackLoader:240 - Cannot read IP mode file for STMicroelectronics.X-CUBE-TOUCHGFX.4.23.0
2024-12-27 10:55:10,112 [WARN] PackLoader:240 - Cannot read IP mode file for STMicroelectronics.X-CUBE-TOUCHGFX.4.23.2
2024-12-27 10:55:10,158 [WARN] PackLoader:240 - Cannot read IP mode file for STMicroelectronics.X-CUBE-AZRTOS-F7.1.1.0
2024-12-27 10:55:10,177 [WARN] PackLoader:240 - Cannot read IP mode file for STMicroelectronics.FP-SNS-MOTENV1.4.3.2
2024-12-27 10:55:10,289 [WARN] PackLoader:240 - Cannot read IP mode file for STMicroelectronics.X-CUBE-MEMS1.11.0.0
2024-12-27 10:55:10,589 [WARN] PackLoader:240 - Cannot read IP mode file for STMicroelectronics.FP-SNS-FLIGHT1.5.0.2
2024-12-27 10:55:10,602 [WARN] PackLoader:240 - Cannot read IP mode file for STMicroelectronics.X-CUBE-DISPLAY.3.0.0
2024-12-27 10:55:10,618 [WARN] PackLoader:240 - Cannot read IP mode file for STMicroelectronics.X-CUBE-BLE1.7.0.0
2024-12-27 10:55:10,629 [WARN] PackLoader:240 - Cannot read IP mode file for STMicroelectronics.X-CUBE-NFC10.1.0.0
2024-12-27 10:55:10,653 [WARN] PackLoader:240 - Cannot read IP mode file for STMicroelectronics.X-CUBE-BLEMGR.4.0.0
2024-12-27 10:55:10,669 [WARN] PackLoader:240 - Cannot read IP mode file for emotas.I-CUBE-CANOPEN.1.3.0
2024-12-27 10:55:10,673 [WARN] PackLoader:240 - Cannot read IP mode file for STMicroelectronics.X-CUBE-TOUCHGFX.4.22.1
2024-12-27 10:55:10,689 [WARN] PackLoader:240 - Cannot read IP mode file for STMicroelectronics.X-CUBE-BLEMGR.3.1.0
2024-12-27 10:55:10,700 [WARN] PackLoader:240 - Cannot read IP mode file for STMicroelectronics.FP-SNS-SMARTAG2.1.2.0
2024-12-27 10:55:10,801 [WARN] PackLoader:240 - Cannot read IP mode file for STMicroelectronics.X-CUBE-MEMS1.11.1.0
2024-12-27 10:55:11,133 [INFO] LogOutputStream:77 - [STDOUT_REDIRECT] 1 : Invalid condition id : UX_CORESTACK_Condition cause : null
2024-12-27 10:55:11,134 [INFO] LogOutputStream:77 - [STDOUT_REDIRECT] 1 : Invalid condition id : UX_CORESTACK_Condition cause : null
2024-12-27 10:55:11,136 [INFO] LogOutputStream:77 - [STDOUT_REDIRECT] 1 : Invalid condition id : UX_CORESTACK_Condition cause : null
2024-12-27 10:55:11,138 [INFO] LogOutputStream:77 - [STDOUT_REDIRECT] 1 : Invalid condition id : UX_CORESTACK_Condition cause : null
2024-12-27 10:55:11,140 [INFO] LogOutputStream:77 - [STDOUT_REDIRECT] 1 : Invalid condition id : UX_CORESTACK_Condition cause : null
2024-12-27 10:55:11,146 [WARN] PackLoader:240 - Cannot read IP mode file for STMicroelectronics.X-CUBE-AZRTOS-WL.2.0.0
2024-12-27 10:55:11,152 [WARN] PackLoader:240 - Cannot read IP mode file for STMicroelectronics.FP-SNS-MOTENV1.5.0.0
2024-12-27 10:55:11,161 [WARN] PackLoader:240 - Cannot read IP mode file for wolfSSL.I-CUBE-wolfMQTT.1.19.0
2024-12-27 10:55:11,174 [WARN] PackLoader:240 - Cannot read IP mode file for WES.I-CUBE-Cesium.1.3.0
2024-12-27 10:55:11,182 [WARN] PackLoader:240 - Cannot read IP mode file for STMicroelectronics.X-CUBE-BLE2.3.3.0
2024-12-27 10:55:11,190 [WARN] PackLoader:240 - Cannot read IP mode file for STMicroelectronics.X-CUBE-NFC9.1.0.0
2024-12-27 10:55:11,200 [WARN] PackLoader:240 - Cannot read IP mode file for STMicroelectronics.X-CUBE-TCPP.4.1.0
2024-12-27 10:55:11,210 [WARN] PackLoader:240 - Cannot read IP mode file for STMicroelectronics.X-CUBE-ALGOBUILD.1.3.0
2024-12-27 10:55:11,234 [WARN] PackLoader:240 - Cannot read IP mode file for STMicroelectronics.X-CUBE-AZRTOS-G0.1.1.0
2024-12-27 10:55:11,247 [WARN] PackLoader:240 - Cannot read IP mode file for STMicroelectronics.X-CUBE-SAFEA1.1.2.2
2024-12-27 10:55:11,257 [WARN] PackLoader:240 - Cannot read IP mode file for STMicroelectronics.X-CUBE-NFC4.3.0.0
2024-12-27 10:55:11,264 [WARN] PackLoader:240 - Cannot read IP mode file for wolfSSL.I-CUBE-wolfMQTT.1.18.0
2024-12-27 10:55:11,275 [WARN] PackLoader:240 - Cannot read IP mode file for EmbeddedOffice.I-CUBE-FS-RTOS.1.0.1
2024-12-27 10:55:11,276 [ERROR] ConditionMgr:805 - Attr not supported : Dmpu
2024-12-27 10:55:11,276 [ERROR] ConditionMgr:805 - Attr not supported : Dmpu
2024-12-27 10:55:11,277 [ERROR] ConditionMgr:805 - Attr not supported : Dmpu
2024-12-27 10:55:11,277 [ERROR] ConditionMgr:805 - Attr not supported : Dmpu
2024-12-27 10:55:11,277 [ERROR] ConditionMgr:805 - Attr not supported : Dmpu
2024-12-27 10:55:11,278 [ERROR] ConditionMgr:805 - Attr not supported : Dmpu
2024-12-27 10:55:11,278 [ERROR] ConditionMgr:805 - Attr not supported : Dmpu
2024-12-27 10:55:11,278 [ERROR] ConditionMgr:805 - Attr not supported : Dmpu
2024-12-27 10:55:11,279 [ERROR] ConditionMgr:805 - Attr not supported : Dmpu
2024-12-27 10:55:11,279 [ERROR] ConditionMgr:805 - Attr not supported : Dmpu
2024-12-27 10:55:11,279 [ERROR] ConditionMgr:805 - Attr not supported : Dmpu
2024-12-27 10:55:11,279 [ERROR] ConditionMgr:805 - Attr not supported : Dmpu
2024-12-27 10:55:11,279 [ERROR] ConditionMgr:805 - Attr not supported : Dmpu
2024-12-27 10:55:11,279 [ERROR] ConditionMgr:805 - Attr not supported : Dmpu
2024-12-27 10:55:11,279 [ERROR] ConditionMgr:805 - Attr not supported : Dmpu
2024-12-27 10:55:11,280 [ERROR] ConditionMgr:805 - Attr not supported : Dmpu
2024-12-27 10:55:11,280 [ERROR] ConditionMgr:805 - Attr not supported : Dmpu
2024-12-27 10:55:11,280 [ERROR] ConditionMgr:805 - Attr not supported : Dmpu
2024-12-27 10:55:11,280 [ERROR] ConditionMgr:805 - Attr not supported : Dmpu
2024-12-27 10:55:11,280 [ERROR] ConditionMgr:805 - Attr not supported : Dmpu
2024-12-27 10:55:11,280 [ERROR] ConditionMgr:805 - Attr not supported : Dmpu
2024-12-27 10:55:11,280 [ERROR] ConditionMgr:805 - Attr not supported : Dmpu
2024-12-27 10:55:11,280 [ERROR] ConditionMgr:805 - Attr not supported : Dmpu
2024-12-27 10:55:11,280 [ERROR] ConditionMgr:805 - Attr not supported : Dmpu
2024-12-27 10:55:11,280 [ERROR] ConditionMgr:805 - Attr not supported : Dmpu
2024-12-27 10:55:11,280 [ERROR] ConditionMgr:805 - Attr not supported : Dmpu
2024-12-27 10:55:11,281 [ERROR] ConditionMgr:805 - Attr not supported : Dmpu
2024-12-27 10:55:11,281 [ERROR] ConditionMgr:805 - Attr not supported : Dmpu
2024-12-27 10:55:11,281 [ERROR] ConditionMgr:805 - Attr not supported : Dmpu
2024-12-27 10:55:11,281 [ERROR] ConditionMgr:805 - Attr not supported : Dmpu
2024-12-27 10:55:11,281 [ERROR] ConditionMgr:805 - Attr not supported : Dmpu
2024-12-27 10:55:11,281 [ERROR] ConditionMgr:805 - Attr not supported : Dmpu
2024-12-27 10:55:11,281 [ERROR] ConditionMgr:805 - Attr not supported : Dmpu
2024-12-27 10:55:11,281 [ERROR] ConditionMgr:805 - Attr not supported : Dmpu
2024-12-27 10:55:11,281 [ERROR] ConditionMgr:805 - Attr not supported : Dmpu
2024-12-27 10:55:11,281 [ERROR] ConditionMgr:805 - Attr not supported : Dmpu
2024-12-27 10:55:11,281 [ERROR] ConditionMgr:805 - Attr not supported : Dmpu
2024-12-27 10:55:11,282 [ERROR] ConditionMgr:805 - Attr not supported : Dmpu
2024-12-27 10:55:11,282 [ERROR] ConditionMgr:805 - Attr not supported : Dmpu
2024-12-27 10:55:11,282 [ERROR] ConditionMgr:805 - Attr not supported : Dmpu
2024-12-27 10:55:11,282 [ERROR] ConditionMgr:805 - Attr not supported : Dmpu
2024-12-27 10:55:11,282 [ERROR] ConditionMgr:805 - Attr not supported : Dmpu
2024-12-27 10:55:11,282 [ERROR] ConditionMgr:805 - Attr not supported : Dmpu
2024-12-27 10:55:11,282 [ERROR] ConditionMgr:805 - Attr not supported : Dmpu
2024-12-27 10:55:11,282 [ERROR] ConditionMgr:805 - Attr not supported : Dmpu
2024-12-27 10:55:11,282 [ERROR] ConditionMgr:805 - Attr not supported : Dmpu
2024-12-27 10:55:11,283 [ERROR] ConditionMgr:805 - Attr not supported : Dmpu
2024-12-27 10:55:11,283 [ERROR] ConditionMgr:805 - Attr not supported : Dmpu
2024-12-27 10:55:11,283 [ERROR] ConditionMgr:805 - Attr not supported : Dmpu
2024-12-27 10:55:11,283 [ERROR] ConditionMgr:805 - Attr not supported : Dmpu
2024-12-27 10:55:11,283 [ERROR] ConditionMgr:805 - Attr not supported : Dmpu
2024-12-27 10:55:11,283 [ERROR] ConditionMgr:805 - Attr not supported : Dmpu
2024-12-27 10:55:11,283 [ERROR] ConditionMgr:805 - Attr not supported : Dmpu
2024-12-27 10:55:11,283 [ERROR] ConditionMgr:805 - Attr not supported : Dmpu
2024-12-27 10:55:11,283 [ERROR] ConditionMgr:805 - Attr not supported : Dmpu
2024-12-27 10:55:11,283 [ERROR] ConditionMgr:805 - Attr not supported : Dmpu
2024-12-27 10:55:11,283 [ERROR] ConditionMgr:805 - Attr not supported : Dmpu
2024-12-27 10:55:11,284 [ERROR] ConditionMgr:805 - Attr not supported : Dmpu
2024-12-27 10:55:11,284 [ERROR] ConditionMgr:805 - Attr not supported : Dmpu
2024-12-27 10:55:11,284 [ERROR] ConditionMgr:805 - Attr not supported : Dmpu
2024-12-27 10:55:11,284 [ERROR] ConditionMgr:805 - Attr not supported : Dmpu
2024-12-27 10:55:11,284 [ERROR] ConditionMgr:805 - Attr not supported : Dmpu
2024-12-27 10:55:11,284 [ERROR] ConditionMgr:805 - Attr not supported : Dmpu
2024-12-27 10:55:11,284 [ERROR] ConditionMgr:805 - Attr not supported : Dmpu
2024-12-27 10:55:11,297 [WARN] PackLoader:240 - Cannot read IP mode file for STMicroelectronics.X-CUBE-BLEMGR.3.0.0
2024-12-27 10:55:11,306 [ERROR] Engine:466 - C:\Users\gusta\.stm32cubemx\thirdparties\pdsc\STMicroelectronics.X-CUBE-TCPP.4.2.0.pdsc: PDSC version is not supported
2024-12-27 10:55:11,313 [WARN] PackLoader:240 - Cannot read IP mode file for RealThread.X-CUBE-RT-Thread_Nano.4.1.1
2024-12-27 10:55:11,319 [WARN] PackLoader:240 - Cannot read IP mode file for STMicroelectronics.FP-ATR-SIGFOX1.3.2.0
2024-12-27 10:55:11,324 [WARN] ConditionMgr:438 - getConditionDescription Invalid condition id : Cortex-A Device cause : null
2024-12-27 10:55:11,339 [WARN] ConditionMgr:1039 - genDependencies : Invalid condition id : Cortex-A Device cause : null
2024-12-27 10:55:11,340 [WARN] ConditionMgr:1039 - genDependencies : Invalid condition id : Cortex-A Device cause : null
2024-12-27 10:55:11,340 [WARN] ConditionMgr:1039 - genDependencies : Invalid condition id : Cortex-A Device cause : null
2024-12-27 10:55:11,348 [WARN] PackLoader:240 - Cannot read IP mode file for STMicroelectronics.X-CUBE-EEPRMA1.5.1.0
2024-12-27 10:55:11,396 [WARN] PackLoader:240 - Cannot read IP mode file for SEGGER.I-CUBE-embOS.1.3.1
2024-12-27 10:55:11,452 [WARN] PackLoader:240 - Cannot read IP mode file for STMicroelectronics.X-CUBE-ALGOBUILD.1.4.0
2024-12-27 10:55:11,458 [WARN] PackLoader:240 - Cannot read IP mode file for STMicroelectronics.X-CUBE-AI.9.1.0
2024-12-27 10:55:11,465 [WARN] PackLoader:240 - Cannot read IP mode file for STMicroelectronics.X-CUBE-GNSS1.6.0.0
2024-12-27 10:55:11,488 [WARN] PackLoader:240 - Cannot read IP mode file for STMicroelectronics.X-CUBE-AZRTOS-F4.1.1.0
2024-12-27 10:55:11,497 [WARN] PackLoader:240 - Cannot read IP mode file for wolfSSL.I-CUBE-wolfSSL.5.6.3
2024-12-27 10:55:11,503 [WARN] PackLoader:240 - Cannot read IP mode file for STMicroelectronics.X-CUBE-ISPU.2.1.0
2024-12-27 10:55:11,510 [WARN] PackLoader:240 - Cannot read IP mode file for STMicroelectronics.X-CUBE-FREERTOS.1.2.0
2024-12-27 10:55:11,535 [WARN] PackLoader:240 - Cannot read IP mode file for STMicroelectronics.X-CUBE-AZRTOS-L5.2.0.0
2024-12-27 10:55:11,596 [WARN] PackLoader:240 - Cannot read IP mode file for STMicroelectronics.X-CUBE-MEMS1.9.6.0
2024-12-27 10:55:11,828 [WARN] PackLoader:240 - Cannot read IP mode file for STMicroelectronics.X-CUBE-EEPRMA1.4.2.0
2024-12-27 10:55:11,837 [WARN] PackLoader:240 - Cannot read IP mode file for STMicroelectronics.X-CUBE-NFC6.3.1.0
2024-12-27 10:55:11,855 [WARN] PackLoader:240 - Cannot read IP mode file for ITTIA_DB.I-CUBE-ITTIADB.8.8.0
2024-12-27 10:55:11,865 [WARN] PackLoader:240 - Cannot read IP mode file for STMicroelectronics.X-CUBE-BLEMGR.2.0.0
2024-12-27 10:55:11,873 [WARN] PackLoader:240 - Cannot read IP mode file for STMicroelectronics.X-CUBE-DPower.1.2.0
2024-12-27 10:55:11,880 [WARN] PackLoader:240 - Cannot read IP mode file for STMicroelectronics.X-CUBE-AI.9.0.0
2024-12-27 10:55:11,911 [WARN] ConditionMgr:438 - getConditionDescription Invalid condition id : UX DEVICE CLASS RTOS Condition cause : null
2024-12-27 10:55:11,912 [WARN] ConditionMgr:438 - getConditionDescription Invalid condition id : UX DEVICE CLASS RTOS Condition cause : null
2024-12-27 10:55:11,917 [WARN] PackLoader:240 - Cannot read IP mode file for STMicroelectronics.X-CUBE-AZRTOS-H7.3.1.0
2024-12-27 10:55:11,919 [WARN] ConditionMgr:1039 - genDependencies : Invalid condition id : UX DEVICE CLASS RTOS Condition cause : null
2024-12-27 10:55:11,919 [WARN] ConditionMgr:1039 - genDependencies : Invalid condition id : UX DEVICE CLASS RTOS Condition cause : null
2024-12-27 10:55:11,920 [WARN] ConditionMgr:1039 - genDependencies : Invalid condition id : UX DEVICE CLASS RTOS Condition cause : null
2024-12-27 10:55:11,921 [WARN] ConditionMgr:1039 - genDependencies : Invalid condition id : UX DEVICE CLASS RTOS Condition cause : null
2024-12-27 10:55:11,921 [WARN] ConditionMgr:1039 - genDependencies : Invalid condition id : UX DEVICE CLASS RTOS Condition cause : null
2024-12-27 10:55:11,933 [WARN] PackLoader:240 - Cannot read IP mode file for STMicroelectronics.X-CUBE-FREERTOS.1.3.0
2024-12-27 10:55:11,942 [WARN] PackLoader:240 - Cannot read IP mode file for STMicroelectronics.X-CUBE-NFC7.1.0.1
2024-12-27 10:55:11,949 [WARN] PackLoader:240 - Cannot read IP mode file for wolfSSL.I-CUBE-wolfTPM.3.2.0
2024-12-27 10:55:11,958 [WARN] PackLoader:240 - Cannot read IP mode file for STMicroelectronics.X-CUBE-NFC6.3.0.0
2024-12-27 10:55:11,971 [WARN] PackLoader:240 - Cannot read IP mode file for STMicroelectronics.X-CUBE-EEPRMA1.4.1.0
2024-12-27 10:55:11,981 [WARN] PackLoader:240 - Cannot read IP mode file for STMicroelectronics.X-CUBE-AI.8.1.0
2024-12-27 10:55:12,007 [WARN] ConditionMgr:438 - getConditionDescription Invalid condition id : LAN8742 Phy interface Condition cause : null
2024-12-27 10:55:12,008 [WARN] PackLoader:240 - Cannot read IP mode file for STMicroelectronics.X-CUBE-AZRTOS-L4.2.0.0
2024-12-27 10:55:12,011 [WARN] ConditionMgr:1039 - genDependencies : Invalid condition id : LAN8742 Phy interface Condition cause : null
2024-12-27 10:55:12,012 [WARN] ConditionMgr:1039 - genDependencies : Invalid condition id : LAN8742 Phy interface Condition cause : null
2024-12-27 10:55:12,013 [WARN] ConditionMgr:1039 - genDependencies : Invalid condition id : LAN8742 Phy interface Condition cause : null
2024-12-27 10:55:12,023 [WARN] PackLoader:240 - Cannot read IP mode file for STMicroelectronics.X-CUBE-SFXS2LP1.4.0.0
2024-12-27 10:55:12,031 [WARN] PackLoader:240 - Cannot read IP mode file for STMicroelectronics.X-CUBE-ISPU.1.1.0
2024-12-27 10:55:12,064 [WARN] PackLoader:240 - Cannot read IP mode file for STMicroelectronics.X-CUBE-AZRTOS-H7.3.3.0
2024-12-27 10:55:12,084 [WARN] PackLoader:240 - Cannot read IP mode file for STMicroelectronics.X-CUBE-IPS.3.0.0
2024-12-27 10:55:12,107 [WARN] ConditionMgr:438 - getConditionDescription Invalid condition id : UX DEVICE CLASS RTOS Condition cause : null
2024-12-27 10:55:12,108 [WARN] ConditionMgr:438 - getConditionDescription Invalid condition id : UX DEVICE CLASS RTOS Condition cause : null
2024-12-27 10:55:12,112 [WARN] PackLoader:240 - Cannot read IP mode file for STMicroelectronics.X-CUBE-AZRTOS-WB.2.0.0
2024-12-27 10:55:12,113 [WARN] ConditionMgr:1039 - genDependencies : Invalid condition id : UX DEVICE CLASS RTOS Condition cause : null
2024-12-27 10:55:12,114 [WARN] ConditionMgr:1039 - genDependencies : Invalid condition id : UX DEVICE CLASS RTOS Condition cause : null
2024-12-27 10:55:12,114 [WARN] ConditionMgr:1039 - genDependencies : Invalid condition id : UX DEVICE CLASS RTOS Condition cause : null
2024-12-27 10:55:12,115 [WARN] ConditionMgr:1039 - genDependencies : Invalid condition id : UX DEVICE CLASS RTOS Condition cause : null
2024-12-27 10:55:12,115 [WARN] ConditionMgr:1039 - genDependencies : Invalid condition id : UX DEVICE CLASS RTOS Condition cause : null
2024-12-27 10:55:12,122 [WARN] PackLoader:240 - Cannot read IP mode file for STMicroelectronics.X-CUBE-GNSS1.7.0.0
2024-12-27 10:55:12,129 [WARN] PackLoader:240 - Cannot read IP mode file for STMicroelectronics.X-CUBE-GNSS1.7.0.1
2024-12-27 10:55:12,138 [WARN] PackLoader:240 - Cannot read IP mode file for STMicroelectronics.FP-SNS-STBOX1.2.0.0
2024-12-27 10:55:12,154 [WARN] PackLoader:240 - Cannot read IP mode file for STMicroelectronics.X-CUBE-SUBG2.5.0.0
2024-12-27 10:55:12,168 [WARN] PackLoader:240 - Cannot read IP mode file for Cesanta.I-CUBE-Mongoose.7.13.0
2024-12-27 10:55:12,188 [WARN] PackLoader:240 - Cannot read IP mode file for STMicroelectronics.X-CUBE-TOF1.3.3.1
2024-12-27 10:55:12,237 [WARN] PackLoader:240 - Cannot read IP mode file for STMicroelectronics.X-CUBE-AZRTOS-G4.2.0.0
2024-12-27 10:55:12,257 [WARN] PackLoader:240 - Cannot read IP mode file for Infineon.AIROC-Wi-Fi-Bluetooth-STM32.1.5.1
2024-12-27 10:55:12,265 [WARN] PackLoader:240 - Cannot read IP mode file for STMicroelectronics.FP-SNS-MOTENVWB1.1.3.0
2024-12-27 10:55:12,271 [WARN] PackLoader:240 - Cannot read IP mode file for STMicroelectronics.FP-SNS-MOTENVWB1.1.3.1
2024-12-27 10:55:12,277 [WARN] PackLoader:240 - Cannot read IP mode file for STMicroelectronics.X-CUBE-ISPU.2.0.0
2024-12-27 10:55:12,283 [WARN] PackLoader:240 - Cannot read IP mode file for STMicroelectronics.X-CUBE-ALS.1.0.2
2024-12-27 10:55:12,345 [WARN] PackLoader:240 - Cannot read IP mode file for STMicroelectronics.X-CUBE-MEMS1.10.0.0
2024-12-27 10:55:12,516 [WARN] PackLoader:240 - Cannot read IP mode file for STMicroelectronics.X-CUBE-FREERTOS.1.1.0
2024-12-27 10:55:12,520 [WARN] PackLoader:240 - Cannot read IP mode file for STMicroelectronics.X-CUBE-TOUCHGFX.4.24.0
2024-12-27 10:55:12,524 [WARN] PackLoader:240 - Cannot read IP mode file for STMicroelectronics.X-CUBE-TOUCHGFX.4.24.1
2024-12-27 10:55:12,531 [WARN] PackLoader:240 - Cannot read IP mode file for portGmbH.I-Cube-SoM-uGOAL.1.1.0
2024-12-27 10:55:12,535 [WARN] PackLoader:240 - Cannot read IP mode file for STMicroelectronics.X-CUBE-ALS.1.0.1
2024-12-27 10:55:12,561 [WARN] PackLoader:240 - Cannot read IP mode file for STMicroelectronics.X-CUBE-AZRTOS-H7RS.1.0.0
2024-12-27 10:55:12,568 [WARN] PackLoader:240 - Cannot read IP mode file for STMicroelectronics.FP-ATR-ASTRA1.2.0.0
2024-12-27 10:55:12,582 [WARN] PackLoader:240 - Cannot read IP mode file for STMicroelectronics.X-CUBE-TOF1.3.4.2
2024-12-27 10:55:12,611 [WARN] PackLoader:240 - Cannot read IP mode file for STMicroelectronics.X-CUBE-TOF1.3.4.0
2024-12-27 10:55:12,637 [WARN] PackLoader:240 - Cannot read IP mode file for STMicroelectronics.X-CUBE-TOF1.3.4.1
2024-12-27 10:55:12,675 [WARN] PackLoader:240 - Cannot read IP mode file for STMicroelectronics.X-CUBE-AZRTOS-H7.3.2.0
2024-12-27 10:55:12,686 [WARN] PackLoader:240 - Cannot read IP mode file for wolfSSL.I-CUBE-wolfSSH.1.4.17
2024-12-27 10:55:12,686 [INFO] ThirdParty:978 - Integrity check success = true
2024-12-27 10:55:12,686 [INFO] IntegrityCheckThread:100 - exiting critical section [integrity check]
2024-12-27 10:55:12,687 [INFO] IntegrityCheckThread:103 - End integrity checks thread
2024-12-27 13:57:58,432 [ERROR] LogOutputStream:75 - [STDERR_REDIRECT] 
2024-12-27 13:57:58,433 [ERROR] LogOutputStream:75 - [STDERR_REDIRECT] 
