2024-08-14 18:56:52,473 [INFO] Activator:176 - 


2024-08-14 18:56:52,482 [INFO] Activator:177 - !SESSION log4j initialized
2024-08-14 18:57:01,099 [INFO] LogOutputStream:77 - [STDOUT_REDIRECT] 
2024-08-14 18:57:08,432 [INFO] ApplicationProperties:184 - Using Application install path: C:\ST\STM32CubeIDE_1.15.1\STM32CubeIDE\plugins\com.st.stm32cube.common.mx_6.11.1.202404110753
2024-08-14 18:57:08,454 [INFO] DbMcusXml:78 - Set database path to: C:\ST\STM32CubeIDE_1.15.1\STM32CubeIDE\plugins\com.st.stm32cube.common.mx_6.11.1.202404110753\\db\/mcu/
2024-08-14 18:57:08,454 [INFO] ApiDb:274 - Set plugin database path to: C:\ST\STM32CubeIDE_1.15.1\STM32CubeIDE\plugins\com.st.stm32cube.common.mx_6.11.1.202404110753\\db\/plugins/boardmanager/
2024-08-14 18:57:08,455 [WARN] ApiDb:259 - Overriding images path with different value:  => C:\ST\STM32CubeIDE_1.15.1\STM32CubeIDE\plugins\com.st.stm32cube.common.mx_6.11.1.202404110753\\db\/plugins/mcufinder/images/
2024-08-14 18:57:08,466 [INFO] ApiDb:250 - Set database path to: C:\Users\gusta\.stmcufinder\plugins\mcufinder//mcu/
2024-08-14 18:57:08,467 [INFO] DbMcusAds:125 - Set database path to: C:\Users\gusta\.stmcufinder\plugins\mcufinder//mcu/
2024-08-14 18:57:08,470 [INFO] CrossReferenceDbSqlite:203 - Set database path to: C:\Users\gusta\.stmcufinder\plugins\mcufinder//mcu/cs/
2024-08-14 18:57:08,639 [INFO] RulesReader:64 - Compatibility file has been processed (297 Rules)
2024-08-14 18:57:08,767 [INFO] DbMcusXml:78 - Set database path to: C:\ST\STM32CubeIDE_1.15.1\STM32CubeIDE\plugins\com.st.stm32cube.common.mx_6.11.1.202404110753\\db\/mcu/
2024-08-14 18:57:08,768 [INFO] ApiDb:274 - Set plugin database path to: C:\ST\STM32CubeIDE_1.15.1\STM32CubeIDE\plugins\com.st.stm32cube.common.mx_6.11.1.202404110753\\db\/plugins/boardmanager/
2024-08-14 18:57:08,768 [INFO] ApiDb:261 - Set plugin images path to: C:\ST\STM32CubeIDE_1.15.1\STM32CubeIDE\plugins\com.st.stm32cube.common.mx_6.11.1.202404110753\\db\/plugins/mcufinder/images/
2024-08-14 18:57:08,768 [WARN] DbFile:41 - Overriding database path with different value: C:\Users\gusta\.stmcufinder\plugins\mcufinder/ => C:\Users\gusta\.stmcufinder\plugins\mcufinder
2024-08-14 18:57:08,768 [INFO] ApiDb:250 - Set database path to: C:\Users\gusta\.stmcufinder\plugins\mcufinder//mcu/
2024-08-14 18:57:08,768 [WARN] DbFile:41 - Overriding database path with different value: C:\Users\gusta\.stmcufinder\plugins\mcufinder/ => C:\Users\gusta\.stmcufinder\plugins\mcufinder
2024-08-14 18:57:08,768 [INFO] DbMcusAds:125 - Set database path to: C:\Users\gusta\.stmcufinder\plugins\mcufinder//mcu/
2024-08-14 18:57:08,769 [WARN] DbFile:41 - Overriding database path with different value: C:\Users\gusta\.stmcufinder\plugins\mcufinder/ => C:\Users\gusta\.stmcufinder\plugins\mcufinder
2024-08-14 18:57:08,769 [WARN] DbFile:41 - Overriding database path with different value: C:\Users\gusta\.stmcufinder\plugins\mcufinder/ => C:\Users\gusta\.stmcufinder\plugins\mcufinder
2024-08-14 18:57:08,769 [INFO] CrossReferenceDbSqlite:203 - Set database path to: C:\Users\gusta\.stmcufinder\plugins\mcufinder//mcu/cs/
2024-08-14 18:57:08,880 [INFO] MainPanel:264 - HeapMemory: 268435456
2024-08-14 18:57:08,998 [INFO] DbMcusXml:78 - Set database path to: C:\ST\STM32CubeIDE_1.15.1\STM32CubeIDE\plugins\com.st.stm32cube.common.mx_6.11.1.202404110753\\db\/mcu/
2024-08-14 18:57:08,998 [INFO] ApiDb:274 - Set plugin database path to: C:\ST\STM32CubeIDE_1.15.1\STM32CubeIDE\plugins\com.st.stm32cube.common.mx_6.11.1.202404110753\\db\/plugins/boardmanager/
2024-08-14 18:57:08,998 [INFO] ApiDb:261 - Set plugin images path to: C:\ST\STM32CubeIDE_1.15.1\STM32CubeIDE\plugins\com.st.stm32cube.common.mx_6.11.1.202404110753\\db\/plugins/mcufinder/images/
2024-08-14 18:57:08,998 [WARN] DbFile:41 - Overriding database path with different value: C:\Users\gusta\.stmcufinder\plugins\mcufinder/ => C:\Users\gusta\.stmcufinder\plugins\mcufinder
2024-08-14 18:57:08,999 [INFO] ApiDb:250 - Set database path to: C:\Users\gusta\.stmcufinder\plugins\mcufinder//mcu/
2024-08-14 18:57:08,999 [WARN] DbFile:41 - Overriding database path with different value: C:\Users\gusta\.stmcufinder\plugins\mcufinder/ => C:\Users\gusta\.stmcufinder\plugins\mcufinder
2024-08-14 18:57:08,999 [INFO] DbMcusAds:125 - Set database path to: C:\Users\gusta\.stmcufinder\plugins\mcufinder//mcu/
2024-08-14 18:57:08,999 [WARN] DbFile:41 - Overriding database path with different value: C:\Users\gusta\.stmcufinder\plugins\mcufinder/ => C:\Users\gusta\.stmcufinder\plugins\mcufinder
2024-08-14 18:57:08,999 [WARN] DbFile:41 - Overriding database path with different value: C:\Users\gusta\.stmcufinder\plugins\mcufinder/ => C:\Users\gusta\.stmcufinder\plugins\mcufinder
2024-08-14 18:57:08,999 [INFO] CrossReferenceDbSqlite:203 - Set database path to: C:\Users\gusta\.stmcufinder\plugins\mcufinder//mcu/cs/
2024-08-14 18:57:09,031 [INFO] ApplicationProperties:184 - Using Application install path: C:\ST\STM32CubeIDE_1.15.1\STM32CubeIDE\plugins\com.st.stm32cube.common.mx_6.11.1.202404110753
2024-08-14 18:57:09,036 [INFO] PluginManage:196 - Search for loadable plugins [exclusion list=, ]
2024-08-14 18:57:09,039 [INFO] PluginManage:310 - Check plugin analytics
2024-08-14 18:57:13,851 [INFO] AnalyticsPlugin:253 - Accepted Software Licenses: 
2024-08-14 18:57:13,851 [INFO] AnalyticsPlugin:255 - Accepted CMSIS Pack Licenses: 
2024-08-14 18:57:13,852 [INFO] AnalyticsPlugin:257 - Accepted Firmware Licenses: FW.F4.1.27.0,FW.F4.1.28.0
2024-08-14 18:57:13,856 [INFO] PluginManage:359 - Loaded plugin analytics (category:tool,tabindex:-1)
2024-08-14 18:57:13,858 [INFO] PluginManage:310 - Check plugin cadmodel
2024-08-14 18:57:13,866 [INFO] CADModel:105 - Init CAD model plugin
2024-08-14 18:57:13,866 [INFO] PluginManage:359 - Loaded plugin cadmodel (category:power,tabindex:5)
2024-08-14 18:57:13,866 [INFO] PluginManage:310 - Check plugin clock
2024-08-14 18:57:13,883 [INFO] PluginManage:359 - Loaded plugin clock (category:base,tabindex:2)
2024-08-14 18:57:13,883 [INFO] PluginManage:310 - Check plugin ddr
2024-08-14 18:57:13,887 [INFO] PluginManage:359 - Loaded plugin ddr (category:tool,tabindex:6)
2024-08-14 18:57:13,887 [INFO] PluginManage:310 - Check plugin filemanager
2024-08-14 18:57:14,054 [INFO] PluginManage:359 - Loaded plugin filemanager (category:base,tabindex:10)
2024-08-14 18:57:14,055 [INFO] PluginManage:310 - Check plugin ipmanager
2024-08-14 18:57:14,063 [INFO] PluginManage:359 - Loaded plugin ipmanager (category:base,tabindex:5)
2024-08-14 18:57:14,064 [INFO] PluginManage:310 - Check plugin lpbam
2024-08-14 18:57:14,074 [INFO] PluginManage:359 - Loaded plugin lpbam (category:base,tabindex:0)
2024-08-14 18:57:14,074 [INFO] PluginManage:310 - Check plugin memorymap
2024-08-14 18:57:14,093 [INFO] PluginManage:359 - Loaded plugin memorymap (category:base,tabindex:4)
2024-08-14 18:57:14,093 [INFO] PluginManage:310 - Check plugin pinoutandconfiguration
2024-08-14 18:57:14,104 [INFO] PluginManage:359 - Loaded plugin pinoutandconfiguration (category:base,tabindex:1)
2024-08-14 18:57:14,104 [INFO] PluginManage:310 - Check plugin pinoutconfig
2024-08-14 18:57:14,240 [WARN] SupportedApi:132 - Cannot load RTOS API schema: s4s-elt-must-match.1: The content of 'definitions' must match (annotation?, (simpleType | complexType)?, (unique | key | keyref)*)). A problem was found starting at: attribute.
2024-08-14 18:57:14,464 [INFO] PluginManage:359 - Loaded plugin pinoutconfig (category:base,tabindex:0)
2024-08-14 18:57:14,464 [INFO] PluginManage:310 - Check plugin power
2024-08-14 18:57:14,479 [INFO] PluginManage:359 - Loaded plugin power (category:power,tabindex:4)
2024-08-14 18:57:14,480 [INFO] PluginManage:310 - Check plugin projectmanager
2024-08-14 18:57:14,506 [INFO] PluginManage:359 - Loaded plugin projectmanager (category:projectmanager,tabindex:3)
2024-08-14 18:57:14,507 [INFO] PluginManage:310 - Check plugin thirdparty
2024-08-14 18:57:14,692 [INFO] PluginManage:359 - Loaded plugin thirdparty (category:base,tabindex:-1)
2024-08-14 18:57:14,693 [INFO] PluginManage:310 - Check plugin tools
2024-08-14 18:57:14,692 [WARN] IntegrityCheckThread:84 - waiting for thirdparty lock release [integrity check]
2024-08-14 18:57:14,694 [INFO] IntegrityCheckThread:86 - entering critical section [integrity check]
2024-08-14 18:57:14,696 [INFO] ThirdPartyUpdaterWithRetryManager:70 - Updater plugin not ready yet. [1/15]
2024-08-14 18:57:14,698 [INFO] PluginManage:359 - Loaded plugin tools (category:base,tabindex:7)
2024-08-14 18:57:14,698 [INFO] PluginManage:310 - Check plugin tutovideos
2024-08-14 18:57:15,015 [INFO] PluginManage:359 - Loaded plugin tutovideos (category:base,tabindex:-1)
2024-08-14 18:57:15,015 [INFO] PluginManage:310 - Check plugin updater
2024-08-14 18:57:15,030 [INFO] PluginManage:359 - Loaded plugin updater (category:base,tabindex:12)
2024-08-14 18:57:15,030 [INFO] PluginManage:310 - Check plugin userauth
2024-08-14 18:57:15,037 [INFO] UserAuth:114 - Init User Auth plugin
2024-08-14 18:57:15,037 [INFO] PluginManage:359 - Loaded plugin userauth (category:base,tabindex:14)
2024-08-14 18:57:15,038 [INFO] PluginManage:283 - PluginManage : Loaded plugins [17]
2024-08-14 18:57:15,352 [INFO] PinOutPanel:1561 - setPackage(No Configuration,No Configuration)
2024-08-14 18:57:15,444 [INFO] CADModel:165 - CPN selected for project level
2024-08-14 18:57:15,445 [INFO] CADModel:114 - Register for checkConnection events
2024-08-14 18:57:15,468 [INFO] IPUIPlugin:80 - create IPUIPlugin
2024-08-14 18:57:15,469 [INFO] PluginManager:220 - loadIPPluginJar : add adc
2024-08-14 18:57:15,473 [INFO] IPUIPlugin:80 - create IPUIPlugin
2024-08-14 18:57:15,473 [INFO] PluginManager:220 - loadIPPluginJar : add aes
2024-08-14 18:57:15,478 [INFO] IPUIPlugin:80 - create IPUIPlugin
2024-08-14 18:57:15,479 [INFO] PluginManager:220 - loadIPPluginJar : add can
2024-08-14 18:57:15,481 [INFO] IPUIPlugin:80 - create IPUIPlugin
2024-08-14 18:57:15,481 [INFO] PluginManager:220 - loadIPPluginJar : add comp
2024-08-14 18:57:15,486 [INFO] IPUIPlugin:80 - create IPUIPlugin
2024-08-14 18:57:15,486 [INFO] PluginManager:220 - loadIPPluginJar : add cryp
2024-08-14 18:57:15,490 [INFO] IPUIPlugin:80 - create IPUIPlugin
2024-08-14 18:57:15,491 [INFO] PluginManager:220 - loadIPPluginJar : add dfsdm
2024-08-14 18:57:15,499 [INFO] IPUIPlugin:80 - create IPUIPlugin
2024-08-14 18:57:15,500 [INFO] PluginManager:220 - loadIPPluginJar : add dma
2024-08-14 18:57:15,503 [INFO] IPUIPlugin:80 - create IPUIPlugin
2024-08-14 18:57:15,504 [INFO] PluginManager:220 - loadIPPluginJar : add dma3
2024-08-14 18:57:15,508 [INFO] IPUIPlugin:80 - create IPUIPlugin
2024-08-14 18:57:15,508 [INFO] PluginManager:220 - loadIPPluginJar : add extmemmanager
2024-08-14 18:57:15,511 [INFO] IPUIPlugin:80 - create IPUIPlugin
2024-08-14 18:57:15,511 [INFO] PluginManager:220 - loadIPPluginJar : add fatfs
2024-08-14 18:57:15,518 [INFO] IPUIPlugin:80 - create IPUIPlugin
2024-08-14 18:57:15,518 [INFO] PluginManager:220 - loadIPPluginJar : add fmc
2024-08-14 18:57:15,528 [INFO] IPUIPlugin:80 - create IPUIPlugin
2024-08-14 18:57:15,529 [INFO] PluginManager:220 - loadIPPluginJar : add freertos
2024-08-14 18:57:15,531 [INFO] IPUIPlugin:80 - create IPUIPlugin
2024-08-14 18:57:15,532 [INFO] PluginManager:220 - loadIPPluginJar : add genericplugin
2024-08-14 18:57:15,537 [INFO] IPUIPlugin:80 - create IPUIPlugin
2024-08-14 18:57:15,537 [INFO] PluginManager:220 - loadIPPluginJar : add gfxmmu
2024-08-14 18:57:15,545 [INFO] IPUIPlugin:80 - create IPUIPlugin
2024-08-14 18:57:15,545 [INFO] PluginManager:220 - loadIPPluginJar : add gic
2024-08-14 18:57:15,550 [INFO] IPUIPlugin:80 - create IPUIPlugin
2024-08-14 18:57:15,550 [INFO] PluginManager:220 - loadIPPluginJar : add gpio
2024-08-14 18:57:15,555 [INFO] IPUIPlugin:80 - create IPUIPlugin
2024-08-14 18:57:15,555 [INFO] PluginManager:220 - loadIPPluginJar : add gtzc
2024-08-14 18:57:15,558 [INFO] IPUIPlugin:80 - create IPUIPlugin
2024-08-14 18:57:15,559 [INFO] PluginManager:220 - loadIPPluginJar : add hash
2024-08-14 18:57:15,562 [INFO] IPUIPlugin:80 - create IPUIPlugin
2024-08-14 18:57:15,563 [INFO] PluginManager:220 - loadIPPluginJar : add i2c
2024-08-14 18:57:15,566 [INFO] IPUIPlugin:80 - create IPUIPlugin
2024-08-14 18:57:15,566 [INFO] PluginManager:220 - loadIPPluginJar : add i2s
2024-08-14 18:57:15,571 [INFO] IPUIPlugin:80 - create IPUIPlugin
2024-08-14 18:57:15,571 [INFO] PluginManager:220 - loadIPPluginJar : add i3c
2024-08-14 18:57:15,576 [INFO] IPUIPlugin:80 - create IPUIPlugin
2024-08-14 18:57:15,577 [INFO] PluginManager:220 - loadIPPluginJar : add ipddr
2024-08-14 18:57:15,587 [INFO] IPUIPlugin:80 - create IPUIPlugin
2024-08-14 18:57:15,587 [INFO] PluginManager:220 - loadIPPluginJar : add linkedlist
2024-08-14 18:57:15,592 [INFO] IPUIPlugin:80 - create IPUIPlugin
2024-08-14 18:57:15,592 [INFO] PluginManager:220 - loadIPPluginJar : add lorawan
2024-08-14 18:57:15,595 [INFO] IPUIPlugin:80 - create IPUIPlugin
2024-08-14 18:57:15,595 [INFO] PluginManager:220 - loadIPPluginJar : add ltdc
2024-08-14 18:57:15,605 [INFO] IPUIPlugin:80 - create IPUIPlugin
2024-08-14 18:57:15,605 [INFO] PluginManager:220 - loadIPPluginJar : add mdma
2024-08-14 18:57:15,610 [INFO] IPUIPlugin:80 - create IPUIPlugin
2024-08-14 18:57:15,611 [INFO] PluginManager:220 - loadIPPluginJar : add nvic
2024-08-14 18:57:15,616 [INFO] IPUIPlugin:80 - create IPUIPlugin
2024-08-14 18:57:15,616 [INFO] PluginManager:220 - loadIPPluginJar : add opamp
2024-08-14 18:57:15,622 [INFO] IPUIPlugin:80 - create IPUIPlugin
2024-08-14 18:57:15,622 [INFO] PluginManager:220 - loadIPPluginJar : add openamp
2024-08-14 18:57:15,627 [INFO] IPUIPlugin:80 - create IPUIPlugin
2024-08-14 18:57:15,627 [INFO] PluginManager:220 - loadIPPluginJar : add pdm2pcm
2024-08-14 18:57:15,637 [INFO] IPUIPlugin:80 - create IPUIPlugin
2024-08-14 18:57:15,641 [INFO] PluginManager:220 - loadIPPluginJar : add plateformsettings
2024-08-14 18:57:15,644 [INFO] IPUIPlugin:80 - create IPUIPlugin
2024-08-14 18:57:15,644 [INFO] PluginManager:220 - loadIPPluginJar : add quadspi
2024-08-14 18:57:15,650 [INFO] IPUIPlugin:80 - create IPUIPlugin
2024-08-14 18:57:15,650 [INFO] PluginManager:220 - loadIPPluginJar : add resmgrutility
2024-08-14 18:57:15,654 [INFO] IPUIPlugin:80 - create IPUIPlugin
2024-08-14 18:57:15,654 [INFO] PluginManager:220 - loadIPPluginJar : add sai
2024-08-14 18:57:15,658 [INFO] IPUIPlugin:80 - create IPUIPlugin
2024-08-14 18:57:15,658 [INFO] PluginManager:220 - loadIPPluginJar : add spi
2024-08-14 18:57:15,664 [INFO] IPUIPlugin:80 - create IPUIPlugin
2024-08-14 18:57:15,665 [INFO] PluginManager:220 - loadIPPluginJar : add stm32_wpan
2024-08-14 18:57:15,668 [INFO] IPUIPlugin:80 - create IPUIPlugin
2024-08-14 18:57:15,668 [INFO] PluginManager:220 - loadIPPluginJar : add tim
2024-08-14 18:57:15,672 [INFO] IPUIPlugin:80 - create IPUIPlugin
2024-08-14 18:57:15,673 [INFO] PluginManager:220 - loadIPPluginJar : add touchsensing
2024-08-14 18:57:15,675 [INFO] IPUIPlugin:80 - create IPUIPlugin
2024-08-14 18:57:15,675 [INFO] PluginManager:220 - loadIPPluginJar : add tracer_emb
2024-08-14 18:57:15,678 [INFO] IPUIPlugin:80 - create IPUIPlugin
2024-08-14 18:57:15,678 [INFO] PluginManager:220 - loadIPPluginJar : add ts
2024-08-14 18:57:15,681 [INFO] IPUIPlugin:80 - create IPUIPlugin
2024-08-14 18:57:15,681 [INFO] PluginManager:220 - loadIPPluginJar : add tsc
2024-08-14 18:57:15,684 [INFO] IPUIPlugin:80 - create IPUIPlugin
2024-08-14 18:57:15,684 [INFO] PluginManager:220 - loadIPPluginJar : add ucpd
2024-08-14 18:57:15,689 [INFO] IPUIPlugin:80 - create IPUIPlugin
2024-08-14 18:57:15,689 [INFO] PluginManager:220 - loadIPPluginJar : add usart
2024-08-14 18:57:15,694 [INFO] IPUIPlugin:80 - create IPUIPlugin
2024-08-14 18:57:15,695 [INFO] PluginManager:220 - loadIPPluginJar : add usbx
2024-08-14 18:57:15,855 [INFO] CADModel:165 - CPN selected for project level
2024-08-14 18:57:15,855 [INFO] CADModel:114 - Register for checkConnection events
2024-08-14 18:57:15,856 [FATAL] Updater:308 - Updater called before beeing initialized
2024-08-14 18:57:15,856 [ERROR] CADModel:125 - Updater not yet initialized, retry later 
2024-08-14 18:57:16,132 [INFO] CADModel:165 - CPN selected for project level
2024-08-14 18:57:16,132 [INFO] CADModel:114 - Register for checkConnection events
2024-08-14 18:57:16,133 [FATAL] Updater:308 - Updater called before beeing initialized
2024-08-14 18:57:16,133 [ERROR] CADModel:125 - Updater not yet initialized, retry later 
2024-08-14 18:57:16,138 [FATAL] Updater:308 - Updater called before beeing initialized
2024-08-14 18:57:16,304 [FATAL] Updater:308 - Updater called before beeing initialized
2024-08-14 18:57:16,309 [INFO] DbMcusAds:53 - JSON generation date=Thu May 16 06:22:00 ART 2024 (1715851320667)
2024-08-14 18:57:16,310 [FATAL] Updater:308 - Updater called before beeing initialized
2024-08-14 18:57:16,377 [WARN] DetailPanel:346 - Failed to get advertising image, set to default
2024-08-14 18:57:16,479 [FATAL] Updater:308 - Updater called before beeing initialized
2024-08-14 18:57:16,481 [FATAL] Updater:308 - Updater called before beeing initialized
2024-08-14 18:57:16,482 [FATAL] Updater:308 - Updater called before beeing initialized
2024-08-14 18:57:16,482 [WARN] DetailPanel:346 - Failed to get advertising image, set to default
2024-08-14 18:57:16,483 [FATAL] Updater:308 - Updater called before beeing initialized
2024-08-14 18:57:16,552 [ERROR] Updater:1120 - MainUpdater not yet initialized. External WinMGr cannot be set.
2024-08-14 18:57:16,556 [INFO] Updater:1056 - Updater Version found : 6.11.1
2024-08-14 18:57:16,579 [INFO] ApplicationProperties:184 - Using Application install path: C:\ST\STM32CubeIDE_1.15.1\STM32CubeIDE\plugins\com.st.stm32cube.common.mx_6.11.1.202404110753
2024-08-14 18:57:17,697 [INFO] ThirdPartyUpdaterWithRetryManager:70 - Updater plugin not ready yet. [2/15]
2024-08-14 18:57:18,165 [ERROR] LogOutputStream:75 - [STDERR_REDIRECT] Aug 14, 2024 6:57:18 PM java.util.prefs.WindowsPreferences <init>
2024-08-14 18:57:18,171 [ERROR] LogOutputStream:75 - [STDERR_REDIRECT] WARNING: Could not open/create prefs root node Software\JavaSoft\Prefs at root 0xffffffff80000002. Windows RegCreateKeyEx(...) returned error code 5.
2024-08-14 18:57:18,172 [ERROR] LogOutputStream:75 - [STDERR_REDIRECT] 
2024-08-14 18:57:18,636 [INFO] MainUpdater:2873 - connection check result : 10
2024-08-14 18:57:18,637 [INFO] MainUpdater:290 - Updater Check For Update Now.
2024-08-14 18:57:18,638 [INFO] MicroXplorer:498 - Change Database Version : DB.6.0.111
2024-08-14 18:57:18,653 [INFO] McuFinderGlobals:63 - Set McuFinder mode to 2 (CubeIDE integrated)
2024-08-14 18:57:18,665 [INFO] UserAuth:415 - Internet connection configuration mode: 1
2024-08-14 18:57:18,694 [INFO] JxBrowserEngine:152 - Initiate JxBrowser Engine with user profile folder
2024-08-14 18:57:18,938 [INFO] CheckServerUpdateThread:120 - End of CheckServer Thread
2024-08-14 18:57:20,397 [INFO] WebApp:161 - Instantiating new browser for Auth
2024-08-14 18:57:21,372 [WARN] PackLoader:240 - Cannot read IP mode file for STMicroelectronics.FP-SNS-MOTENVWB1.1.4.0
2024-08-14 18:57:21,397 [WARN] PackLoader:240 - Cannot read IP mode file for STMicroelectronics.X-CUBE-SMBUS.2.1.0
2024-08-14 18:57:21,405 [WARN] PackLoader:240 - Cannot read IP mode file for STMicroelectronics.X-CUBE-TOUCHGFX.4.23.1
2024-08-14 18:57:21,410 [WARN] PackLoader:240 - Cannot read IP mode file for STMicroelectronics.X-CUBE-TOUCHGFX.4.23.0
2024-08-14 18:57:21,414 [WARN] PackLoader:240 - Cannot read IP mode file for STMicroelectronics.X-CUBE-TOUCHGFX.4.23.2
2024-08-14 18:57:21,498 [WARN] PackLoader:240 - Cannot read IP mode file for STMicroelectronics.X-CUBE-AZRTOS-F7.1.1.0
2024-08-14 18:57:21,520 [WARN] PackLoader:240 - Cannot read IP mode file for STMicroelectronics.FP-SNS-MOTENV1.4.3.2
2024-08-14 18:57:21,531 [WARN] PackLoader:240 - Cannot read IP mode file for STMicroelectronics.FP-SNS-FLIGHT1.5.0.2
2024-08-14 18:57:21,544 [WARN] PackLoader:240 - Cannot read IP mode file for STMicroelectronics.X-CUBE-DISPLAY.3.0.0
2024-08-14 18:57:21,563 [WARN] PackLoader:240 - Cannot read IP mode file for STMicroelectronics.X-CUBE-BLE1.7.0.0
2024-08-14 18:57:21,573 [WARN] PackLoader:240 - Cannot read IP mode file for emotas.I-CUBE-CANOPEN.1.3.0
2024-08-14 18:57:21,578 [WARN] PackLoader:240 - Cannot read IP mode file for STMicroelectronics.X-CUBE-TOUCHGFX.4.22.1
2024-08-14 18:57:21,596 [WARN] PackLoader:240 - Cannot read IP mode file for STMicroelectronics.X-CUBE-BLEMGR.3.1.0
2024-08-14 18:57:21,617 [WARN] PackLoader:240 - Cannot read IP mode file for STMicroelectronics.FP-SNS-SMARTAG2.1.2.0
2024-08-14 18:57:21,634 [INFO] LogOutputStream:77 - [STDOUT_REDIRECT] 1 : Invalid condition id : UX_CORESTACK_Condition cause : null
2024-08-14 18:57:21,636 [INFO] LogOutputStream:77 - [STDOUT_REDIRECT] 1 : Invalid condition id : UX_CORESTACK_Condition cause : null
2024-08-14 18:57:21,638 [INFO] LogOutputStream:77 - [STDOUT_REDIRECT] 1 : Invalid condition id : UX_CORESTACK_Condition cause : null
2024-08-14 18:57:21,641 [INFO] LogOutputStream:77 - [STDOUT_REDIRECT] 1 : Invalid condition id : UX_CORESTACK_Condition cause : null
2024-08-14 18:57:21,643 [INFO] LogOutputStream:77 - [STDOUT_REDIRECT] 1 : Invalid condition id : UX_CORESTACK_Condition cause : null
2024-08-14 18:57:21,651 [WARN] PackLoader:240 - Cannot read IP mode file for STMicroelectronics.X-CUBE-AZRTOS-WL.2.0.0
2024-08-14 18:57:21,661 [WARN] PackLoader:240 - Cannot read IP mode file for STMicroelectronics.FP-SNS-MOTENV1.5.0.0
2024-08-14 18:57:21,673 [WARN] PackLoader:240 - Cannot read IP mode file for wolfSSL.I-CUBE-wolfMQTT.1.19.0
2024-08-14 18:57:21,685 [WARN] PackLoader:240 - Cannot read IP mode file for WES.I-CUBE-Cesium.1.3.0
2024-08-14 18:57:21,694 [WARN] PackLoader:240 - Cannot read IP mode file for STMicroelectronics.X-CUBE-BLE2.3.3.0
2024-08-14 18:57:21,704 [WARN] PackLoader:240 - Cannot read IP mode file for STMicroelectronics.X-CUBE-TCPP.4.1.0
2024-08-14 18:57:21,718 [WARN] PackLoader:240 - Cannot read IP mode file for STMicroelectronics.X-CUBE-ALGOBUILD.1.3.0
2024-08-14 18:57:21,753 [WARN] PackLoader:240 - Cannot read IP mode file for STMicroelectronics.X-CUBE-AZRTOS-G0.1.1.0
2024-08-14 18:57:21,767 [WARN] PackLoader:240 - Cannot read IP mode file for STMicroelectronics.X-CUBE-SAFEA1.1.2.2
2024-08-14 18:57:21,777 [WARN] PackLoader:240 - Cannot read IP mode file for STMicroelectronics.X-CUBE-NFC4.3.0.0
2024-08-14 18:57:21,786 [WARN] PackLoader:240 - Cannot read IP mode file for wolfSSL.I-CUBE-wolfMQTT.1.18.0
2024-08-14 18:57:21,802 [WARN] PackLoader:240 - Cannot read IP mode file for EmbeddedOffice.I-CUBE-FS-RTOS.1.0.1
2024-08-14 18:57:21,802 [ERROR] ConditionMgr:805 - Attr not supported : Dmpu
2024-08-14 18:57:21,802 [ERROR] ConditionMgr:805 - Attr not supported : Dmpu
2024-08-14 18:57:21,803 [ERROR] ConditionMgr:805 - Attr not supported : Dmpu
2024-08-14 18:57:21,803 [ERROR] ConditionMgr:805 - Attr not supported : Dmpu
2024-08-14 18:57:21,803 [ERROR] ConditionMgr:805 - Attr not supported : Dmpu
2024-08-14 18:57:21,803 [ERROR] ConditionMgr:805 - Attr not supported : Dmpu
2024-08-14 18:57:21,803 [ERROR] ConditionMgr:805 - Attr not supported : Dmpu
2024-08-14 18:57:21,803 [ERROR] ConditionMgr:805 - Attr not supported : Dmpu
2024-08-14 18:57:21,803 [ERROR] ConditionMgr:805 - Attr not supported : Dmpu
2024-08-14 18:57:21,804 [ERROR] ConditionMgr:805 - Attr not supported : Dmpu
2024-08-14 18:57:21,804 [ERROR] ConditionMgr:805 - Attr not supported : Dmpu
2024-08-14 18:57:21,804 [ERROR] ConditionMgr:805 - Attr not supported : Dmpu
2024-08-14 18:57:21,804 [ERROR] ConditionMgr:805 - Attr not supported : Dmpu
2024-08-14 18:57:21,804 [ERROR] ConditionMgr:805 - Attr not supported : Dmpu
2024-08-14 18:57:21,804 [ERROR] ConditionMgr:805 - Attr not supported : Dmpu
2024-08-14 18:57:21,805 [ERROR] ConditionMgr:805 - Attr not supported : Dmpu
2024-08-14 18:57:21,805 [ERROR] ConditionMgr:805 - Attr not supported : Dmpu
2024-08-14 18:57:21,805 [ERROR] ConditionMgr:805 - Attr not supported : Dmpu
2024-08-14 18:57:21,805 [ERROR] ConditionMgr:805 - Attr not supported : Dmpu
2024-08-14 18:57:21,805 [ERROR] ConditionMgr:805 - Attr not supported : Dmpu
2024-08-14 18:57:21,805 [ERROR] ConditionMgr:805 - Attr not supported : Dmpu
2024-08-14 18:57:21,805 [ERROR] ConditionMgr:805 - Attr not supported : Dmpu
2024-08-14 18:57:21,805 [ERROR] ConditionMgr:805 - Attr not supported : Dmpu
2024-08-14 18:57:21,805 [ERROR] ConditionMgr:805 - Attr not supported : Dmpu
2024-08-14 18:57:21,805 [ERROR] ConditionMgr:805 - Attr not supported : Dmpu
2024-08-14 18:57:21,806 [ERROR] ConditionMgr:805 - Attr not supported : Dmpu
2024-08-14 18:57:21,806 [ERROR] ConditionMgr:805 - Attr not supported : Dmpu
2024-08-14 18:57:21,806 [ERROR] ConditionMgr:805 - Attr not supported : Dmpu
2024-08-14 18:57:21,806 [ERROR] ConditionMgr:805 - Attr not supported : Dmpu
2024-08-14 18:57:21,806 [ERROR] ConditionMgr:805 - Attr not supported : Dmpu
2024-08-14 18:57:21,806 [ERROR] ConditionMgr:805 - Attr not supported : Dmpu
2024-08-14 18:57:21,806 [ERROR] ConditionMgr:805 - Attr not supported : Dmpu
2024-08-14 18:57:21,806 [ERROR] ConditionMgr:805 - Attr not supported : Dmpu
2024-08-14 18:57:21,806 [ERROR] ConditionMgr:805 - Attr not supported : Dmpu
2024-08-14 18:57:21,806 [ERROR] ConditionMgr:805 - Attr not supported : Dmpu
2024-08-14 18:57:21,807 [ERROR] ConditionMgr:805 - Attr not supported : Dmpu
2024-08-14 18:57:21,807 [ERROR] ConditionMgr:805 - Attr not supported : Dmpu
2024-08-14 18:57:21,807 [ERROR] ConditionMgr:805 - Attr not supported : Dmpu
2024-08-14 18:57:21,807 [ERROR] ConditionMgr:805 - Attr not supported : Dmpu
2024-08-14 18:57:21,807 [ERROR] ConditionMgr:805 - Attr not supported : Dmpu
2024-08-14 18:57:21,807 [ERROR] ConditionMgr:805 - Attr not supported : Dmpu
2024-08-14 18:57:21,807 [ERROR] ConditionMgr:805 - Attr not supported : Dmpu
2024-08-14 18:57:21,807 [ERROR] ConditionMgr:805 - Attr not supported : Dmpu
2024-08-14 18:57:21,808 [ERROR] ConditionMgr:805 - Attr not supported : Dmpu
2024-08-14 18:57:21,808 [ERROR] ConditionMgr:805 - Attr not supported : Dmpu
2024-08-14 18:57:21,808 [ERROR] ConditionMgr:805 - Attr not supported : Dmpu
2024-08-14 18:57:21,808 [ERROR] ConditionMgr:805 - Attr not supported : Dmpu
2024-08-14 18:57:21,808 [ERROR] ConditionMgr:805 - Attr not supported : Dmpu
2024-08-14 18:57:21,808 [ERROR] ConditionMgr:805 - Attr not supported : Dmpu
2024-08-14 18:57:21,808 [ERROR] ConditionMgr:805 - Attr not supported : Dmpu
2024-08-14 18:57:21,809 [ERROR] ConditionMgr:805 - Attr not supported : Dmpu
2024-08-14 18:57:21,809 [ERROR] ConditionMgr:805 - Attr not supported : Dmpu
2024-08-14 18:57:21,809 [ERROR] ConditionMgr:805 - Attr not supported : Dmpu
2024-08-14 18:57:21,809 [ERROR] ConditionMgr:805 - Attr not supported : Dmpu
2024-08-14 18:57:21,809 [ERROR] ConditionMgr:805 - Attr not supported : Dmpu
2024-08-14 18:57:21,809 [ERROR] ConditionMgr:805 - Attr not supported : Dmpu
2024-08-14 18:57:21,809 [ERROR] ConditionMgr:805 - Attr not supported : Dmpu
2024-08-14 18:57:21,810 [ERROR] ConditionMgr:805 - Attr not supported : Dmpu
2024-08-14 18:57:21,810 [ERROR] ConditionMgr:805 - Attr not supported : Dmpu
2024-08-14 18:57:21,810 [ERROR] ConditionMgr:805 - Attr not supported : Dmpu
2024-08-14 18:57:21,810 [ERROR] ConditionMgr:805 - Attr not supported : Dmpu
2024-08-14 18:57:21,810 [ERROR] ConditionMgr:805 - Attr not supported : Dmpu
2024-08-14 18:57:21,810 [ERROR] ConditionMgr:805 - Attr not supported : Dmpu
2024-08-14 18:57:21,810 [ERROR] ConditionMgr:805 - Attr not supported : Dmpu
2024-08-14 18:57:21,829 [WARN] PackLoader:240 - Cannot read IP mode file for STMicroelectronics.X-CUBE-BLEMGR.3.0.0
2024-08-14 18:57:21,843 [WARN] PackLoader:240 - Cannot read IP mode file for RealThread.X-CUBE-RT-Thread_Nano.4.1.1
2024-08-14 18:57:21,850 [WARN] PackLoader:240 - Cannot read IP mode file for STMicroelectronics.FP-ATR-SIGFOX1.3.2.0
2024-08-14 18:57:21,918 [WARN] PackLoader:240 - Cannot read IP mode file for STMicroelectronics.X-CUBE-EEPRMA1.5.1.0
2024-08-14 18:57:21,978 [WARN] PackLoader:240 - Cannot read IP mode file for SEGGER.I-CUBE-embOS.1.3.1
2024-08-14 18:57:22,084 [WARN] PackLoader:240 - Cannot read IP mode file for STMicroelectronics.X-CUBE-ALGOBUILD.1.4.0
2024-08-14 18:57:22,094 [WARN] PackLoader:240 - Cannot read IP mode file for STMicroelectronics.X-CUBE-GNSS1.6.0.0
2024-08-14 18:57:22,149 [WARN] PackLoader:240 - Cannot read IP mode file for STMicroelectronics.X-CUBE-AZRTOS-F4.1.1.0
2024-08-14 18:57:22,159 [WARN] PackLoader:240 - Cannot read IP mode file for wolfSSL.I-CUBE-wolfSSL.5.6.3
2024-08-14 18:57:22,166 [WARN] PackLoader:240 - Cannot read IP mode file for STMicroelectronics.X-CUBE-FREERTOS.1.2.0
2024-08-14 18:57:22,194 [WARN] PackLoader:240 - Cannot read IP mode file for STMicroelectronics.X-CUBE-AZRTOS-L5.2.0.0
2024-08-14 18:57:22,290 [WARN] PackLoader:240 - Cannot read IP mode file for STMicroelectronics.X-CUBE-MEMS1.9.6.0
2024-08-14 18:57:22,374 [INFO] WebApp:779 - Register for checkConnection events
2024-08-14 18:57:22,374 [INFO] WebApp:414 - Apply proxy settings
2024-08-14 18:57:22,375 [INFO] WebApp:499 - Chromium requires no authentication
2024-08-14 18:57:22,391 [INFO] WebApp:442 - Direct internet connection detected
2024-08-14 18:57:22,657 [WARN] PackLoader:240 - Cannot read IP mode file for STMicroelectronics.X-CUBE-EEPRMA1.4.2.0
2024-08-14 18:57:22,672 [WARN] PackLoader:240 - Cannot read IP mode file for STMicroelectronics.X-CUBE-NFC6.3.1.0
2024-08-14 18:57:22,683 [WARN] PackLoader:240 - Cannot read IP mode file for ITTIA_DB.I-CUBE-ITTIADB.8.8.0
2024-08-14 18:57:22,697 [WARN] PackLoader:240 - Cannot read IP mode file for STMicroelectronics.X-CUBE-BLEMGR.2.0.0
2024-08-14 18:57:22,707 [WARN] PackLoader:240 - Cannot read IP mode file for STMicroelectronics.X-CUBE-DPower.1.2.0
2024-08-14 18:57:22,713 [WARN] PackLoader:240 - Cannot read IP mode file for STMicroelectronics.X-CUBE-AI.9.0.0
2024-08-14 18:57:22,751 [WARN] ConditionMgr:438 - getConditionDescription Invalid condition id : UX DEVICE CLASS RTOS Condition cause : null
2024-08-14 18:57:22,751 [WARN] ConditionMgr:438 - getConditionDescription Invalid condition id : UX DEVICE CLASS RTOS Condition cause : null
2024-08-14 18:57:22,762 [WARN] PackLoader:240 - Cannot read IP mode file for STMicroelectronics.X-CUBE-AZRTOS-H7.3.1.0
2024-08-14 18:57:22,764 [WARN] ConditionMgr:1039 - genDependencies : Invalid condition id : UX DEVICE CLASS RTOS Condition cause : null
2024-08-14 18:57:22,764 [WARN] ConditionMgr:1039 - genDependencies : Invalid condition id : UX DEVICE CLASS RTOS Condition cause : null
2024-08-14 18:57:22,765 [WARN] ConditionMgr:1039 - genDependencies : Invalid condition id : UX DEVICE CLASS RTOS Condition cause : null
2024-08-14 18:57:22,766 [WARN] ConditionMgr:1039 - genDependencies : Invalid condition id : UX DEVICE CLASS RTOS Condition cause : null
2024-08-14 18:57:22,766 [WARN] ConditionMgr:1039 - genDependencies : Invalid condition id : UX DEVICE CLASS RTOS Condition cause : null
2024-08-14 18:57:22,777 [WARN] PackLoader:240 - Cannot read IP mode file for STMicroelectronics.X-CUBE-NFC7.1.0.1
2024-08-14 18:57:22,783 [WARN] PackLoader:240 - Cannot read IP mode file for wolfSSL.I-CUBE-wolfTPM.3.2.0
2024-08-14 18:57:22,796 [WARN] PackLoader:240 - Cannot read IP mode file for STMicroelectronics.X-CUBE-NFC6.3.0.0
2024-08-14 18:57:22,809 [WARN] PackLoader:240 - Cannot read IP mode file for STMicroelectronics.X-CUBE-EEPRMA1.4.1.0
2024-08-14 18:57:22,816 [WARN] PackLoader:240 - Cannot read IP mode file for STMicroelectronics.X-CUBE-AI.8.1.0
2024-08-14 18:57:22,835 [INFO] WebApp:192 - Starting web application
2024-08-14 18:57:22,836 [INFO] WebApp:544 - Web application path used C:\ST\STM32CubeIDE_1.15.1\STM32CubeIDE\plugins\com.st.stm32cube.common.mx_6.11.1.202404110753\db\plugins\mcufinder\reactClient1\index.html
2024-08-14 18:57:22,852 [WARN] ConditionMgr:438 - getConditionDescription Invalid condition id : LAN8742 Phy interface Condition cause : null
2024-08-14 18:57:22,854 [WARN] PackLoader:240 - Cannot read IP mode file for STMicroelectronics.X-CUBE-AZRTOS-L4.2.0.0
2024-08-14 18:57:22,874 [WARN] ConditionMgr:1039 - genDependencies : Invalid condition id : LAN8742 Phy interface Condition cause : null
2024-08-14 18:57:22,874 [WARN] ConditionMgr:1039 - genDependencies : Invalid condition id : LAN8742 Phy interface Condition cause : null
2024-08-14 18:57:22,885 [WARN] ConditionMgr:1039 - genDependencies : Invalid condition id : LAN8742 Phy interface Condition cause : null
2024-08-14 18:57:22,899 [WARN] PackLoader:240 - Cannot read IP mode file for STMicroelectronics.X-CUBE-SFXS2LP1.4.0.0
2024-08-14 18:57:22,909 [WARN] PackLoader:240 - Cannot read IP mode file for STMicroelectronics.X-CUBE-ISPU.1.1.0
2024-08-14 18:57:22,947 [WARN] PackLoader:240 - Cannot read IP mode file for STMicroelectronics.X-CUBE-AZRTOS-H7.3.3.0
2024-08-14 18:57:22,974 [WARN] ConditionMgr:438 - getConditionDescription Invalid condition id : UX DEVICE CLASS RTOS Condition cause : null
2024-08-14 18:57:22,975 [WARN] ConditionMgr:438 - getConditionDescription Invalid condition id : UX DEVICE CLASS RTOS Condition cause : null
2024-08-14 18:57:22,980 [WARN] PackLoader:240 - Cannot read IP mode file for STMicroelectronics.X-CUBE-AZRTOS-WB.2.0.0
2024-08-14 18:57:22,981 [WARN] ConditionMgr:1039 - genDependencies : Invalid condition id : UX DEVICE CLASS RTOS Condition cause : null
2024-08-14 18:57:22,982 [WARN] ConditionMgr:1039 - genDependencies : Invalid condition id : UX DEVICE CLASS RTOS Condition cause : null
2024-08-14 18:57:22,982 [WARN] ConditionMgr:1039 - genDependencies : Invalid condition id : UX DEVICE CLASS RTOS Condition cause : null
2024-08-14 18:57:22,983 [WARN] ConditionMgr:1039 - genDependencies : Invalid condition id : UX DEVICE CLASS RTOS Condition cause : null
2024-08-14 18:57:22,983 [WARN] ConditionMgr:1039 - genDependencies : Invalid condition id : UX DEVICE CLASS RTOS Condition cause : null
2024-08-14 18:57:23,007 [WARN] PackLoader:240 - Cannot read IP mode file for STMicroelectronics.FP-SNS-STBOX1.2.0.0
2024-08-14 18:57:23,030 [WARN] PackLoader:240 - Cannot read IP mode file for STMicroelectronics.X-CUBE-SUBG2.5.0.0
2024-08-14 18:57:23,044 [WARN] PackLoader:240 - Cannot read IP mode file for Cesanta.I-CUBE-Mongoose.7.13.0
2024-08-14 18:57:23,061 [WARN] PackLoader:240 - Cannot read IP mode file for STMicroelectronics.X-CUBE-TOF1.3.3.1
2024-08-14 18:57:23,107 [WARN] PackLoader:240 - Cannot read IP mode file for STMicroelectronics.X-CUBE-AZRTOS-G4.2.0.0
2024-08-14 18:57:23,165 [WARN] PackLoader:240 - Cannot read IP mode file for Infineon.AIROC-Wi-Fi-Bluetooth-STM32.1.5.1
2024-08-14 18:57:23,177 [WARN] PackLoader:240 - Cannot read IP mode file for STMicroelectronics.FP-SNS-MOTENVWB1.1.3.0
2024-08-14 18:57:23,183 [WARN] PackLoader:240 - Cannot read IP mode file for STMicroelectronics.FP-SNS-MOTENVWB1.1.3.1
2024-08-14 18:57:23,189 [WARN] PackLoader:240 - Cannot read IP mode file for STMicroelectronics.X-CUBE-ISPU.2.0.0
2024-08-14 18:57:23,195 [WARN] PackLoader:240 - Cannot read IP mode file for STMicroelectronics.X-CUBE-ALS.1.0.2
2024-08-14 18:57:23,397 [WARN] PackLoader:240 - Cannot read IP mode file for STMicroelectronics.X-CUBE-MEMS1.10.0.0
2024-08-14 18:57:23,617 [WARN] PackLoader:240 - Cannot read IP mode file for STMicroelectronics.X-CUBE-FREERTOS.1.1.0
2024-08-14 18:57:23,621 [WARN] PackLoader:240 - Cannot read IP mode file for STMicroelectronics.X-CUBE-TOUCHGFX.4.24.0
2024-08-14 18:57:23,631 [WARN] PackLoader:240 - Cannot read IP mode file for portGmbH.I-Cube-SoM-uGOAL.1.1.0
2024-08-14 18:57:23,636 [WARN] PackLoader:240 - Cannot read IP mode file for STMicroelectronics.X-CUBE-ALS.1.0.1
2024-08-14 18:57:23,663 [WARN] PackLoader:240 - Cannot read IP mode file for STMicroelectronics.X-CUBE-AZRTOS-H7RS.1.0.0
2024-08-14 18:57:23,671 [WARN] PackLoader:240 - Cannot read IP mode file for STMicroelectronics.FP-ATR-ASTRA1.2.0.0
2024-08-14 18:57:23,686 [WARN] PackLoader:240 - Cannot read IP mode file for STMicroelectronics.X-CUBE-TOF1.3.4.2
2024-08-14 18:57:23,722 [WARN] PackLoader:240 - Cannot read IP mode file for STMicroelectronics.X-CUBE-TOF1.3.4.0
2024-08-14 18:57:23,755 [WARN] PackLoader:240 - Cannot read IP mode file for STMicroelectronics.X-CUBE-TOF1.3.4.1
2024-08-14 18:57:23,799 [WARN] PackLoader:240 - Cannot read IP mode file for STMicroelectronics.X-CUBE-AZRTOS-H7.3.2.0
2024-08-14 18:57:23,809 [WARN] PackLoader:240 - Cannot read IP mode file for wolfSSL.I-CUBE-wolfSSH.1.4.17
2024-08-14 18:57:23,810 [INFO] ThirdParty:978 - Integrity check success = true
2024-08-14 18:57:23,810 [INFO] IntegrityCheckThread:100 - exiting critical section [integrity check]
2024-08-14 18:57:23,810 [INFO] IntegrityCheckThread:103 - End integrity checks thread
