2024-11-30 23:06:11,576 [INFO] Activator:176 - 


2024-11-30 23:06:11,584 [INFO] Activator:177 - !SESSION log4j initialized
2024-11-30 23:06:20,462 [INFO] LogOutputStream:77 - [STDOUT_REDIRECT] 
2024-11-30 23:06:25,785 [INFO] ApplicationProperties:184 - Using Application install path: C:\ST\STM32CubeIDE_1.15.1\STM32CubeIDE\plugins\com.st.stm32cube.common.mx_6.11.1.202404110753
2024-11-30 23:06:25,810 [INFO] DbMcusXml:78 - Set database path to: C:\ST\STM32CubeIDE_1.15.1\STM32CubeIDE\plugins\com.st.stm32cube.common.mx_6.11.1.202404110753\\db\/mcu/
2024-11-30 23:06:25,811 [INFO] ApiDb:274 - Set plugin database path to: C:\ST\STM32CubeIDE_1.15.1\STM32CubeIDE\plugins\com.st.stm32cube.common.mx_6.11.1.202404110753\\db\/plugins/boardmanager/
2024-11-30 23:06:25,812 [WARN] ApiDb:259 - Overriding images path with different value:  => C:\ST\STM32CubeIDE_1.15.1\STM32CubeIDE\plugins\com.st.stm32cube.common.mx_6.11.1.202404110753\\db\/plugins/mcufinder/images/
2024-11-30 23:06:25,821 [INFO] ApiDb:250 - Set database path to: C:\Users\gusta\.stmcufinder\plugins\mcufinder//mcu/
2024-11-30 23:06:25,823 [INFO] DbMcusAds:125 - Set database path to: C:\Users\gusta\.stmcufinder\plugins\mcufinder//mcu/
2024-11-30 23:06:25,826 [INFO] CrossReferenceDbSqlite:203 - Set database path to: C:\Users\gusta\.stmcufinder\plugins\mcufinder//mcu/cs/
2024-11-30 23:06:26,020 [INFO] RulesReader:64 - Compatibility file has been processed (297 Rules)
2024-11-30 23:06:26,226 [INFO] DbMcusXml:78 - Set database path to: C:\ST\STM32CubeIDE_1.15.1\STM32CubeIDE\plugins\com.st.stm32cube.common.mx_6.11.1.202404110753\\db\/mcu/
2024-11-30 23:06:26,226 [INFO] ApiDb:274 - Set plugin database path to: C:\ST\STM32CubeIDE_1.15.1\STM32CubeIDE\plugins\com.st.stm32cube.common.mx_6.11.1.202404110753\\db\/plugins/boardmanager/
2024-11-30 23:06:26,226 [INFO] ApiDb:261 - Set plugin images path to: C:\ST\STM32CubeIDE_1.15.1\STM32CubeIDE\plugins\com.st.stm32cube.common.mx_6.11.1.202404110753\\db\/plugins/mcufinder/images/
2024-11-30 23:06:26,227 [WARN] DbFile:41 - Overriding database path with different value: C:\Users\gusta\.stmcufinder\plugins\mcufinder/ => C:\Users\gusta\.stmcufinder\plugins\mcufinder
2024-11-30 23:06:26,227 [INFO] ApiDb:250 - Set database path to: C:\Users\gusta\.stmcufinder\plugins\mcufinder//mcu/
2024-11-30 23:06:26,227 [WARN] DbFile:41 - Overriding database path with different value: C:\Users\gusta\.stmcufinder\plugins\mcufinder/ => C:\Users\gusta\.stmcufinder\plugins\mcufinder
2024-11-30 23:06:26,227 [INFO] DbMcusAds:125 - Set database path to: C:\Users\gusta\.stmcufinder\plugins\mcufinder//mcu/
2024-11-30 23:06:26,227 [WARN] DbFile:41 - Overriding database path with different value: C:\Users\gusta\.stmcufinder\plugins\mcufinder/ => C:\Users\gusta\.stmcufinder\plugins\mcufinder
2024-11-30 23:06:26,228 [WARN] DbFile:41 - Overriding database path with different value: C:\Users\gusta\.stmcufinder\plugins\mcufinder/ => C:\Users\gusta\.stmcufinder\plugins\mcufinder
2024-11-30 23:06:26,228 [INFO] CrossReferenceDbSqlite:203 - Set database path to: C:\Users\gusta\.stmcufinder\plugins\mcufinder//mcu/cs/
2024-11-30 23:06:26,364 [INFO] MainPanel:264 - HeapMemory: 268435456
2024-11-30 23:06:26,532 [INFO] DbMcusXml:78 - Set database path to: C:\ST\STM32CubeIDE_1.15.1\STM32CubeIDE\plugins\com.st.stm32cube.common.mx_6.11.1.202404110753\\db\/mcu/
2024-11-30 23:06:26,532 [INFO] ApiDb:274 - Set plugin database path to: C:\ST\STM32CubeIDE_1.15.1\STM32CubeIDE\plugins\com.st.stm32cube.common.mx_6.11.1.202404110753\\db\/plugins/boardmanager/
2024-11-30 23:06:26,532 [INFO] ApiDb:261 - Set plugin images path to: C:\ST\STM32CubeIDE_1.15.1\STM32CubeIDE\plugins\com.st.stm32cube.common.mx_6.11.1.202404110753\\db\/plugins/mcufinder/images/
2024-11-30 23:06:26,533 [WARN] DbFile:41 - Overriding database path with different value: C:\Users\gusta\.stmcufinder\plugins\mcufinder/ => C:\Users\gusta\.stmcufinder\plugins\mcufinder
2024-11-30 23:06:26,533 [INFO] ApiDb:250 - Set database path to: C:\Users\gusta\.stmcufinder\plugins\mcufinder//mcu/
2024-11-30 23:06:26,533 [WARN] DbFile:41 - Overriding database path with different value: C:\Users\gusta\.stmcufinder\plugins\mcufinder/ => C:\Users\gusta\.stmcufinder\plugins\mcufinder
2024-11-30 23:06:26,533 [INFO] DbMcusAds:125 - Set database path to: C:\Users\gusta\.stmcufinder\plugins\mcufinder//mcu/
2024-11-30 23:06:26,533 [WARN] DbFile:41 - Overriding database path with different value: C:\Users\gusta\.stmcufinder\plugins\mcufinder/ => C:\Users\gusta\.stmcufinder\plugins\mcufinder
2024-11-30 23:06:26,533 [WARN] DbFile:41 - Overriding database path with different value: C:\Users\gusta\.stmcufinder\plugins\mcufinder/ => C:\Users\gusta\.stmcufinder\plugins\mcufinder
2024-11-30 23:06:26,534 [INFO] CrossReferenceDbSqlite:203 - Set database path to: C:\Users\gusta\.stmcufinder\plugins\mcufinder//mcu/cs/
2024-11-30 23:06:26,587 [INFO] ApplicationProperties:184 - Using Application install path: C:\ST\STM32CubeIDE_1.15.1\STM32CubeIDE\plugins\com.st.stm32cube.common.mx_6.11.1.202404110753
2024-11-30 23:06:26,590 [INFO] PluginManage:196 - Search for loadable plugins [exclusion list=, ]
2024-11-30 23:06:26,593 [INFO] PluginManage:310 - Check plugin analytics
2024-11-30 23:06:27,053 [INFO] AnalyticsPlugin:253 - Accepted Software Licenses: 
2024-11-30 23:06:27,053 [INFO] AnalyticsPlugin:255 - Accepted CMSIS Pack Licenses: 
2024-11-30 23:06:27,053 [INFO] AnalyticsPlugin:257 - Accepted Firmware Licenses: FW.F4.1.27.0,FW.F4.1.28.0
2024-11-30 23:06:27,060 [INFO] PluginManage:359 - Loaded plugin analytics (category:tool,tabindex:-1)
2024-11-30 23:06:27,060 [INFO] PluginManage:310 - Check plugin cadmodel
2024-11-30 23:06:27,069 [INFO] CADModel:105 - Init CAD model plugin
2024-11-30 23:06:27,070 [INFO] PluginManage:359 - Loaded plugin cadmodel (category:power,tabindex:5)
2024-11-30 23:06:27,070 [INFO] PluginManage:310 - Check plugin clock
2024-11-30 23:06:27,086 [INFO] PluginManage:359 - Loaded plugin clock (category:base,tabindex:2)
2024-11-30 23:06:27,087 [INFO] PluginManage:310 - Check plugin ddr
2024-11-30 23:06:27,090 [INFO] PluginManage:359 - Loaded plugin ddr (category:tool,tabindex:6)
2024-11-30 23:06:27,091 [INFO] PluginManage:310 - Check plugin filemanager
2024-11-30 23:06:27,289 [INFO] PluginManage:359 - Loaded plugin filemanager (category:base,tabindex:10)
2024-11-30 23:06:27,290 [INFO] PluginManage:310 - Check plugin ipmanager
2024-11-30 23:06:27,299 [INFO] PluginManage:359 - Loaded plugin ipmanager (category:base,tabindex:5)
2024-11-30 23:06:27,300 [INFO] PluginManage:310 - Check plugin lpbam
2024-11-30 23:06:27,311 [INFO] PluginManage:359 - Loaded plugin lpbam (category:base,tabindex:0)
2024-11-30 23:06:27,311 [INFO] PluginManage:310 - Check plugin memorymap
2024-11-30 23:06:27,331 [INFO] PluginManage:359 - Loaded plugin memorymap (category:base,tabindex:4)
2024-11-30 23:06:27,331 [INFO] PluginManage:310 - Check plugin pinoutandconfiguration
2024-11-30 23:06:27,346 [INFO] PluginManage:359 - Loaded plugin pinoutandconfiguration (category:base,tabindex:1)
2024-11-30 23:06:27,346 [INFO] PluginManage:310 - Check plugin pinoutconfig
2024-11-30 23:06:27,496 [WARN] SupportedApi:132 - Cannot load RTOS API schema: s4s-elt-must-match.1: The content of 'definitions' must match (annotation?, (simpleType | complexType)?, (unique | key | keyref)*)). A problem was found starting at: attribute.
2024-11-30 23:06:27,726 [INFO] PluginManage:359 - Loaded plugin pinoutconfig (category:base,tabindex:0)
2024-11-30 23:06:27,726 [INFO] PluginManage:310 - Check plugin power
2024-11-30 23:06:27,743 [INFO] PluginManage:359 - Loaded plugin power (category:power,tabindex:4)
2024-11-30 23:06:27,743 [INFO] PluginManage:310 - Check plugin projectmanager
2024-11-30 23:06:27,769 [INFO] PluginManage:359 - Loaded plugin projectmanager (category:projectmanager,tabindex:3)
2024-11-30 23:06:27,769 [INFO] PluginManage:310 - Check plugin thirdparty
2024-11-30 23:06:27,957 [INFO] PluginManage:359 - Loaded plugin thirdparty (category:base,tabindex:-1)
2024-11-30 23:06:27,957 [INFO] PluginManage:310 - Check plugin tools
2024-11-30 23:06:27,956 [WARN] IntegrityCheckThread:84 - waiting for thirdparty lock release [integrity check]
2024-11-30 23:06:27,958 [INFO] IntegrityCheckThread:86 - entering critical section [integrity check]
2024-11-30 23:06:27,958 [INFO] ThirdPartyUpdaterWithRetryManager:70 - Updater plugin not ready yet. [1/15]
2024-11-30 23:06:27,961 [INFO] PluginManage:359 - Loaded plugin tools (category:base,tabindex:7)
2024-11-30 23:06:27,961 [INFO] PluginManage:310 - Check plugin tutovideos
2024-11-30 23:06:28,241 [INFO] PluginManage:359 - Loaded plugin tutovideos (category:base,tabindex:-1)
2024-11-30 23:06:28,241 [INFO] PluginManage:310 - Check plugin updater
2024-11-30 23:06:28,271 [INFO] PluginManage:359 - Loaded plugin updater (category:base,tabindex:12)
2024-11-30 23:06:28,271 [INFO] PluginManage:310 - Check plugin userauth
2024-11-30 23:06:28,279 [INFO] UserAuth:114 - Init User Auth plugin
2024-11-30 23:06:28,280 [INFO] PluginManage:359 - Loaded plugin userauth (category:base,tabindex:14)
2024-11-30 23:06:28,281 [INFO] PluginManage:283 - PluginManage : Loaded plugins [17]
2024-11-30 23:06:28,594 [INFO] PinOutPanel:1561 - setPackage(No Configuration,No Configuration)
2024-11-30 23:06:28,695 [INFO] CADModel:165 - CPN selected for project level
2024-11-30 23:06:28,695 [INFO] CADModel:114 - Register for checkConnection events
2024-11-30 23:06:28,718 [INFO] IPUIPlugin:80 - create IPUIPlugin
2024-11-30 23:06:28,718 [INFO] PluginManager:220 - loadIPPluginJar : add adc
2024-11-30 23:06:28,722 [INFO] IPUIPlugin:80 - create IPUIPlugin
2024-11-30 23:06:28,723 [INFO] PluginManager:220 - loadIPPluginJar : add aes
2024-11-30 23:06:28,726 [INFO] IPUIPlugin:80 - create IPUIPlugin
2024-11-30 23:06:28,726 [INFO] PluginManager:220 - loadIPPluginJar : add can
2024-11-30 23:06:28,728 [INFO] IPUIPlugin:80 - create IPUIPlugin
2024-11-30 23:06:28,728 [INFO] PluginManager:220 - loadIPPluginJar : add comp
2024-11-30 23:06:28,732 [INFO] IPUIPlugin:80 - create IPUIPlugin
2024-11-30 23:06:28,732 [INFO] PluginManager:220 - loadIPPluginJar : add cryp
2024-11-30 23:06:28,735 [INFO] IPUIPlugin:80 - create IPUIPlugin
2024-11-30 23:06:28,735 [INFO] PluginManager:220 - loadIPPluginJar : add dfsdm
2024-11-30 23:06:28,743 [INFO] IPUIPlugin:80 - create IPUIPlugin
2024-11-30 23:06:28,744 [INFO] PluginManager:220 - loadIPPluginJar : add dma
2024-11-30 23:06:28,749 [INFO] IPUIPlugin:80 - create IPUIPlugin
2024-11-30 23:06:28,749 [INFO] PluginManager:220 - loadIPPluginJar : add dma3
2024-11-30 23:06:28,754 [INFO] IPUIPlugin:80 - create IPUIPlugin
2024-11-30 23:06:28,754 [INFO] PluginManager:220 - loadIPPluginJar : add extmemmanager
2024-11-30 23:06:28,757 [INFO] IPUIPlugin:80 - create IPUIPlugin
2024-11-30 23:06:28,757 [INFO] PluginManager:220 - loadIPPluginJar : add fatfs
2024-11-30 23:06:28,763 [INFO] IPUIPlugin:80 - create IPUIPlugin
2024-11-30 23:06:28,763 [INFO] PluginManager:220 - loadIPPluginJar : add fmc
2024-11-30 23:06:28,770 [INFO] IPUIPlugin:80 - create IPUIPlugin
2024-11-30 23:06:28,771 [INFO] PluginManager:220 - loadIPPluginJar : add freertos
2024-11-30 23:06:28,773 [INFO] IPUIPlugin:80 - create IPUIPlugin
2024-11-30 23:06:28,773 [INFO] PluginManager:220 - loadIPPluginJar : add genericplugin
2024-11-30 23:06:28,777 [INFO] IPUIPlugin:80 - create IPUIPlugin
2024-11-30 23:06:28,777 [INFO] PluginManager:220 - loadIPPluginJar : add gfxmmu
2024-11-30 23:06:28,783 [INFO] IPUIPlugin:80 - create IPUIPlugin
2024-11-30 23:06:28,783 [INFO] PluginManager:220 - loadIPPluginJar : add gic
2024-11-30 23:06:28,788 [INFO] IPUIPlugin:80 - create IPUIPlugin
2024-11-30 23:06:28,788 [INFO] PluginManager:220 - loadIPPluginJar : add gpio
2024-11-30 23:06:28,792 [INFO] IPUIPlugin:80 - create IPUIPlugin
2024-11-30 23:06:28,792 [INFO] PluginManager:220 - loadIPPluginJar : add gtzc
2024-11-30 23:06:28,796 [INFO] IPUIPlugin:80 - create IPUIPlugin
2024-11-30 23:06:28,796 [INFO] PluginManager:220 - loadIPPluginJar : add hash
2024-11-30 23:06:28,800 [INFO] IPUIPlugin:80 - create IPUIPlugin
2024-11-30 23:06:28,800 [INFO] PluginManager:220 - loadIPPluginJar : add i2c
2024-11-30 23:06:28,803 [INFO] IPUIPlugin:80 - create IPUIPlugin
2024-11-30 23:06:28,804 [INFO] PluginManager:220 - loadIPPluginJar : add i2s
2024-11-30 23:06:28,808 [INFO] IPUIPlugin:80 - create IPUIPlugin
2024-11-30 23:06:28,808 [INFO] PluginManager:220 - loadIPPluginJar : add i3c
2024-11-30 23:06:28,813 [INFO] IPUIPlugin:80 - create IPUIPlugin
2024-11-30 23:06:28,813 [INFO] PluginManager:220 - loadIPPluginJar : add ipddr
2024-11-30 23:06:28,822 [INFO] IPUIPlugin:80 - create IPUIPlugin
2024-11-30 23:06:28,822 [INFO] PluginManager:220 - loadIPPluginJar : add linkedlist
2024-11-30 23:06:28,826 [INFO] IPUIPlugin:80 - create IPUIPlugin
2024-11-30 23:06:28,826 [INFO] PluginManager:220 - loadIPPluginJar : add lorawan
2024-11-30 23:06:28,828 [INFO] IPUIPlugin:80 - create IPUIPlugin
2024-11-30 23:06:28,829 [INFO] PluginManager:220 - loadIPPluginJar : add ltdc
2024-11-30 23:06:28,837 [INFO] IPUIPlugin:80 - create IPUIPlugin
2024-11-30 23:06:28,837 [INFO] PluginManager:220 - loadIPPluginJar : add mdma
2024-11-30 23:06:28,842 [INFO] IPUIPlugin:80 - create IPUIPlugin
2024-11-30 23:06:28,842 [INFO] PluginManager:220 - loadIPPluginJar : add nvic
2024-11-30 23:06:28,845 [INFO] IPUIPlugin:80 - create IPUIPlugin
2024-11-30 23:06:28,846 [INFO] PluginManager:220 - loadIPPluginJar : add opamp
2024-11-30 23:06:28,850 [INFO] IPUIPlugin:80 - create IPUIPlugin
2024-11-30 23:06:28,850 [INFO] PluginManager:220 - loadIPPluginJar : add openamp
2024-11-30 23:06:28,854 [INFO] IPUIPlugin:80 - create IPUIPlugin
2024-11-30 23:06:28,854 [INFO] PluginManager:220 - loadIPPluginJar : add pdm2pcm
2024-11-30 23:06:28,862 [INFO] IPUIPlugin:80 - create IPUIPlugin
2024-11-30 23:06:28,865 [INFO] PluginManager:220 - loadIPPluginJar : add plateformsettings
2024-11-30 23:06:28,867 [INFO] IPUIPlugin:80 - create IPUIPlugin
2024-11-30 23:06:28,867 [INFO] PluginManager:220 - loadIPPluginJar : add quadspi
2024-11-30 23:06:28,872 [INFO] IPUIPlugin:80 - create IPUIPlugin
2024-11-30 23:06:28,872 [INFO] PluginManager:220 - loadIPPluginJar : add resmgrutility
2024-11-30 23:06:28,876 [INFO] IPUIPlugin:80 - create IPUIPlugin
2024-11-30 23:06:28,876 [INFO] PluginManager:220 - loadIPPluginJar : add sai
2024-11-30 23:06:28,878 [INFO] IPUIPlugin:80 - create IPUIPlugin
2024-11-30 23:06:28,878 [INFO] PluginManager:220 - loadIPPluginJar : add spi
2024-11-30 23:06:28,884 [INFO] IPUIPlugin:80 - create IPUIPlugin
2024-11-30 23:06:28,884 [INFO] PluginManager:220 - loadIPPluginJar : add stm32_wpan
2024-11-30 23:06:28,886 [INFO] IPUIPlugin:80 - create IPUIPlugin
2024-11-30 23:06:28,886 [INFO] PluginManager:220 - loadIPPluginJar : add tim
2024-11-30 23:06:28,892 [INFO] IPUIPlugin:80 - create IPUIPlugin
2024-11-30 23:06:28,892 [INFO] PluginManager:220 - loadIPPluginJar : add touchsensing
2024-11-30 23:06:28,894 [INFO] IPUIPlugin:80 - create IPUIPlugin
2024-11-30 23:06:28,895 [INFO] PluginManager:220 - loadIPPluginJar : add tracer_emb
2024-11-30 23:06:28,897 [INFO] IPUIPlugin:80 - create IPUIPlugin
2024-11-30 23:06:28,897 [INFO] PluginManager:220 - loadIPPluginJar : add ts
2024-11-30 23:06:28,900 [INFO] IPUIPlugin:80 - create IPUIPlugin
2024-11-30 23:06:28,900 [INFO] PluginManager:220 - loadIPPluginJar : add tsc
2024-11-30 23:06:28,902 [INFO] IPUIPlugin:80 - create IPUIPlugin
2024-11-30 23:06:28,902 [INFO] PluginManager:220 - loadIPPluginJar : add ucpd
2024-11-30 23:06:28,905 [INFO] IPUIPlugin:80 - create IPUIPlugin
2024-11-30 23:06:28,906 [INFO] PluginManager:220 - loadIPPluginJar : add usart
2024-11-30 23:06:28,909 [INFO] IPUIPlugin:80 - create IPUIPlugin
2024-11-30 23:06:28,909 [INFO] PluginManager:220 - loadIPPluginJar : add usbx
2024-11-30 23:06:29,057 [INFO] CADModel:165 - CPN selected for project level
2024-11-30 23:06:29,058 [INFO] CADModel:114 - Register for checkConnection events
2024-11-30 23:06:29,058 [FATAL] Updater:308 - Updater called before beeing initialized
2024-11-30 23:06:29,058 [ERROR] CADModel:125 - Updater not yet initialized, retry later 
2024-11-30 23:06:29,286 [INFO] CADModel:165 - CPN selected for project level
2024-11-30 23:06:29,287 [INFO] CADModel:114 - Register for checkConnection events
2024-11-30 23:06:29,287 [FATAL] Updater:308 - Updater called before beeing initialized
2024-11-30 23:06:29,287 [ERROR] CADModel:125 - Updater not yet initialized, retry later 
2024-11-30 23:06:29,292 [FATAL] Updater:308 - Updater called before beeing initialized
2024-11-30 23:06:29,487 [FATAL] Updater:308 - Updater called before beeing initialized
2024-11-30 23:06:29,495 [INFO] DbMcusAds:53 - JSON generation date=Thu May 16 06:22:00 ART 2024 (1715851320667)
2024-11-30 23:06:29,495 [FATAL] Updater:308 - Updater called before beeing initialized
2024-11-30 23:06:29,578 [WARN] DetailPanel:346 - Failed to get advertising image, set to default
2024-11-30 23:06:29,682 [FATAL] Updater:308 - Updater called before beeing initialized
2024-11-30 23:06:29,685 [FATAL] Updater:308 - Updater called before beeing initialized
2024-11-30 23:06:29,685 [FATAL] Updater:308 - Updater called before beeing initialized
2024-11-30 23:06:29,685 [WARN] DetailPanel:346 - Failed to get advertising image, set to default
2024-11-30 23:06:29,686 [FATAL] Updater:308 - Updater called before beeing initialized
2024-11-30 23:06:29,760 [ERROR] Updater:1120 - MainUpdater not yet initialized. External WinMGr cannot be set.
2024-11-30 23:06:29,763 [INFO] Updater:1056 - Updater Version found : 6.11.1
2024-11-30 23:06:29,783 [INFO] ApplicationProperties:184 - Using Application install path: C:\ST\STM32CubeIDE_1.15.1\STM32CubeIDE\plugins\com.st.stm32cube.common.mx_6.11.1.202404110753
2024-11-30 23:06:30,960 [INFO] ThirdPartyUpdaterWithRetryManager:70 - Updater plugin not ready yet. [2/15]
2024-11-30 23:06:31,367 [ERROR] LogOutputStream:75 - [STDERR_REDIRECT] Nov 30, 2024 11:06:31 PM java.util.prefs.WindowsPreferences <init>
2024-11-30 23:06:31,371 [ERROR] LogOutputStream:75 - [STDERR_REDIRECT] WARNING: Could not open/create prefs root node Software\JavaSoft\Prefs at root 0xffffffff80000002. Windows RegCreateKeyEx(...) returned error code 5.
2024-11-30 23:06:31,372 [ERROR] LogOutputStream:75 - [STDERR_REDIRECT] 
2024-11-30 23:06:31,754 [INFO] MainUpdater:2873 - connection check result : 10
2024-11-30 23:06:31,755 [INFO] MainUpdater:290 - Updater Check For Update Now.
2024-11-30 23:06:31,755 [INFO] MicroXplorer:498 - Change Database Version : DB.6.0.111
2024-11-30 23:06:31,763 [INFO] McuFinderGlobals:63 - Set McuFinder mode to 2 (CubeIDE integrated)
2024-11-30 23:06:31,780 [INFO] UserAuth:415 - Internet connection configuration mode: 1
2024-11-30 23:06:31,818 [INFO] JxBrowserEngine:152 - Initiate JxBrowser Engine with user profile folder
2024-11-30 23:06:32,020 [INFO] CheckServerUpdateThread:120 - End of CheckServer Thread
2024-11-30 23:06:33,216 [INFO] WebApp:161 - Instantiating new browser for Auth
2024-11-30 23:06:34,831 [INFO] WebApp:779 - Register for checkConnection events
2024-11-30 23:06:34,831 [INFO] WebApp:414 - Apply proxy settings
2024-11-30 23:06:34,832 [INFO] WebApp:499 - Chromium requires no authentication
2024-11-30 23:06:34,853 [INFO] WebApp:442 - Direct internet connection detected
2024-11-30 23:06:34,901 [WARN] PackLoader:240 - Cannot read IP mode file for STMicroelectronics.FP-SNS-MOTENVWB1.1.4.0
2024-11-30 23:06:34,938 [WARN] PackLoader:240 - Cannot read IP mode file for STMicroelectronics.FP-ATR-ASTRA1.2.0.1
2024-11-30 23:06:34,955 [WARN] PackLoader:240 - Cannot read IP mode file for STMicroelectronics.X-CUBE-SMBUS.2.1.0
2024-11-30 23:06:35,022 [WARN] PackLoader:240 - Cannot read IP mode file for STMicroelectronics.X-CUBE-WB05N.1.1.0
2024-11-30 23:06:35,037 [WARN] PackLoader:240 - Cannot read IP mode file for STMicroelectronics.X-CUBE-TOUCHGFX.4.23.1
2024-11-30 23:06:35,046 [WARN] PackLoader:240 - Cannot read IP mode file for STMicroelectronics.X-CUBE-TOUCHGFX.4.23.0
2024-11-30 23:06:35,052 [WARN] PackLoader:240 - Cannot read IP mode file for STMicroelectronics.X-CUBE-TOUCHGFX.4.23.2
2024-11-30 23:06:35,216 [WARN] PackLoader:240 - Cannot read IP mode file for STMicroelectronics.X-CUBE-AZRTOS-F7.1.1.0
2024-11-30 23:06:35,284 [WARN] PackLoader:240 - Cannot read IP mode file for STMicroelectronics.FP-SNS-MOTENV1.4.3.2
2024-11-30 23:06:35,541 [WARN] PackLoader:240 - Cannot read IP mode file for STMicroelectronics.X-CUBE-MEMS1.11.0.0
2024-11-30 23:06:36,001 [WARN] PackLoader:240 - Cannot read IP mode file for STMicroelectronics.FP-SNS-FLIGHT1.5.0.2
2024-11-30 23:06:36,058 [WARN] PackLoader:240 - Cannot read IP mode file for STMicroelectronics.X-CUBE-DISPLAY.3.0.0
2024-11-30 23:06:36,072 [WARN] PackLoader:240 - Cannot read IP mode file for STMicroelectronics.X-CUBE-BLE1.7.0.0
2024-11-30 23:06:36,083 [WARN] PackLoader:240 - Cannot read IP mode file for STMicroelectronics.X-CUBE-NFC10.1.0.0
2024-11-30 23:06:36,095 [WARN] PackLoader:240 - Cannot read IP mode file for emotas.I-CUBE-CANOPEN.1.3.0
2024-11-30 23:06:36,100 [WARN] PackLoader:240 - Cannot read IP mode file for STMicroelectronics.X-CUBE-TOUCHGFX.4.22.1
2024-11-30 23:06:36,116 [WARN] PackLoader:240 - Cannot read IP mode file for STMicroelectronics.X-CUBE-BLEMGR.3.1.0
2024-11-30 23:06:36,130 [WARN] PackLoader:240 - Cannot read IP mode file for STMicroelectronics.FP-SNS-SMARTAG2.1.2.0
2024-11-30 23:06:36,152 [INFO] LogOutputStream:77 - [STDOUT_REDIRECT] 1 : Invalid condition id : UX_CORESTACK_Condition cause : null
2024-11-30 23:06:36,171 [INFO] LogOutputStream:77 - [STDOUT_REDIRECT] 1 : Invalid condition id : UX_CORESTACK_Condition cause : null
2024-11-30 23:06:36,175 [INFO] LogOutputStream:77 - [STDOUT_REDIRECT] 1 : Invalid condition id : UX_CORESTACK_Condition cause : null
2024-11-30 23:06:36,177 [INFO] LogOutputStream:77 - [STDOUT_REDIRECT] 1 : Invalid condition id : UX_CORESTACK_Condition cause : null
2024-11-30 23:06:36,179 [INFO] LogOutputStream:77 - [STDOUT_REDIRECT] 1 : Invalid condition id : UX_CORESTACK_Condition cause : null
2024-11-30 23:06:36,187 [WARN] PackLoader:240 - Cannot read IP mode file for STMicroelectronics.X-CUBE-AZRTOS-WL.2.0.0
2024-11-30 23:06:36,195 [WARN] PackLoader:240 - Cannot read IP mode file for STMicroelectronics.FP-SNS-MOTENV1.5.0.0
2024-11-30 23:06:36,211 [WARN] PackLoader:240 - Cannot read IP mode file for wolfSSL.I-CUBE-wolfMQTT.1.19.0
2024-11-30 23:06:36,225 [WARN] PackLoader:240 - Cannot read IP mode file for WES.I-CUBE-Cesium.1.3.0
2024-11-30 23:06:36,233 [WARN] PackLoader:240 - Cannot read IP mode file for STMicroelectronics.X-CUBE-BLE2.3.3.0
2024-11-30 23:06:36,245 [WARN] PackLoader:240 - Cannot read IP mode file for STMicroelectronics.X-CUBE-NFC9.1.0.0
2024-11-30 23:06:36,257 [WARN] PackLoader:240 - Cannot read IP mode file for STMicroelectronics.X-CUBE-TCPP.4.1.0
2024-11-30 23:06:36,269 [WARN] PackLoader:240 - Cannot read IP mode file for STMicroelectronics.X-CUBE-ALGOBUILD.1.3.0
2024-11-30 23:06:36,325 [WARN] PackLoader:240 - Cannot read IP mode file for STMicroelectronics.X-CUBE-AZRTOS-G0.1.1.0
2024-11-30 23:06:36,334 [INFO] WebApp:192 - Starting web application
2024-11-30 23:06:36,334 [INFO] WebApp:544 - Web application path used C:\ST\STM32CubeIDE_1.15.1\STM32CubeIDE\plugins\com.st.stm32cube.common.mx_6.11.1.202404110753\db\plugins\mcufinder\reactClient1\index.html
2024-11-30 23:06:36,338 [WARN] PackLoader:240 - Cannot read IP mode file for STMicroelectronics.X-CUBE-SAFEA1.1.2.2
2024-11-30 23:06:36,349 [WARN] PackLoader:240 - Cannot read IP mode file for STMicroelectronics.X-CUBE-NFC4.3.0.0
2024-11-30 23:06:36,355 [WARN] PackLoader:240 - Cannot read IP mode file for wolfSSL.I-CUBE-wolfMQTT.1.18.0
2024-11-30 23:06:36,369 [WARN] PackLoader:240 - Cannot read IP mode file for EmbeddedOffice.I-CUBE-FS-RTOS.1.0.1
2024-11-30 23:06:36,370 [ERROR] ConditionMgr:805 - Attr not supported : Dmpu
2024-11-30 23:06:36,370 [ERROR] ConditionMgr:805 - Attr not supported : Dmpu
2024-11-30 23:06:36,370 [ERROR] ConditionMgr:805 - Attr not supported : Dmpu
2024-11-30 23:06:36,371 [ERROR] ConditionMgr:805 - Attr not supported : Dmpu
2024-11-30 23:06:36,371 [ERROR] ConditionMgr:805 - Attr not supported : Dmpu
2024-11-30 23:06:36,371 [ERROR] ConditionMgr:805 - Attr not supported : Dmpu
2024-11-30 23:06:36,371 [ERROR] ConditionMgr:805 - Attr not supported : Dmpu
2024-11-30 23:06:36,371 [ERROR] ConditionMgr:805 - Attr not supported : Dmpu
2024-11-30 23:06:36,371 [ERROR] ConditionMgr:805 - Attr not supported : Dmpu
2024-11-30 23:06:36,371 [ERROR] ConditionMgr:805 - Attr not supported : Dmpu
2024-11-30 23:06:36,371 [ERROR] ConditionMgr:805 - Attr not supported : Dmpu
2024-11-30 23:06:36,372 [ERROR] ConditionMgr:805 - Attr not supported : Dmpu
2024-11-30 23:06:36,372 [ERROR] ConditionMgr:805 - Attr not supported : Dmpu
2024-11-30 23:06:36,372 [ERROR] ConditionMgr:805 - Attr not supported : Dmpu
2024-11-30 23:06:36,372 [ERROR] ConditionMgr:805 - Attr not supported : Dmpu
2024-11-30 23:06:36,372 [ERROR] ConditionMgr:805 - Attr not supported : Dmpu
2024-11-30 23:06:36,372 [ERROR] ConditionMgr:805 - Attr not supported : Dmpu
2024-11-30 23:06:36,372 [ERROR] ConditionMgr:805 - Attr not supported : Dmpu
2024-11-30 23:06:36,372 [ERROR] ConditionMgr:805 - Attr not supported : Dmpu
2024-11-30 23:06:36,373 [ERROR] ConditionMgr:805 - Attr not supported : Dmpu
2024-11-30 23:06:36,373 [ERROR] ConditionMgr:805 - Attr not supported : Dmpu
2024-11-30 23:06:36,373 [ERROR] ConditionMgr:805 - Attr not supported : Dmpu
2024-11-30 23:06:36,373 [ERROR] ConditionMgr:805 - Attr not supported : Dmpu
2024-11-30 23:06:36,373 [ERROR] ConditionMgr:805 - Attr not supported : Dmpu
2024-11-30 23:06:36,373 [ERROR] ConditionMgr:805 - Attr not supported : Dmpu
2024-11-30 23:06:36,373 [ERROR] ConditionMgr:805 - Attr not supported : Dmpu
2024-11-30 23:06:36,373 [ERROR] ConditionMgr:805 - Attr not supported : Dmpu
2024-11-30 23:06:36,373 [ERROR] ConditionMgr:805 - Attr not supported : Dmpu
2024-11-30 23:06:36,374 [ERROR] ConditionMgr:805 - Attr not supported : Dmpu
2024-11-30 23:06:36,374 [ERROR] ConditionMgr:805 - Attr not supported : Dmpu
2024-11-30 23:06:36,374 [ERROR] ConditionMgr:805 - Attr not supported : Dmpu
2024-11-30 23:06:36,374 [ERROR] ConditionMgr:805 - Attr not supported : Dmpu
2024-11-30 23:06:36,374 [ERROR] ConditionMgr:805 - Attr not supported : Dmpu
2024-11-30 23:06:36,374 [ERROR] ConditionMgr:805 - Attr not supported : Dmpu
2024-11-30 23:06:36,374 [ERROR] ConditionMgr:805 - Attr not supported : Dmpu
2024-11-30 23:06:36,374 [ERROR] ConditionMgr:805 - Attr not supported : Dmpu
2024-11-30 23:06:36,374 [ERROR] ConditionMgr:805 - Attr not supported : Dmpu
2024-11-30 23:06:36,375 [ERROR] ConditionMgr:805 - Attr not supported : Dmpu
2024-11-30 23:06:36,375 [ERROR] ConditionMgr:805 - Attr not supported : Dmpu
2024-11-30 23:06:36,375 [ERROR] ConditionMgr:805 - Attr not supported : Dmpu
2024-11-30 23:06:36,375 [ERROR] ConditionMgr:805 - Attr not supported : Dmpu
2024-11-30 23:06:36,375 [ERROR] ConditionMgr:805 - Attr not supported : Dmpu
2024-11-30 23:06:36,375 [ERROR] ConditionMgr:805 - Attr not supported : Dmpu
2024-11-30 23:06:36,375 [ERROR] ConditionMgr:805 - Attr not supported : Dmpu
2024-11-30 23:06:36,375 [ERROR] ConditionMgr:805 - Attr not supported : Dmpu
2024-11-30 23:06:36,376 [ERROR] ConditionMgr:805 - Attr not supported : Dmpu
2024-11-30 23:06:36,376 [ERROR] ConditionMgr:805 - Attr not supported : Dmpu
2024-11-30 23:06:36,376 [ERROR] ConditionMgr:805 - Attr not supported : Dmpu
2024-11-30 23:06:36,376 [ERROR] ConditionMgr:805 - Attr not supported : Dmpu
2024-11-30 23:06:36,376 [ERROR] ConditionMgr:805 - Attr not supported : Dmpu
2024-11-30 23:06:36,376 [ERROR] ConditionMgr:805 - Attr not supported : Dmpu
2024-11-30 23:06:36,376 [ERROR] ConditionMgr:805 - Attr not supported : Dmpu
2024-11-30 23:06:36,376 [ERROR] ConditionMgr:805 - Attr not supported : Dmpu
2024-11-30 23:06:36,376 [ERROR] ConditionMgr:805 - Attr not supported : Dmpu
2024-11-30 23:06:36,376 [ERROR] ConditionMgr:805 - Attr not supported : Dmpu
2024-11-30 23:06:36,377 [ERROR] ConditionMgr:805 - Attr not supported : Dmpu
2024-11-30 23:06:36,377 [ERROR] ConditionMgr:805 - Attr not supported : Dmpu
2024-11-30 23:06:36,377 [ERROR] ConditionMgr:805 - Attr not supported : Dmpu
2024-11-30 23:06:36,377 [ERROR] ConditionMgr:805 - Attr not supported : Dmpu
2024-11-30 23:06:36,377 [ERROR] ConditionMgr:805 - Attr not supported : Dmpu
2024-11-30 23:06:36,377 [ERROR] ConditionMgr:805 - Attr not supported : Dmpu
2024-11-30 23:06:36,377 [ERROR] ConditionMgr:805 - Attr not supported : Dmpu
2024-11-30 23:06:36,377 [ERROR] ConditionMgr:805 - Attr not supported : Dmpu
2024-11-30 23:06:36,378 [ERROR] ConditionMgr:805 - Attr not supported : Dmpu
2024-11-30 23:06:36,391 [WARN] PackLoader:240 - Cannot read IP mode file for STMicroelectronics.X-CUBE-BLEMGR.3.0.0
2024-11-30 23:06:36,402 [WARN] PackLoader:240 - Cannot read IP mode file for RealThread.X-CUBE-RT-Thread_Nano.4.1.1
2024-11-30 23:06:36,409 [WARN] PackLoader:240 - Cannot read IP mode file for STMicroelectronics.FP-ATR-SIGFOX1.3.2.0
2024-11-30 23:06:36,440 [WARN] ConditionMgr:438 - getConditionDescription Invalid condition id : Cortex-A Device cause : null
2024-11-30 23:06:36,456 [WARN] ConditionMgr:1039 - genDependencies : Invalid condition id : Cortex-A Device cause : null
2024-11-30 23:06:36,457 [WARN] ConditionMgr:1039 - genDependencies : Invalid condition id : Cortex-A Device cause : null
2024-11-30 23:06:36,457 [WARN] ConditionMgr:1039 - genDependencies : Invalid condition id : Cortex-A Device cause : null
2024-11-30 23:06:36,466 [WARN] PackLoader:240 - Cannot read IP mode file for STMicroelectronics.X-CUBE-EEPRMA1.5.1.0
2024-11-30 23:06:36,524 [WARN] PackLoader:240 - Cannot read IP mode file for SEGGER.I-CUBE-embOS.1.3.1
2024-11-30 23:06:36,644 [WARN] PackLoader:240 - Cannot read IP mode file for STMicroelectronics.X-CUBE-ALGOBUILD.1.4.0
2024-11-30 23:06:36,651 [WARN] PackLoader:240 - Cannot read IP mode file for STMicroelectronics.X-CUBE-AI.9.1.0
2024-11-30 23:06:36,659 [WARN] PackLoader:240 - Cannot read IP mode file for STMicroelectronics.X-CUBE-GNSS1.6.0.0
2024-11-30 23:06:36,716 [WARN] PackLoader:240 - Cannot read IP mode file for STMicroelectronics.X-CUBE-AZRTOS-F4.1.1.0
2024-11-30 23:06:36,729 [WARN] PackLoader:240 - Cannot read IP mode file for wolfSSL.I-CUBE-wolfSSL.5.6.3
2024-11-30 23:06:36,736 [WARN] PackLoader:240 - Cannot read IP mode file for STMicroelectronics.X-CUBE-ISPU.2.1.0
2024-11-30 23:06:36,744 [WARN] PackLoader:240 - Cannot read IP mode file for STMicroelectronics.X-CUBE-FREERTOS.1.2.0
2024-11-30 23:06:36,770 [WARN] PackLoader:240 - Cannot read IP mode file for STMicroelectronics.X-CUBE-AZRTOS-L5.2.0.0
2024-11-30 23:06:36,963 [WARN] PackLoader:240 - Cannot read IP mode file for STMicroelectronics.X-CUBE-MEMS1.9.6.0
2024-11-30 23:06:37,194 [WARN] PackLoader:240 - Cannot read IP mode file for STMicroelectronics.X-CUBE-EEPRMA1.4.2.0
2024-11-30 23:06:37,205 [WARN] PackLoader:240 - Cannot read IP mode file for STMicroelectronics.X-CUBE-NFC6.3.1.0
2024-11-30 23:06:37,215 [WARN] PackLoader:240 - Cannot read IP mode file for ITTIA_DB.I-CUBE-ITTIADB.8.8.0
2024-11-30 23:06:37,225 [WARN] PackLoader:240 - Cannot read IP mode file for STMicroelectronics.X-CUBE-BLEMGR.2.0.0
2024-11-30 23:06:37,234 [WARN] PackLoader:240 - Cannot read IP mode file for STMicroelectronics.X-CUBE-DPower.1.2.0
2024-11-30 23:06:37,239 [WARN] PackLoader:240 - Cannot read IP mode file for STMicroelectronics.X-CUBE-AI.9.0.0
2024-11-30 23:06:37,262 [WARN] ConditionMgr:438 - getConditionDescription Invalid condition id : UX DEVICE CLASS RTOS Condition cause : null
2024-11-30 23:06:37,262 [WARN] ConditionMgr:438 - getConditionDescription Invalid condition id : UX DEVICE CLASS RTOS Condition cause : null
2024-11-30 23:06:37,293 [WARN] PackLoader:240 - Cannot read IP mode file for STMicroelectronics.X-CUBE-AZRTOS-H7.3.1.0
2024-11-30 23:06:37,295 [WARN] ConditionMgr:1039 - genDependencies : Invalid condition id : UX DEVICE CLASS RTOS Condition cause : null
2024-11-30 23:06:37,295 [WARN] ConditionMgr:1039 - genDependencies : Invalid condition id : UX DEVICE CLASS RTOS Condition cause : null
2024-11-30 23:06:37,296 [WARN] ConditionMgr:1039 - genDependencies : Invalid condition id : UX DEVICE CLASS RTOS Condition cause : null
2024-11-30 23:06:37,296 [WARN] ConditionMgr:1039 - genDependencies : Invalid condition id : UX DEVICE CLASS RTOS Condition cause : null
2024-11-30 23:06:37,297 [WARN] ConditionMgr:1039 - genDependencies : Invalid condition id : UX DEVICE CLASS RTOS Condition cause : null
2024-11-30 23:06:37,306 [WARN] PackLoader:240 - Cannot read IP mode file for STMicroelectronics.X-CUBE-NFC7.1.0.1
2024-11-30 23:06:37,312 [WARN] PackLoader:240 - Cannot read IP mode file for wolfSSL.I-CUBE-wolfTPM.3.2.0
2024-11-30 23:06:37,321 [WARN] PackLoader:240 - Cannot read IP mode file for STMicroelectronics.X-CUBE-NFC6.3.0.0
2024-11-30 23:06:37,329 [WARN] PackLoader:240 - Cannot read IP mode file for STMicroelectronics.X-CUBE-EEPRMA1.4.1.0
2024-11-30 23:06:37,335 [WARN] PackLoader:240 - Cannot read IP mode file for STMicroelectronics.X-CUBE-AI.8.1.0
2024-11-30 23:06:37,360 [WARN] ConditionMgr:438 - getConditionDescription Invalid condition id : LAN8742 Phy interface Condition cause : null
2024-11-30 23:06:37,361 [WARN] PackLoader:240 - Cannot read IP mode file for STMicroelectronics.X-CUBE-AZRTOS-L4.2.0.0
2024-11-30 23:06:37,363 [WARN] ConditionMgr:1039 - genDependencies : Invalid condition id : LAN8742 Phy interface Condition cause : null
2024-11-30 23:06:37,363 [WARN] ConditionMgr:1039 - genDependencies : Invalid condition id : LAN8742 Phy interface Condition cause : null
2024-11-30 23:06:37,364 [WARN] ConditionMgr:1039 - genDependencies : Invalid condition id : LAN8742 Phy interface Condition cause : null
2024-11-30 23:06:37,375 [WARN] PackLoader:240 - Cannot read IP mode file for STMicroelectronics.X-CUBE-SFXS2LP1.4.0.0
2024-11-30 23:06:37,380 [WARN] PackLoader:240 - Cannot read IP mode file for STMicroelectronics.X-CUBE-ISPU.1.1.0
2024-11-30 23:06:37,445 [WARN] PackLoader:240 - Cannot read IP mode file for STMicroelectronics.X-CUBE-AZRTOS-H7.3.3.0
2024-11-30 23:06:37,467 [WARN] PackLoader:240 - Cannot read IP mode file for STMicroelectronics.X-CUBE-IPS.3.0.0
2024-11-30 23:06:37,491 [WARN] ConditionMgr:438 - getConditionDescription Invalid condition id : UX DEVICE CLASS RTOS Condition cause : null
2024-11-30 23:06:37,492 [WARN] ConditionMgr:438 - getConditionDescription Invalid condition id : UX DEVICE CLASS RTOS Condition cause : null
2024-11-30 23:06:37,495 [WARN] PackLoader:240 - Cannot read IP mode file for STMicroelectronics.X-CUBE-AZRTOS-WB.2.0.0
2024-11-30 23:06:37,496 [WARN] ConditionMgr:1039 - genDependencies : Invalid condition id : UX DEVICE CLASS RTOS Condition cause : null
2024-11-30 23:06:37,496 [WARN] ConditionMgr:1039 - genDependencies : Invalid condition id : UX DEVICE CLASS RTOS Condition cause : null
2024-11-30 23:06:37,497 [WARN] ConditionMgr:1039 - genDependencies : Invalid condition id : UX DEVICE CLASS RTOS Condition cause : null
2024-11-30 23:06:37,497 [WARN] ConditionMgr:1039 - genDependencies : Invalid condition id : UX DEVICE CLASS RTOS Condition cause : null
2024-11-30 23:06:37,497 [WARN] ConditionMgr:1039 - genDependencies : Invalid condition id : UX DEVICE CLASS RTOS Condition cause : null
2024-11-30 23:06:37,504 [WARN] PackLoader:240 - Cannot read IP mode file for STMicroelectronics.X-CUBE-GNSS1.7.0.0
2024-11-30 23:06:37,517 [WARN] PackLoader:240 - Cannot read IP mode file for STMicroelectronics.FP-SNS-STBOX1.2.0.0
2024-11-30 23:06:37,542 [WARN] PackLoader:240 - Cannot read IP mode file for STMicroelectronics.X-CUBE-SUBG2.5.0.0
2024-11-30 23:06:37,554 [WARN] PackLoader:240 - Cannot read IP mode file for Cesanta.I-CUBE-Mongoose.7.13.0
2024-11-30 23:06:37,566 [WARN] PackLoader:240 - Cannot read IP mode file for STMicroelectronics.X-CUBE-TOF1.3.3.1
2024-11-30 23:06:37,597 [WARN] PackLoader:240 - Cannot read IP mode file for STMicroelectronics.X-CUBE-AZRTOS-G4.2.0.0
2024-11-30 23:06:37,616 [WARN] PackLoader:240 - Cannot read IP mode file for Infineon.AIROC-Wi-Fi-Bluetooth-STM32.1.5.1
2024-11-30 23:06:37,626 [WARN] PackLoader:240 - Cannot read IP mode file for STMicroelectronics.FP-SNS-MOTENVWB1.1.3.0
2024-11-30 23:06:37,757 [WARN] PackLoader:240 - Cannot read IP mode file for STMicroelectronics.FP-SNS-MOTENVWB1.1.3.1
2024-11-30 23:06:37,762 [WARN] PackLoader:240 - Cannot read IP mode file for STMicroelectronics.X-CUBE-ISPU.2.0.0
2024-11-30 23:06:37,792 [WARN] PackLoader:240 - Cannot read IP mode file for STMicroelectronics.X-CUBE-ALS.1.0.2
2024-11-30 23:06:37,845 [WARN] PackLoader:240 - Cannot read IP mode file for STMicroelectronics.X-CUBE-MEMS1.10.0.0
2024-11-30 23:06:38,064 [WARN] PackLoader:240 - Cannot read IP mode file for STMicroelectronics.X-CUBE-FREERTOS.1.1.0
2024-11-30 23:06:38,069 [WARN] PackLoader:240 - Cannot read IP mode file for STMicroelectronics.X-CUBE-TOUCHGFX.4.24.0
2024-11-30 23:06:38,076 [WARN] PackLoader:240 - Cannot read IP mode file for STMicroelectronics.X-CUBE-TOUCHGFX.4.24.1
2024-11-30 23:06:38,085 [WARN] PackLoader:240 - Cannot read IP mode file for portGmbH.I-Cube-SoM-uGOAL.1.1.0
2024-11-30 23:06:38,090 [WARN] PackLoader:240 - Cannot read IP mode file for STMicroelectronics.X-CUBE-ALS.1.0.1
2024-11-30 23:06:38,114 [WARN] PackLoader:240 - Cannot read IP mode file for STMicroelectronics.X-CUBE-AZRTOS-H7RS.1.0.0
2024-11-30 23:06:38,123 [WARN] PackLoader:240 - Cannot read IP mode file for STMicroelectronics.FP-ATR-ASTRA1.2.0.0
2024-11-30 23:06:38,134 [WARN] PackLoader:240 - Cannot read IP mode file for STMicroelectronics.X-CUBE-TOF1.3.4.2
2024-11-30 23:06:38,191 [WARN] PackLoader:240 - Cannot read IP mode file for STMicroelectronics.X-CUBE-TOF1.3.4.0
2024-11-30 23:06:38,241 [WARN] PackLoader:240 - Cannot read IP mode file for STMicroelectronics.X-CUBE-TOF1.3.4.1
2024-11-30 23:06:38,293 [WARN] PackLoader:240 - Cannot read IP mode file for STMicroelectronics.X-CUBE-AZRTOS-H7.3.2.0
2024-11-30 23:06:38,332 [WARN] PackLoader:240 - Cannot read IP mode file for wolfSSL.I-CUBE-wolfSSH.1.4.17
2024-11-30 23:06:38,333 [INFO] ThirdParty:978 - Integrity check success = true
2024-11-30 23:06:38,333 [INFO] IntegrityCheckThread:100 - exiting critical section [integrity check]
2024-11-30 23:06:38,333 [INFO] IntegrityCheckThread:103 - End integrity checks thread
