2024-06-18 18:34:10,621 [INFO] Activator:176 - 


2024-06-18 18:34:10,630 [INFO] Activator:177 - !SESSION log4j initialized
2024-06-18 18:34:15,719 [INFO] LogOutputStream:77 - [STDOUT_REDIRECT] 
2024-06-18 18:34:24,014 [INFO] ApplicationProperties:184 - Using Application install path: C:\ST\STM32CubeIDE_1.15.1\STM32CubeIDE\plugins\com.st.stm32cube.common.mx_6.11.1.202404110753
2024-06-18 18:34:24,034 [INFO] DbMcusXml:78 - Set database path to: C:\ST\STM32CubeIDE_1.15.1\STM32CubeIDE\plugins\com.st.stm32cube.common.mx_6.11.1.202404110753\\db\/mcu/
2024-06-18 18:34:24,034 [INFO] ApiDb:274 - Set plugin database path to: C:\ST\STM32CubeIDE_1.15.1\STM32CubeIDE\plugins\com.st.stm32cube.common.mx_6.11.1.202404110753\\db\/plugins/boardmanager/
2024-06-18 18:34:24,035 [WARN] ApiDb:259 - Overriding images path with different value:  => C:\ST\STM32CubeIDE_1.15.1\STM32CubeIDE\plugins\com.st.stm32cube.common.mx_6.11.1.202404110753\\db\/plugins/mcufinder/images/
2024-06-18 18:34:24,045 [INFO] ApiDb:250 - Set database path to: C:\Users\gusta\.stmcufinder\plugins\mcufinder//mcu/
2024-06-18 18:34:24,047 [INFO] DbMcusAds:125 - Set database path to: C:\Users\gusta\.stmcufinder\plugins\mcufinder//mcu/
2024-06-18 18:34:24,050 [INFO] CrossReferenceDbSqlite:203 - Set database path to: C:\Users\gusta\.stmcufinder\plugins\mcufinder//mcu/cs/
2024-06-18 18:34:24,220 [INFO] RulesReader:64 - Compatibility file has been processed (297 Rules)
2024-06-18 18:34:24,378 [INFO] DbMcusXml:78 - Set database path to: C:\ST\STM32CubeIDE_1.15.1\STM32CubeIDE\plugins\com.st.stm32cube.common.mx_6.11.1.202404110753\\db\/mcu/
2024-06-18 18:34:24,378 [INFO] ApiDb:274 - Set plugin database path to: C:\ST\STM32CubeIDE_1.15.1\STM32CubeIDE\plugins\com.st.stm32cube.common.mx_6.11.1.202404110753\\db\/plugins/boardmanager/
2024-06-18 18:34:24,379 [INFO] ApiDb:261 - Set plugin images path to: C:\ST\STM32CubeIDE_1.15.1\STM32CubeIDE\plugins\com.st.stm32cube.common.mx_6.11.1.202404110753\\db\/plugins/mcufinder/images/
2024-06-18 18:34:24,379 [WARN] DbFile:41 - Overriding database path with different value: C:\Users\gusta\.stmcufinder\plugins\mcufinder/ => C:\Users\gusta\.stmcufinder\plugins\mcufinder
2024-06-18 18:34:24,380 [INFO] ApiDb:250 - Set database path to: C:\Users\gusta\.stmcufinder\plugins\mcufinder//mcu/
2024-06-18 18:34:24,380 [WARN] DbFile:41 - Overriding database path with different value: C:\Users\gusta\.stmcufinder\plugins\mcufinder/ => C:\Users\gusta\.stmcufinder\plugins\mcufinder
2024-06-18 18:34:24,380 [INFO] DbMcusAds:125 - Set database path to: C:\Users\gusta\.stmcufinder\plugins\mcufinder//mcu/
2024-06-18 18:34:24,380 [WARN] DbFile:41 - Overriding database path with different value: C:\Users\gusta\.stmcufinder\plugins\mcufinder/ => C:\Users\gusta\.stmcufinder\plugins\mcufinder
2024-06-18 18:34:24,380 [WARN] DbFile:41 - Overriding database path with different value: C:\Users\gusta\.stmcufinder\plugins\mcufinder/ => C:\Users\gusta\.stmcufinder\plugins\mcufinder
2024-06-18 18:34:24,381 [INFO] CrossReferenceDbSqlite:203 - Set database path to: C:\Users\gusta\.stmcufinder\plugins\mcufinder//mcu/cs/
2024-06-18 18:34:24,524 [INFO] MainPanel:264 - HeapMemory: 268435456
2024-06-18 18:34:24,685 [INFO] DbMcusXml:78 - Set database path to: C:\ST\STM32CubeIDE_1.15.1\STM32CubeIDE\plugins\com.st.stm32cube.common.mx_6.11.1.202404110753\\db\/mcu/
2024-06-18 18:34:24,685 [INFO] ApiDb:274 - Set plugin database path to: C:\ST\STM32CubeIDE_1.15.1\STM32CubeIDE\plugins\com.st.stm32cube.common.mx_6.11.1.202404110753\\db\/plugins/boardmanager/
2024-06-18 18:34:24,685 [INFO] ApiDb:261 - Set plugin images path to: C:\ST\STM32CubeIDE_1.15.1\STM32CubeIDE\plugins\com.st.stm32cube.common.mx_6.11.1.202404110753\\db\/plugins/mcufinder/images/
2024-06-18 18:34:24,686 [WARN] DbFile:41 - Overriding database path with different value: C:\Users\gusta\.stmcufinder\plugins\mcufinder/ => C:\Users\gusta\.stmcufinder\plugins\mcufinder
2024-06-18 18:34:24,686 [INFO] ApiDb:250 - Set database path to: C:\Users\gusta\.stmcufinder\plugins\mcufinder//mcu/
2024-06-18 18:34:24,687 [WARN] DbFile:41 - Overriding database path with different value: C:\Users\gusta\.stmcufinder\plugins\mcufinder/ => C:\Users\gusta\.stmcufinder\plugins\mcufinder
2024-06-18 18:34:24,687 [INFO] DbMcusAds:125 - Set database path to: C:\Users\gusta\.stmcufinder\plugins\mcufinder//mcu/
2024-06-18 18:34:24,687 [WARN] DbFile:41 - Overriding database path with different value: C:\Users\gusta\.stmcufinder\plugins\mcufinder/ => C:\Users\gusta\.stmcufinder\plugins\mcufinder
2024-06-18 18:34:24,687 [WARN] DbFile:41 - Overriding database path with different value: C:\Users\gusta\.stmcufinder\plugins\mcufinder/ => C:\Users\gusta\.stmcufinder\plugins\mcufinder
2024-06-18 18:34:24,688 [INFO] CrossReferenceDbSqlite:203 - Set database path to: C:\Users\gusta\.stmcufinder\plugins\mcufinder//mcu/cs/
2024-06-18 18:34:24,713 [INFO] ApplicationProperties:184 - Using Application install path: C:\ST\STM32CubeIDE_1.15.1\STM32CubeIDE\plugins\com.st.stm32cube.common.mx_6.11.1.202404110753
2024-06-18 18:34:24,715 [INFO] PluginManage:196 - Search for loadable plugins [exclusion list=, ]
2024-06-18 18:34:24,717 [INFO] PluginManage:310 - Check plugin analytics
2024-06-18 18:34:29,556 [INFO] AnalyticsPlugin:253 - Accepted Software Licenses: 
2024-06-18 18:34:29,556 [INFO] AnalyticsPlugin:255 - Accepted CMSIS Pack Licenses: 
2024-06-18 18:34:29,556 [INFO] AnalyticsPlugin:257 - Accepted Firmware Licenses: FW.F4.1.27.0,FW.F4.1.28.0
2024-06-18 18:34:29,561 [INFO] PluginManage:359 - Loaded plugin analytics (category:tool,tabindex:-1)
2024-06-18 18:34:29,561 [INFO] PluginManage:310 - Check plugin cadmodel
2024-06-18 18:34:29,570 [INFO] CADModel:105 - Init CAD model plugin
2024-06-18 18:34:29,571 [INFO] PluginManage:359 - Loaded plugin cadmodel (category:power,tabindex:5)
2024-06-18 18:34:29,571 [INFO] PluginManage:310 - Check plugin clock
2024-06-18 18:34:29,589 [INFO] PluginManage:359 - Loaded plugin clock (category:base,tabindex:2)
2024-06-18 18:34:29,589 [INFO] PluginManage:310 - Check plugin ddr
2024-06-18 18:34:29,593 [INFO] PluginManage:359 - Loaded plugin ddr (category:tool,tabindex:6)
2024-06-18 18:34:29,593 [INFO] PluginManage:310 - Check plugin filemanager
2024-06-18 18:34:29,789 [INFO] PluginManage:359 - Loaded plugin filemanager (category:base,tabindex:10)
2024-06-18 18:34:29,789 [INFO] PluginManage:310 - Check plugin ipmanager
2024-06-18 18:34:29,797 [INFO] PluginManage:359 - Loaded plugin ipmanager (category:base,tabindex:5)
2024-06-18 18:34:29,797 [INFO] PluginManage:310 - Check plugin lpbam
2024-06-18 18:34:29,807 [INFO] PluginManage:359 - Loaded plugin lpbam (category:base,tabindex:0)
2024-06-18 18:34:29,808 [INFO] PluginManage:310 - Check plugin memorymap
2024-06-18 18:34:29,830 [INFO] PluginManage:359 - Loaded plugin memorymap (category:base,tabindex:4)
2024-06-18 18:34:29,831 [INFO] PluginManage:310 - Check plugin pinoutandconfiguration
2024-06-18 18:34:29,841 [INFO] PluginManage:359 - Loaded plugin pinoutandconfiguration (category:base,tabindex:1)
2024-06-18 18:34:29,841 [INFO] PluginManage:310 - Check plugin pinoutconfig
2024-06-18 18:34:29,971 [WARN] SupportedApi:132 - Cannot load RTOS API schema: s4s-elt-must-match.1: The content of 'definitions' must match (annotation?, (simpleType | complexType)?, (unique | key | keyref)*)). A problem was found starting at: attribute.
2024-06-18 18:34:30,137 [INFO] PluginManage:359 - Loaded plugin pinoutconfig (category:base,tabindex:0)
2024-06-18 18:34:30,138 [INFO] PluginManage:310 - Check plugin power
2024-06-18 18:34:30,156 [INFO] PluginManage:359 - Loaded plugin power (category:power,tabindex:4)
2024-06-18 18:34:30,156 [INFO] PluginManage:310 - Check plugin projectmanager
2024-06-18 18:34:30,181 [INFO] PluginManage:359 - Loaded plugin projectmanager (category:projectmanager,tabindex:3)
2024-06-18 18:34:30,181 [INFO] PluginManage:310 - Check plugin thirdparty
2024-06-18 18:34:30,383 [INFO] PluginManage:359 - Loaded plugin thirdparty (category:base,tabindex:-1)
2024-06-18 18:34:30,383 [INFO] PluginManage:310 - Check plugin tools
2024-06-18 18:34:30,384 [WARN] IntegrityCheckThread:84 - waiting for thirdparty lock release [integrity check]
2024-06-18 18:34:30,386 [INFO] IntegrityCheckThread:86 - entering critical section [integrity check]
2024-06-18 18:34:30,387 [INFO] ThirdPartyUpdaterWithRetryManager:70 - Updater plugin not ready yet. [1/15]
2024-06-18 18:34:30,388 [INFO] PluginManage:359 - Loaded plugin tools (category:base,tabindex:7)
2024-06-18 18:34:30,388 [INFO] PluginManage:310 - Check plugin tutovideos
2024-06-18 18:34:30,639 [INFO] PluginManage:359 - Loaded plugin tutovideos (category:base,tabindex:-1)
2024-06-18 18:34:30,639 [INFO] PluginManage:310 - Check plugin updater
2024-06-18 18:34:30,653 [INFO] PluginManage:359 - Loaded plugin updater (category:base,tabindex:12)
2024-06-18 18:34:30,653 [INFO] PluginManage:310 - Check plugin userauth
2024-06-18 18:34:30,660 [INFO] UserAuth:114 - Init User Auth plugin
2024-06-18 18:34:30,661 [INFO] PluginManage:359 - Loaded plugin userauth (category:base,tabindex:14)
2024-06-18 18:34:30,661 [INFO] PluginManage:283 - PluginManage : Loaded plugins [17]
2024-06-18 18:34:30,920 [INFO] PinOutPanel:1561 - setPackage(No Configuration,No Configuration)
2024-06-18 18:34:31,009 [INFO] CADModel:165 - CPN selected for project level
2024-06-18 18:34:31,010 [INFO] CADModel:114 - Register for checkConnection events
2024-06-18 18:34:31,030 [INFO] IPUIPlugin:80 - create IPUIPlugin
2024-06-18 18:34:31,030 [INFO] PluginManager:220 - loadIPPluginJar : add adc
2024-06-18 18:34:31,033 [INFO] IPUIPlugin:80 - create IPUIPlugin
2024-06-18 18:34:31,033 [INFO] PluginManager:220 - loadIPPluginJar : add aes
2024-06-18 18:34:31,038 [INFO] IPUIPlugin:80 - create IPUIPlugin
2024-06-18 18:34:31,039 [INFO] PluginManager:220 - loadIPPluginJar : add can
2024-06-18 18:34:31,041 [INFO] IPUIPlugin:80 - create IPUIPlugin
2024-06-18 18:34:31,041 [INFO] PluginManager:220 - loadIPPluginJar : add comp
2024-06-18 18:34:31,045 [INFO] IPUIPlugin:80 - create IPUIPlugin
2024-06-18 18:34:31,045 [INFO] PluginManager:220 - loadIPPluginJar : add cryp
2024-06-18 18:34:31,049 [INFO] IPUIPlugin:80 - create IPUIPlugin
2024-06-18 18:34:31,049 [INFO] PluginManager:220 - loadIPPluginJar : add dfsdm
2024-06-18 18:34:31,056 [INFO] IPUIPlugin:80 - create IPUIPlugin
2024-06-18 18:34:31,057 [INFO] PluginManager:220 - loadIPPluginJar : add dma
2024-06-18 18:34:31,060 [INFO] IPUIPlugin:80 - create IPUIPlugin
2024-06-18 18:34:31,061 [INFO] PluginManager:220 - loadIPPluginJar : add dma3
2024-06-18 18:34:31,064 [INFO] IPUIPlugin:80 - create IPUIPlugin
2024-06-18 18:34:31,065 [INFO] PluginManager:220 - loadIPPluginJar : add extmemmanager
2024-06-18 18:34:31,067 [INFO] IPUIPlugin:80 - create IPUIPlugin
2024-06-18 18:34:31,067 [INFO] PluginManager:220 - loadIPPluginJar : add fatfs
2024-06-18 18:34:31,074 [INFO] IPUIPlugin:80 - create IPUIPlugin
2024-06-18 18:34:31,074 [INFO] PluginManager:220 - loadIPPluginJar : add fmc
2024-06-18 18:34:31,081 [INFO] IPUIPlugin:80 - create IPUIPlugin
2024-06-18 18:34:31,081 [INFO] PluginManager:220 - loadIPPluginJar : add freertos
2024-06-18 18:34:31,083 [INFO] IPUIPlugin:80 - create IPUIPlugin
2024-06-18 18:34:31,084 [INFO] PluginManager:220 - loadIPPluginJar : add genericplugin
2024-06-18 18:34:31,088 [INFO] IPUIPlugin:80 - create IPUIPlugin
2024-06-18 18:34:31,088 [INFO] PluginManager:220 - loadIPPluginJar : add gfxmmu
2024-06-18 18:34:31,095 [INFO] IPUIPlugin:80 - create IPUIPlugin
2024-06-18 18:34:31,095 [INFO] PluginManager:220 - loadIPPluginJar : add gic
2024-06-18 18:34:31,101 [INFO] IPUIPlugin:80 - create IPUIPlugin
2024-06-18 18:34:31,101 [INFO] PluginManager:220 - loadIPPluginJar : add gpio
2024-06-18 18:34:31,105 [INFO] IPUIPlugin:80 - create IPUIPlugin
2024-06-18 18:34:31,105 [INFO] PluginManager:220 - loadIPPluginJar : add gtzc
2024-06-18 18:34:31,109 [INFO] IPUIPlugin:80 - create IPUIPlugin
2024-06-18 18:34:31,109 [INFO] PluginManager:220 - loadIPPluginJar : add hash
2024-06-18 18:34:31,113 [INFO] IPUIPlugin:80 - create IPUIPlugin
2024-06-18 18:34:31,113 [INFO] PluginManager:220 - loadIPPluginJar : add i2c
2024-06-18 18:34:31,116 [INFO] IPUIPlugin:80 - create IPUIPlugin
2024-06-18 18:34:31,116 [INFO] PluginManager:220 - loadIPPluginJar : add i2s
2024-06-18 18:34:31,120 [INFO] IPUIPlugin:80 - create IPUIPlugin
2024-06-18 18:34:31,120 [INFO] PluginManager:220 - loadIPPluginJar : add i3c
2024-06-18 18:34:31,124 [INFO] IPUIPlugin:80 - create IPUIPlugin
2024-06-18 18:34:31,124 [INFO] PluginManager:220 - loadIPPluginJar : add ipddr
2024-06-18 18:34:31,134 [INFO] IPUIPlugin:80 - create IPUIPlugin
2024-06-18 18:34:31,134 [INFO] PluginManager:220 - loadIPPluginJar : add linkedlist
2024-06-18 18:34:31,140 [INFO] IPUIPlugin:80 - create IPUIPlugin
2024-06-18 18:34:31,140 [INFO] PluginManager:220 - loadIPPluginJar : add lorawan
2024-06-18 18:34:31,143 [INFO] IPUIPlugin:80 - create IPUIPlugin
2024-06-18 18:34:31,143 [INFO] PluginManager:220 - loadIPPluginJar : add ltdc
2024-06-18 18:34:31,152 [INFO] IPUIPlugin:80 - create IPUIPlugin
2024-06-18 18:34:31,152 [INFO] PluginManager:220 - loadIPPluginJar : add mdma
2024-06-18 18:34:31,156 [INFO] IPUIPlugin:80 - create IPUIPlugin
2024-06-18 18:34:31,157 [INFO] PluginManager:220 - loadIPPluginJar : add nvic
2024-06-18 18:34:31,161 [INFO] IPUIPlugin:80 - create IPUIPlugin
2024-06-18 18:34:31,161 [INFO] PluginManager:220 - loadIPPluginJar : add opamp
2024-06-18 18:34:31,164 [INFO] IPUIPlugin:80 - create IPUIPlugin
2024-06-18 18:34:31,165 [INFO] PluginManager:220 - loadIPPluginJar : add openamp
2024-06-18 18:34:31,169 [INFO] IPUIPlugin:80 - create IPUIPlugin
2024-06-18 18:34:31,169 [INFO] PluginManager:220 - loadIPPluginJar : add pdm2pcm
2024-06-18 18:34:31,176 [INFO] IPUIPlugin:80 - create IPUIPlugin
2024-06-18 18:34:31,179 [INFO] PluginManager:220 - loadIPPluginJar : add plateformsettings
2024-06-18 18:34:31,182 [INFO] IPUIPlugin:80 - create IPUIPlugin
2024-06-18 18:34:31,182 [INFO] PluginManager:220 - loadIPPluginJar : add quadspi
2024-06-18 18:34:31,186 [INFO] IPUIPlugin:80 - create IPUIPlugin
2024-06-18 18:34:31,187 [INFO] PluginManager:220 - loadIPPluginJar : add resmgrutility
2024-06-18 18:34:31,191 [INFO] IPUIPlugin:80 - create IPUIPlugin
2024-06-18 18:34:31,191 [INFO] PluginManager:220 - loadIPPluginJar : add sai
2024-06-18 18:34:31,194 [INFO] IPUIPlugin:80 - create IPUIPlugin
2024-06-18 18:34:31,194 [INFO] PluginManager:220 - loadIPPluginJar : add spi
2024-06-18 18:34:31,201 [INFO] IPUIPlugin:80 - create IPUIPlugin
2024-06-18 18:34:31,201 [INFO] PluginManager:220 - loadIPPluginJar : add stm32_wpan
2024-06-18 18:34:31,204 [INFO] IPUIPlugin:80 - create IPUIPlugin
2024-06-18 18:34:31,204 [INFO] PluginManager:220 - loadIPPluginJar : add tim
2024-06-18 18:34:31,209 [INFO] IPUIPlugin:80 - create IPUIPlugin
2024-06-18 18:34:31,209 [INFO] PluginManager:220 - loadIPPluginJar : add touchsensing
2024-06-18 18:34:31,212 [INFO] IPUIPlugin:80 - create IPUIPlugin
2024-06-18 18:34:31,212 [INFO] PluginManager:220 - loadIPPluginJar : add tracer_emb
2024-06-18 18:34:31,215 [INFO] IPUIPlugin:80 - create IPUIPlugin
2024-06-18 18:34:31,216 [INFO] PluginManager:220 - loadIPPluginJar : add ts
2024-06-18 18:34:31,218 [INFO] IPUIPlugin:80 - create IPUIPlugin
2024-06-18 18:34:31,218 [INFO] PluginManager:220 - loadIPPluginJar : add tsc
2024-06-18 18:34:31,221 [INFO] IPUIPlugin:80 - create IPUIPlugin
2024-06-18 18:34:31,221 [INFO] PluginManager:220 - loadIPPluginJar : add ucpd
2024-06-18 18:34:31,226 [INFO] IPUIPlugin:80 - create IPUIPlugin
2024-06-18 18:34:31,226 [INFO] PluginManager:220 - loadIPPluginJar : add usart
2024-06-18 18:34:31,230 [INFO] IPUIPlugin:80 - create IPUIPlugin
2024-06-18 18:34:31,230 [INFO] PluginManager:220 - loadIPPluginJar : add usbx
2024-06-18 18:34:31,406 [INFO] CADModel:165 - CPN selected for project level
2024-06-18 18:34:31,406 [INFO] CADModel:114 - Register for checkConnection events
2024-06-18 18:34:31,407 [FATAL] Updater:308 - Updater called before beeing initialized
2024-06-18 18:34:31,407 [ERROR] CADModel:125 - Updater not yet initialized, retry later 
2024-06-18 18:34:31,605 [INFO] CADModel:165 - CPN selected for project level
2024-06-18 18:34:31,606 [INFO] CADModel:114 - Register for checkConnection events
2024-06-18 18:34:31,606 [FATAL] Updater:308 - Updater called before beeing initialized
2024-06-18 18:34:31,606 [ERROR] CADModel:125 - Updater not yet initialized, retry later 
2024-06-18 18:34:31,611 [FATAL] Updater:308 - Updater called before beeing initialized
2024-06-18 18:34:31,773 [FATAL] Updater:308 - Updater called before beeing initialized
2024-06-18 18:34:31,778 [INFO] DbMcusAds:53 - JSON generation date=Thu May 16 06:22:00 ART 2024 (1715851320667)
2024-06-18 18:34:31,779 [FATAL] Updater:308 - Updater called before beeing initialized
2024-06-18 18:34:31,848 [WARN] DetailPanel:346 - Failed to get advertising image, set to default
2024-06-18 18:34:31,950 [FATAL] Updater:308 - Updater called before beeing initialized
2024-06-18 18:34:31,952 [FATAL] Updater:308 - Updater called before beeing initialized
2024-06-18 18:34:31,952 [FATAL] Updater:308 - Updater called before beeing initialized
2024-06-18 18:34:31,953 [WARN] DetailPanel:346 - Failed to get advertising image, set to default
2024-06-18 18:34:31,953 [FATAL] Updater:308 - Updater called before beeing initialized
2024-06-18 18:34:32,033 [ERROR] Updater:1120 - MainUpdater not yet initialized. External WinMGr cannot be set.
2024-06-18 18:34:32,037 [INFO] Updater:1056 - Updater Version found : 6.11.1
2024-06-18 18:34:32,065 [INFO] ApplicationProperties:184 - Using Application install path: C:\ST\STM32CubeIDE_1.15.1\STM32CubeIDE\plugins\com.st.stm32cube.common.mx_6.11.1.202404110753
2024-06-18 18:34:33,389 [INFO] ThirdPartyUpdaterWithRetryManager:70 - Updater plugin not ready yet. [2/15]
2024-06-18 18:34:33,654 [ERROR] LogOutputStream:75 - [STDERR_REDIRECT] Jun 18, 2024 6:34:33 PM java.util.prefs.WindowsPreferences <init>
2024-06-18 18:34:33,659 [ERROR] LogOutputStream:75 - [STDERR_REDIRECT] WARNING: Could not open/create prefs root node Software\JavaSoft\Prefs at root 0xffffffff80000002. Windows RegCreateKeyEx(...) returned error code 5.
2024-06-18 18:34:33,659 [ERROR] LogOutputStream:75 - [STDERR_REDIRECT] 
2024-06-18 18:34:34,040 [INFO] MainUpdater:2873 - connection check result : 10
2024-06-18 18:34:34,041 [INFO] MainUpdater:290 - Updater Check For Update Now.
2024-06-18 18:34:34,041 [INFO] MicroXplorer:498 - Change Database Version : DB.6.0.111
2024-06-18 18:34:34,051 [INFO] McuFinderGlobals:63 - Set McuFinder mode to 2 (CubeIDE integrated)
2024-06-18 18:34:34,064 [INFO] UserAuth:415 - Internet connection configuration mode: 1
2024-06-18 18:34:34,122 [INFO] JxBrowserEngine:152 - Initiate JxBrowser Engine with user profile folder
2024-06-18 18:34:34,300 [INFO] CheckServerUpdateThread:120 - End of CheckServer Thread
2024-06-18 18:34:35,281 [INFO] WebApp:161 - Instantiating new browser for Auth
2024-06-18 18:34:36,130 [INFO] WebApp:779 - Register for checkConnection events
2024-06-18 18:34:36,130 [INFO] WebApp:414 - Apply proxy settings
2024-06-18 18:34:36,130 [INFO] WebApp:499 - Chromium requires no authentication
2024-06-18 18:34:36,141 [INFO] WebApp:442 - Direct internet connection detected
2024-06-18 18:34:36,380 [INFO] WebApp:192 - Starting web application
2024-06-18 18:34:36,380 [INFO] WebApp:544 - Web application path used C:\ST\STM32CubeIDE_1.15.1\STM32CubeIDE\plugins\com.st.stm32cube.common.mx_6.11.1.202404110753\db\plugins\mcufinder\reactClient1\index.html
2024-06-18 18:34:36,922 [WARN] PackLoader:240 - Cannot read IP mode file for STMicroelectronics.FP-SNS-MOTENVWB1.1.4.0
2024-06-18 18:34:36,958 [WARN] PackLoader:240 - Cannot read IP mode file for STMicroelectronics.X-CUBE-SMBUS.2.1.0
2024-06-18 18:34:36,967 [WARN] PackLoader:240 - Cannot read IP mode file for STMicroelectronics.X-CUBE-TOUCHGFX.4.23.1
2024-06-18 18:34:36,972 [WARN] PackLoader:240 - Cannot read IP mode file for STMicroelectronics.X-CUBE-TOUCHGFX.4.23.0
2024-06-18 18:34:36,978 [WARN] PackLoader:240 - Cannot read IP mode file for STMicroelectronics.X-CUBE-TOUCHGFX.4.23.2
2024-06-18 18:34:37,061 [WARN] PackLoader:240 - Cannot read IP mode file for STMicroelectronics.X-CUBE-AZRTOS-F7.1.1.0
2024-06-18 18:34:37,087 [WARN] PackLoader:240 - Cannot read IP mode file for STMicroelectronics.FP-SNS-MOTENV1.4.3.2
2024-06-18 18:34:37,099 [WARN] PackLoader:240 - Cannot read IP mode file for STMicroelectronics.FP-SNS-FLIGHT1.5.0.2
2024-06-18 18:34:37,115 [WARN] PackLoader:240 - Cannot read IP mode file for STMicroelectronics.X-CUBE-DISPLAY.3.0.0
2024-06-18 18:34:37,136 [WARN] PackLoader:240 - Cannot read IP mode file for STMicroelectronics.X-CUBE-BLE1.7.0.0
2024-06-18 18:34:37,144 [WARN] PackLoader:240 - Cannot read IP mode file for emotas.I-CUBE-CANOPEN.1.3.0
2024-06-18 18:34:37,155 [WARN] PackLoader:240 - Cannot read IP mode file for STMicroelectronics.X-CUBE-TOUCHGFX.4.22.1
2024-06-18 18:34:37,188 [WARN] PackLoader:240 - Cannot read IP mode file for STMicroelectronics.X-CUBE-BLEMGR.3.1.0
2024-06-18 18:34:37,211 [WARN] PackLoader:240 - Cannot read IP mode file for STMicroelectronics.FP-SNS-SMARTAG2.1.2.0
2024-06-18 18:34:37,228 [INFO] LogOutputStream:77 - [STDOUT_REDIRECT] 1 : Invalid condition id : UX_CORESTACK_Condition cause : null
2024-06-18 18:34:37,229 [INFO] LogOutputStream:77 - [STDOUT_REDIRECT] 1 : Invalid condition id : UX_CORESTACK_Condition cause : null
2024-06-18 18:34:37,232 [INFO] LogOutputStream:77 - [STDOUT_REDIRECT] 1 : Invalid condition id : UX_CORESTACK_Condition cause : null
2024-06-18 18:34:37,235 [INFO] LogOutputStream:77 - [STDOUT_REDIRECT] 1 : Invalid condition id : UX_CORESTACK_Condition cause : null
2024-06-18 18:34:37,237 [INFO] LogOutputStream:77 - [STDOUT_REDIRECT] 1 : Invalid condition id : UX_CORESTACK_Condition cause : null
2024-06-18 18:34:37,244 [WARN] PackLoader:240 - Cannot read IP mode file for STMicroelectronics.X-CUBE-AZRTOS-WL.2.0.0
2024-06-18 18:34:37,287 [WARN] PackLoader:240 - Cannot read IP mode file for STMicroelectronics.FP-SNS-MOTENV1.5.0.0
2024-06-18 18:34:37,306 [WARN] PackLoader:240 - Cannot read IP mode file for WES.I-CUBE-Cesium.1.3.0
2024-06-18 18:34:37,314 [WARN] PackLoader:240 - Cannot read IP mode file for STMicroelectronics.X-CUBE-BLE2.3.3.0
2024-06-18 18:34:37,328 [WARN] PackLoader:240 - Cannot read IP mode file for STMicroelectronics.X-CUBE-TCPP.4.1.0
2024-06-18 18:34:37,343 [WARN] PackLoader:240 - Cannot read IP mode file for STMicroelectronics.X-CUBE-ALGOBUILD.1.3.0
2024-06-18 18:34:37,378 [WARN] PackLoader:240 - Cannot read IP mode file for STMicroelectronics.X-CUBE-AZRTOS-G0.1.1.0
2024-06-18 18:34:37,394 [WARN] PackLoader:240 - Cannot read IP mode file for STMicroelectronics.X-CUBE-SAFEA1.1.2.2
2024-06-18 18:34:37,405 [WARN] PackLoader:240 - Cannot read IP mode file for STMicroelectronics.X-CUBE-NFC4.3.0.0
2024-06-18 18:34:37,412 [WARN] PackLoader:240 - Cannot read IP mode file for wolfSSL.I-CUBE-wolfMQTT.1.18.0
2024-06-18 18:34:37,428 [WARN] PackLoader:240 - Cannot read IP mode file for STMicroelectronics.X-CUBE-BLEMGR.3.0.0
2024-06-18 18:34:37,444 [WARN] PackLoader:240 - Cannot read IP mode file for STMicroelectronics.FP-ATR-SIGFOX1.3.2.0
2024-06-18 18:34:37,455 [WARN] PackLoader:240 - Cannot read IP mode file for STMicroelectronics.X-CUBE-EEPRMA1.5.1.0
2024-06-18 18:34:37,529 [WARN] PackLoader:240 - Cannot read IP mode file for SEGGER.I-CUBE-embOS.1.3.1
2024-06-18 18:34:37,624 [WARN] PackLoader:240 - Cannot read IP mode file for STMicroelectronics.X-CUBE-ALGOBUILD.1.4.0
2024-06-18 18:34:37,632 [WARN] PackLoader:240 - Cannot read IP mode file for STMicroelectronics.X-CUBE-GNSS1.6.0.0
2024-06-18 18:34:37,695 [WARN] PackLoader:240 - Cannot read IP mode file for STMicroelectronics.X-CUBE-AZRTOS-F4.1.1.0
2024-06-18 18:34:37,720 [WARN] PackLoader:240 - Cannot read IP mode file for wolfSSL.I-CUBE-wolfSSL.5.6.3
2024-06-18 18:34:37,763 [WARN] PackLoader:240 - Cannot read IP mode file for STMicroelectronics.X-CUBE-FREERTOS.1.2.0
2024-06-18 18:34:37,808 [WARN] PackLoader:240 - Cannot read IP mode file for STMicroelectronics.X-CUBE-AZRTOS-L5.2.0.0
2024-06-18 18:34:37,988 [WARN] PackLoader:240 - Cannot read IP mode file for STMicroelectronics.X-CUBE-MEMS1.9.6.0
2024-06-18 18:34:38,322 [WARN] PackLoader:240 - Cannot read IP mode file for STMicroelectronics.X-CUBE-EEPRMA1.4.2.0
2024-06-18 18:34:38,334 [WARN] PackLoader:240 - Cannot read IP mode file for STMicroelectronics.X-CUBE-NFC6.3.1.0
2024-06-18 18:34:38,343 [WARN] PackLoader:240 - Cannot read IP mode file for ITTIA_DB.I-CUBE-ITTIADB.8.8.0
2024-06-18 18:34:38,362 [WARN] PackLoader:240 - Cannot read IP mode file for STMicroelectronics.X-CUBE-BLEMGR.2.0.0
2024-06-18 18:34:38,371 [WARN] PackLoader:240 - Cannot read IP mode file for STMicroelectronics.X-CUBE-AI.9.0.0
2024-06-18 18:34:38,399 [WARN] ConditionMgr:438 - getConditionDescription Invalid condition id : UX DEVICE CLASS RTOS Condition cause : null
2024-06-18 18:34:38,400 [WARN] ConditionMgr:438 - getConditionDescription Invalid condition id : UX DEVICE CLASS RTOS Condition cause : null
2024-06-18 18:34:38,404 [WARN] PackLoader:240 - Cannot read IP mode file for STMicroelectronics.X-CUBE-AZRTOS-H7.3.1.0
2024-06-18 18:34:38,406 [WARN] ConditionMgr:1039 - genDependencies : Invalid condition id : UX DEVICE CLASS RTOS Condition cause : null
2024-06-18 18:34:38,406 [WARN] ConditionMgr:1039 - genDependencies : Invalid condition id : UX DEVICE CLASS RTOS Condition cause : null
2024-06-18 18:34:38,407 [WARN] ConditionMgr:1039 - genDependencies : Invalid condition id : UX DEVICE CLASS RTOS Condition cause : null
2024-06-18 18:34:38,408 [WARN] ConditionMgr:1039 - genDependencies : Invalid condition id : UX DEVICE CLASS RTOS Condition cause : null
2024-06-18 18:34:38,408 [WARN] ConditionMgr:1039 - genDependencies : Invalid condition id : UX DEVICE CLASS RTOS Condition cause : null
2024-06-18 18:34:38,418 [WARN] PackLoader:240 - Cannot read IP mode file for STMicroelectronics.X-CUBE-NFC7.1.0.1
2024-06-18 18:34:38,427 [WARN] PackLoader:240 - Cannot read IP mode file for STMicroelectronics.X-CUBE-NFC6.3.0.0
2024-06-18 18:34:38,438 [WARN] PackLoader:240 - Cannot read IP mode file for STMicroelectronics.X-CUBE-EEPRMA1.4.1.0
2024-06-18 18:34:38,445 [WARN] PackLoader:240 - Cannot read IP mode file for STMicroelectronics.X-CUBE-AI.8.1.0
2024-06-18 18:34:38,472 [WARN] ConditionMgr:438 - getConditionDescription Invalid condition id : LAN8742 Phy interface Condition cause : null
2024-06-18 18:34:38,474 [WARN] PackLoader:240 - Cannot read IP mode file for STMicroelectronics.X-CUBE-AZRTOS-L4.2.0.0
2024-06-18 18:34:38,506 [WARN] ConditionMgr:1039 - genDependencies : Invalid condition id : LAN8742 Phy interface Condition cause : null
2024-06-18 18:34:38,506 [WARN] ConditionMgr:1039 - genDependencies : Invalid condition id : LAN8742 Phy interface Condition cause : null
2024-06-18 18:34:38,507 [WARN] ConditionMgr:1039 - genDependencies : Invalid condition id : LAN8742 Phy interface Condition cause : null
2024-06-18 18:34:38,517 [WARN] PackLoader:240 - Cannot read IP mode file for STMicroelectronics.X-CUBE-SFXS2LP1.4.0.0
2024-06-18 18:34:38,525 [WARN] PackLoader:240 - Cannot read IP mode file for STMicroelectronics.X-CUBE-ISPU.1.1.0
2024-06-18 18:34:38,545 [WARN] ConditionMgr:438 - getConditionDescription Invalid condition id : UX DEVICE CLASS RTOS Condition cause : null
2024-06-18 18:34:38,545 [WARN] ConditionMgr:438 - getConditionDescription Invalid condition id : UX DEVICE CLASS RTOS Condition cause : null
2024-06-18 18:34:38,548 [WARN] PackLoader:240 - Cannot read IP mode file for STMicroelectronics.X-CUBE-AZRTOS-WB.2.0.0
2024-06-18 18:34:38,549 [WARN] ConditionMgr:1039 - genDependencies : Invalid condition id : UX DEVICE CLASS RTOS Condition cause : null
2024-06-18 18:34:38,550 [WARN] ConditionMgr:1039 - genDependencies : Invalid condition id : UX DEVICE CLASS RTOS Condition cause : null
2024-06-18 18:34:38,551 [WARN] ConditionMgr:1039 - genDependencies : Invalid condition id : UX DEVICE CLASS RTOS Condition cause : null
2024-06-18 18:34:38,551 [WARN] ConditionMgr:1039 - genDependencies : Invalid condition id : UX DEVICE CLASS RTOS Condition cause : null
2024-06-18 18:34:38,552 [WARN] ConditionMgr:1039 - genDependencies : Invalid condition id : UX DEVICE CLASS RTOS Condition cause : null
2024-06-18 18:34:38,564 [WARN] PackLoader:240 - Cannot read IP mode file for STMicroelectronics.X-CUBE-SUBG2.5.0.0
2024-06-18 18:34:38,578 [WARN] PackLoader:240 - Cannot read IP mode file for Cesanta.I-CUBE-Mongoose.7.13.0
2024-06-18 18:34:38,593 [WARN] PackLoader:240 - Cannot read IP mode file for STMicroelectronics.X-CUBE-TOF1.3.3.1
2024-06-18 18:34:38,628 [WARN] PackLoader:240 - Cannot read IP mode file for STMicroelectronics.X-CUBE-AZRTOS-G4.2.0.0
2024-06-18 18:34:38,662 [WARN] PackLoader:240 - Cannot read IP mode file for Infineon.AIROC-Wi-Fi-Bluetooth-STM32.1.5.1
2024-06-18 18:34:38,675 [WARN] PackLoader:240 - Cannot read IP mode file for STMicroelectronics.FP-SNS-MOTENVWB1.1.3.0
2024-06-18 18:34:38,681 [WARN] PackLoader:240 - Cannot read IP mode file for STMicroelectronics.FP-SNS-MOTENVWB1.1.3.1
2024-06-18 18:34:38,687 [WARN] PackLoader:240 - Cannot read IP mode file for STMicroelectronics.X-CUBE-ISPU.2.0.0
2024-06-18 18:34:38,693 [WARN] PackLoader:240 - Cannot read IP mode file for STMicroelectronics.X-CUBE-ALS.1.0.2
2024-06-18 18:34:38,802 [WARN] PackLoader:240 - Cannot read IP mode file for STMicroelectronics.X-CUBE-MEMS1.10.0.0
2024-06-18 18:34:39,026 [WARN] PackLoader:240 - Cannot read IP mode file for STMicroelectronics.X-CUBE-FREERTOS.1.1.0
2024-06-18 18:34:39,035 [WARN] PackLoader:240 - Cannot read IP mode file for portGmbH.I-Cube-SoM-uGOAL.1.1.0
2024-06-18 18:34:39,040 [WARN] PackLoader:240 - Cannot read IP mode file for STMicroelectronics.X-CUBE-ALS.1.0.1
2024-06-18 18:34:39,074 [WARN] PackLoader:240 - Cannot read IP mode file for STMicroelectronics.X-CUBE-AZRTOS-H7RS.1.0.0
2024-06-18 18:34:39,092 [WARN] PackLoader:240 - Cannot read IP mode file for STMicroelectronics.FP-ATR-ASTRA1.2.0.0
2024-06-18 18:34:39,107 [WARN] PackLoader:240 - Cannot read IP mode file for STMicroelectronics.X-CUBE-TOF1.3.4.0
2024-06-18 18:34:39,145 [WARN] PackLoader:240 - Cannot read IP mode file for STMicroelectronics.X-CUBE-TOF1.3.4.1
2024-06-18 18:34:39,189 [WARN] PackLoader:240 - Cannot read IP mode file for STMicroelectronics.X-CUBE-AZRTOS-H7.3.2.0
2024-06-18 18:34:39,193 [INFO] ThirdParty:978 - Integrity check success = true
2024-06-18 18:34:39,193 [INFO] IntegrityCheckThread:100 - exiting critical section [integrity check]
2024-06-18 18:34:39,194 [INFO] IntegrityCheckThread:103 - End integrity checks thread
2024-06-18 18:53:49,746 [INFO] McuFinderGlobals:63 - Set McuFinder mode to 2 (CubeIDE integrated)
2024-06-18 18:53:52,726 [INFO] MainUpdater:2873 - connection check result : 10
2024-06-18 18:53:52,729 [INFO] MainUpdater:2873 - connection check result : 10
2024-06-18 18:53:52,837 [INFO] MicroXplorer:468 - Change Database Path : 
2024-06-18 18:53:52,839 [INFO] MicroXplorer:498 - Change Database Version : DB.6.0.111
2024-06-18 18:53:52,849 [WARN] ThirdParty:871 - waiting for thirdparty lock release [close project]
2024-06-18 18:53:52,849 [INFO] ThirdParty:873 - entering critical section [close project]
2024-06-18 18:53:52,851 [INFO] ThirdParty:883 - exiting critical section [close project]
2024-06-18 18:53:52,856 [INFO] PinOutPanel:1561 - setPackage(No Configuration,No Configuration)
2024-06-18 18:53:52,864 [INFO] UtilMem:75 - Begin LoadConfig() Used Memory: 550104768 Bytes (856686592)
2024-06-18 18:54:14,665 [INFO] MicroXplorer:468 - Change Database Path : 
2024-06-18 18:54:14,665 [INFO] MicroXplorer:498 - Change Database Version : DB.6.0.111
2024-06-18 18:54:14,665 [INFO] OpenFileManager:312 - Change cursor
2024-06-18 18:54:14,729 [INFO] Mcu:2021 - Initializing MCU STM32F429ZITx STM32F429ZITx STM32F429ZIT6
2024-06-18 18:54:18,899 [INFO] Context:663 - Trying to add GPIOservice into a context  which must be forbidden
2024-06-18 18:54:20,283 [INFO] RtosManager:555 - Registered RTOS mode: class=CMSIS, group=RTOS, mode=CMSIS_V1, owner=FREERTOS
2024-06-18 18:54:20,283 [INFO] RtosManager:555 - Registered RTOS mode: class=CMSIS, group=RTOS2, mode=CMSIS_V2, owner=FREERTOS
2024-06-18 18:54:20,283 [INFO] RtosManager:555 - Registered RTOS mode: class=RTOS, group=Core, mode=CMSIS_V1, owner=FREERTOS
2024-06-18 18:54:20,283 [INFO] RtosManager:555 - Registered RTOS mode: class=RTOS, group=Core, mode=CMSIS_V2, owner=FREERTOS
2024-06-18 18:54:20,284 [WARN] ModelIntegratedComponent:184 - Missing modes for component STMicroelectronics:FreeRTOS:0.0.1:STMicroelectronics:RTOS:FreeRTOS:Core:::10.2.0:
2024-06-18 18:54:20,317 [WARN] ModelIntegratedComponent:63 - No mode defined for component null
2024-06-18 18:54:20,317 [WARN] ModelIntegratedComponent:63 - No mode defined for component null
2024-06-18 18:54:20,317 [WARN] ModelIntegratedComponent:63 - No mode defined for component null
2024-06-18 18:54:20,317 [WARN] ModelIntegratedComponent:63 - No mode defined for component null
2024-06-18 18:54:20,317 [WARN] ModelIntegratedComponent:63 - No mode defined for component null
2024-06-18 18:54:20,317 [WARN] ModelIntegratedComponent:63 - No mode defined for component null
2024-06-18 18:54:20,317 [WARN] ModelIntegratedComponent:63 - No mode defined for component null
2024-06-18 18:54:20,317 [WARN] ModelIntegratedComponent:63 - No mode defined for component null
2024-06-18 18:54:20,318 [WARN] ModelIntegratedComponent:63 - No mode defined for component null
2024-06-18 18:54:20,318 [WARN] ModelIntegratedComponent:63 - No mode defined for component null
2024-06-18 18:54:20,318 [WARN] ModelIntegratedComponent:63 - No mode defined for component null
2024-06-18 18:54:20,318 [WARN] ModelIntegratedComponent:63 - No mode defined for component null
2024-06-18 18:54:20,318 [WARN] ModelIntegratedComponent:63 - No mode defined for component null
2024-06-18 18:54:20,318 [WARN] ModelIntegratedComponent:63 - No mode defined for component null
2024-06-18 18:54:20,318 [WARN] ModelIntegratedComponent:63 - No mode defined for component null
2024-06-18 18:54:20,318 [WARN] ModelIntegratedComponent:63 - No mode defined for component null
2024-06-18 18:54:20,318 [WARN] ModelIntegratedComponent:63 - No mode defined for component null
2024-06-18 18:54:20,318 [WARN] ModelIntegratedComponent:63 - No mode defined for component null
2024-06-18 18:54:20,318 [WARN] ModelIntegratedComponent:63 - No mode defined for component null
2024-06-18 18:54:20,318 [WARN] ModelIntegratedComponent:63 - No mode defined for component null
2024-06-18 18:54:20,318 [WARN] ModelIntegratedComponent:63 - No mode defined for component null
2024-06-18 18:54:20,318 [WARN] ModelIntegratedComponent:63 - No mode defined for component null
2024-06-18 18:54:20,319 [WARN] ModelIntegratedComponent:63 - No mode defined for component null
2024-06-18 18:54:20,319 [WARN] ModelIntegratedComponent:63 - No mode defined for component null
2024-06-18 18:54:20,319 [WARN] ModelIntegratedComponent:63 - No mode defined for component null
2024-06-18 18:54:20,319 [WARN] ModelIntegratedComponent:63 - No mode defined for component null
2024-06-18 18:54:20,319 [WARN] ModelIntegratedComponent:63 - No mode defined for component null
2024-06-18 18:54:20,319 [WARN] ModelIntegratedComponent:63 - No mode defined for component null
2024-06-18 18:54:20,319 [WARN] ModelIntegratedComponent:63 - No mode defined for component null
2024-06-18 18:54:20,319 [WARN] ModelIntegratedComponent:63 - No mode defined for component null
2024-06-18 18:54:20,319 [WARN] ModelIntegratedComponent:63 - No mode defined for component null
2024-06-18 18:54:20,319 [WARN] ModelIntegratedComponent:63 - No mode defined for component null
2024-06-18 18:54:20,319 [WARN] ModelIntegratedComponent:63 - No mode defined for component null
2024-06-18 18:54:20,319 [WARN] ModelIntegratedComponent:63 - No mode defined for component null
2024-06-18 18:54:20,528 [INFO] ThirdPartyModel:298 - Start build external matchings
2024-06-18 18:54:21,414 [INFO] ThirdPartyModel:316 - End build external matchings
2024-06-18 18:54:21,447 [INFO] RtosManager:919 - Current active RTOS is FREERTOS [Cortex-M4NS]
2024-06-18 18:54:21,481 [WARN] IP:2120 - LWIP_NETIF_HOSTNAME_NAME not found: check if there is a RefParameter without a condition.
2024-06-18 18:54:21,581 [INFO] ImportTextPane:194 - (OptionalMessage_ERROR) IP (RCC) : Invalid parameter (ADC12outputFreq_Value)
2024-06-18 18:54:21,581 [INFO] ImportTextPane:194 - (OptionalMessage_ERROR) IP (RCC) : Invalid parameter (ADC34outputFreq_Value)
2024-06-18 18:54:21,581 [INFO] ImportTextPane:194 - (OptionalMessage_ERROR) IP (RCC) : Invalid parameter (FamilyName)
2024-06-18 18:54:21,581 [INFO] ImportTextPane:194 - (OptionalMessage_ERROR) IP (RCC) : Invalid parameter (I2C1Freq_Value)
2024-06-18 18:54:21,582 [INFO] ImportTextPane:194 - (OptionalMessage_ERROR) IP (RCC) : Invalid parameter (I2C2Freq_Value)
2024-06-18 18:54:21,582 [INFO] ImportTextPane:194 - (OptionalMessage_ERROR) IP (RCC) : Invalid parameter (I2C3Freq_Value)
2024-06-18 18:54:21,582 [INFO] ImportTextPane:194 - (OptionalMessage_ERROR) IP (RCC) : Parameter (MCO2PinFreq_Value) has invalid value (168000000)
2024-06-18 18:54:21,582 [INFO] ImportTextPane:194 - (OptionalMessage_ERROR) IP (RCC) : Invalid parameter (MCOFreq_Value)
2024-06-18 18:54:21,582 [INFO] ImportTextPane:194 - (OptionalMessage_ERROR) IP (RCC) : Invalid parameter (PLLMCOFreq_Value)
2024-06-18 18:54:21,583 [INFO] ImportTextPane:194 - (OptionalMessage_ERROR) IP (RCC) : Invalid parameter (PLLMUL)
2024-06-18 18:54:21,583 [INFO] ImportTextPane:194 - (OptionalMessage_ERROR) IP (RCC) : Invalid parameter (PRESCALERUSB)
2024-06-18 18:54:21,583 [INFO] ImportTextPane:194 - (OptionalMessage_ERROR) IP (RCC) : Parameter (RTCHSEDivFreq_Value) has invalid value (4000000)
2024-06-18 18:54:21,583 [INFO] ImportTextPane:194 - (OptionalMessage_ERROR) IP (RCC) : Invalid parameter (SYSCLKSourceVirtual)
2024-06-18 18:54:21,584 [INFO] ImportTextPane:194 - (OptionalMessage_ERROR) IP (RCC) : Invalid parameter (TIM15Freq_Value)
2024-06-18 18:54:21,584 [INFO] ImportTextPane:194 - (OptionalMessage_ERROR) IP (RCC) : Invalid parameter (TIM16Freq_Value)
2024-06-18 18:54:21,584 [INFO] ImportTextPane:194 - (OptionalMessage_ERROR) IP (RCC) : Invalid parameter (TIM17Freq_Value)
2024-06-18 18:54:21,584 [INFO] ImportTextPane:194 - (OptionalMessage_ERROR) IP (RCC) : Invalid parameter (TIM1Freq_Value)
2024-06-18 18:54:21,584 [INFO] ImportTextPane:194 - (OptionalMessage_ERROR) IP (RCC) : Invalid parameter (TIM20Freq_Value)
2024-06-18 18:54:21,584 [INFO] ImportTextPane:194 - (OptionalMessage_ERROR) IP (RCC) : Invalid parameter (TIM2Freq_Value)
2024-06-18 18:54:21,584 [INFO] ImportTextPane:194 - (OptionalMessage_ERROR) IP (RCC) : Invalid parameter (TIM3Freq_Value)
2024-06-18 18:54:21,584 [INFO] ImportTextPane:194 - (OptionalMessage_ERROR) IP (RCC) : Invalid parameter (TIM8Freq_Value)
2024-06-18 18:54:21,584 [INFO] ImportTextPane:194 - (OptionalMessage_ERROR) IP (RCC) : Invalid parameter (UART4Freq_Value)
2024-06-18 18:54:21,584 [INFO] ImportTextPane:194 - (OptionalMessage_ERROR) IP (RCC) : Invalid parameter (UART5Freq_Value)
2024-06-18 18:54:21,584 [INFO] ImportTextPane:194 - (OptionalMessage_ERROR) IP (RCC) : Invalid parameter (USART1Freq_Value)
2024-06-18 18:54:21,584 [INFO] ImportTextPane:194 - (OptionalMessage_ERROR) IP (RCC) : Invalid parameter (USART2Freq_Value)
2024-06-18 18:54:21,585 [INFO] ImportTextPane:194 - (OptionalMessage_ERROR) IP (RCC) : Invalid parameter (USART3Freq_Value)
2024-06-18 18:54:21,585 [INFO] ImportTextPane:194 - (OptionalMessage_ERROR) IP (RCC) : Invalid parameter (USBFreq_Value)
2024-06-18 18:54:21,585 [INFO] ImportTextPane:194 - (OptionalMessage_ERROR) IP (RCC) : Invalid parameter (VCOOutput2Freq_Value)
2024-06-18 18:54:22,932 [INFO] ApiDb:581 - Connected to CubeFinder SQLite database (C:\Users\gusta\.stmcufinder\plugins\mcufinder\mcu\cube-finder-db.db)
2024-06-18 18:54:23,031 [INFO] ApiDb:668 - CubeFinder database Data Model version=2.1
2024-06-18 18:54:23,031 [INFO] ApiDb:669 - CubeFinder database Configuration version=3.0.39
2024-06-18 18:54:23,033 [INFO] ApiDb:670 - CubeFinder database generation date=2024-05-16 (1715872938)
2024-06-18 18:54:23,033 [INFO] ApiDb:671 - CubeFinder database FW Pack versions=[FP-ATR-ASTRA1_V2.0.0, FP-SNS-FLIGHT1_V5.0.1, FP-SNS-FLIGHT1_V5.0.2, FP-SNS-MOTENV1_V4.3.1, FP-SNS-MOTENV1_V4.3.2, FP-SNS-MOTENV1_V5.0.0, FP-SNS-MOTENVWB1_V1.4.0, FP-SNS-SMARTAG2_V1.2.0, STM32Cube_FW_C0_V1.1.0, STM32Cube_FW_F4_V1.28.0, STM32Cube_FW_F7_V1.17.0, STM32Cube_FW_G0_V1.6.2, STM32Cube_FW_G4_V1.5.2, STM32Cube_FW_H5_V0.5.1, STM32Cube_FW_H5_V1.1.1, STM32Cube_FW_H5_V1.2.0, STM32Cube_FW_H5_V1.2.0RC4, STM32Cube_FW_H7RS_V1.0.0, STM32Cube_FW_H7RS_V1.0.0RC4, STM32Cube_FW_H7_V1.11.0, STM32Cube_FW_L0_V1.12.2, STM32Cube_FW_L5_V1.5.1, STM32Cube_FW_U0_V1.0.0, STM32Cube_FW_U0_V1.0.0RC1, STM32Cube_FW_U5_V1.3.0RC4, STM32Cube_FW_U5_V1.5.0, STM32Cube_FW_U5_V1.5.0RC1, STM32Cube_FW_WBA_V1.0.0RC1, STM32Cube_FW_WBA_V1.2.0, STM32Cube_FW_WBA_V1.2.0RC2, STM32Cube_FW_WBA_V1.3.0, STM32Cube_FW_WBA_V1.3.0RC1, STM32Cube_FW_WB_V1.15.0RC1, STM32Cube_FW_WB_V1.16.0, STM32Cube_FW_WB_V1.16.0RC2, STM32Cube_FW_WB_V1.18.0, STM32Cube_FW_WB_V1.19.0, STM32Cube_FW_WL_V1.3.0, X-CUBE-ALGOBUILD_V1.4.0, X-CUBE-ALS_V1.0.1, X-CUBE-AZRTOS-F4_V1.1.0, X-CUBE-AZRTOS-F7_V1.1.0, X-CUBE-AZRTOS-G0_V1.1.0, X-CUBE-AZRTOS-G4_V2.0.0, X-CUBE-AZRTOS-H7_V3.2.0, X-CUBE-AZRTOS-L4_V1.0.0, X-CUBE-AZRTOS-L4_V2.0.0, X-CUBE-AZRTOS-L5_V1.1.0, X-CUBE-AZRTOS-WB_V2.0.0, X-CUBE-AZRTOS-WL_V2.0.0, X-CUBE-BLE1_V7.0.0, X-CUBE-BLE2_V3.3.0, X-CUBE-BLEMGR_V3.1.0, X-CUBE-EEPRMA1_V4.1.0, X-CUBE-EEPRMA1_V5.1.0, X-CUBE-FREERTOS_V1.1.0, X-CUBE-GNSS1_V6.0.0, X-CUBE-MEMS1_V10.0.0, X-CUBE-MEMS1_V9.1.0, X-CUBE-MEMS1_V9.4.0, X-CUBE-MEMS1_V9.6.0, X-CUBE-NFC4_V3.0.0, X-CUBE-NFC7_V1.0.1, X-CUBE-SFXS2LP1_V4.0.0, X-CUBE-SUBG2_V5.0.0, X-CUBE-TOF1_V3.4.0]
2024-06-18 18:54:23,181 [INFO] DbBoardsSqlite:226 - include board P-NUCLEO-WB55-NUCLEO as a kit item of type 'Nucleo-64'
2024-06-18 18:54:23,181 [INFO] DbBoardsSqlite:226 - include board P-NUCLEO-WB55-USBDONGLE as a kit item of type 'Nucleo USB Dongle'
2024-06-18 18:54:23,182 [INFO] DbBoardsSqlite:226 - include board STEVAL-IDP005V1 as a kit item of type 'Evaluation Board'
2024-06-18 18:54:23,183 [INFO] DbBoardsSqlite:226 - include board STEVAL-IDP005V2 as a kit item of type 'Evaluation Board'
2024-06-18 18:54:23,545 [INFO] ApiDb:240 - Found 483 in-development CPN: [B-G473E-ZEST1S, B-WB1M-WPAN1, B-WL5M-SUBG1, NUCLEO-C031C6, NUCLEO-H503RB, NUCLEO-H533RE, NUCLEO-H563ZI, NUCLEO-H7S3L8, NUCLEO-U031R8, NUCLEO-U083RC, NUCLEO-U545RE-Q, NUCLEO-U5A5ZJ-Q, NUCLEO-WBA52CG, NUCLEO-WBA55CG, STEVAL-PROTEUS1, STEVAL-SMARTAG2, STEVAL-STWINBX1, STM320518-EVAL, STM32C0116-DK, STM32C011D6Y3TR, STM32C011D6Y6TR, STM32C011F4P3, STM32C011F4P6, STM32C011F4U3, STM32C011F4U6TR, STM32C011F6P3, STM32C011F6P6, STM32C011F6U3, STM32C011F6U6TR, STM32C011J4M3, STM32C011J4M6, STM32C011J6M3, STM32C011J6M6, STM32C0316-DK, STM32C031C4T3, STM32C031C4T6, STM32C031C4U3, STM32C031C4U6, STM32C031C6T3, STM32C031C6T6, STM32C031C6U3, STM32C031C6U6, STM32C031F4P3, STM32C031F4P6, STM32C031F6P3, STM32C031F6P6, STM32C031G4U3, STM32C031G4U6, STM32C031G6U3, STM32C031G6U6, STM32C031K4T3, STM32C031K4T6, STM32C031K4U3, STM32C031K4U6, STM32C031K6T3, STM32C031K6T6, STM32C031K6U3, STM32C031K6U6, STM32G071K8TXN, STM32G071K8UXN, STM32G081GBU6N, STM32G081KBT6N, STM32G081KBUXN, STM32G0B1CCT6N, STM32G0B1KCT6, STM32G0B1NEY6TR, STM32G0B1RCT6N, STM32G0C1CCT6, STM32G0C1CCT6N, STM32G0C1CCU6N, STM32G0C1CET6N, STM32G0C1CEU6N, STM32G0C1KCT6, STM32G0C1NEY6TR, STM32G0C1RCI6N, STM32G0C1RCT6N, STM32G0C1REI6N, STM32G0C1RET6N, STM32G0C1VCI6, STM32G0C1VEI6, STM32G471CCT6, STM32G471CCU6, STM32G471CET3, STM32G471CET6, STM32G471CEU3, STM32G471CEU6, STM32G471MCT6, STM32G471MET3, STM32G471MET6, STM32G471MEY6TR, STM32G471QCT6, STM32G471QET3, STM32G471RCT6, STM32G471RET3, STM32G471RET6, STM32G471VCH6, STM32G471VCI6, STM32G471VCT6, STM32G471VEH3, STM32G471VEH6, STM32G471VEI3, STM32G471VEI6, STM32G471VET3, STM32G471VET6, STM32G474CCT6, STM32H503CBT6, STM32H503CBU6, STM32H503EBY6TR, STM32H503KBU6, STM32H503RBT6, STM32H523CCT6, STM32H523CCU6, STM32H523CET6, STM32H523CEU6, STM32H523HEY6TR, STM32H523RCT6, STM32H523RET6, STM32H523VCI6, STM32H523VCT6, STM32H523VEI6, STM32H523VET6, STM32H523ZCJ6, STM32H523ZCT6, STM32H523ZEJ6, STM32H523ZET6, STM32H533CET6, STM32H533CEU6, STM32H533HEY6TR, STM32H533RET6, STM32H533VEI6, STM32H533VET6, STM32H533ZEJ6, STM32H533ZET6, STM32H562AGI6, STM32H562AII6, STM32H562IGK6, STM32H562IGT6, STM32H562IIK6, STM32H562IIT6, STM32H562RGT6, STM32H562RGV6, STM32H562RIT6, STM32H562RIV6, STM32H562VGT6, STM32H562VIT6, STM32H562ZGT6, STM32H562ZIT6, STM32H563AGI6, STM32H563AII3Q, STM32H563AII6, STM32H563IGK6, STM32H563IGT6, STM32H563IIK3Q, STM32H563IIK6, STM32H563IIT3Q, STM32H563IIT6, STM32H563MIY3QTR, STM32H563RGT6, STM32H563RGV6, STM32H563RIT6, STM32H563RIV6, STM32H563VGT6, STM32H563VIT3Q, STM32H563VIT6, STM32H563ZGT6, STM32H563ZIT3Q, STM32H563ZIT6, STM32H573AII3Q, STM32H573AII6, STM32H573I-DK, STM32H573IIK3Q, STM32H573IIK6, STM32H573IIT3Q, STM32H573IIT6, STM32H573MIY3QTR, STM32H573RIT6, STM32H573RIV6, STM32H573VIT3Q, STM32H573VIT6, STM32H573ZIT3Q, STM32H573ZIT6, STM32H7R3A8I6, STM32H7R3I8K6, STM32H7R3I8T6, STM32H7R3L8H6, STM32H7R3L8H6H, STM32H7R3R8V6, STM32H7R3V8H6, STM32H7R3V8T6, STM32H7R3V8Y6, STM32H7R3Z8J6, STM32H7R3Z8T6, STM32H7R7A8I6, STM32H7R7I8K6, STM32H7R7I8T6, STM32H7R7L8H6, STM32H7R7L8H6H, STM32H7R7Z8J6, STM32H7S3A8I6, STM32H7S3I8K6, STM32H7S3I8T6, STM32H7S3L8H6, STM32H7S3L8H6H, STM32H7S3R8V6, STM32H7S3V8H6, STM32H7S3V8T6, STM32H7S3V8Y6, STM32H7S3Z8J6, STM32H7S3Z8T6, STM32H7S78-DK, STM32H7S7A8I6, STM32H7S7I8K6, STM32H7S7I8T6, STM32H7S7L8H6, STM32H7S7L8H6H, STM32H7S7Z8J6, STM32L4R5QGI6STR, STM32MP131AAE3, STM32MP131AAF3, STM32MP131AAG3, STM32MP131CAE3, STM32MP131CAF3, STM32MP131CAG3, STM32MP131DAE7, STM32MP131DAF7, STM32MP131DAG7, STM32MP131FAE7, STM32MP131FAF7, STM32MP131FAG7, STM32MP133AAE3, STM32MP133AAF3, STM32MP133AAG3, STM32MP133CAE3, STM32MP133CAF3, STM32MP133CAG3, STM32MP133DAE7, STM32MP133DAF7, STM32MP133DAG7, STM32MP133FAE7, STM32MP133FAF7, STM32MP133FAG7, STM32MP135AAE3, STM32MP135AAF3, STM32MP135AAG3, STM32MP135CAE3, STM32MP135CAF3, STM32MP135CAG3, STM32MP135DAE7, STM32MP135DAF7, STM32MP135DAG7, STM32MP135F-DK, STM32MP135FAE7, STM32MP135FAF7, STM32MP135FAF7T, STM32MP135FAF7U, STM32MP135FAG7, STM32U031C6T6, STM32U031C6U6, STM32U031C8T6, STM32U031C8U6, STM32U031F4P6, STM32U031F6P6, STM32U031F8P6, STM32U031G6Y6TR, STM32U031G8Y6TR, STM32U031K4U6, STM32U031K6U6, STM32U031K8U6, STM32U031R6I6, STM32U031R6T6, STM32U031R8I6, STM32U031R8T6, STM32U073C8T6, STM32U073C8U6, STM32U073CBT6, STM32U073CBU6, STM32U073CCT6, STM32U073CCU6, STM32U073H8Y6TR, STM32U073HBY6TR, STM32U073HCY6TR, STM32U073K8U6, STM32U073KBU6, STM32U073KCU6, STM32U073M8I6, STM32U073M8T6, STM32U073MBI6, STM32U073MBT6, STM32U073MCI6, STM32U073MCT6, STM32U073R8I6, STM32U073R8T6, STM32U073RBI6, STM32U073RBT6, STM32U073RCI6, STM32U073RCT6, STM32U083C-DK, STM32U083CCT6, STM32U083CCU6, STM32U083HCY6TR, STM32U083KCU6, STM32U083MCI6, STM32U083MCT6, STM32U083RCI6, STM32U083RCT6, STM32U535CBT6, STM32U535CBT6Q, STM32U535CBU6, STM32U535CBU6Q, STM32U535CCT6, STM32U535CCT6Q, STM32U535CCU6, STM32U535CCU6Q, STM32U535CET6, STM32U535CET6Q, STM32U535CEU6, STM32U535CEU6Q, STM32U535JEY6QTR, STM32U535NCY6QTR, STM32U535NEY6QTR, STM32U535RBI6, STM32U535RBI6Q, STM32U535RBT6, STM32U535RBT6Q, STM32U535RCI6, STM32U535RCI6Q, STM32U535RCT6, STM32U535RCT6Q, STM32U535REI6, STM32U535REI6Q, STM32U535RET6, STM32U535RET6Q, STM32U535VCI6, STM32U535VCI6Q, STM32U535VCT6, STM32U535VCT6Q, STM32U535VEI6, STM32U535VEI6Q, STM32U535VET6, STM32U535VET6Q, STM32U545CET6, STM32U545CET6Q, STM32U545CEU6, STM32U545CEU6Q, STM32U545JEY6QTR, STM32U545NEY6QTR, STM32U545REI6, STM32U545REI6Q, STM32U545RET6, STM32U545RET6Q, STM32U545VEI6, STM32U545VEI6Q, STM32U545VET6, STM32U545VET6Q, STM32U595AIH6, STM32U595AIH6Q, STM32U595AJH6, STM32U595AJH6Q, STM32U595QII6, STM32U595QII6Q, STM32U595QJI6, STM32U595QJI6Q, STM32U595RIT6, STM32U595RIT6Q, STM32U595RJT6, STM32U595RJT6Q, STM32U595VIT6, STM32U595VIT6Q, STM32U595VJT6, STM32U595VJT6Q, STM32U595ZIT6, STM32U595ZIT6Q, STM32U595ZIY6QTR, STM32U595ZJT6, STM32U595ZJT6Q, STM32U595ZJY6QTR, STM32U599BJY6QTR, STM32U599NIH6Q, STM32U599NJH6Q, STM32U599VIT6Q, STM32U599VJT6, STM32U599VJT6Q, STM32U599ZIT6Q, STM32U599ZIY6QTR, STM32U599ZJT6Q, STM32U599ZJY6QTR, STM32U5A5AJH6, STM32U5A5AJH6Q, STM32U5A5QII3Q , STM32U5A5QJI6, STM32U5A5QJI6Q, STM32U5A5RJT6, STM32U5A5RJT6Q, STM32U5A5VJT6, STM32U5A5VJT6Q, STM32U5A5ZJT6, STM32U5A5ZJT6Q, STM32U5A5ZJY6QTR, STM32U5A9BJY6QTR, STM32U5A9J-DK, STM32U5A9NJH6Q, STM32U5A9VJT6Q, STM32U5A9ZJT6Q, STM32U5A9ZJY6QTR, STM32U5F7VIT6, STM32U5F7VIT6Q, STM32U5F7VJT6, STM32U5F7VJT6Q, STM32U5F9BJY6QTR, STM32U5F9NJH6Q, STM32U5F9VIT6Q, STM32U5F9VJT6Q, STM32U5F9ZIJ6QTR, STM32U5F9ZIT6Q, STM32U5F9ZJJ6QTR, STM32U5F9ZJT6Q, STM32U5G7VJT6, STM32U5G7VJT6Q, STM32U5G9BJY6QTR, STM32U5G9J-DK1, STM32U5G9J-DK2, STM32U5G9NJH6Q, STM32U5G9VJT6Q, STM32U5G9ZJJ6QTR, STM32U5G9ZJT6Q, STM32WB1MMCH6, STM32WBA50KEU6, STM32WBA50KEU6TR, STM32WBA50KGU6, STM32WBA50KGU6TR, STM32WBA52CEU6, STM32WBA52CEU6TR, STM32WBA52CEU7, STM32WBA52CEU7TR, STM32WBA52CGU6, STM32WBA52CGU6TR, STM32WBA52CGU6U, STM32WBA52CGU7, STM32WBA52CGU7TR, STM32WBA52KEU6, STM32WBA52KEU6TR, STM32WBA52KGU6, STM32WBA52KGU6TR, STM32WBA54CEU6, STM32WBA54CEU6TR, STM32WBA54CEU7, STM32WBA54CEU7TR, STM32WBA54CGU6, STM32WBA54CGU6TR, STM32WBA54CGU7, STM32WBA54CGU7TR, STM32WBA54KEU6, STM32WBA54KEU6TR, STM32WBA54KEU7, STM32WBA54KEU7TR, STM32WBA54KGU6, STM32WBA54KGU6TR, STM32WBA54KGU7, STM32WBA54KGU7TR, STM32WBA55CEU6, STM32WBA55CEU6TR, STM32WBA55CEU7, STM32WBA55CEU7TR, STM32WBA55CGU6, STM32WBA55CGU6TR, STM32WBA55CGU6U, STM32WBA55CGU7, STM32WBA55CGU7TR, STM32WBA55G-DK1, STM32WBA55HEF6, STM32WBA55HEF7, STM32WBA55HGF6, STM32WBA55HGF7, STM32WBA55UEI6, STM32WBA55UEI6TR, STM32WBA55UEI7, STM32WBA55UEI7TR, STM32WBA55UGI6, STM32WBA55UGI6TR, STM32WBA55UGI7, STM32WBA55UGI7TR, STM32WL5MOCH6, STM32WL5MOCH6TR]
2024-06-18 18:54:23,705 [INFO] BoardInfo:889 - No configuration file found for board P-NUCLEO-WB55
2024-06-18 18:54:23,706 [INFO] DbBoards:161 - Kit is not supported: P-NUCLEO-WB55
2024-06-18 18:54:23,711 [INFO] BoardInfo:889 - No configuration file found for board STEVAL-BFA001V1B
2024-06-18 18:54:23,712 [INFO] DbBoards:161 - Kit is not supported: STEVAL-BFA001V1B
2024-06-18 18:54:23,713 [INFO] BoardInfo:889 - No configuration file found for board STEVAL-BFA001V2B
2024-06-18 18:54:23,713 [INFO] DbBoards:161 - Kit is not supported: STEVAL-BFA001V2B
2024-06-18 18:54:23,888 [INFO] DbBoards:168 - Found 199 boards, 196 are supported
2024-06-18 18:54:23,888 [INFO] DbBoards:169 - Found 199 boards, 8 of them is supported for  Bsp
2024-06-18 18:54:23,892 [INFO] ApiDb:668 - CubeFinder database Data Model version=2.1
2024-06-18 18:54:23,892 [INFO] ApiDb:669 - CubeFinder database Configuration version=3.0.39
2024-06-18 18:54:23,892 [INFO] ApiDb:670 - CubeFinder database generation date=2024-05-16 (1715872938)
2024-06-18 18:54:23,892 [INFO] ApiDb:671 - CubeFinder database FW Pack versions=[FP-ATR-ASTRA1_V2.0.0, FP-SNS-FLIGHT1_V5.0.1, FP-SNS-FLIGHT1_V5.0.2, FP-SNS-MOTENV1_V4.3.1, FP-SNS-MOTENV1_V4.3.2, FP-SNS-MOTENV1_V5.0.0, FP-SNS-MOTENVWB1_V1.4.0, FP-SNS-SMARTAG2_V1.2.0, STM32Cube_FW_C0_V1.1.0, STM32Cube_FW_F4_V1.28.0, STM32Cube_FW_F7_V1.17.0, STM32Cube_FW_G0_V1.6.2, STM32Cube_FW_G4_V1.5.2, STM32Cube_FW_H5_V0.5.1, STM32Cube_FW_H5_V1.1.1, STM32Cube_FW_H5_V1.2.0, STM32Cube_FW_H5_V1.2.0RC4, STM32Cube_FW_H7RS_V1.0.0, STM32Cube_FW_H7RS_V1.0.0RC4, STM32Cube_FW_H7_V1.11.0, STM32Cube_FW_L0_V1.12.2, STM32Cube_FW_L5_V1.5.1, STM32Cube_FW_U0_V1.0.0, STM32Cube_FW_U0_V1.0.0RC1, STM32Cube_FW_U5_V1.3.0RC4, STM32Cube_FW_U5_V1.5.0, STM32Cube_FW_U5_V1.5.0RC1, STM32Cube_FW_WBA_V1.0.0RC1, STM32Cube_FW_WBA_V1.2.0, STM32Cube_FW_WBA_V1.2.0RC2, STM32Cube_FW_WBA_V1.3.0, STM32Cube_FW_WBA_V1.3.0RC1, STM32Cube_FW_WB_V1.15.0RC1, STM32Cube_FW_WB_V1.16.0, STM32Cube_FW_WB_V1.16.0RC2, STM32Cube_FW_WB_V1.18.0, STM32Cube_FW_WB_V1.19.0, STM32Cube_FW_WL_V1.3.0, X-CUBE-ALGOBUILD_V1.4.0, X-CUBE-ALS_V1.0.1, X-CUBE-AZRTOS-F4_V1.1.0, X-CUBE-AZRTOS-F7_V1.1.0, X-CUBE-AZRTOS-G0_V1.1.0, X-CUBE-AZRTOS-G4_V2.0.0, X-CUBE-AZRTOS-H7_V3.2.0, X-CUBE-AZRTOS-L4_V1.0.0, X-CUBE-AZRTOS-L4_V2.0.0, X-CUBE-AZRTOS-L5_V1.1.0, X-CUBE-AZRTOS-WB_V2.0.0, X-CUBE-AZRTOS-WL_V2.0.0, X-CUBE-BLE1_V7.0.0, X-CUBE-BLE2_V3.3.0, X-CUBE-BLEMGR_V3.1.0, X-CUBE-EEPRMA1_V4.1.0, X-CUBE-EEPRMA1_V5.1.0, X-CUBE-FREERTOS_V1.1.0, X-CUBE-GNSS1_V6.0.0, X-CUBE-MEMS1_V10.0.0, X-CUBE-MEMS1_V9.1.0, X-CUBE-MEMS1_V9.4.0, X-CUBE-MEMS1_V9.6.0, X-CUBE-NFC4_V3.0.0, X-CUBE-NFC7_V1.0.1, X-CUBE-SFXS2LP1_V4.0.0, X-CUBE-SUBG2_V5.0.0, X-CUBE-TOF1_V3.4.0]
2024-06-18 18:54:26,644 [INFO] ApiDb:240 - Found 483 in-development CPN: [B-G473E-ZEST1S, B-WB1M-WPAN1, B-WL5M-SUBG1, NUCLEO-C031C6, NUCLEO-H503RB, NUCLEO-H533RE, NUCLEO-H563ZI, NUCLEO-H7S3L8, NUCLEO-U031R8, NUCLEO-U083RC, NUCLEO-U545RE-Q, NUCLEO-U5A5ZJ-Q, NUCLEO-WBA52CG, NUCLEO-WBA55CG, STEVAL-PROTEUS1, STEVAL-SMARTAG2, STEVAL-STWINBX1, STM320518-EVAL, STM32C0116-DK, STM32C011D6Y3TR, STM32C011D6Y6TR, STM32C011F4P3, STM32C011F4P6, STM32C011F4U3, STM32C011F4U6TR, STM32C011F6P3, STM32C011F6P6, STM32C011F6U3, STM32C011F6U6TR, STM32C011J4M3, STM32C011J4M6, STM32C011J6M3, STM32C011J6M6, STM32C0316-DK, STM32C031C4T3, STM32C031C4T6, STM32C031C4U3, STM32C031C4U6, STM32C031C6T3, STM32C031C6T6, STM32C031C6U3, STM32C031C6U6, STM32C031F4P3, STM32C031F4P6, STM32C031F6P3, STM32C031F6P6, STM32C031G4U3, STM32C031G4U6, STM32C031G6U3, STM32C031G6U6, STM32C031K4T3, STM32C031K4T6, STM32C031K4U3, STM32C031K4U6, STM32C031K6T3, STM32C031K6T6, STM32C031K6U3, STM32C031K6U6, STM32G071K8TXN, STM32G071K8UXN, STM32G081GBU6N, STM32G081KBT6N, STM32G081KBUXN, STM32G0B1CCT6N, STM32G0B1KCT6, STM32G0B1NEY6TR, STM32G0B1RCT6N, STM32G0C1CCT6, STM32G0C1CCT6N, STM32G0C1CCU6N, STM32G0C1CET6N, STM32G0C1CEU6N, STM32G0C1KCT6, STM32G0C1NEY6TR, STM32G0C1RCI6N, STM32G0C1RCT6N, STM32G0C1REI6N, STM32G0C1RET6N, STM32G0C1VCI6, STM32G0C1VEI6, STM32G471CCT6, STM32G471CCU6, STM32G471CET3, STM32G471CET6, STM32G471CEU3, STM32G471CEU6, STM32G471MCT6, STM32G471MET3, STM32G471MET6, STM32G471MEY6TR, STM32G471QCT6, STM32G471QET3, STM32G471RCT6, STM32G471RET3, STM32G471RET6, STM32G471VCH6, STM32G471VCI6, STM32G471VCT6, STM32G471VEH3, STM32G471VEH6, STM32G471VEI3, STM32G471VEI6, STM32G471VET3, STM32G471VET6, STM32G474CCT6, STM32H503CBT6, STM32H503CBU6, STM32H503EBY6TR, STM32H503KBU6, STM32H503RBT6, STM32H523CCT6, STM32H523CCU6, STM32H523CET6, STM32H523CEU6, STM32H523HEY6TR, STM32H523RCT6, STM32H523RET6, STM32H523VCI6, STM32H523VCT6, STM32H523VEI6, STM32H523VET6, STM32H523ZCJ6, STM32H523ZCT6, STM32H523ZEJ6, STM32H523ZET6, STM32H533CET6, STM32H533CEU6, STM32H533HEY6TR, STM32H533RET6, STM32H533VEI6, STM32H533VET6, STM32H533ZEJ6, STM32H533ZET6, STM32H562AGI6, STM32H562AII6, STM32H562IGK6, STM32H562IGT6, STM32H562IIK6, STM32H562IIT6, STM32H562RGT6, STM32H562RGV6, STM32H562RIT6, STM32H562RIV6, STM32H562VGT6, STM32H562VIT6, STM32H562ZGT6, STM32H562ZIT6, STM32H563AGI6, STM32H563AII3Q, STM32H563AII6, STM32H563IGK6, STM32H563IGT6, STM32H563IIK3Q, STM32H563IIK6, STM32H563IIT3Q, STM32H563IIT6, STM32H563MIY3QTR, STM32H563RGT6, STM32H563RGV6, STM32H563RIT6, STM32H563RIV6, STM32H563VGT6, STM32H563VIT3Q, STM32H563VIT6, STM32H563ZGT6, STM32H563ZIT3Q, STM32H563ZIT6, STM32H573AII3Q, STM32H573AII6, STM32H573I-DK, STM32H573IIK3Q, STM32H573IIK6, STM32H573IIT3Q, STM32H573IIT6, STM32H573MIY3QTR, STM32H573RIT6, STM32H573RIV6, STM32H573VIT3Q, STM32H573VIT6, STM32H573ZIT3Q, STM32H573ZIT6, STM32H7R3A8I6, STM32H7R3I8K6, STM32H7R3I8T6, STM32H7R3L8H6, STM32H7R3L8H6H, STM32H7R3R8V6, STM32H7R3V8H6, STM32H7R3V8T6, STM32H7R3V8Y6, STM32H7R3Z8J6, STM32H7R3Z8T6, STM32H7R7A8I6, STM32H7R7I8K6, STM32H7R7I8T6, STM32H7R7L8H6, STM32H7R7L8H6H, STM32H7R7Z8J6, STM32H7S3A8I6, STM32H7S3I8K6, STM32H7S3I8T6, STM32H7S3L8H6, STM32H7S3L8H6H, STM32H7S3R8V6, STM32H7S3V8H6, STM32H7S3V8T6, STM32H7S3V8Y6, STM32H7S3Z8J6, STM32H7S3Z8T6, STM32H7S78-DK, STM32H7S7A8I6, STM32H7S7I8K6, STM32H7S7I8T6, STM32H7S7L8H6, STM32H7S7L8H6H, STM32H7S7Z8J6, STM32L4R5QGI6STR, STM32MP131AAE3, STM32MP131AAF3, STM32MP131AAG3, STM32MP131CAE3, STM32MP131CAF3, STM32MP131CAG3, STM32MP131DAE7, STM32MP131DAF7, STM32MP131DAG7, STM32MP131FAE7, STM32MP131FAF7, STM32MP131FAG7, STM32MP133AAE3, STM32MP133AAF3, STM32MP133AAG3, STM32MP133CAE3, STM32MP133CAF3, STM32MP133CAG3, STM32MP133DAE7, STM32MP133DAF7, STM32MP133DAG7, STM32MP133FAE7, STM32MP133FAF7, STM32MP133FAG7, STM32MP135AAE3, STM32MP135AAF3, STM32MP135AAG3, STM32MP135CAE3, STM32MP135CAF3, STM32MP135CAG3, STM32MP135DAE7, STM32MP135DAF7, STM32MP135DAG7, STM32MP135F-DK, STM32MP135FAE7, STM32MP135FAF7, STM32MP135FAF7T, STM32MP135FAF7U, STM32MP135FAG7, STM32U031C6T6, STM32U031C6U6, STM32U031C8T6, STM32U031C8U6, STM32U031F4P6, STM32U031F6P6, STM32U031F8P6, STM32U031G6Y6TR, STM32U031G8Y6TR, STM32U031K4U6, STM32U031K6U6, STM32U031K8U6, STM32U031R6I6, STM32U031R6T6, STM32U031R8I6, STM32U031R8T6, STM32U073C8T6, STM32U073C8U6, STM32U073CBT6, STM32U073CBU6, STM32U073CCT6, STM32U073CCU6, STM32U073H8Y6TR, STM32U073HBY6TR, STM32U073HCY6TR, STM32U073K8U6, STM32U073KBU6, STM32U073KCU6, STM32U073M8I6, STM32U073M8T6, STM32U073MBI6, STM32U073MBT6, STM32U073MCI6, STM32U073MCT6, STM32U073R8I6, STM32U073R8T6, STM32U073RBI6, STM32U073RBT6, STM32U073RCI6, STM32U073RCT6, STM32U083C-DK, STM32U083CCT6, STM32U083CCU6, STM32U083HCY6TR, STM32U083KCU6, STM32U083MCI6, STM32U083MCT6, STM32U083RCI6, STM32U083RCT6, STM32U535CBT6, STM32U535CBT6Q, STM32U535CBU6, STM32U535CBU6Q, STM32U535CCT6, STM32U535CCT6Q, STM32U535CCU6, STM32U535CCU6Q, STM32U535CET6, STM32U535CET6Q, STM32U535CEU6, STM32U535CEU6Q, STM32U535JEY6QTR, STM32U535NCY6QTR, STM32U535NEY6QTR, STM32U535RBI6, STM32U535RBI6Q, STM32U535RBT6, STM32U535RBT6Q, STM32U535RCI6, STM32U535RCI6Q, STM32U535RCT6, STM32U535RCT6Q, STM32U535REI6, STM32U535REI6Q, STM32U535RET6, STM32U535RET6Q, STM32U535VCI6, STM32U535VCI6Q, STM32U535VCT6, STM32U535VCT6Q, STM32U535VEI6, STM32U535VEI6Q, STM32U535VET6, STM32U535VET6Q, STM32U545CET6, STM32U545CET6Q, STM32U545CEU6, STM32U545CEU6Q, STM32U545JEY6QTR, STM32U545NEY6QTR, STM32U545REI6, STM32U545REI6Q, STM32U545RET6, STM32U545RET6Q, STM32U545VEI6, STM32U545VEI6Q, STM32U545VET6, STM32U545VET6Q, STM32U595AIH6, STM32U595AIH6Q, STM32U595AJH6, STM32U595AJH6Q, STM32U595QII6, STM32U595QII6Q, STM32U595QJI6, STM32U595QJI6Q, STM32U595RIT6, STM32U595RIT6Q, STM32U595RJT6, STM32U595RJT6Q, STM32U595VIT6, STM32U595VIT6Q, STM32U595VJT6, STM32U595VJT6Q, STM32U595ZIT6, STM32U595ZIT6Q, STM32U595ZIY6QTR, STM32U595ZJT6, STM32U595ZJT6Q, STM32U595ZJY6QTR, STM32U599BJY6QTR, STM32U599NIH6Q, STM32U599NJH6Q, STM32U599VIT6Q, STM32U599VJT6, STM32U599VJT6Q, STM32U599ZIT6Q, STM32U599ZIY6QTR, STM32U599ZJT6Q, STM32U599ZJY6QTR, STM32U5A5AJH6, STM32U5A5AJH6Q, STM32U5A5QII3Q , STM32U5A5QJI6, STM32U5A5QJI6Q, STM32U5A5RJT6, STM32U5A5RJT6Q, STM32U5A5VJT6, STM32U5A5VJT6Q, STM32U5A5ZJT6, STM32U5A5ZJT6Q, STM32U5A5ZJY6QTR, STM32U5A9BJY6QTR, STM32U5A9J-DK, STM32U5A9NJH6Q, STM32U5A9VJT6Q, STM32U5A9ZJT6Q, STM32U5A9ZJY6QTR, STM32U5F7VIT6, STM32U5F7VIT6Q, STM32U5F7VJT6, STM32U5F7VJT6Q, STM32U5F9BJY6QTR, STM32U5F9NJH6Q, STM32U5F9VIT6Q, STM32U5F9VJT6Q, STM32U5F9ZIJ6QTR, STM32U5F9ZIT6Q, STM32U5F9ZJJ6QTR, STM32U5F9ZJT6Q, STM32U5G7VJT6, STM32U5G7VJT6Q, STM32U5G9BJY6QTR, STM32U5G9J-DK1, STM32U5G9J-DK2, STM32U5G9NJH6Q, STM32U5G9VJT6Q, STM32U5G9ZJJ6QTR, STM32U5G9ZJT6Q, STM32WB1MMCH6, STM32WBA50KEU6, STM32WBA50KEU6TR, STM32WBA50KGU6, STM32WBA50KGU6TR, STM32WBA52CEU6, STM32WBA52CEU6TR, STM32WBA52CEU7, STM32WBA52CEU7TR, STM32WBA52CGU6, STM32WBA52CGU6TR, STM32WBA52CGU6U, STM32WBA52CGU7, STM32WBA52CGU7TR, STM32WBA52KEU6, STM32WBA52KEU6TR, STM32WBA52KGU6, STM32WBA52KGU6TR, STM32WBA54CEU6, STM32WBA54CEU6TR, STM32WBA54CEU7, STM32WBA54CEU7TR, STM32WBA54CGU6, STM32WBA54CGU6TR, STM32WBA54CGU7, STM32WBA54CGU7TR, STM32WBA54KEU6, STM32WBA54KEU6TR, STM32WBA54KEU7, STM32WBA54KEU7TR, STM32WBA54KGU6, STM32WBA54KGU6TR, STM32WBA54KGU7, STM32WBA54KGU7TR, STM32WBA55CEU6, STM32WBA55CEU6TR, STM32WBA55CEU7, STM32WBA55CEU7TR, STM32WBA55CGU6, STM32WBA55CGU6TR, STM32WBA55CGU6U, STM32WBA55CGU7, STM32WBA55CGU7TR, STM32WBA55G-DK1, STM32WBA55HEF6, STM32WBA55HEF7, STM32WBA55HGF6, STM32WBA55HGF7, STM32WBA55UEI6, STM32WBA55UEI6TR, STM32WBA55UEI7, STM32WBA55UEI7TR, STM32WBA55UGI6, STM32WBA55UGI6TR, STM32WBA55UGI7, STM32WBA55UGI7TR, STM32WL5MOCH6, STM32WL5MOCH6TR]
2024-06-18 18:54:26,648 [INFO] DbMcus:218 - Found 4096 MCUs, 4096 are supported
2024-06-18 18:54:26,650 [INFO] ApiDb:423 - Load user favorites file C:\Users\gusta/.stm32cubeide/favorites.mcus.txt: 0 item(s)
2024-06-18 18:54:26,650 [INFO] ApiDb:427 - User favorites MCUs=[]
2024-06-18 18:54:26,650 [INFO] DbMcus:224 - Set 0 / 0 favorites MCUs
2024-06-18 18:54:27,242 [INFO] ApiDb:423 - Load user favorites file C:\Users\gusta/.stm32cubeide/favorites.boards.txt: 2 item(s)
2024-06-18 18:54:27,242 [INFO] ApiDb:427 - User favorites Boards=[NUCLEO-F401RE, NUCLEO-F429ZI]
2024-06-18 18:54:27,243 [INFO] DbBoards:198 - Set 2 / 2 favorites Boards
2024-06-18 18:54:27,297 [INFO] UtilMem:75 - End LoadConfig() Used Memory: 197907080 Bytes (838860800)
2024-06-18 18:54:27,544 [WARN] ThirdParty:833 - waiting for thirdparty lock release [change project]
2024-06-18 18:54:27,545 [INFO] ThirdParty:835 - entering critical section [change project]
2024-06-18 18:54:27,545 [INFO] ThirdParty:1030 - CMSIS Pack Vendor :STMicroelectronics X-CUBE-ISPU 1.1.0
2024-06-18 18:54:27,545 [INFO] ThirdParty:1030 - CMSIS Pack Vendor :STMicroelectronics USBPD 4.1
2024-06-18 18:54:27,545 [INFO] ThirdParty:1030 - CMSIS Pack Vendor :STMicroelectronics X-CUBE-GNSS1 6.0.0
2024-06-18 18:54:27,545 [INFO] ThirdParty:1030 - CMSIS Pack Vendor :STMicroelectronics USB_HOST 2.0.0
2024-06-18 18:54:27,545 [INFO] ThirdParty:1030 - CMSIS Pack Vendor :STMicroelectronics FP-SNS-MOTENVWB1 1.4.0
2024-06-18 18:54:27,545 [INFO] ThirdParty:1030 - CMSIS Pack Vendor :STMicroelectronics X-CUBE-AZRTOS-F4 1.1.0
2024-06-18 18:54:27,545 [INFO] ThirdParty:1030 - CMSIS Pack Vendor :STMicroelectronics LIBJPEG 8.0.0
2024-06-18 18:54:27,545 [INFO] ThirdParty:1030 - CMSIS Pack Vendor :wolfSSL I-CUBE-wolfSSL 5.6.3
2024-06-18 18:54:27,546 [INFO] ThirdParty:1030 - CMSIS Pack Vendor :STMicroelectronics X-CUBE-SMBUS 2.1.0
2024-06-18 18:54:27,546 [INFO] ThirdParty:1030 - CMSIS Pack Vendor :STMicroelectronics USB_DEVICE 3.0.0
2024-06-18 18:54:27,546 [INFO] ThirdParty:1030 - CMSIS Pack Vendor :STMicroelectronics X-CUBE-TCPP 4.1.0
2024-06-18 18:54:27,546 [INFO] ThirdParty:1030 - CMSIS Pack Vendor :STMicroelectronics X-CUBE-FREERTOS 1.2.0
2024-06-18 18:54:27,546 [INFO] ThirdParty:1030 - CMSIS Pack Vendor :STMicroelectronics X-CUBE-AZRTOS-WB 2.0.0
2024-06-18 18:54:27,546 [INFO] ThirdParty:1030 - CMSIS Pack Vendor :STMicroelectronics X-CUBE-TOUCHGFX 4.23.1
2024-06-18 18:54:27,546 [INFO] ThirdParty:1030 - CMSIS Pack Vendor :STMicroelectronics X-CUBE-TOUCHGFX 4.23.0
2024-06-18 18:54:27,546 [INFO] ThirdParty:1030 - CMSIS Pack Vendor :STMicroelectronics X-CUBE-TOUCHGFX 4.23.2
2024-06-18 18:54:27,546 [INFO] ThirdParty:1030 - CMSIS Pack Vendor :STMicroelectronics X-CUBE-AZRTOS-F7 1.1.0
2024-06-18 18:54:27,546 [INFO] ThirdParty:1030 - CMSIS Pack Vendor :STMicroelectronics X-CUBE-AZRTOS-L5 2.0.0
2024-06-18 18:54:27,546 [INFO] ThirdParty:1030 - CMSIS Pack Vendor :STMicroelectronics USB_DEVICE 2.0.0
2024-06-18 18:54:27,546 [INFO] ThirdParty:1030 - CMSIS Pack Vendor :STMicroelectronics X-CUBE-MEMS1 9.6.0
2024-06-18 18:54:27,546 [INFO] ThirdParty:1030 - CMSIS Pack Vendor :STMicroelectronics X-CUBE-EEPRMA1 4.2.0
2024-06-18 18:54:27,546 [INFO] ThirdParty:1030 - CMSIS Pack Vendor :STMicroelectronics X-CUBE-NFC6 3.1.0
2024-06-18 18:54:27,546 [INFO] ThirdParty:1030 - CMSIS Pack Vendor :ITTIA_DB I-CUBE-ITTIADB 8.8.0
2024-06-18 18:54:27,546 [INFO] ThirdParty:1030 - CMSIS Pack Vendor :STMicroelectronics FP-SNS-MOTENV1 4.3.2
2024-06-18 18:54:27,546 [INFO] ThirdParty:1030 - CMSIS Pack Vendor :STMicroelectronics X-CUBE-ALGOBUILD 1.3.0
2024-06-18 18:54:27,546 [INFO] ThirdParty:1030 - CMSIS Pack Vendor :STMicroelectronics FreeRTOS 0.0.1
2024-06-18 18:54:27,546 [INFO] ThirdParty:1030 - CMSIS Pack Vendor :STMicroelectronics X-CUBE-AZRTOS-G0 1.1.0
2024-06-18 18:54:27,546 [INFO] ThirdParty:1030 - CMSIS Pack Vendor :STMicroelectronics X-CUBE-BLEMGR 2.0.0
2024-06-18 18:54:27,546 [INFO] ThirdParty:1030 - CMSIS Pack Vendor :STMicroelectronics X-CUBE-SAFEA1 1.2.2
2024-06-18 18:54:27,546 [INFO] ThirdParty:1030 - CMSIS Pack Vendor :STMicroelectronics X-CUBE-NFC4 3.0.0
2024-06-18 18:54:27,546 [INFO] ThirdParty:1030 - CMSIS Pack Vendor :STMicroelectronics X-CUBE-SUBG2 5.0.0
2024-06-18 18:54:27,547 [INFO] ThirdParty:1030 - CMSIS Pack Vendor :STMicroelectronics STM32_WPAN 1.0.0
2024-06-18 18:54:27,547 [INFO] ThirdParty:1030 - CMSIS Pack Vendor :wolfSSL I-CUBE-wolfMQTT 1.18.0
2024-06-18 18:54:27,547 [INFO] ThirdParty:1030 - CMSIS Pack Vendor :STMicroelectronics lwIP 2.0.3
2024-06-18 18:54:27,547 [INFO] ThirdParty:1030 - CMSIS Pack Vendor :STMicroelectronics FP-SNS-FLIGHT1 5.0.2
2024-06-18 18:54:27,547 [INFO] ThirdParty:1030 - CMSIS Pack Vendor :Cesanta I-CUBE-Mongoose 7.13.0
2024-06-18 18:54:27,547 [INFO] ThirdParty:1030 - CMSIS Pack Vendor :STMicroelectronics USB_HOST 1.0.0
2024-06-18 18:54:27,547 [INFO] ThirdParty:1030 - CMSIS Pack Vendor :STMicroelectronics X-CUBE-TOF1 3.3.1
2024-06-18 18:54:27,547 [INFO] ThirdParty:1030 - CMSIS Pack Vendor :STMicroelectronics X-CUBE-AI 9.0.0
2024-06-18 18:54:27,547 [INFO] ThirdParty:1030 - CMSIS Pack Vendor :STMicroelectronics X-CUBE-AZRTOS-G4 2.0.0
2024-06-18 18:54:27,547 [INFO] ThirdParty:1030 - CMSIS Pack Vendor :STMicroelectronics PDM2PCM 3.1.0
2024-06-18 18:54:27,547 [INFO] ThirdParty:1030 - CMSIS Pack Vendor :STMicroelectronics X-CUBE-AZRTOS-H7 3.1.0
2024-06-18 18:54:27,547 [INFO] ThirdParty:1030 - CMSIS Pack Vendor :Infineon AIROC-Wi-Fi-Bluetooth-STM32 1.5.1
2024-06-18 18:54:27,547 [INFO] ThirdParty:1030 - CMSIS Pack Vendor :STMicroelectronics X-CUBE-BLEMGR 3.0.0
2024-06-18 18:54:27,547 [INFO] ThirdParty:1030 - CMSIS Pack Vendor :STMicroelectronics PDM2PCM 3.3.0
2024-06-18 18:54:27,547 [INFO] ThirdParty:1030 - CMSIS Pack Vendor :STMicroelectronics X-CUBE-DISPLAY 3.0.0
2024-06-18 18:54:27,547 [INFO] ThirdParty:1030 - CMSIS Pack Vendor :STMicroelectronics FP-SNS-MOTENVWB1 1.3.0
2024-06-18 18:54:27,547 [INFO] ThirdParty:1030 - CMSIS Pack Vendor :STMicroelectronics FP-SNS-MOTENVWB1 1.3.1
2024-06-18 18:54:27,547 [INFO] ThirdParty:1030 - CMSIS Pack Vendor :STMicroelectronics X-CUBE-BLE1 7.0.0
2024-06-18 18:54:27,547 [INFO] ThirdParty:1030 - CMSIS Pack Vendor :STMicroelectronics FP-ATR-SIGFOX1 3.2.0
2024-06-18 18:54:27,547 [INFO] ThirdParty:1030 - CMSIS Pack Vendor :STMicroelectronics X-CUBE-ISPU 2.0.0
2024-06-18 18:54:27,547 [INFO] ThirdParty:1030 - CMSIS Pack Vendor :STMicroelectronics X-CUBE-EEPRMA1 5.1.0
2024-06-18 18:54:27,547 [INFO] ThirdParty:1030 - CMSIS Pack Vendor :STMicroelectronics HAL Drivers 0.0.0
2024-06-18 18:54:27,548 [INFO] ThirdParty:1030 - CMSIS Pack Vendor :STMicroelectronics MBEDTLS 2.16.2
2024-06-18 18:54:27,548 [INFO] ThirdParty:1030 - CMSIS Pack Vendor :STMicroelectronics X-CUBE-ALS 1.0.2
2024-06-18 18:54:27,548 [INFO] ThirdParty:1030 - CMSIS Pack Vendor :emotas I-CUBE-CANOPEN 1.3.0
2024-06-18 18:54:27,548 [INFO] ThirdParty:1030 - CMSIS Pack Vendor :STMicroelectronics X-CUBE-MEMS1 10.0.0
2024-06-18 18:54:27,548 [INFO] ThirdParty:1030 - CMSIS Pack Vendor :STMicroelectronics X-CUBE-FREERTOS 1.1.0
2024-06-18 18:54:27,548 [INFO] ThirdParty:1030 - CMSIS Pack Vendor :STMicroelectronics X-CUBE-NFC7 1.0.1
2024-06-18 18:54:27,548 [INFO] ThirdParty:1030 - CMSIS Pack Vendor :STMicroelectronics MBEDTLS 2.14.1
2024-06-18 18:54:27,548 [INFO] ThirdParty:1030 - CMSIS Pack Vendor :STMicroelectronics X-CUBE-TOUCHGFX 4.22.1
2024-06-18 18:54:27,548 [INFO] ThirdParty:1030 - CMSIS Pack Vendor :STMicroelectronics X-CUBE-NFC6 3.0.0
2024-06-18 18:54:27,548 [INFO] ThirdParty:1030 - CMSIS Pack Vendor :STMicroelectronics X-CUBE-EEPRMA1 4.1.0
2024-06-18 18:54:27,548 [INFO] ThirdParty:1030 - CMSIS Pack Vendor :portGmbH I-Cube-SoM-uGOAL 1.1.0
2024-06-18 18:54:27,548 [INFO] ThirdParty:1030 - CMSIS Pack Vendor :STMicroelectronics X-CUBE-ALS 1.0.1
2024-06-18 18:54:27,548 [INFO] ThirdParty:1030 - CMSIS Pack Vendor :STMicroelectronics X-CUBE-BLEMGR 3.1.0
2024-06-18 18:54:27,548 [INFO] ThirdParty:1030 - CMSIS Pack Vendor :STMicroelectronics ThreadX 1.0.0
2024-06-18 18:54:27,548 [INFO] ThirdParty:1030 - CMSIS Pack Vendor :STMicroelectronics FP-SNS-SMARTAG2 1.2.0
2024-06-18 18:54:27,548 [INFO] ThirdParty:1030 - CMSIS Pack Vendor :STMicroelectronics X-CUBE-AZRTOS-WL 2.0.0
2024-06-18 18:54:27,548 [INFO] ThirdParty:1030 - CMSIS Pack Vendor :SEGGER I-CUBE-embOS 1.3.1
2024-06-18 18:54:27,548 [INFO] ThirdParty:1030 - CMSIS Pack Vendor :STMicroelectronics X-CUBE-ALGOBUILD 1.4.0
2024-06-18 18:54:27,549 [INFO] ThirdParty:1030 - CMSIS Pack Vendor :STMicroelectronics FP-SNS-MOTENV1 5.0.0
2024-06-18 18:54:27,549 [INFO] ThirdParty:1030 - CMSIS Pack Vendor :STMicroelectronics USB_DEVICE 1.0.0
2024-06-18 18:54:27,549 [INFO] ThirdParty:1030 - CMSIS Pack Vendor :STMicroelectronics X-CUBE-AI 8.1.0
2024-06-18 18:54:27,549 [INFO] ThirdParty:1030 - CMSIS Pack Vendor :STMicroelectronics X-CUBE-AZRTOS-H7RS 1.0.0
2024-06-18 18:54:27,549 [INFO] ThirdParty:1030 - CMSIS Pack Vendor :STMicroelectronics X-CUBE-AZRTOS-L4 2.0.0
2024-06-18 18:54:27,549 [INFO] ThirdParty:1030 - CMSIS Pack Vendor :STMicroelectronics ThreadX 0.0.2
2024-06-18 18:54:27,549 [INFO] ThirdParty:1030 - CMSIS Pack Vendor :WES I-CUBE-Cesium 1.3.0
2024-06-18 18:54:27,549 [INFO] ThirdParty:1030 - CMSIS Pack Vendor :STMicroelectronics FP-ATR-ASTRA1 2.0.0
2024-06-18 18:54:27,549 [INFO] ThirdParty:1030 - CMSIS Pack Vendor :STMicroelectronics lwIP 2.1.2
2024-06-18 18:54:27,549 [INFO] ThirdParty:1030 - CMSIS Pack Vendor :STMicroelectronics X-CUBE-SFXS2LP1 4.0.0
2024-06-18 18:54:27,549 [INFO] ThirdParty:1030 - CMSIS Pack Vendor :STMicroelectronics X-CUBE-BLE2 3.3.0
2024-06-18 18:54:27,549 [INFO] ThirdParty:1030 - CMSIS Pack Vendor :STMicroelectronics X-CUBE-TOF1 3.4.0
2024-06-18 18:54:27,549 [INFO] ThirdParty:1030 - CMSIS Pack Vendor :STMicroelectronics X-CUBE-TOF1 3.4.1
2024-06-18 18:54:27,549 [INFO] ThirdParty:1030 - CMSIS Pack Vendor :STMicroelectronics X-CUBE-AZRTOS-H7 3.2.0
2024-06-18 18:54:27,549 [INFO] ThirdParty:1030 - CMSIS Pack Vendor :STMicroelectronics PDM2PCM 3.2.0
2024-06-18 18:54:27,550 [INFO] ThirdParty:841 - exiting critical section [change project]
2024-06-18 18:54:28,492 [INFO] PinOutPanel:1561 - setPackage(No Configuration,No Configuration)
2024-06-18 18:54:28,494 [INFO] PinOutPanel:1561 - setPackage(STM32F429ZITx,LQFP144)
2024-06-18 18:54:29,927 [INFO] UtilMem:75 - Before build in PCC Used Memory: 327620856 Bytes (825229312)
2024-06-18 18:54:31,277 [INFO] UtilMem:75 - After build in PCC Used Memory: 412079824 Bytes (825229312)
2024-06-18 18:54:31,462 [INFO] ApiDbMcu:508 - Load IP Config File for FREERTOS
2024-06-18 18:54:31,482 [INFO] ApiDbMcu:508 - Load IP Config File for LWIP
2024-06-18 18:54:31,550 [INFO] IPUIPlugin:80 - create IPUIPlugin
2024-06-18 18:54:31,550 [INFO] IPUIPlugin:80 - create IPUIPlugin
2024-06-18 18:54:31,551 [INFO] IPUIPlugin:80 - create IPUIPlugin
2024-06-18 18:54:31,551 [INFO] IPUIPlugin:80 - create IPUIPlugin
2024-06-18 18:54:31,551 [INFO] IPUIPlugin:80 - create IPUIPlugin
2024-06-18 18:54:31,551 [INFO] IPUIPlugin:80 - create IPUIPlugin
2024-06-18 18:54:31,551 [INFO] IPUIPlugin:80 - create IPUIPlugin
2024-06-18 18:54:31,552 [INFO] IPUIPlugin:80 - create IPUIPlugin
2024-06-18 18:54:31,552 [INFO] IPUIPlugin:80 - create IPUIPlugin
2024-06-18 18:54:31,552 [INFO] IPUIPlugin:80 - create IPUIPlugin
2024-06-18 18:54:31,553 [INFO] IPUIPlugin:80 - create IPUIPlugin
2024-06-18 18:54:31,553 [INFO] IPUIPlugin:80 - create IPUIPlugin
2024-06-18 18:54:31,553 [INFO] IPUIPlugin:80 - create IPUIPlugin
2024-06-18 18:54:31,554 [INFO] IPUIPlugin:80 - create IPUIPlugin
2024-06-18 18:54:31,554 [INFO] IPUIPlugin:80 - create IPUIPlugin
2024-06-18 18:54:31,554 [INFO] IPUIPlugin:80 - create IPUIPlugin
2024-06-18 18:54:31,554 [INFO] IPUIPlugin:80 - create IPUIPlugin
2024-06-18 18:54:31,554 [INFO] IPUIPlugin:80 - create IPUIPlugin
2024-06-18 18:54:31,555 [INFO] IPUIPlugin:80 - create IPUIPlugin
2024-06-18 18:54:31,555 [INFO] IPUIPlugin:80 - create IPUIPlugin
2024-06-18 18:54:31,555 [INFO] IPUIPlugin:80 - create IPUIPlugin
2024-06-18 18:54:31,556 [INFO] IPUIPlugin:80 - create IPUIPlugin
2024-06-18 18:54:31,556 [INFO] IPUIPlugin:80 - create IPUIPlugin
2024-06-18 18:54:31,556 [INFO] IPUIPlugin:80 - create IPUIPlugin
2024-06-18 18:54:31,557 [INFO] IPUIPlugin:80 - create IPUIPlugin
2024-06-18 18:54:31,558 [INFO] IPUIPlugin:80 - create IPUIPlugin
2024-06-18 18:54:31,558 [INFO] IPUIPlugin:80 - create IPUIPlugin
2024-06-18 18:54:31,558 [INFO] IPUIPlugin:80 - create IPUIPlugin
2024-06-18 18:54:31,559 [INFO] IPUIPlugin:80 - create IPUIPlugin
2024-06-18 18:54:31,559 [INFO] IPUIPlugin:80 - create IPUIPlugin
2024-06-18 18:54:31,559 [INFO] IPUIPlugin:80 - create IPUIPlugin
2024-06-18 18:54:31,560 [INFO] IPUIPlugin:80 - create IPUIPlugin
2024-06-18 18:54:31,560 [INFO] IPUIPlugin:80 - create IPUIPlugin
2024-06-18 18:54:31,561 [INFO] IPUIPlugin:80 - create IPUIPlugin
2024-06-18 18:54:31,561 [INFO] IPUIPlugin:80 - create IPUIPlugin
2024-06-18 18:54:31,561 [INFO] IPUIPlugin:80 - create IPUIPlugin
2024-06-18 18:54:31,562 [INFO] IPUIPlugin:80 - create IPUIPlugin
2024-06-18 18:54:31,562 [INFO] IPUIPlugin:80 - create IPUIPlugin
2024-06-18 18:54:31,562 [INFO] IPUIPlugin:80 - create IPUIPlugin
2024-06-18 18:54:31,563 [INFO] IPUIPlugin:80 - create IPUIPlugin
2024-06-18 18:54:31,563 [INFO] IPUIPlugin:80 - create IPUIPlugin
2024-06-18 18:54:31,564 [INFO] IPUIPlugin:80 - create IPUIPlugin
2024-06-18 18:54:31,564 [INFO] IPUIPlugin:80 - create IPUIPlugin
2024-06-18 18:54:31,564 [INFO] IPUIPlugin:80 - create IPUIPlugin
2024-06-18 18:54:31,565 [INFO] IPUIPlugin:80 - create IPUIPlugin
2024-06-18 18:54:31,566 [INFO] IPUIPlugin:80 - create IPUIPlugin
2024-06-18 18:54:31,566 [INFO] IPUIPlugin:80 - create IPUIPlugin
2024-06-18 18:54:31,567 [INFO] IPUIPlugin:80 - create IPUIPlugin
2024-06-18 18:54:31,567 [INFO] IPUIPlugin:80 - create IPUIPlugin
2024-06-18 18:54:31,568 [INFO] IPUIPlugin:80 - create IPUIPlugin
2024-06-18 18:54:31,569 [INFO] IPUIPlugin:80 - create IPUIPlugin
2024-06-18 18:54:31,569 [INFO] IPUIPlugin:80 - create IPUIPlugin
2024-06-18 18:54:31,570 [INFO] IPUIPlugin:80 - create IPUIPlugin
2024-06-18 18:54:31,571 [INFO] IPUIPlugin:80 - create IPUIPlugin
2024-06-18 18:54:31,572 [INFO] IPUIPlugin:80 - create IPUIPlugin
2024-06-18 18:54:31,573 [INFO] IPUIPlugin:80 - create IPUIPlugin
2024-06-18 18:54:31,573 [INFO] IPUIPlugin:80 - create IPUIPlugin
2024-06-18 18:54:31,574 [INFO] IPUIPlugin:80 - create IPUIPlugin
2024-06-18 18:54:31,575 [INFO] IPUIPlugin:80 - create IPUIPlugin
2024-06-18 18:54:31,575 [INFO] IPUIPlugin:80 - create IPUIPlugin
2024-06-18 18:54:31,576 [INFO] IPUIPlugin:80 - create IPUIPlugin
2024-06-18 18:54:31,577 [INFO] IPUIPlugin:80 - create IPUIPlugin
2024-06-18 18:54:31,578 [INFO] IPUIPlugin:80 - create IPUIPlugin
2024-06-18 18:54:31,579 [INFO] IPUIPlugin:80 - create IPUIPlugin
2024-06-18 18:54:31,579 [INFO] IPUIPlugin:80 - create IPUIPlugin
2024-06-18 18:54:31,580 [INFO] IPUIPlugin:80 - create IPUIPlugin
2024-06-18 18:54:31,595 [INFO] ApiDbMcu:508 - Load IP Config File for PDM2PCM
2024-06-18 18:54:31,654 [WARN] FreeRTOS:1023 - Null or empty value: should not occur! (nothing added to the table)
2024-06-18 18:54:32,086 [INFO] CADModel:165 - CPN selected for project levelSTM32F429ZIT6
2024-06-18 18:54:32,086 [INFO] CADModel:114 - Register for checkConnection events
2024-06-18 18:54:32,091 [INFO] RtosManager:697 - Active RTOS found at IOC load: FREERTOS [Cortex-M4NS]
2024-06-18 18:54:32,168 [INFO] OpenFileManager:343 - Restore cursor
2024-06-18 18:54:32,480 [WARN] IP:2120 - LWIP_NETIF_HOSTNAME_NAME not found: check if there is a RefParameter without a condition.
2024-06-18 18:54:32,585 [WARN] IP:2120 - LWIP_NETIF_HOSTNAME_NAME not found: check if there is a RefParameter without a condition.
2024-06-18 18:54:41,729 [INFO] UtilMem:75 - End SaveConfig() Used Memory: 319075992 Bytes (896532480)
2024-06-18 18:54:44,570 [INFO] UtilMem:75 - End SaveConfig() Used Memory: 349928448 Bytes (896532480)
2024-06-18 18:54:50,528 [INFO] UtilMem:75 - End SaveConfig() Used Memory: 500425952 Bytes (896532480)
2024-06-18 18:54:51,792 [INFO] BlockDiagram:2759 - set Specific Code input for plugin: FREERTOS
2024-06-18 18:54:51,792 [INFO] BlockDiagram:2759 - set Specific Code input for plugin: SYS
2024-06-18 18:54:51,792 [INFO] BlockDiagram:2759 - set Specific Code input for plugin: RCC
2024-06-18 18:54:51,792 [INFO] BlockDiagram:2759 - set Specific Code input for plugin: NVIC
2024-06-18 18:54:51,792 [INFO] BlockDiagram:2759 - set Specific Code input for plugin: LWIP
2024-06-18 18:54:51,793 [INFO] BlockDiagram:2759 - set Specific Code input for plugin: USART
2024-06-18 18:54:51,793 [INFO] BlockDiagram:2759 - set Specific Code input for plugin: GPIO
2024-06-18 18:54:51,794 [INFO] BlockDiagram:2759 - set Specific Code input for plugin: ETH
2024-06-18 18:54:51,796 [INFO] CodeGenerator:807 - code generatio: config db path: C:\ST\STM32CubeIDE_1.15.1\STM32CubeIDE\plugins\com.st.stm32cube.common.mx_6.11.1.202404110753\\db\
2024-06-18 18:54:51,839 [WARN] IP:2120 - LWIP_NETIF_HOSTNAME_NAME not found: check if there is a RefParameter without a condition.
2024-06-18 18:54:52,317 [INFO] CodeEngine:255 - oldGeneratedFile, C:\Users\gusta\STM32CubeIDE\workspace_1.15.1\LWIP_TCP_SERVER_CLIENT_NETCONN\MXTmpFiles\license.tmp_save
2024-06-18 18:54:52,916 [INFO] CodeEngine:279 - Generated code: C:\Users\gusta\STM32CubeIDE\workspace_1.15.1\LWIP_TCP_SERVER_CLIENT_NETCONN\MXTmpFiles\license.tmp
2024-06-18 18:54:53,236 [INFO] CodeEngine:255 - oldGeneratedFile, C:\Users\gusta\STM32CubeIDE\workspace_1.15.1\LWIP_TCP_SERVER_CLIENT_NETCONN\MXTmpFiles\gpio.tmp_save
2024-06-18 18:54:53,543 [INFO] CodeEngine:279 - Generated code: C:\Users\gusta\STM32CubeIDE\workspace_1.15.1\LWIP_TCP_SERVER_CLIENT_NETCONN\MXTmpFiles\gpio.tmp
2024-06-18 18:54:53,770 [INFO] CodeEngine:255 - oldGeneratedFile, C:\Users\gusta\STM32CubeIDE\workspace_1.15.1\LWIP_TCP_SERVER_CLIENT_NETCONN\MXTmpFiles\eth_vars.tmp_save
2024-06-18 18:54:53,931 [INFO] CodeEngine:279 - Generated code: C:\Users\gusta\STM32CubeIDE\workspace_1.15.1\LWIP_TCP_SERVER_CLIENT_NETCONN\MXTmpFiles\eth_vars.tmp
2024-06-18 18:54:53,938 [INFO] CodeEngine:255 - oldGeneratedFile, C:\Users\gusta\STM32CubeIDE\workspace_1.15.1\LWIP_TCP_SERVER_CLIENT_NETCONN\MXTmpFiles\eth_inc.tmp_save
2024-06-18 18:54:54,108 [INFO] CodeEngine:279 - Generated code: C:\Users\gusta\STM32CubeIDE\workspace_1.15.1\LWIP_TCP_SERVER_CLIENT_NETCONN\MXTmpFiles\eth_inc.tmp
2024-06-18 18:54:54,115 [INFO] CodeEngine:255 - oldGeneratedFile, C:\Users\gusta\STM32CubeIDE\workspace_1.15.1\LWIP_TCP_SERVER_CLIENT_NETCONN\MXTmpFiles\eth_HalInit.tmp_save
2024-06-18 18:54:54,323 [INFO] CodeEngine:279 - Generated code: C:\Users\gusta\STM32CubeIDE\workspace_1.15.1\LWIP_TCP_SERVER_CLIENT_NETCONN\MXTmpFiles\eth_HalInit.tmp
2024-06-18 18:54:54,331 [INFO] CodeEngine:255 - oldGeneratedFile, C:\Users\gusta\STM32CubeIDE\workspace_1.15.1\LWIP_TCP_SERVER_CLIENT_NETCONN\MXTmpFiles\eth_Msp.tmp_save
2024-06-18 18:54:54,529 [INFO] CodeEngine:279 - Generated code: C:\Users\gusta\STM32CubeIDE\workspace_1.15.1\LWIP_TCP_SERVER_CLIENT_NETCONN\MXTmpFiles\eth_Msp.tmp
2024-06-18 18:54:54,891 [INFO] Middleware:1439 - No code input for Bsp Dependency
2024-06-18 18:54:54,910 [INFO] CodeEngine:255 - oldGeneratedFile, C:\Users\gusta\STM32CubeIDE\workspace_1.15.1\LWIP_TCP_SERVER_CLIENT_NETCONN\MXTmpFiles\rtos_inc.tmp_save
2024-06-18 18:54:55,099 [INFO] CodeEngine:279 - Generated code: C:\Users\gusta\STM32CubeIDE\workspace_1.15.1\LWIP_TCP_SERVER_CLIENT_NETCONN\MXTmpFiles\rtos_inc.tmp
2024-06-18 18:54:55,107 [INFO] CodeEngine:255 - oldGeneratedFile, C:\Users\gusta\STM32CubeIDE\workspace_1.15.1\LWIP_TCP_SERVER_CLIENT_NETCONN\MXTmpFiles\rtos_kernelInit.tmp_save
2024-06-18 18:54:55,251 [INFO] CodeEngine:279 - Generated code: C:\Users\gusta\STM32CubeIDE\workspace_1.15.1\LWIP_TCP_SERVER_CLIENT_NETCONN\MXTmpFiles\rtos_kernelInit.tmp
2024-06-18 18:54:55,261 [INFO] CodeEngine:255 - oldGeneratedFile, C:\Users\gusta\STM32CubeIDE\workspace_1.15.1\LWIP_TCP_SERVER_CLIENT_NETCONN\MXTmpFiles\rtos_kernelStart.tmp_save
2024-06-18 18:54:55,378 [INFO] CodeEngine:279 - Generated code: C:\Users\gusta\STM32CubeIDE\workspace_1.15.1\LWIP_TCP_SERVER_CLIENT_NETCONN\MXTmpFiles\rtos_kernelStart.tmp
2024-06-18 18:54:55,384 [INFO] CodeEngine:255 - oldGeneratedFile, C:\Users\gusta\STM32CubeIDE\workspace_1.15.1\LWIP_TCP_SERVER_CLIENT_NETCONN\MXTmpFiles\rtos_typedefs.tmp_save
2024-06-18 18:54:55,482 [INFO] CodeEngine:279 - Generated code: C:\Users\gusta\STM32CubeIDE\workspace_1.15.1\LWIP_TCP_SERVER_CLIENT_NETCONN\MXTmpFiles\rtos_typedefs.tmp
2024-06-18 18:54:55,490 [INFO] CodeEngine:255 - oldGeneratedFile, C:\Users\gusta\STM32CubeIDE\workspace_1.15.1\LWIP_TCP_SERVER_CLIENT_NETCONN\MXTmpFiles\rtos_vars.tmp_save
2024-06-18 18:54:55,628 [INFO] CodeEngine:279 - Generated code: C:\Users\gusta\STM32CubeIDE\workspace_1.15.1\LWIP_TCP_SERVER_CLIENT_NETCONN\MXTmpFiles\rtos_vars.tmp
2024-06-18 18:54:55,634 [INFO] CodeEngine:255 - oldGeneratedFile, C:\Users\gusta\STM32CubeIDE\workspace_1.15.1\LWIP_TCP_SERVER_CLIENT_NETCONN\MXTmpFiles\rtos_pfp.tmp_save
2024-06-18 18:54:55,758 [INFO] CodeEngine:279 - Generated code: C:\Users\gusta\STM32CubeIDE\workspace_1.15.1\LWIP_TCP_SERVER_CLIENT_NETCONN\MXTmpFiles\rtos_pfp.tmp
2024-06-18 18:54:55,764 [INFO] CodeEngine:255 - oldGeneratedFile, C:\Users\gusta\STM32CubeIDE\workspace_1.15.1\LWIP_TCP_SERVER_CLIENT_NETCONN\MXTmpFiles\rtos_obj_creat.tmp_save
2024-06-18 18:54:55,913 [INFO] CodeEngine:279 - Generated code: C:\Users\gusta\STM32CubeIDE\workspace_1.15.1\LWIP_TCP_SERVER_CLIENT_NETCONN\MXTmpFiles\rtos_obj_creat.tmp
2024-06-18 18:54:55,920 [INFO] CodeEngine:255 - oldGeneratedFile, C:\Users\gusta\STM32CubeIDE\workspace_1.15.1\LWIP_TCP_SERVER_CLIENT_NETCONN\MXTmpFiles\rtos_default_thread.tmp_save
2024-06-18 18:54:56,025 [INFO] CodeEngine:279 - Generated code: C:\Users\gusta\STM32CubeIDE\workspace_1.15.1\LWIP_TCP_SERVER_CLIENT_NETCONN\MXTmpFiles\rtos_default_thread.tmp
2024-06-18 18:54:56,032 [INFO] CodeEngine:255 - oldGeneratedFile, C:\Users\gusta\STM32CubeIDE\workspace_1.15.1\LWIP_TCP_SERVER_CLIENT_NETCONN\MXTmpFiles\rtos_threads.tmp_save
2024-06-18 18:54:56,173 [INFO] CodeEngine:279 - Generated code: C:\Users\gusta\STM32CubeIDE\workspace_1.15.1\LWIP_TCP_SERVER_CLIENT_NETCONN\MXTmpFiles\rtos_threads.tmp
2024-06-18 18:54:56,241 [INFO] Middleware:1439 - No code input for Bsp Dependency
2024-06-18 18:54:56,293 [INFO] Middleware:1439 - No code input for Bsp Dependency
2024-06-18 18:54:56,307 [INFO] CodeEngine:255 - oldGeneratedFile, C:\Users\gusta\STM32CubeIDE\workspace_1.15.1\LWIP_TCP_SERVER_CLIENT_NETCONN\MXTmpFiles\rtos_inc.tmp_save
2024-06-18 18:54:56,450 [INFO] CodeEngine:279 - Generated code: C:\Users\gusta\STM32CubeIDE\workspace_1.15.1\LWIP_TCP_SERVER_CLIENT_NETCONN\MXTmpFiles\rtos_inc.tmp
2024-06-18 18:54:56,461 [INFO] CodeEngine:255 - oldGeneratedFile, C:\Users\gusta\STM32CubeIDE\workspace_1.15.1\LWIP_TCP_SERVER_CLIENT_NETCONN\MXTmpFiles\rtos_kernelInit.tmp_save
2024-06-18 18:54:56,548 [INFO] CodeEngine:279 - Generated code: C:\Users\gusta\STM32CubeIDE\workspace_1.15.1\LWIP_TCP_SERVER_CLIENT_NETCONN\MXTmpFiles\rtos_kernelInit.tmp
2024-06-18 18:54:56,559 [INFO] CodeEngine:255 - oldGeneratedFile, C:\Users\gusta\STM32CubeIDE\workspace_1.15.1\LWIP_TCP_SERVER_CLIENT_NETCONN\MXTmpFiles\rtos_kernelStart.tmp_save
2024-06-18 18:54:56,683 [INFO] CodeEngine:279 - Generated code: C:\Users\gusta\STM32CubeIDE\workspace_1.15.1\LWIP_TCP_SERVER_CLIENT_NETCONN\MXTmpFiles\rtos_kernelStart.tmp
2024-06-18 18:54:56,694 [INFO] CodeEngine:255 - oldGeneratedFile, C:\Users\gusta\STM32CubeIDE\workspace_1.15.1\LWIP_TCP_SERVER_CLIENT_NETCONN\MXTmpFiles\rtos_typedefs.tmp_save
2024-06-18 18:54:56,805 [INFO] CodeEngine:279 - Generated code: C:\Users\gusta\STM32CubeIDE\workspace_1.15.1\LWIP_TCP_SERVER_CLIENT_NETCONN\MXTmpFiles\rtos_typedefs.tmp
2024-06-18 18:54:56,814 [INFO] CodeEngine:255 - oldGeneratedFile, C:\Users\gusta\STM32CubeIDE\workspace_1.15.1\LWIP_TCP_SERVER_CLIENT_NETCONN\MXTmpFiles\rtos_vars.tmp_save
2024-06-18 18:54:56,934 [INFO] CodeEngine:279 - Generated code: C:\Users\gusta\STM32CubeIDE\workspace_1.15.1\LWIP_TCP_SERVER_CLIENT_NETCONN\MXTmpFiles\rtos_vars.tmp
2024-06-18 18:54:56,945 [INFO] CodeEngine:255 - oldGeneratedFile, C:\Users\gusta\STM32CubeIDE\workspace_1.15.1\LWIP_TCP_SERVER_CLIENT_NETCONN\MXTmpFiles\rtos_pfp.tmp_save
2024-06-18 18:54:57,042 [INFO] CodeEngine:279 - Generated code: C:\Users\gusta\STM32CubeIDE\workspace_1.15.1\LWIP_TCP_SERVER_CLIENT_NETCONN\MXTmpFiles\rtos_pfp.tmp
2024-06-18 18:54:57,055 [INFO] CodeEngine:255 - oldGeneratedFile, C:\Users\gusta\STM32CubeIDE\workspace_1.15.1\LWIP_TCP_SERVER_CLIENT_NETCONN\MXTmpFiles\rtos_obj_creat.tmp_save
2024-06-18 18:54:57,166 [INFO] CodeEngine:279 - Generated code: C:\Users\gusta\STM32CubeIDE\workspace_1.15.1\LWIP_TCP_SERVER_CLIENT_NETCONN\MXTmpFiles\rtos_obj_creat.tmp
2024-06-18 18:54:57,176 [INFO] CodeEngine:255 - oldGeneratedFile, C:\Users\gusta\STM32CubeIDE\workspace_1.15.1\LWIP_TCP_SERVER_CLIENT_NETCONN\MXTmpFiles\rtos_default_thread.tmp_save
2024-06-18 18:54:57,305 [INFO] CodeEngine:279 - Generated code: C:\Users\gusta\STM32CubeIDE\workspace_1.15.1\LWIP_TCP_SERVER_CLIENT_NETCONN\MXTmpFiles\rtos_default_thread.tmp
2024-06-18 18:54:57,315 [INFO] CodeEngine:255 - oldGeneratedFile, C:\Users\gusta\STM32CubeIDE\workspace_1.15.1\LWIP_TCP_SERVER_CLIENT_NETCONN\MXTmpFiles\rtos_threads.tmp_save
2024-06-18 18:54:57,393 [INFO] CodeEngine:279 - Generated code: C:\Users\gusta\STM32CubeIDE\workspace_1.15.1\LWIP_TCP_SERVER_CLIENT_NETCONN\MXTmpFiles\rtos_threads.tmp
2024-06-18 18:54:57,405 [INFO] CodeEngine:255 - oldGeneratedFile, C:\Users\gusta\STM32CubeIDE\workspace_1.15.1\LWIP_TCP_SERVER_CLIENT_NETCONN\Core\Inc\FreeRTOSConfig.h_save
2024-06-18 18:54:57,528 [INFO] CodeEngine:279 - Generated code: C:\Users\gusta\STM32CubeIDE\workspace_1.15.1\LWIP_TCP_SERVER_CLIENT_NETCONN\Core\Inc\FreeRTOSConfig.h
2024-06-18 18:54:57,539 [INFO] CodeEngine:255 - oldGeneratedFile, C:\Users\gusta\STM32CubeIDE\workspace_1.15.1\LWIP_TCP_SERVER_CLIENT_NETCONN\Core\Src\freertos.c_save
2024-06-18 18:54:57,666 [INFO] CodeEngine:279 - Generated code: C:\Users\gusta\STM32CubeIDE\workspace_1.15.1\LWIP_TCP_SERVER_CLIENT_NETCONN\Core\Src\freertos.c
2024-06-18 18:54:57,695 [INFO] Middleware:1439 - No code input for Bsp Dependency
2024-06-18 18:54:57,728 [INFO] CodeEngine:255 - oldGeneratedFile, C:\Users\gusta\STM32CubeIDE\workspace_1.15.1\LWIP_TCP_SERVER_CLIENT_NETCONN\LWIP\App\lwip.c_save
2024-06-18 18:54:57,891 [INFO] CodeEngine:279 - Generated code: C:\Users\gusta\STM32CubeIDE\workspace_1.15.1\LWIP_TCP_SERVER_CLIENT_NETCONN\LWIP\App\lwip.c
2024-06-18 18:54:57,910 [INFO] CodeEngine:255 - oldGeneratedFile, C:\Users\gusta\STM32CubeIDE\workspace_1.15.1\LWIP_TCP_SERVER_CLIENT_NETCONN\LWIP\App\lwip.h_save
2024-06-18 18:54:58,040 [INFO] CodeEngine:279 - Generated code: C:\Users\gusta\STM32CubeIDE\workspace_1.15.1\LWIP_TCP_SERVER_CLIENT_NETCONN\LWIP\App\lwip.h
2024-06-18 18:54:58,049 [INFO] CodeEngine:255 - oldGeneratedFile, C:\Users\gusta\STM32CubeIDE\workspace_1.15.1\LWIP_TCP_SERVER_CLIENT_NETCONN\LWIP\Target\lwipopts.h_save
2024-06-18 18:54:58,444 [INFO] CodeEngine:279 - Generated code: C:\Users\gusta\STM32CubeIDE\workspace_1.15.1\LWIP_TCP_SERVER_CLIENT_NETCONN\LWIP\Target\lwipopts.h
2024-06-18 18:54:58,455 [INFO] CodeEngine:255 - oldGeneratedFile, C:\Users\gusta\STM32CubeIDE\workspace_1.15.1\LWIP_TCP_SERVER_CLIENT_NETCONN\LWIP\Target\ethernetif.c_save
2024-06-18 18:54:58,619 [INFO] CodeEngine:279 - Generated code: C:\Users\gusta\STM32CubeIDE\workspace_1.15.1\LWIP_TCP_SERVER_CLIENT_NETCONN\LWIP\Target\ethernetif.c
2024-06-18 18:54:58,631 [INFO] CodeEngine:255 - oldGeneratedFile, C:\Users\gusta\STM32CubeIDE\workspace_1.15.1\LWIP_TCP_SERVER_CLIENT_NETCONN\LWIP\Target\ethernetif.h_save
2024-06-18 18:54:58,763 [INFO] CodeEngine:279 - Generated code: C:\Users\gusta\STM32CubeIDE\workspace_1.15.1\LWIP_TCP_SERVER_CLIENT_NETCONN\LWIP\Target\ethernetif.h
2024-06-18 18:54:58,808 [INFO] CodeEngine:255 - oldGeneratedFile, C:\Users\gusta\STM32CubeIDE\workspace_1.15.1\LWIP_TCP_SERVER_CLIENT_NETCONN\Core\Src\stm32f4xx_it.c_save
2024-06-18 18:54:59,089 [INFO] CodeEngine:279 - Generated code: C:\Users\gusta\STM32CubeIDE\workspace_1.15.1\LWIP_TCP_SERVER_CLIENT_NETCONN\Core\Src\stm32f4xx_it.c
2024-06-18 18:54:59,101 [INFO] CodeEngine:255 - oldGeneratedFile, C:\Users\gusta\STM32CubeIDE\workspace_1.15.1\LWIP_TCP_SERVER_CLIENT_NETCONN\Core\Inc\stm32f4xx_it.h_save
2024-06-18 18:54:59,236 [INFO] CodeEngine:279 - Generated code: C:\Users\gusta\STM32CubeIDE\workspace_1.15.1\LWIP_TCP_SERVER_CLIENT_NETCONN\Core\Inc\stm32f4xx_it.h
2024-06-18 18:54:59,296 [INFO] CodeEngine:255 - oldGeneratedFile, C:\Users\gusta\STM32CubeIDE\workspace_1.15.1\LWIP_TCP_SERVER_CLIENT_NETCONN\Core\Src\stm32f4xx_hal_msp.c_save
2024-06-18 18:54:59,479 [INFO] CodeEngine:279 - Generated code: C:\Users\gusta\STM32CubeIDE\workspace_1.15.1\LWIP_TCP_SERVER_CLIENT_NETCONN\Core\Src\stm32f4xx_hal_msp.c
2024-06-18 18:54:59,487 [INFO] CodeEngine:255 - oldGeneratedFile, C:\Users\gusta\STM32CubeIDE\workspace_1.15.1\LWIP_TCP_SERVER_CLIENT_NETCONN\MXTmpFiles\system.tmp_save
2024-06-18 18:54:59,618 [INFO] CodeEngine:279 - Generated code: C:\Users\gusta\STM32CubeIDE\workspace_1.15.1\LWIP_TCP_SERVER_CLIENT_NETCONN\MXTmpFiles\system.tmp
2024-06-18 18:54:59,629 [INFO] CodeEngine:255 - oldGeneratedFile, C:\Users\gusta\STM32CubeIDE\workspace_1.15.1\LWIP_TCP_SERVER_CLIENT_NETCONN\Core\Src\stm32f4xx_hal_timebase_tim.c_save
2024-06-18 18:54:59,750 [INFO] CodeEngine:279 - Generated code: C:\Users\gusta\STM32CubeIDE\workspace_1.15.1\LWIP_TCP_SERVER_CLIENT_NETCONN\Core\Src\stm32f4xx_hal_timebase_tim.c
2024-06-18 18:54:59,771 [INFO] CodeEngine:311 - oldGeneratedFile, C:\Users\gusta\STM32CubeIDE\workspace_1.15.1\LWIP_TCP_SERVER_CLIENT_NETCONN\Core\Inc\stm32f4xx_hal_conf.h_save
2024-06-18 18:54:59,919 [INFO] CodeEngine:335 - Generated code: C:\Users\gusta\STM32CubeIDE\workspace_1.15.1\LWIP_TCP_SERVER_CLIENT_NETCONN\Core\Inc\stm32f4xx_hal_conf.h
2024-06-18 18:54:59,999 [INFO] CodeEngine:255 - oldGeneratedFile, C:\Users\gusta\STM32CubeIDE\workspace_1.15.1\LWIP_TCP_SERVER_CLIENT_NETCONN\Core\Inc\main.h_save
2024-06-18 18:55:00,148 [INFO] CodeEngine:279 - Generated code: C:\Users\gusta\STM32CubeIDE\workspace_1.15.1\LWIP_TCP_SERVER_CLIENT_NETCONN\Core\Inc\main.h
2024-06-18 18:55:00,160 [INFO] CodeEngine:255 - oldGeneratedFile, C:\Users\gusta\STM32CubeIDE\workspace_1.15.1\LWIP_TCP_SERVER_CLIENT_NETCONN\Core\Src\main.c_save
2024-06-18 18:55:00,427 [INFO] CodeEngine:279 - Generated code: C:\Users\gusta\STM32CubeIDE\workspace_1.15.1\LWIP_TCP_SERVER_CLIENT_NETCONN\Core\Src\main.c
2024-06-18 18:55:01,969 [INFO] ProjectBuilder:3163 - Time for Copy HAL[1] : 1032mS.
2024-06-18 18:55:02,009 [INFO] ProjectBuilder:4736 - Project Generator version: 4.3.0-B58
2024-06-18 18:55:02,169 [INFO] ConfigFileManager:1503 - The Die is : DIE419
2024-06-18 18:55:02,172 [INFO] ApiDbMcu:508 - Load IP Config File for FATFS
2024-06-18 18:55:02,175 [INFO] ApiDbMcu:508 - Load IP Config File for LIBJPEG
2024-06-18 18:55:02,187 [INFO] ApiDbMcu:508 - Load IP Config File for MBEDTLS
2024-06-18 18:55:02,203 [INFO] ApiDbMcu:508 - Load IP Config File for USB_DEVICE
2024-06-18 18:55:02,209 [INFO] ApiDbMcu:508 - Load IP Config File for USB_HOST
2024-06-18 18:55:02,817 [INFO] LogOutputStream:77 - [STDOUT_REDIRECT] 
2024-06-18 18:55:05,836 [INFO] ProjectBuilder:5002 - Time for Generating toolchain IDE Files: 3827mS.
2024-06-18 18:55:05,837 [INFO] ProjectBuilder:3034 - Time for Copy CMSIS : 1mS.
2024-06-18 18:55:05,871 [INFO] ProjectBuilder:3034 - Time for Copy CMSIS : 0mS.
2024-06-18 18:56:14,958 [ERROR] LogOutputStream:75 - [STDERR_REDIRECT] 
2024-06-18 18:56:14,962 [ERROR] LogOutputStream:75 - [STDERR_REDIRECT] 
