2024-08-18 23:14:38,515 [INFO] Activator:176 - 


2024-08-18 23:14:38,522 [INFO] Activator:177 - !SESSION log4j initialized
2024-08-18 23:14:47,835 [INFO] LogOutputStream:77 - [STDOUT_REDIRECT] 
2024-08-18 23:14:55,328 [INFO] ApplicationProperties:184 - Using Application install path: C:\ST\STM32CubeIDE_1.15.1\STM32CubeIDE\plugins\com.st.stm32cube.common.mx_6.11.1.202404110753
2024-08-18 23:14:55,357 [INFO] DbMcusXml:78 - Set database path to: C:\ST\STM32CubeIDE_1.15.1\STM32CubeIDE\plugins\com.st.stm32cube.common.mx_6.11.1.202404110753\\db\/mcu/
2024-08-18 23:14:55,358 [INFO] ApiDb:274 - Set plugin database path to: C:\ST\STM32CubeIDE_1.15.1\STM32CubeIDE\plugins\com.st.stm32cube.common.mx_6.11.1.202404110753\\db\/plugins/boardmanager/
2024-08-18 23:14:55,358 [WARN] ApiDb:259 - Overriding images path with different value:  => C:\ST\STM32CubeIDE_1.15.1\STM32CubeIDE\plugins\com.st.stm32cube.common.mx_6.11.1.202404110753\\db\/plugins/mcufinder/images/
2024-08-18 23:14:55,372 [INFO] ApiDb:250 - Set database path to: C:\Users\gusta\.stmcufinder\plugins\mcufinder//mcu/
2024-08-18 23:14:55,374 [INFO] DbMcusAds:125 - Set database path to: C:\Users\gusta\.stmcufinder\plugins\mcufinder//mcu/
2024-08-18 23:14:55,377 [INFO] CrossReferenceDbSqlite:203 - Set database path to: C:\Users\gusta\.stmcufinder\plugins\mcufinder//mcu/cs/
2024-08-18 23:14:55,538 [INFO] RulesReader:64 - Compatibility file has been processed (297 Rules)
2024-08-18 23:14:55,638 [INFO] DbMcusXml:78 - Set database path to: C:\ST\STM32CubeIDE_1.15.1\STM32CubeIDE\plugins\com.st.stm32cube.common.mx_6.11.1.202404110753\\db\/mcu/
2024-08-18 23:14:55,638 [INFO] ApiDb:274 - Set plugin database path to: C:\ST\STM32CubeIDE_1.15.1\STM32CubeIDE\plugins\com.st.stm32cube.common.mx_6.11.1.202404110753\\db\/plugins/boardmanager/
2024-08-18 23:14:55,638 [INFO] ApiDb:261 - Set plugin images path to: C:\ST\STM32CubeIDE_1.15.1\STM32CubeIDE\plugins\com.st.stm32cube.common.mx_6.11.1.202404110753\\db\/plugins/mcufinder/images/
2024-08-18 23:14:55,638 [WARN] DbFile:41 - Overriding database path with different value: C:\Users\gusta\.stmcufinder\plugins\mcufinder/ => C:\Users\gusta\.stmcufinder\plugins\mcufinder
2024-08-18 23:14:55,638 [INFO] ApiDb:250 - Set database path to: C:\Users\gusta\.stmcufinder\plugins\mcufinder//mcu/
2024-08-18 23:14:55,638 [WARN] DbFile:41 - Overriding database path with different value: C:\Users\gusta\.stmcufinder\plugins\mcufinder/ => C:\Users\gusta\.stmcufinder\plugins\mcufinder
2024-08-18 23:14:55,638 [INFO] DbMcusAds:125 - Set database path to: C:\Users\gusta\.stmcufinder\plugins\mcufinder//mcu/
2024-08-18 23:14:55,639 [WARN] DbFile:41 - Overriding database path with different value: C:\Users\gusta\.stmcufinder\plugins\mcufinder/ => C:\Users\gusta\.stmcufinder\plugins\mcufinder
2024-08-18 23:14:55,639 [WARN] DbFile:41 - Overriding database path with different value: C:\Users\gusta\.stmcufinder\plugins\mcufinder/ => C:\Users\gusta\.stmcufinder\plugins\mcufinder
2024-08-18 23:14:55,639 [INFO] CrossReferenceDbSqlite:203 - Set database path to: C:\Users\gusta\.stmcufinder\plugins\mcufinder//mcu/cs/
2024-08-18 23:14:55,754 [INFO] MainPanel:264 - HeapMemory: 268435456
2024-08-18 23:14:55,880 [INFO] DbMcusXml:78 - Set database path to: C:\ST\STM32CubeIDE_1.15.1\STM32CubeIDE\plugins\com.st.stm32cube.common.mx_6.11.1.202404110753\\db\/mcu/
2024-08-18 23:14:55,880 [INFO] ApiDb:274 - Set plugin database path to: C:\ST\STM32CubeIDE_1.15.1\STM32CubeIDE\plugins\com.st.stm32cube.common.mx_6.11.1.202404110753\\db\/plugins/boardmanager/
2024-08-18 23:14:55,880 [INFO] ApiDb:261 - Set plugin images path to: C:\ST\STM32CubeIDE_1.15.1\STM32CubeIDE\plugins\com.st.stm32cube.common.mx_6.11.1.202404110753\\db\/plugins/mcufinder/images/
2024-08-18 23:14:55,881 [WARN] DbFile:41 - Overriding database path with different value: C:\Users\gusta\.stmcufinder\plugins\mcufinder/ => C:\Users\gusta\.stmcufinder\plugins\mcufinder
2024-08-18 23:14:55,881 [INFO] ApiDb:250 - Set database path to: C:\Users\gusta\.stmcufinder\plugins\mcufinder//mcu/
2024-08-18 23:14:55,881 [WARN] DbFile:41 - Overriding database path with different value: C:\Users\gusta\.stmcufinder\plugins\mcufinder/ => C:\Users\gusta\.stmcufinder\plugins\mcufinder
2024-08-18 23:14:55,882 [INFO] DbMcusAds:125 - Set database path to: C:\Users\gusta\.stmcufinder\plugins\mcufinder//mcu/
2024-08-18 23:14:55,882 [WARN] DbFile:41 - Overriding database path with different value: C:\Users\gusta\.stmcufinder\plugins\mcufinder/ => C:\Users\gusta\.stmcufinder\plugins\mcufinder
2024-08-18 23:14:55,882 [WARN] DbFile:41 - Overriding database path with different value: C:\Users\gusta\.stmcufinder\plugins\mcufinder/ => C:\Users\gusta\.stmcufinder\plugins\mcufinder
2024-08-18 23:14:55,882 [INFO] CrossReferenceDbSqlite:203 - Set database path to: C:\Users\gusta\.stmcufinder\plugins\mcufinder//mcu/cs/
2024-08-18 23:14:55,905 [INFO] ApplicationProperties:184 - Using Application install path: C:\ST\STM32CubeIDE_1.15.1\STM32CubeIDE\plugins\com.st.stm32cube.common.mx_6.11.1.202404110753
2024-08-18 23:14:55,906 [INFO] PluginManage:196 - Search for loadable plugins [exclusion list=, ]
2024-08-18 23:14:55,908 [INFO] PluginManage:310 - Check plugin analytics
2024-08-18 23:15:00,799 [INFO] AnalyticsPlugin:253 - Accepted Software Licenses: 
2024-08-18 23:15:00,799 [INFO] AnalyticsPlugin:255 - Accepted CMSIS Pack Licenses: 
2024-08-18 23:15:00,800 [INFO] AnalyticsPlugin:257 - Accepted Firmware Licenses: FW.F4.1.27.0,FW.F4.1.28.0
2024-08-18 23:15:00,807 [INFO] PluginManage:359 - Loaded plugin analytics (category:tool,tabindex:-1)
2024-08-18 23:15:00,807 [INFO] PluginManage:310 - Check plugin cadmodel
2024-08-18 23:15:00,817 [INFO] CADModel:105 - Init CAD model plugin
2024-08-18 23:15:00,817 [INFO] PluginManage:359 - Loaded plugin cadmodel (category:power,tabindex:5)
2024-08-18 23:15:00,818 [INFO] PluginManage:310 - Check plugin clock
2024-08-18 23:15:00,839 [INFO] PluginManage:359 - Loaded plugin clock (category:base,tabindex:2)
2024-08-18 23:15:00,839 [INFO] PluginManage:310 - Check plugin ddr
2024-08-18 23:15:00,843 [INFO] PluginManage:359 - Loaded plugin ddr (category:tool,tabindex:6)
2024-08-18 23:15:00,843 [INFO] PluginManage:310 - Check plugin filemanager
2024-08-18 23:15:01,019 [INFO] PluginManage:359 - Loaded plugin filemanager (category:base,tabindex:10)
2024-08-18 23:15:01,019 [INFO] PluginManage:310 - Check plugin ipmanager
2024-08-18 23:15:01,029 [INFO] PluginManage:359 - Loaded plugin ipmanager (category:base,tabindex:5)
2024-08-18 23:15:01,029 [INFO] PluginManage:310 - Check plugin lpbam
2024-08-18 23:15:01,040 [INFO] PluginManage:359 - Loaded plugin lpbam (category:base,tabindex:0)
2024-08-18 23:15:01,040 [INFO] PluginManage:310 - Check plugin memorymap
2024-08-18 23:15:01,060 [INFO] PluginManage:359 - Loaded plugin memorymap (category:base,tabindex:4)
2024-08-18 23:15:01,060 [INFO] PluginManage:310 - Check plugin pinoutandconfiguration
2024-08-18 23:15:01,071 [INFO] PluginManage:359 - Loaded plugin pinoutandconfiguration (category:base,tabindex:1)
2024-08-18 23:15:01,071 [INFO] PluginManage:310 - Check plugin pinoutconfig
2024-08-18 23:15:01,185 [WARN] SupportedApi:132 - Cannot load RTOS API schema: s4s-elt-must-match.1: The content of 'definitions' must match (annotation?, (simpleType | complexType)?, (unique | key | keyref)*)). A problem was found starting at: attribute.
2024-08-18 23:15:01,383 [INFO] PluginManage:359 - Loaded plugin pinoutconfig (category:base,tabindex:0)
2024-08-18 23:15:01,383 [INFO] PluginManage:310 - Check plugin power
2024-08-18 23:15:01,400 [INFO] PluginManage:359 - Loaded plugin power (category:power,tabindex:4)
2024-08-18 23:15:01,401 [INFO] PluginManage:310 - Check plugin projectmanager
2024-08-18 23:15:01,447 [INFO] PluginManage:359 - Loaded plugin projectmanager (category:projectmanager,tabindex:3)
2024-08-18 23:15:01,448 [INFO] PluginManage:310 - Check plugin thirdparty
2024-08-18 23:15:01,683 [INFO] PluginManage:359 - Loaded plugin thirdparty (category:base,tabindex:-1)
2024-08-18 23:15:01,683 [INFO] PluginManage:310 - Check plugin tools
2024-08-18 23:15:01,682 [WARN] IntegrityCheckThread:84 - waiting for thirdparty lock release [integrity check]
2024-08-18 23:15:01,684 [INFO] IntegrityCheckThread:86 - entering critical section [integrity check]
2024-08-18 23:15:01,685 [INFO] ThirdPartyUpdaterWithRetryManager:70 - Updater plugin not ready yet. [1/15]
2024-08-18 23:15:01,688 [INFO] PluginManage:359 - Loaded plugin tools (category:base,tabindex:7)
2024-08-18 23:15:01,688 [INFO] PluginManage:310 - Check plugin tutovideos
2024-08-18 23:15:02,070 [INFO] PluginManage:359 - Loaded plugin tutovideos (category:base,tabindex:-1)
2024-08-18 23:15:02,071 [INFO] PluginManage:310 - Check plugin updater
2024-08-18 23:15:02,085 [INFO] PluginManage:359 - Loaded plugin updater (category:base,tabindex:12)
2024-08-18 23:15:02,085 [INFO] PluginManage:310 - Check plugin userauth
2024-08-18 23:15:02,092 [INFO] UserAuth:114 - Init User Auth plugin
2024-08-18 23:15:02,092 [INFO] PluginManage:359 - Loaded plugin userauth (category:base,tabindex:14)
2024-08-18 23:15:02,093 [INFO] PluginManage:283 - PluginManage : Loaded plugins [17]
2024-08-18 23:15:02,385 [INFO] PinOutPanel:1561 - setPackage(No Configuration,No Configuration)
2024-08-18 23:15:02,485 [INFO] CADModel:165 - CPN selected for project level
2024-08-18 23:15:02,486 [INFO] CADModel:114 - Register for checkConnection events
2024-08-18 23:15:02,506 [INFO] IPUIPlugin:80 - create IPUIPlugin
2024-08-18 23:15:02,506 [INFO] PluginManager:220 - loadIPPluginJar : add adc
2024-08-18 23:15:02,510 [INFO] IPUIPlugin:80 - create IPUIPlugin
2024-08-18 23:15:02,510 [INFO] PluginManager:220 - loadIPPluginJar : add aes
2024-08-18 23:15:02,514 [INFO] IPUIPlugin:80 - create IPUIPlugin
2024-08-18 23:15:02,514 [INFO] PluginManager:220 - loadIPPluginJar : add can
2024-08-18 23:15:02,516 [INFO] IPUIPlugin:80 - create IPUIPlugin
2024-08-18 23:15:02,516 [INFO] PluginManager:220 - loadIPPluginJar : add comp
2024-08-18 23:15:02,519 [INFO] IPUIPlugin:80 - create IPUIPlugin
2024-08-18 23:15:02,520 [INFO] PluginManager:220 - loadIPPluginJar : add cryp
2024-08-18 23:15:02,523 [INFO] IPUIPlugin:80 - create IPUIPlugin
2024-08-18 23:15:02,523 [INFO] PluginManager:220 - loadIPPluginJar : add dfsdm
2024-08-18 23:15:02,530 [INFO] IPUIPlugin:80 - create IPUIPlugin
2024-08-18 23:15:02,530 [INFO] PluginManager:220 - loadIPPluginJar : add dma
2024-08-18 23:15:02,533 [INFO] IPUIPlugin:80 - create IPUIPlugin
2024-08-18 23:15:02,534 [INFO] PluginManager:220 - loadIPPluginJar : add dma3
2024-08-18 23:15:02,537 [INFO] IPUIPlugin:80 - create IPUIPlugin
2024-08-18 23:15:02,537 [INFO] PluginManager:220 - loadIPPluginJar : add extmemmanager
2024-08-18 23:15:02,539 [INFO] IPUIPlugin:80 - create IPUIPlugin
2024-08-18 23:15:02,540 [INFO] PluginManager:220 - loadIPPluginJar : add fatfs
2024-08-18 23:15:02,545 [INFO] IPUIPlugin:80 - create IPUIPlugin
2024-08-18 23:15:02,545 [INFO] PluginManager:220 - loadIPPluginJar : add fmc
2024-08-18 23:15:02,552 [INFO] IPUIPlugin:80 - create IPUIPlugin
2024-08-18 23:15:02,553 [INFO] PluginManager:220 - loadIPPluginJar : add freertos
2024-08-18 23:15:02,555 [INFO] IPUIPlugin:80 - create IPUIPlugin
2024-08-18 23:15:02,555 [INFO] PluginManager:220 - loadIPPluginJar : add genericplugin
2024-08-18 23:15:02,559 [INFO] IPUIPlugin:80 - create IPUIPlugin
2024-08-18 23:15:02,559 [INFO] PluginManager:220 - loadIPPluginJar : add gfxmmu
2024-08-18 23:15:02,565 [INFO] IPUIPlugin:80 - create IPUIPlugin
2024-08-18 23:15:02,565 [INFO] PluginManager:220 - loadIPPluginJar : add gic
2024-08-18 23:15:02,570 [INFO] IPUIPlugin:80 - create IPUIPlugin
2024-08-18 23:15:02,570 [INFO] PluginManager:220 - loadIPPluginJar : add gpio
2024-08-18 23:15:02,574 [INFO] IPUIPlugin:80 - create IPUIPlugin
2024-08-18 23:15:02,574 [INFO] PluginManager:220 - loadIPPluginJar : add gtzc
2024-08-18 23:15:02,577 [INFO] IPUIPlugin:80 - create IPUIPlugin
2024-08-18 23:15:02,577 [INFO] PluginManager:220 - loadIPPluginJar : add hash
2024-08-18 23:15:02,581 [INFO] IPUIPlugin:80 - create IPUIPlugin
2024-08-18 23:15:02,581 [INFO] PluginManager:220 - loadIPPluginJar : add i2c
2024-08-18 23:15:02,584 [INFO] IPUIPlugin:80 - create IPUIPlugin
2024-08-18 23:15:02,584 [INFO] PluginManager:220 - loadIPPluginJar : add i2s
2024-08-18 23:15:02,588 [INFO] IPUIPlugin:80 - create IPUIPlugin
2024-08-18 23:15:02,588 [INFO] PluginManager:220 - loadIPPluginJar : add i3c
2024-08-18 23:15:02,592 [INFO] IPUIPlugin:80 - create IPUIPlugin
2024-08-18 23:15:02,592 [INFO] PluginManager:220 - loadIPPluginJar : add ipddr
2024-08-18 23:15:02,600 [INFO] IPUIPlugin:80 - create IPUIPlugin
2024-08-18 23:15:02,600 [INFO] PluginManager:220 - loadIPPluginJar : add linkedlist
2024-08-18 23:15:02,603 [INFO] IPUIPlugin:80 - create IPUIPlugin
2024-08-18 23:15:02,604 [INFO] PluginManager:220 - loadIPPluginJar : add lorawan
2024-08-18 23:15:02,606 [INFO] IPUIPlugin:80 - create IPUIPlugin
2024-08-18 23:15:02,606 [INFO] PluginManager:220 - loadIPPluginJar : add ltdc
2024-08-18 23:15:02,615 [INFO] IPUIPlugin:80 - create IPUIPlugin
2024-08-18 23:15:02,615 [INFO] PluginManager:220 - loadIPPluginJar : add mdma
2024-08-18 23:15:02,620 [INFO] IPUIPlugin:80 - create IPUIPlugin
2024-08-18 23:15:02,620 [INFO] PluginManager:220 - loadIPPluginJar : add nvic
2024-08-18 23:15:02,625 [INFO] IPUIPlugin:80 - create IPUIPlugin
2024-08-18 23:15:02,625 [INFO] PluginManager:220 - loadIPPluginJar : add opamp
2024-08-18 23:15:02,630 [INFO] IPUIPlugin:80 - create IPUIPlugin
2024-08-18 23:15:02,630 [INFO] PluginManager:220 - loadIPPluginJar : add openamp
2024-08-18 23:15:02,635 [INFO] IPUIPlugin:80 - create IPUIPlugin
2024-08-18 23:15:02,635 [INFO] PluginManager:220 - loadIPPluginJar : add pdm2pcm
2024-08-18 23:15:02,643 [INFO] IPUIPlugin:80 - create IPUIPlugin
2024-08-18 23:15:02,647 [INFO] PluginManager:220 - loadIPPluginJar : add plateformsettings
2024-08-18 23:15:02,650 [INFO] IPUIPlugin:80 - create IPUIPlugin
2024-08-18 23:15:02,650 [INFO] PluginManager:220 - loadIPPluginJar : add quadspi
2024-08-18 23:15:02,656 [INFO] IPUIPlugin:80 - create IPUIPlugin
2024-08-18 23:15:02,656 [INFO] PluginManager:220 - loadIPPluginJar : add resmgrutility
2024-08-18 23:15:02,663 [INFO] IPUIPlugin:80 - create IPUIPlugin
2024-08-18 23:15:02,663 [INFO] PluginManager:220 - loadIPPluginJar : add sai
2024-08-18 23:15:02,667 [INFO] IPUIPlugin:80 - create IPUIPlugin
2024-08-18 23:15:02,667 [INFO] PluginManager:220 - loadIPPluginJar : add spi
2024-08-18 23:15:02,674 [INFO] IPUIPlugin:80 - create IPUIPlugin
2024-08-18 23:15:02,674 [INFO] PluginManager:220 - loadIPPluginJar : add stm32_wpan
2024-08-18 23:15:02,677 [INFO] IPUIPlugin:80 - create IPUIPlugin
2024-08-18 23:15:02,677 [INFO] PluginManager:220 - loadIPPluginJar : add tim
2024-08-18 23:15:02,683 [INFO] IPUIPlugin:80 - create IPUIPlugin
2024-08-18 23:15:02,684 [INFO] PluginManager:220 - loadIPPluginJar : add touchsensing
2024-08-18 23:15:02,687 [INFO] IPUIPlugin:80 - create IPUIPlugin
2024-08-18 23:15:02,687 [INFO] PluginManager:220 - loadIPPluginJar : add tracer_emb
2024-08-18 23:15:02,691 [INFO] IPUIPlugin:80 - create IPUIPlugin
2024-08-18 23:15:02,691 [INFO] PluginManager:220 - loadIPPluginJar : add ts
2024-08-18 23:15:02,694 [INFO] IPUIPlugin:80 - create IPUIPlugin
2024-08-18 23:15:02,695 [INFO] PluginManager:220 - loadIPPluginJar : add tsc
2024-08-18 23:15:02,698 [INFO] IPUIPlugin:80 - create IPUIPlugin
2024-08-18 23:15:02,698 [INFO] PluginManager:220 - loadIPPluginJar : add ucpd
2024-08-18 23:15:02,703 [INFO] IPUIPlugin:80 - create IPUIPlugin
2024-08-18 23:15:02,703 [INFO] PluginManager:220 - loadIPPluginJar : add usart
2024-08-18 23:15:02,709 [INFO] IPUIPlugin:80 - create IPUIPlugin
2024-08-18 23:15:02,709 [INFO] PluginManager:220 - loadIPPluginJar : add usbx
2024-08-18 23:15:02,870 [INFO] CADModel:165 - CPN selected for project level
2024-08-18 23:15:02,870 [INFO] CADModel:114 - Register for checkConnection events
2024-08-18 23:15:02,871 [FATAL] Updater:308 - Updater called before beeing initialized
2024-08-18 23:15:02,871 [ERROR] CADModel:125 - Updater not yet initialized, retry later 
2024-08-18 23:15:03,095 [INFO] CADModel:165 - CPN selected for project level
2024-08-18 23:15:03,096 [INFO] CADModel:114 - Register for checkConnection events
2024-08-18 23:15:03,096 [FATAL] Updater:308 - Updater called before beeing initialized
2024-08-18 23:15:03,096 [ERROR] CADModel:125 - Updater not yet initialized, retry later 
2024-08-18 23:15:03,101 [FATAL] Updater:308 - Updater called before beeing initialized
2024-08-18 23:15:03,296 [FATAL] Updater:308 - Updater called before beeing initialized
2024-08-18 23:15:03,305 [INFO] DbMcusAds:53 - JSON generation date=Thu May 16 06:22:00 ART 2024 (1715851320667)
2024-08-18 23:15:03,306 [FATAL] Updater:308 - Updater called before beeing initialized
2024-08-18 23:15:03,419 [WARN] DetailPanel:346 - Failed to get advertising image, set to default
2024-08-18 23:15:03,533 [FATAL] Updater:308 - Updater called before beeing initialized
2024-08-18 23:15:03,535 [FATAL] Updater:308 - Updater called before beeing initialized
2024-08-18 23:15:03,535 [FATAL] Updater:308 - Updater called before beeing initialized
2024-08-18 23:15:03,535 [WARN] DetailPanel:346 - Failed to get advertising image, set to default
2024-08-18 23:15:03,536 [FATAL] Updater:308 - Updater called before beeing initialized
2024-08-18 23:15:03,621 [ERROR] Updater:1120 - MainUpdater not yet initialized. External WinMGr cannot be set.
2024-08-18 23:15:03,624 [INFO] Updater:1056 - Updater Version found : 6.11.1
2024-08-18 23:15:03,653 [INFO] ApplicationProperties:184 - Using Application install path: C:\ST\STM32CubeIDE_1.15.1\STM32CubeIDE\plugins\com.st.stm32cube.common.mx_6.11.1.202404110753
2024-08-18 23:15:04,686 [INFO] ThirdPartyUpdaterWithRetryManager:70 - Updater plugin not ready yet. [2/15]
2024-08-18 23:15:05,237 [ERROR] LogOutputStream:75 - [STDERR_REDIRECT] Aug 18, 2024 11:15:05 PM java.util.prefs.WindowsPreferences <init>
2024-08-18 23:15:05,239 [ERROR] LogOutputStream:75 - [STDERR_REDIRECT] WARNING: Could not open/create prefs root node Software\JavaSoft\Prefs at root 0xffffffff80000002. Windows RegCreateKeyEx(...) returned error code 5.
2024-08-18 23:15:05,239 [ERROR] LogOutputStream:75 - [STDERR_REDIRECT] 
2024-08-18 23:15:05,713 [INFO] MainUpdater:2873 - connection check result : 10
2024-08-18 23:15:05,714 [INFO] MainUpdater:3567 - Updater definition file requires update
2024-08-18 23:15:05,715 [INFO] MainUpdater:290 - Updater Check For Update Now.
2024-08-18 23:15:05,716 [INFO] MicroXplorer:498 - Change Database Version : DB.6.0.111
2024-08-18 23:15:05,729 [INFO] McuFinderGlobals:63 - Set McuFinder mode to 2 (CubeIDE integrated)
2024-08-18 23:15:05,742 [INFO] ServerAccessManage:473 - Download File updaters.zip
2024-08-18 23:15:05,744 [INFO] UserAuth:415 - Internet connection configuration mode: 1
2024-08-18 23:15:05,798 [INFO] JxBrowserEngine:152 - Initiate JxBrowser Engine with user profile folder
2024-08-18 23:15:05,864 [INFO] FileExtend:240 - Unzip File : updaters.zip
2024-08-18 23:15:05,864 [INFO] FileExtend:255 - Standard Zip Deflate
2024-08-18 23:15:06,464 [INFO] ServerAccessManage:473 - Download File PacksControlFlags.xml
2024-08-18 23:15:06,563 [INFO] ServerAccessManage:473 - Download File cubemx.pidx
2024-08-18 23:15:06,848 [INFO] LoadServerUpdatesThread:375 - End of LoadServerUpdate Thread
2024-08-18 23:15:07,175 [INFO] CheckServerUpdateThread:120 - End of CheckServer Thread
2024-08-18 23:15:07,958 [INFO] WebApp:161 - Instantiating new browser for Auth
2024-08-18 23:15:08,440 [WARN] PackLoader:240 - Cannot read IP mode file for STMicroelectronics.FP-SNS-MOTENVWB1.1.4.0
2024-08-18 23:15:08,461 [WARN] PackLoader:240 - Cannot read IP mode file for STMicroelectronics.X-CUBE-SMBUS.2.1.0
2024-08-18 23:15:08,469 [WARN] PackLoader:240 - Cannot read IP mode file for STMicroelectronics.X-CUBE-TOUCHGFX.4.23.1
2024-08-18 23:15:08,474 [WARN] PackLoader:240 - Cannot read IP mode file for STMicroelectronics.X-CUBE-TOUCHGFX.4.23.0
2024-08-18 23:15:08,479 [WARN] PackLoader:240 - Cannot read IP mode file for STMicroelectronics.X-CUBE-TOUCHGFX.4.23.2
2024-08-18 23:15:08,589 [WARN] PackLoader:240 - Cannot read IP mode file for STMicroelectronics.X-CUBE-AZRTOS-F7.1.1.0
2024-08-18 23:15:08,612 [WARN] PackLoader:240 - Cannot read IP mode file for STMicroelectronics.FP-SNS-MOTENV1.4.3.2
2024-08-18 23:15:08,639 [WARN] PackLoader:240 - Cannot read IP mode file for STMicroelectronics.FP-SNS-FLIGHT1.5.0.2
2024-08-18 23:15:08,653 [WARN] PackLoader:240 - Cannot read IP mode file for STMicroelectronics.X-CUBE-DISPLAY.3.0.0
2024-08-18 23:15:08,680 [WARN] PackLoader:240 - Cannot read IP mode file for STMicroelectronics.X-CUBE-BLE1.7.0.0
2024-08-18 23:15:08,693 [WARN] PackLoader:240 - Cannot read IP mode file for emotas.I-CUBE-CANOPEN.1.3.0
2024-08-18 23:15:08,708 [WARN] PackLoader:240 - Cannot read IP mode file for STMicroelectronics.X-CUBE-TOUCHGFX.4.22.1
2024-08-18 23:15:08,752 [WARN] PackLoader:240 - Cannot read IP mode file for STMicroelectronics.X-CUBE-BLEMGR.3.1.0
2024-08-18 23:15:08,768 [WARN] PackLoader:240 - Cannot read IP mode file for STMicroelectronics.FP-SNS-SMARTAG2.1.2.0
2024-08-18 23:15:08,790 [INFO] LogOutputStream:77 - [STDOUT_REDIRECT] 1 : Invalid condition id : UX_CORESTACK_Condition cause : null
2024-08-18 23:15:08,791 [INFO] LogOutputStream:77 - [STDOUT_REDIRECT] 1 : Invalid condition id : UX_CORESTACK_Condition cause : null
2024-08-18 23:15:08,794 [INFO] LogOutputStream:77 - [STDOUT_REDIRECT] 1 : Invalid condition id : UX_CORESTACK_Condition cause : null
2024-08-18 23:15:08,796 [INFO] LogOutputStream:77 - [STDOUT_REDIRECT] 1 : Invalid condition id : UX_CORESTACK_Condition cause : null
2024-08-18 23:15:08,798 [INFO] LogOutputStream:77 - [STDOUT_REDIRECT] 1 : Invalid condition id : UX_CORESTACK_Condition cause : null
2024-08-18 23:15:08,804 [WARN] PackLoader:240 - Cannot read IP mode file for STMicroelectronics.X-CUBE-AZRTOS-WL.2.0.0
2024-08-18 23:15:08,810 [WARN] PackLoader:240 - Cannot read IP mode file for STMicroelectronics.FP-SNS-MOTENV1.5.0.0
2024-08-18 23:15:08,819 [WARN] PackLoader:240 - Cannot read IP mode file for wolfSSL.I-CUBE-wolfMQTT.1.19.0
2024-08-18 23:15:08,837 [WARN] PackLoader:240 - Cannot read IP mode file for WES.I-CUBE-Cesium.1.3.0
2024-08-18 23:15:08,846 [WARN] PackLoader:240 - Cannot read IP mode file for STMicroelectronics.X-CUBE-BLE2.3.3.0
2024-08-18 23:15:08,855 [WARN] PackLoader:240 - Cannot read IP mode file for STMicroelectronics.X-CUBE-TCPP.4.1.0
2024-08-18 23:15:08,872 [WARN] PackLoader:240 - Cannot read IP mode file for STMicroelectronics.X-CUBE-ALGOBUILD.1.3.0
2024-08-18 23:15:08,906 [WARN] PackLoader:240 - Cannot read IP mode file for STMicroelectronics.X-CUBE-AZRTOS-G0.1.1.0
2024-08-18 23:15:08,947 [WARN] PackLoader:240 - Cannot read IP mode file for STMicroelectronics.X-CUBE-SAFEA1.1.2.2
2024-08-18 23:15:08,958 [WARN] PackLoader:240 - Cannot read IP mode file for STMicroelectronics.X-CUBE-NFC4.3.0.0
2024-08-18 23:15:08,964 [WARN] PackLoader:240 - Cannot read IP mode file for wolfSSL.I-CUBE-wolfMQTT.1.18.0
2024-08-18 23:15:09,022 [WARN] PackLoader:240 - Cannot read IP mode file for EmbeddedOffice.I-CUBE-FS-RTOS.1.0.1
2024-08-18 23:15:09,022 [ERROR] ConditionMgr:805 - Attr not supported : Dmpu
2024-08-18 23:15:09,023 [ERROR] ConditionMgr:805 - Attr not supported : Dmpu
2024-08-18 23:15:09,023 [ERROR] ConditionMgr:805 - Attr not supported : Dmpu
2024-08-18 23:15:09,023 [ERROR] ConditionMgr:805 - Attr not supported : Dmpu
2024-08-18 23:15:09,023 [ERROR] ConditionMgr:805 - Attr not supported : Dmpu
2024-08-18 23:15:09,025 [ERROR] ConditionMgr:805 - Attr not supported : Dmpu
2024-08-18 23:15:09,026 [ERROR] ConditionMgr:805 - Attr not supported : Dmpu
2024-08-18 23:15:09,027 [ERROR] ConditionMgr:805 - Attr not supported : Dmpu
2024-08-18 23:15:09,027 [ERROR] ConditionMgr:805 - Attr not supported : Dmpu
2024-08-18 23:15:09,028 [ERROR] ConditionMgr:805 - Attr not supported : Dmpu
2024-08-18 23:15:09,028 [ERROR] ConditionMgr:805 - Attr not supported : Dmpu
2024-08-18 23:15:09,028 [ERROR] ConditionMgr:805 - Attr not supported : Dmpu
2024-08-18 23:15:09,028 [ERROR] ConditionMgr:805 - Attr not supported : Dmpu
2024-08-18 23:15:09,028 [ERROR] ConditionMgr:805 - Attr not supported : Dmpu
2024-08-18 23:15:09,030 [ERROR] ConditionMgr:805 - Attr not supported : Dmpu
2024-08-18 23:15:09,031 [ERROR] ConditionMgr:805 - Attr not supported : Dmpu
2024-08-18 23:15:09,031 [ERROR] ConditionMgr:805 - Attr not supported : Dmpu
2024-08-18 23:15:09,031 [ERROR] ConditionMgr:805 - Attr not supported : Dmpu
2024-08-18 23:15:09,031 [ERROR] ConditionMgr:805 - Attr not supported : Dmpu
2024-08-18 23:15:09,032 [ERROR] ConditionMgr:805 - Attr not supported : Dmpu
2024-08-18 23:15:09,032 [ERROR] ConditionMgr:805 - Attr not supported : Dmpu
2024-08-18 23:15:09,032 [ERROR] ConditionMgr:805 - Attr not supported : Dmpu
2024-08-18 23:15:09,033 [ERROR] ConditionMgr:805 - Attr not supported : Dmpu
2024-08-18 23:15:09,033 [ERROR] ConditionMgr:805 - Attr not supported : Dmpu
2024-08-18 23:15:09,033 [ERROR] ConditionMgr:805 - Attr not supported : Dmpu
2024-08-18 23:15:09,035 [ERROR] ConditionMgr:805 - Attr not supported : Dmpu
2024-08-18 23:15:09,037 [ERROR] ConditionMgr:805 - Attr not supported : Dmpu
2024-08-18 23:15:09,041 [ERROR] ConditionMgr:805 - Attr not supported : Dmpu
2024-08-18 23:15:09,041 [ERROR] ConditionMgr:805 - Attr not supported : Dmpu
2024-08-18 23:15:09,042 [ERROR] ConditionMgr:805 - Attr not supported : Dmpu
2024-08-18 23:15:09,042 [ERROR] ConditionMgr:805 - Attr not supported : Dmpu
2024-08-18 23:15:09,042 [ERROR] ConditionMgr:805 - Attr not supported : Dmpu
2024-08-18 23:15:09,042 [ERROR] ConditionMgr:805 - Attr not supported : Dmpu
2024-08-18 23:15:09,042 [ERROR] ConditionMgr:805 - Attr not supported : Dmpu
2024-08-18 23:15:09,042 [ERROR] ConditionMgr:805 - Attr not supported : Dmpu
2024-08-18 23:15:09,042 [ERROR] ConditionMgr:805 - Attr not supported : Dmpu
2024-08-18 23:15:09,043 [ERROR] ConditionMgr:805 - Attr not supported : Dmpu
2024-08-18 23:15:09,043 [ERROR] ConditionMgr:805 - Attr not supported : Dmpu
2024-08-18 23:15:09,043 [ERROR] ConditionMgr:805 - Attr not supported : Dmpu
2024-08-18 23:15:09,043 [ERROR] ConditionMgr:805 - Attr not supported : Dmpu
2024-08-18 23:15:09,043 [ERROR] ConditionMgr:805 - Attr not supported : Dmpu
2024-08-18 23:15:09,043 [ERROR] ConditionMgr:805 - Attr not supported : Dmpu
2024-08-18 23:15:09,043 [ERROR] ConditionMgr:805 - Attr not supported : Dmpu
2024-08-18 23:15:09,043 [ERROR] ConditionMgr:805 - Attr not supported : Dmpu
2024-08-18 23:15:09,043 [ERROR] ConditionMgr:805 - Attr not supported : Dmpu
2024-08-18 23:15:09,043 [ERROR] ConditionMgr:805 - Attr not supported : Dmpu
2024-08-18 23:15:09,043 [ERROR] ConditionMgr:805 - Attr not supported : Dmpu
2024-08-18 23:15:09,044 [ERROR] ConditionMgr:805 - Attr not supported : Dmpu
2024-08-18 23:15:09,044 [ERROR] ConditionMgr:805 - Attr not supported : Dmpu
2024-08-18 23:15:09,044 [ERROR] ConditionMgr:805 - Attr not supported : Dmpu
2024-08-18 23:15:09,044 [ERROR] ConditionMgr:805 - Attr not supported : Dmpu
2024-08-18 23:15:09,044 [ERROR] ConditionMgr:805 - Attr not supported : Dmpu
2024-08-18 23:15:09,044 [ERROR] ConditionMgr:805 - Attr not supported : Dmpu
2024-08-18 23:15:09,044 [ERROR] ConditionMgr:805 - Attr not supported : Dmpu
2024-08-18 23:15:09,044 [ERROR] ConditionMgr:805 - Attr not supported : Dmpu
2024-08-18 23:15:09,044 [ERROR] ConditionMgr:805 - Attr not supported : Dmpu
2024-08-18 23:15:09,044 [ERROR] ConditionMgr:805 - Attr not supported : Dmpu
2024-08-18 23:15:09,044 [ERROR] ConditionMgr:805 - Attr not supported : Dmpu
2024-08-18 23:15:09,045 [ERROR] ConditionMgr:805 - Attr not supported : Dmpu
2024-08-18 23:15:09,045 [ERROR] ConditionMgr:805 - Attr not supported : Dmpu
2024-08-18 23:15:09,045 [ERROR] ConditionMgr:805 - Attr not supported : Dmpu
2024-08-18 23:15:09,045 [ERROR] ConditionMgr:805 - Attr not supported : Dmpu
2024-08-18 23:15:09,045 [ERROR] ConditionMgr:805 - Attr not supported : Dmpu
2024-08-18 23:15:09,045 [ERROR] ConditionMgr:805 - Attr not supported : Dmpu
2024-08-18 23:15:09,076 [WARN] PackLoader:240 - Cannot read IP mode file for STMicroelectronics.X-CUBE-BLEMGR.3.0.0
2024-08-18 23:15:09,098 [WARN] PackLoader:240 - Cannot read IP mode file for RealThread.X-CUBE-RT-Thread_Nano.4.1.1
2024-08-18 23:15:09,105 [WARN] PackLoader:240 - Cannot read IP mode file for STMicroelectronics.FP-ATR-SIGFOX1.3.2.0
2024-08-18 23:15:09,115 [WARN] PackLoader:240 - Cannot read IP mode file for STMicroelectronics.X-CUBE-EEPRMA1.5.1.0
2024-08-18 23:15:09,182 [WARN] PackLoader:240 - Cannot read IP mode file for SEGGER.I-CUBE-embOS.1.3.1
2024-08-18 23:15:09,363 [WARN] PackLoader:240 - Cannot read IP mode file for STMicroelectronics.X-CUBE-ALGOBUILD.1.4.0
2024-08-18 23:15:09,379 [WARN] PackLoader:240 - Cannot read IP mode file for STMicroelectronics.X-CUBE-GNSS1.6.0.0
2024-08-18 23:15:09,548 [WARN] PackLoader:240 - Cannot read IP mode file for STMicroelectronics.X-CUBE-AZRTOS-F4.1.1.0
2024-08-18 23:15:09,559 [WARN] PackLoader:240 - Cannot read IP mode file for wolfSSL.I-CUBE-wolfSSL.5.6.3
2024-08-18 23:15:09,618 [WARN] PackLoader:240 - Cannot read IP mode file for STMicroelectronics.X-CUBE-FREERTOS.1.2.0
2024-08-18 23:15:09,642 [WARN] PackLoader:240 - Cannot read IP mode file for STMicroelectronics.X-CUBE-AZRTOS-L5.2.0.0
2024-08-18 23:15:09,779 [WARN] PackLoader:240 - Cannot read IP mode file for STMicroelectronics.X-CUBE-MEMS1.9.6.0
2024-08-18 23:15:09,792 [INFO] WebApp:779 - Register for checkConnection events
2024-08-18 23:15:09,793 [INFO] WebApp:414 - Apply proxy settings
2024-08-18 23:15:09,793 [INFO] WebApp:499 - Chromium requires no authentication
2024-08-18 23:15:09,806 [INFO] WebApp:442 - Direct internet connection detected
2024-08-18 23:15:10,160 [WARN] PackLoader:240 - Cannot read IP mode file for STMicroelectronics.X-CUBE-EEPRMA1.4.2.0
2024-08-18 23:15:10,176 [WARN] PackLoader:240 - Cannot read IP mode file for STMicroelectronics.X-CUBE-NFC6.3.1.0
2024-08-18 23:15:10,189 [WARN] PackLoader:240 - Cannot read IP mode file for ITTIA_DB.I-CUBE-ITTIADB.8.8.0
2024-08-18 23:15:10,241 [WARN] PackLoader:240 - Cannot read IP mode file for STMicroelectronics.X-CUBE-BLEMGR.2.0.0
2024-08-18 23:15:10,258 [WARN] PackLoader:240 - Cannot read IP mode file for STMicroelectronics.X-CUBE-DPower.1.2.0
2024-08-18 23:15:10,265 [WARN] PackLoader:240 - Cannot read IP mode file for STMicroelectronics.X-CUBE-AI.9.0.0
2024-08-18 23:15:10,311 [WARN] ConditionMgr:438 - getConditionDescription Invalid condition id : UX DEVICE CLASS RTOS Condition cause : null
2024-08-18 23:15:10,311 [WARN] ConditionMgr:438 - getConditionDescription Invalid condition id : UX DEVICE CLASS RTOS Condition cause : null
2024-08-18 23:15:10,321 [WARN] PackLoader:240 - Cannot read IP mode file for STMicroelectronics.X-CUBE-AZRTOS-H7.3.1.0
2024-08-18 23:15:10,323 [WARN] ConditionMgr:1039 - genDependencies : Invalid condition id : UX DEVICE CLASS RTOS Condition cause : null
2024-08-18 23:15:10,323 [WARN] ConditionMgr:1039 - genDependencies : Invalid condition id : UX DEVICE CLASS RTOS Condition cause : null
2024-08-18 23:15:10,334 [WARN] ConditionMgr:1039 - genDependencies : Invalid condition id : UX DEVICE CLASS RTOS Condition cause : null
2024-08-18 23:15:10,335 [WARN] ConditionMgr:1039 - genDependencies : Invalid condition id : UX DEVICE CLASS RTOS Condition cause : null
2024-08-18 23:15:10,335 [WARN] ConditionMgr:1039 - genDependencies : Invalid condition id : UX DEVICE CLASS RTOS Condition cause : null
2024-08-18 23:15:10,344 [WARN] PackLoader:240 - Cannot read IP mode file for STMicroelectronics.X-CUBE-NFC7.1.0.1
2024-08-18 23:15:10,350 [WARN] PackLoader:240 - Cannot read IP mode file for wolfSSL.I-CUBE-wolfTPM.3.2.0
2024-08-18 23:15:10,376 [INFO] WebApp:192 - Starting web application
2024-08-18 23:15:10,376 [INFO] WebApp:544 - Web application path used C:\ST\STM32CubeIDE_1.15.1\STM32CubeIDE\plugins\com.st.stm32cube.common.mx_6.11.1.202404110753\db\plugins\mcufinder\reactClient1\index.html
2024-08-18 23:15:10,377 [WARN] PackLoader:240 - Cannot read IP mode file for STMicroelectronics.X-CUBE-NFC6.3.0.0
2024-08-18 23:15:10,397 [WARN] PackLoader:240 - Cannot read IP mode file for STMicroelectronics.X-CUBE-EEPRMA1.4.1.0
2024-08-18 23:15:10,413 [WARN] PackLoader:240 - Cannot read IP mode file for STMicroelectronics.X-CUBE-AI.8.1.0
2024-08-18 23:15:10,462 [WARN] ConditionMgr:438 - getConditionDescription Invalid condition id : LAN8742 Phy interface Condition cause : null
2024-08-18 23:15:10,463 [WARN] PackLoader:240 - Cannot read IP mode file for STMicroelectronics.X-CUBE-AZRTOS-L4.2.0.0
2024-08-18 23:15:10,465 [WARN] ConditionMgr:1039 - genDependencies : Invalid condition id : LAN8742 Phy interface Condition cause : null
2024-08-18 23:15:10,466 [WARN] ConditionMgr:1039 - genDependencies : Invalid condition id : LAN8742 Phy interface Condition cause : null
2024-08-18 23:15:10,467 [WARN] ConditionMgr:1039 - genDependencies : Invalid condition id : LAN8742 Phy interface Condition cause : null
2024-08-18 23:15:10,478 [WARN] PackLoader:240 - Cannot read IP mode file for STMicroelectronics.X-CUBE-SFXS2LP1.4.0.0
2024-08-18 23:15:10,487 [WARN] PackLoader:240 - Cannot read IP mode file for STMicroelectronics.X-CUBE-ISPU.1.1.0
2024-08-18 23:15:10,525 [WARN] PackLoader:240 - Cannot read IP mode file for STMicroelectronics.X-CUBE-AZRTOS-H7.3.3.0
2024-08-18 23:15:10,582 [WARN] ConditionMgr:438 - getConditionDescription Invalid condition id : UX DEVICE CLASS RTOS Condition cause : null
2024-08-18 23:15:10,582 [WARN] ConditionMgr:438 - getConditionDescription Invalid condition id : UX DEVICE CLASS RTOS Condition cause : null
2024-08-18 23:15:10,587 [WARN] PackLoader:240 - Cannot read IP mode file for STMicroelectronics.X-CUBE-AZRTOS-WB.2.0.0
2024-08-18 23:15:10,588 [WARN] ConditionMgr:1039 - genDependencies : Invalid condition id : UX DEVICE CLASS RTOS Condition cause : null
2024-08-18 23:15:10,588 [WARN] ConditionMgr:1039 - genDependencies : Invalid condition id : UX DEVICE CLASS RTOS Condition cause : null
2024-08-18 23:15:10,589 [WARN] ConditionMgr:1039 - genDependencies : Invalid condition id : UX DEVICE CLASS RTOS Condition cause : null
2024-08-18 23:15:10,589 [WARN] ConditionMgr:1039 - genDependencies : Invalid condition id : UX DEVICE CLASS RTOS Condition cause : null
2024-08-18 23:15:10,590 [WARN] ConditionMgr:1039 - genDependencies : Invalid condition id : UX DEVICE CLASS RTOS Condition cause : null
2024-08-18 23:15:10,681 [WARN] PackLoader:240 - Cannot read IP mode file for STMicroelectronics.FP-SNS-STBOX1.2.0.0
2024-08-18 23:15:10,708 [WARN] PackLoader:240 - Cannot read IP mode file for STMicroelectronics.X-CUBE-SUBG2.5.0.0
2024-08-18 23:15:10,734 [WARN] PackLoader:240 - Cannot read IP mode file for Cesanta.I-CUBE-Mongoose.7.13.0
2024-08-18 23:15:10,747 [WARN] PackLoader:240 - Cannot read IP mode file for STMicroelectronics.X-CUBE-TOF1.3.3.1
2024-08-18 23:15:10,887 [WARN] PackLoader:240 - Cannot read IP mode file for STMicroelectronics.X-CUBE-AZRTOS-G4.2.0.0
2024-08-18 23:15:10,936 [WARN] PackLoader:240 - Cannot read IP mode file for Infineon.AIROC-Wi-Fi-Bluetooth-STM32.1.5.1
2024-08-18 23:15:10,988 [WARN] PackLoader:240 - Cannot read IP mode file for STMicroelectronics.FP-SNS-MOTENVWB1.1.3.0
2024-08-18 23:15:10,996 [WARN] PackLoader:240 - Cannot read IP mode file for STMicroelectronics.FP-SNS-MOTENVWB1.1.3.1
2024-08-18 23:15:11,007 [WARN] PackLoader:240 - Cannot read IP mode file for STMicroelectronics.X-CUBE-ISPU.2.0.0
2024-08-18 23:15:11,063 [WARN] PackLoader:240 - Cannot read IP mode file for STMicroelectronics.X-CUBE-ALS.1.0.2
2024-08-18 23:15:11,296 [WARN] PackLoader:240 - Cannot read IP mode file for STMicroelectronics.X-CUBE-MEMS1.10.0.0
2024-08-18 23:15:11,621 [WARN] PackLoader:240 - Cannot read IP mode file for STMicroelectronics.X-CUBE-FREERTOS.1.1.0
2024-08-18 23:15:11,627 [WARN] PackLoader:240 - Cannot read IP mode file for STMicroelectronics.X-CUBE-TOUCHGFX.4.24.0
2024-08-18 23:15:11,645 [WARN] PackLoader:240 - Cannot read IP mode file for portGmbH.I-Cube-SoM-uGOAL.1.1.0
2024-08-18 23:15:11,652 [WARN] PackLoader:240 - Cannot read IP mode file for STMicroelectronics.X-CUBE-ALS.1.0.1
2024-08-18 23:15:11,701 [WARN] PackLoader:240 - Cannot read IP mode file for STMicroelectronics.X-CUBE-AZRTOS-H7RS.1.0.0
2024-08-18 23:15:11,720 [WARN] PackLoader:240 - Cannot read IP mode file for STMicroelectronics.FP-ATR-ASTRA1.2.0.0
2024-08-18 23:15:11,757 [WARN] PackLoader:240 - Cannot read IP mode file for STMicroelectronics.X-CUBE-TOF1.3.4.2
2024-08-18 23:15:11,805 [WARN] PackLoader:240 - Cannot read IP mode file for STMicroelectronics.X-CUBE-TOF1.3.4.0
2024-08-18 23:15:11,856 [WARN] PackLoader:240 - Cannot read IP mode file for STMicroelectronics.X-CUBE-TOF1.3.4.1
2024-08-18 23:15:11,925 [WARN] PackLoader:240 - Cannot read IP mode file for STMicroelectronics.X-CUBE-AZRTOS-H7.3.2.0
2024-08-18 23:15:11,941 [WARN] PackLoader:240 - Cannot read IP mode file for wolfSSL.I-CUBE-wolfSSH.1.4.17
2024-08-18 23:15:11,943 [INFO] ThirdParty:978 - Integrity check success = true
2024-08-18 23:15:11,943 [INFO] IntegrityCheckThread:100 - exiting critical section [integrity check]
2024-08-18 23:15:11,943 [INFO] IntegrityCheckThread:103 - End integrity checks thread
