2024-06-17 23:25:17,527 [INFO] Activator:176 - 


2024-06-17 23:25:17,530 [INFO] Activator:177 - !SESSION log4j initialized
2024-06-17 23:25:21,784 [INFO] LogOutputStream:77 - [STDOUT_REDIRECT] 
2024-06-17 23:25:53,579 [INFO] ApplicationProperties:184 - Using Application install path: C:\ST\STM32CubeIDE_1.15.1\STM32CubeIDE\plugins\com.st.stm32cube.common.mx_6.11.1.202404110753
2024-06-17 23:25:53,607 [INFO] DbMcusXml:78 - Set database path to: C:\ST\STM32CubeIDE_1.15.1\STM32CubeIDE\plugins\com.st.stm32cube.common.mx_6.11.1.202404110753\\db\/mcu/
2024-06-17 23:25:53,607 [INFO] ApiDb:274 - Set plugin database path to: C:\ST\STM32CubeIDE_1.15.1\STM32CubeIDE\plugins\com.st.stm32cube.common.mx_6.11.1.202404110753\\db\/plugins/boardmanager/
2024-06-17 23:25:53,608 [WARN] ApiDb:259 - Overriding images path with different value:  => C:\ST\STM32CubeIDE_1.15.1\STM32CubeIDE\plugins\com.st.stm32cube.common.mx_6.11.1.202404110753\\db\/plugins/mcufinder/images/
2024-06-17 23:25:53,620 [INFO] ApiDb:250 - Set database path to: C:\Users\gusta\.stmcufinder\plugins\mcufinder//mcu/
2024-06-17 23:25:53,622 [INFO] DbMcusAds:125 - Set database path to: C:\Users\gusta\.stmcufinder\plugins\mcufinder//mcu/
2024-06-17 23:25:53,690 [INFO] CrossReferenceDbSqlite:203 - Set database path to: C:\Users\gusta\.stmcufinder\plugins\mcufinder//mcu/cs/
2024-06-17 23:25:53,873 [INFO] RulesReader:64 - Compatibility file has been processed (297 Rules)
2024-06-17 23:25:53,981 [INFO] DbMcusXml:78 - Set database path to: C:\ST\STM32CubeIDE_1.15.1\STM32CubeIDE\plugins\com.st.stm32cube.common.mx_6.11.1.202404110753\\db\/mcu/
2024-06-17 23:25:53,981 [INFO] ApiDb:274 - Set plugin database path to: C:\ST\STM32CubeIDE_1.15.1\STM32CubeIDE\plugins\com.st.stm32cube.common.mx_6.11.1.202404110753\\db\/plugins/boardmanager/
2024-06-17 23:25:53,981 [INFO] ApiDb:261 - Set plugin images path to: C:\ST\STM32CubeIDE_1.15.1\STM32CubeIDE\plugins\com.st.stm32cube.common.mx_6.11.1.202404110753\\db\/plugins/mcufinder/images/
2024-06-17 23:25:53,981 [WARN] DbFile:41 - Overriding database path with different value: C:\Users\gusta\.stmcufinder\plugins\mcufinder/ => C:\Users\gusta\.stmcufinder\plugins\mcufinder
2024-06-17 23:25:53,981 [INFO] ApiDb:250 - Set database path to: C:\Users\gusta\.stmcufinder\plugins\mcufinder//mcu/
2024-06-17 23:25:53,982 [WARN] DbFile:41 - Overriding database path with different value: C:\Users\gusta\.stmcufinder\plugins\mcufinder/ => C:\Users\gusta\.stmcufinder\plugins\mcufinder
2024-06-17 23:25:53,982 [INFO] DbMcusAds:125 - Set database path to: C:\Users\gusta\.stmcufinder\plugins\mcufinder//mcu/
2024-06-17 23:25:53,982 [WARN] DbFile:41 - Overriding database path with different value: C:\Users\gusta\.stmcufinder\plugins\mcufinder/ => C:\Users\gusta\.stmcufinder\plugins\mcufinder
2024-06-17 23:25:53,982 [WARN] DbFile:41 - Overriding database path with different value: C:\Users\gusta\.stmcufinder\plugins\mcufinder/ => C:\Users\gusta\.stmcufinder\plugins\mcufinder
2024-06-17 23:25:53,982 [INFO] CrossReferenceDbSqlite:203 - Set database path to: C:\Users\gusta\.stmcufinder\plugins\mcufinder//mcu/cs/
2024-06-17 23:25:54,087 [INFO] MainPanel:264 - HeapMemory: 268435456
2024-06-17 23:25:54,198 [INFO] DbMcusXml:78 - Set database path to: C:\ST\STM32CubeIDE_1.15.1\STM32CubeIDE\plugins\com.st.stm32cube.common.mx_6.11.1.202404110753\\db\/mcu/
2024-06-17 23:25:54,198 [INFO] ApiDb:274 - Set plugin database path to: C:\ST\STM32CubeIDE_1.15.1\STM32CubeIDE\plugins\com.st.stm32cube.common.mx_6.11.1.202404110753\\db\/plugins/boardmanager/
2024-06-17 23:25:54,198 [INFO] ApiDb:261 - Set plugin images path to: C:\ST\STM32CubeIDE_1.15.1\STM32CubeIDE\plugins\com.st.stm32cube.common.mx_6.11.1.202404110753\\db\/plugins/mcufinder/images/
2024-06-17 23:25:54,198 [WARN] DbFile:41 - Overriding database path with different value: C:\Users\gusta\.stmcufinder\plugins\mcufinder/ => C:\Users\gusta\.stmcufinder\plugins\mcufinder
2024-06-17 23:25:54,198 [INFO] ApiDb:250 - Set database path to: C:\Users\gusta\.stmcufinder\plugins\mcufinder//mcu/
2024-06-17 23:25:54,199 [WARN] DbFile:41 - Overriding database path with different value: C:\Users\gusta\.stmcufinder\plugins\mcufinder/ => C:\Users\gusta\.stmcufinder\plugins\mcufinder
2024-06-17 23:25:54,199 [INFO] DbMcusAds:125 - Set database path to: C:\Users\gusta\.stmcufinder\plugins\mcufinder//mcu/
2024-06-17 23:25:54,199 [WARN] DbFile:41 - Overriding database path with different value: C:\Users\gusta\.stmcufinder\plugins\mcufinder/ => C:\Users\gusta\.stmcufinder\plugins\mcufinder
2024-06-17 23:25:54,199 [WARN] DbFile:41 - Overriding database path with different value: C:\Users\gusta\.stmcufinder\plugins\mcufinder/ => C:\Users\gusta\.stmcufinder\plugins\mcufinder
2024-06-17 23:25:54,199 [INFO] CrossReferenceDbSqlite:203 - Set database path to: C:\Users\gusta\.stmcufinder\plugins\mcufinder//mcu/cs/
2024-06-17 23:25:54,219 [INFO] ApplicationProperties:184 - Using Application install path: C:\ST\STM32CubeIDE_1.15.1\STM32CubeIDE\plugins\com.st.stm32cube.common.mx_6.11.1.202404110753
2024-06-17 23:25:54,221 [INFO] PluginManage:196 - Search for loadable plugins [exclusion list=, ]
2024-06-17 23:25:54,223 [INFO] PluginManage:310 - Check plugin analytics
2024-06-17 23:25:59,037 [INFO] AnalyticsPlugin:253 - Accepted Software Licenses: 
2024-06-17 23:25:59,037 [INFO] AnalyticsPlugin:255 - Accepted CMSIS Pack Licenses: 
2024-06-17 23:25:59,037 [INFO] AnalyticsPlugin:257 - Accepted Firmware Licenses: FW.F4.1.27.0,FW.F4.1.28.0
2024-06-17 23:25:59,045 [INFO] PluginManage:359 - Loaded plugin analytics (category:tool,tabindex:-1)
2024-06-17 23:25:59,045 [INFO] PluginManage:310 - Check plugin cadmodel
2024-06-17 23:25:59,054 [INFO] CADModel:105 - Init CAD model plugin
2024-06-17 23:25:59,055 [INFO] PluginManage:359 - Loaded plugin cadmodel (category:power,tabindex:5)
2024-06-17 23:25:59,055 [INFO] PluginManage:310 - Check plugin clock
2024-06-17 23:25:59,076 [INFO] PluginManage:359 - Loaded plugin clock (category:base,tabindex:2)
2024-06-17 23:25:59,076 [INFO] PluginManage:310 - Check plugin ddr
2024-06-17 23:25:59,081 [INFO] PluginManage:359 - Loaded plugin ddr (category:tool,tabindex:6)
2024-06-17 23:25:59,081 [INFO] PluginManage:310 - Check plugin filemanager
2024-06-17 23:25:59,274 [INFO] PluginManage:359 - Loaded plugin filemanager (category:base,tabindex:10)
2024-06-17 23:25:59,275 [INFO] PluginManage:310 - Check plugin ipmanager
2024-06-17 23:25:59,283 [INFO] PluginManage:359 - Loaded plugin ipmanager (category:base,tabindex:5)
2024-06-17 23:25:59,283 [INFO] PluginManage:310 - Check plugin lpbam
2024-06-17 23:25:59,293 [INFO] PluginManage:359 - Loaded plugin lpbam (category:base,tabindex:0)
2024-06-17 23:25:59,293 [INFO] PluginManage:310 - Check plugin memorymap
2024-06-17 23:25:59,310 [INFO] PluginManage:359 - Loaded plugin memorymap (category:base,tabindex:4)
2024-06-17 23:25:59,311 [INFO] PluginManage:310 - Check plugin pinoutandconfiguration
2024-06-17 23:25:59,320 [INFO] PluginManage:359 - Loaded plugin pinoutandconfiguration (category:base,tabindex:1)
2024-06-17 23:25:59,320 [INFO] PluginManage:310 - Check plugin pinoutconfig
2024-06-17 23:25:59,432 [WARN] SupportedApi:132 - Cannot load RTOS API schema: s4s-elt-must-match.1: The content of 'definitions' must match (annotation?, (simpleType | complexType)?, (unique | key | keyref)*)). A problem was found starting at: attribute.
2024-06-17 23:25:59,691 [INFO] PluginManage:359 - Loaded plugin pinoutconfig (category:base,tabindex:0)
2024-06-17 23:25:59,691 [INFO] PluginManage:310 - Check plugin power
2024-06-17 23:25:59,708 [INFO] PluginManage:359 - Loaded plugin power (category:power,tabindex:4)
2024-06-17 23:25:59,708 [INFO] PluginManage:310 - Check plugin projectmanager
2024-06-17 23:25:59,751 [INFO] PluginManage:359 - Loaded plugin projectmanager (category:projectmanager,tabindex:3)
2024-06-17 23:25:59,752 [INFO] PluginManage:310 - Check plugin thirdparty
2024-06-17 23:26:00,065 [INFO] PluginManage:359 - Loaded plugin thirdparty (category:base,tabindex:-1)
2024-06-17 23:26:00,066 [INFO] PluginManage:310 - Check plugin tools
2024-06-17 23:26:00,065 [WARN] IntegrityCheckThread:84 - waiting for thirdparty lock release [integrity check]
2024-06-17 23:26:00,066 [INFO] IntegrityCheckThread:86 - entering critical section [integrity check]
2024-06-17 23:26:00,067 [INFO] ThirdPartyUpdaterWithRetryManager:70 - Updater plugin not ready yet. [1/15]
2024-06-17 23:26:00,070 [INFO] PluginManage:359 - Loaded plugin tools (category:base,tabindex:7)
2024-06-17 23:26:00,071 [INFO] PluginManage:310 - Check plugin tutovideos
2024-06-17 23:26:00,459 [INFO] PluginManage:359 - Loaded plugin tutovideos (category:base,tabindex:-1)
2024-06-17 23:26:00,459 [INFO] PluginManage:310 - Check plugin updater
2024-06-17 23:26:00,478 [INFO] PluginManage:359 - Loaded plugin updater (category:base,tabindex:12)
2024-06-17 23:26:00,478 [INFO] PluginManage:310 - Check plugin userauth
2024-06-17 23:26:00,484 [INFO] UserAuth:114 - Init User Auth plugin
2024-06-17 23:26:00,484 [INFO] PluginManage:359 - Loaded plugin userauth (category:base,tabindex:14)
2024-06-17 23:26:00,485 [INFO] PluginManage:283 - PluginManage : Loaded plugins [17]
2024-06-17 23:26:00,794 [INFO] PinOutPanel:1561 - setPackage(No Configuration,No Configuration)
2024-06-17 23:26:00,888 [INFO] CADModel:165 - CPN selected for project level
2024-06-17 23:26:00,889 [INFO] CADModel:114 - Register for checkConnection events
2024-06-17 23:26:00,908 [INFO] IPUIPlugin:80 - create IPUIPlugin
2024-06-17 23:26:00,909 [INFO] PluginManager:220 - loadIPPluginJar : add adc
2024-06-17 23:26:00,912 [INFO] IPUIPlugin:80 - create IPUIPlugin
2024-06-17 23:26:00,912 [INFO] PluginManager:220 - loadIPPluginJar : add aes
2024-06-17 23:26:00,916 [INFO] IPUIPlugin:80 - create IPUIPlugin
2024-06-17 23:26:00,916 [INFO] PluginManager:220 - loadIPPluginJar : add can
2024-06-17 23:26:00,919 [INFO] IPUIPlugin:80 - create IPUIPlugin
2024-06-17 23:26:00,919 [INFO] PluginManager:220 - loadIPPluginJar : add comp
2024-06-17 23:26:00,923 [INFO] IPUIPlugin:80 - create IPUIPlugin
2024-06-17 23:26:00,924 [INFO] PluginManager:220 - loadIPPluginJar : add cryp
2024-06-17 23:26:00,928 [INFO] IPUIPlugin:80 - create IPUIPlugin
2024-06-17 23:26:00,928 [INFO] PluginManager:220 - loadIPPluginJar : add dfsdm
2024-06-17 23:26:00,934 [INFO] IPUIPlugin:80 - create IPUIPlugin
2024-06-17 23:26:00,935 [INFO] PluginManager:220 - loadIPPluginJar : add dma
2024-06-17 23:26:00,939 [INFO] IPUIPlugin:80 - create IPUIPlugin
2024-06-17 23:26:00,939 [INFO] PluginManager:220 - loadIPPluginJar : add dma3
2024-06-17 23:26:00,943 [INFO] IPUIPlugin:80 - create IPUIPlugin
2024-06-17 23:26:00,944 [INFO] PluginManager:220 - loadIPPluginJar : add extmemmanager
2024-06-17 23:26:00,946 [INFO] IPUIPlugin:80 - create IPUIPlugin
2024-06-17 23:26:00,946 [INFO] PluginManager:220 - loadIPPluginJar : add fatfs
2024-06-17 23:26:00,951 [INFO] IPUIPlugin:80 - create IPUIPlugin
2024-06-17 23:26:00,951 [INFO] PluginManager:220 - loadIPPluginJar : add fmc
2024-06-17 23:26:00,960 [INFO] IPUIPlugin:80 - create IPUIPlugin
2024-06-17 23:26:00,961 [INFO] PluginManager:220 - loadIPPluginJar : add freertos
2024-06-17 23:26:00,963 [INFO] IPUIPlugin:80 - create IPUIPlugin
2024-06-17 23:26:00,963 [INFO] PluginManager:220 - loadIPPluginJar : add genericplugin
2024-06-17 23:26:00,966 [INFO] IPUIPlugin:80 - create IPUIPlugin
2024-06-17 23:26:00,966 [INFO] PluginManager:220 - loadIPPluginJar : add gfxmmu
2024-06-17 23:26:00,973 [INFO] IPUIPlugin:80 - create IPUIPlugin
2024-06-17 23:26:00,973 [INFO] PluginManager:220 - loadIPPluginJar : add gic
2024-06-17 23:26:00,979 [INFO] IPUIPlugin:80 - create IPUIPlugin
2024-06-17 23:26:00,979 [INFO] PluginManager:220 - loadIPPluginJar : add gpio
2024-06-17 23:26:00,983 [INFO] IPUIPlugin:80 - create IPUIPlugin
2024-06-17 23:26:00,983 [INFO] PluginManager:220 - loadIPPluginJar : add gtzc
2024-06-17 23:26:00,987 [INFO] IPUIPlugin:80 - create IPUIPlugin
2024-06-17 23:26:00,987 [INFO] PluginManager:220 - loadIPPluginJar : add hash
2024-06-17 23:26:00,990 [INFO] IPUIPlugin:80 - create IPUIPlugin
2024-06-17 23:26:00,990 [INFO] PluginManager:220 - loadIPPluginJar : add i2c
2024-06-17 23:26:00,994 [INFO] IPUIPlugin:80 - create IPUIPlugin
2024-06-17 23:26:00,994 [INFO] PluginManager:220 - loadIPPluginJar : add i2s
2024-06-17 23:26:00,997 [INFO] IPUIPlugin:80 - create IPUIPlugin
2024-06-17 23:26:00,998 [INFO] PluginManager:220 - loadIPPluginJar : add i3c
2024-06-17 23:26:01,002 [INFO] IPUIPlugin:80 - create IPUIPlugin
2024-06-17 23:26:01,002 [INFO] PluginManager:220 - loadIPPluginJar : add ipddr
2024-06-17 23:26:01,012 [INFO] IPUIPlugin:80 - create IPUIPlugin
2024-06-17 23:26:01,012 [INFO] PluginManager:220 - loadIPPluginJar : add linkedlist
2024-06-17 23:26:01,016 [INFO] IPUIPlugin:80 - create IPUIPlugin
2024-06-17 23:26:01,016 [INFO] PluginManager:220 - loadIPPluginJar : add lorawan
2024-06-17 23:26:01,019 [INFO] IPUIPlugin:80 - create IPUIPlugin
2024-06-17 23:26:01,019 [INFO] PluginManager:220 - loadIPPluginJar : add ltdc
2024-06-17 23:26:01,028 [INFO] IPUIPlugin:80 - create IPUIPlugin
2024-06-17 23:26:01,028 [INFO] PluginManager:220 - loadIPPluginJar : add mdma
2024-06-17 23:26:01,035 [INFO] IPUIPlugin:80 - create IPUIPlugin
2024-06-17 23:26:01,035 [INFO] PluginManager:220 - loadIPPluginJar : add nvic
2024-06-17 23:26:01,040 [INFO] IPUIPlugin:80 - create IPUIPlugin
2024-06-17 23:26:01,040 [INFO] PluginManager:220 - loadIPPluginJar : add opamp
2024-06-17 23:26:01,047 [INFO] IPUIPlugin:80 - create IPUIPlugin
2024-06-17 23:26:01,047 [INFO] PluginManager:220 - loadIPPluginJar : add openamp
2024-06-17 23:26:01,053 [INFO] IPUIPlugin:80 - create IPUIPlugin
2024-06-17 23:26:01,053 [INFO] PluginManager:220 - loadIPPluginJar : add pdm2pcm
2024-06-17 23:26:01,063 [INFO] IPUIPlugin:80 - create IPUIPlugin
2024-06-17 23:26:01,068 [INFO] PluginManager:220 - loadIPPluginJar : add plateformsettings
2024-06-17 23:26:01,071 [INFO] IPUIPlugin:80 - create IPUIPlugin
2024-06-17 23:26:01,071 [INFO] PluginManager:220 - loadIPPluginJar : add quadspi
2024-06-17 23:26:01,077 [INFO] IPUIPlugin:80 - create IPUIPlugin
2024-06-17 23:26:01,077 [INFO] PluginManager:220 - loadIPPluginJar : add resmgrutility
2024-06-17 23:26:01,082 [INFO] IPUIPlugin:80 - create IPUIPlugin
2024-06-17 23:26:01,082 [INFO] PluginManager:220 - loadIPPluginJar : add sai
2024-06-17 23:26:01,086 [INFO] IPUIPlugin:80 - create IPUIPlugin
2024-06-17 23:26:01,086 [INFO] PluginManager:220 - loadIPPluginJar : add spi
2024-06-17 23:26:01,094 [INFO] IPUIPlugin:80 - create IPUIPlugin
2024-06-17 23:26:01,094 [INFO] PluginManager:220 - loadIPPluginJar : add stm32_wpan
2024-06-17 23:26:01,098 [INFO] IPUIPlugin:80 - create IPUIPlugin
2024-06-17 23:26:01,098 [INFO] PluginManager:220 - loadIPPluginJar : add tim
2024-06-17 23:26:01,102 [INFO] IPUIPlugin:80 - create IPUIPlugin
2024-06-17 23:26:01,102 [INFO] PluginManager:220 - loadIPPluginJar : add touchsensing
2024-06-17 23:26:01,105 [INFO] IPUIPlugin:80 - create IPUIPlugin
2024-06-17 23:26:01,105 [INFO] PluginManager:220 - loadIPPluginJar : add tracer_emb
2024-06-17 23:26:01,109 [INFO] IPUIPlugin:80 - create IPUIPlugin
2024-06-17 23:26:01,109 [INFO] PluginManager:220 - loadIPPluginJar : add ts
2024-06-17 23:26:01,112 [INFO] IPUIPlugin:80 - create IPUIPlugin
2024-06-17 23:26:01,112 [INFO] PluginManager:220 - loadIPPluginJar : add tsc
2024-06-17 23:26:01,116 [INFO] IPUIPlugin:80 - create IPUIPlugin
2024-06-17 23:26:01,116 [INFO] PluginManager:220 - loadIPPluginJar : add ucpd
2024-06-17 23:26:01,121 [INFO] IPUIPlugin:80 - create IPUIPlugin
2024-06-17 23:26:01,122 [INFO] PluginManager:220 - loadIPPluginJar : add usart
2024-06-17 23:26:01,128 [INFO] IPUIPlugin:80 - create IPUIPlugin
2024-06-17 23:26:01,128 [INFO] PluginManager:220 - loadIPPluginJar : add usbx
2024-06-17 23:26:01,316 [INFO] CADModel:165 - CPN selected for project level
2024-06-17 23:26:01,317 [INFO] CADModel:114 - Register for checkConnection events
2024-06-17 23:26:01,317 [FATAL] Updater:308 - Updater called before beeing initialized
2024-06-17 23:26:01,318 [ERROR] CADModel:125 - Updater not yet initialized, retry later 
2024-06-17 23:26:01,564 [INFO] CADModel:165 - CPN selected for project level
2024-06-17 23:26:01,564 [INFO] CADModel:114 - Register for checkConnection events
2024-06-17 23:26:01,564 [FATAL] Updater:308 - Updater called before beeing initialized
2024-06-17 23:26:01,564 [ERROR] CADModel:125 - Updater not yet initialized, retry later 
2024-06-17 23:26:01,568 [FATAL] Updater:308 - Updater called before beeing initialized
2024-06-17 23:26:01,718 [FATAL] Updater:308 - Updater called before beeing initialized
2024-06-17 23:26:01,723 [INFO] DbMcusAds:53 - JSON generation date=Thu May 16 06:22:00 ART 2024 (1715851320667)
2024-06-17 23:26:01,723 [FATAL] Updater:308 - Updater called before beeing initialized
2024-06-17 23:26:01,789 [WARN] DetailPanel:346 - Failed to get advertising image, set to default
2024-06-17 23:26:01,884 [FATAL] Updater:308 - Updater called before beeing initialized
2024-06-17 23:26:01,886 [FATAL] Updater:308 - Updater called before beeing initialized
2024-06-17 23:26:01,886 [FATAL] Updater:308 - Updater called before beeing initialized
2024-06-17 23:26:01,886 [WARN] DetailPanel:346 - Failed to get advertising image, set to default
2024-06-17 23:26:01,887 [FATAL] Updater:308 - Updater called before beeing initialized
2024-06-17 23:26:01,962 [ERROR] Updater:1120 - MainUpdater not yet initialized. External WinMGr cannot be set.
2024-06-17 23:26:01,965 [INFO] Updater:1056 - Updater Version found : 6.11.1
2024-06-17 23:26:01,992 [INFO] ApplicationProperties:184 - Using Application install path: C:\ST\STM32CubeIDE_1.15.1\STM32CubeIDE\plugins\com.st.stm32cube.common.mx_6.11.1.202404110753
2024-06-17 23:26:03,068 [INFO] ThirdPartyUpdaterWithRetryManager:70 - Updater plugin not ready yet. [2/15]
2024-06-17 23:26:03,582 [ERROR] LogOutputStream:75 - [STDERR_REDIRECT] Jun 17, 2024 11:26:03 PM java.util.prefs.WindowsPreferences <init>
2024-06-17 23:26:03,587 [ERROR] LogOutputStream:75 - [STDERR_REDIRECT] WARNING: Could not open/create prefs root node Software\JavaSoft\Prefs at root 0xffffffff80000002. Windows RegCreateKeyEx(...) returned error code 5.
2024-06-17 23:26:03,587 [ERROR] LogOutputStream:75 - [STDERR_REDIRECT] 
2024-06-17 23:26:03,651 [INFO] MainUpdater:526 - Copy updater definitions from MX database
2024-06-17 23:26:05,049 [INFO] MainUpdater:2873 - connection check result : 10
2024-06-17 23:26:05,050 [INFO] MainUpdater:3567 - Updater definition file requires update
2024-06-17 23:26:05,051 [INFO] MainUpdater:290 - Updater Check For Update Now.
2024-06-17 23:26:05,051 [INFO] MicroXplorer:498 - Change Database Version : DB.6.0.111
2024-06-17 23:26:05,064 [INFO] McuFinderGlobals:63 - Set McuFinder mode to 2 (CubeIDE integrated)
2024-06-17 23:26:05,064 [INFO] McuFinderGlobals:63 - Set McuFinder mode to 2 (CubeIDE integrated)
2024-06-17 23:26:05,072 [INFO] UserAuth:415 - Internet connection configuration mode: 1
2024-06-17 23:26:05,072 [INFO] UserAuth:415 - Internet connection configuration mode: 1
2024-06-17 23:26:05,105 [INFO] ServerAccessManage:473 - Download File updaters.zip
2024-06-17 23:26:05,113 [INFO] JxBrowserEngine:152 - Initiate JxBrowser Engine with user profile folder
2024-06-17 23:26:05,252 [INFO] FileExtend:240 - Unzip File : updaters.zip
2024-06-17 23:26:05,253 [INFO] FileExtend:255 - Standard Zip Deflate
2024-06-17 23:26:05,717 [INFO] ServerAccessManage:473 - Download File PacksControlFlags.xml
2024-06-17 23:26:05,782 [INFO] ServerAccessManage:473 - Download File cubemx.pidx
2024-06-17 23:26:05,931 [INFO] LoadServerUpdatesThread:375 - End of LoadServerUpdate Thread
2024-06-17 23:26:06,070 [WARN] MainUpdater:1194 - Updater busy. Cannot search thirdparties
2024-06-17 23:26:06,070 [INFO] ThirdPartyUpdaterWithRetryManager:96 - Updater plugin is busy. [1/15]
2024-06-17 23:26:06,182 [INFO] CheckServerUpdateThread:120 - End of CheckServer Thread
2024-06-17 23:26:06,882 [INFO] WebApp:161 - Instantiating new browser for Auth
2024-06-17 23:26:07,874 [INFO] WebApp:779 - Register for checkConnection events
2024-06-17 23:26:07,874 [INFO] WebApp:414 - Apply proxy settings
2024-06-17 23:26:07,874 [INFO] WebApp:499 - Chromium requires no authentication
2024-06-17 23:26:07,886 [INFO] WebApp:442 - Direct internet connection detected
2024-06-17 23:26:08,187 [INFO] WebApp:192 - Starting web application
2024-06-17 23:26:08,187 [INFO] WebApp:544 - Web application path used C:\ST\STM32CubeIDE_1.15.1\STM32CubeIDE\plugins\com.st.stm32cube.common.mx_6.11.1.202404110753\db\plugins\mcufinder\reactClient1\index.html
2024-06-17 23:26:09,518 [WARN] PackLoader:240 - Cannot read IP mode file for STMicroelectronics.FP-SNS-MOTENVWB1.1.4.0
2024-06-17 23:26:09,539 [WARN] PackLoader:240 - Cannot read IP mode file for STMicroelectronics.X-CUBE-SMBUS.2.1.0
2024-06-17 23:26:09,548 [WARN] PackLoader:240 - Cannot read IP mode file for STMicroelectronics.X-CUBE-TOUCHGFX.4.23.1
2024-06-17 23:26:09,552 [WARN] PackLoader:240 - Cannot read IP mode file for STMicroelectronics.X-CUBE-TOUCHGFX.4.23.0
2024-06-17 23:26:09,558 [WARN] PackLoader:240 - Cannot read IP mode file for STMicroelectronics.X-CUBE-TOUCHGFX.4.23.2
2024-06-17 23:26:09,620 [WARN] PackLoader:240 - Cannot read IP mode file for STMicroelectronics.X-CUBE-AZRTOS-F7.1.1.0
2024-06-17 23:26:09,651 [WARN] PackLoader:240 - Cannot read IP mode file for STMicroelectronics.FP-SNS-MOTENV1.4.3.2
2024-06-17 23:26:09,663 [WARN] PackLoader:240 - Cannot read IP mode file for STMicroelectronics.FP-SNS-FLIGHT1.5.0.2
2024-06-17 23:26:09,679 [WARN] PackLoader:240 - Cannot read IP mode file for STMicroelectronics.X-CUBE-DISPLAY.3.0.0
2024-06-17 23:26:09,702 [WARN] PackLoader:240 - Cannot read IP mode file for STMicroelectronics.X-CUBE-BLE1.7.0.0
2024-06-17 23:26:09,714 [WARN] PackLoader:240 - Cannot read IP mode file for emotas.I-CUBE-CANOPEN.1.3.0
2024-06-17 23:26:09,720 [WARN] PackLoader:240 - Cannot read IP mode file for STMicroelectronics.X-CUBE-TOUCHGFX.4.22.1
2024-06-17 23:26:09,746 [WARN] PackLoader:240 - Cannot read IP mode file for STMicroelectronics.X-CUBE-BLEMGR.3.1.0
2024-06-17 23:26:09,766 [WARN] PackLoader:240 - Cannot read IP mode file for STMicroelectronics.FP-SNS-SMARTAG2.1.2.0
2024-06-17 23:26:09,787 [INFO] LogOutputStream:77 - [STDOUT_REDIRECT] 1 : Invalid condition id : UX_CORESTACK_Condition cause : null
2024-06-17 23:26:09,791 [INFO] LogOutputStream:77 - [STDOUT_REDIRECT] 1 : Invalid condition id : UX_CORESTACK_Condition cause : null
2024-06-17 23:26:09,794 [INFO] LogOutputStream:77 - [STDOUT_REDIRECT] 1 : Invalid condition id : UX_CORESTACK_Condition cause : null
2024-06-17 23:26:09,797 [INFO] LogOutputStream:77 - [STDOUT_REDIRECT] 1 : Invalid condition id : UX_CORESTACK_Condition cause : null
2024-06-17 23:26:09,799 [INFO] LogOutputStream:77 - [STDOUT_REDIRECT] 1 : Invalid condition id : UX_CORESTACK_Condition cause : null
2024-06-17 23:26:09,809 [WARN] PackLoader:240 - Cannot read IP mode file for STMicroelectronics.X-CUBE-AZRTOS-WL.2.0.0
2024-06-17 23:26:09,820 [WARN] PackLoader:240 - Cannot read IP mode file for STMicroelectronics.FP-SNS-MOTENV1.5.0.0
2024-06-17 23:26:09,839 [WARN] PackLoader:240 - Cannot read IP mode file for WES.I-CUBE-Cesium.1.3.0
2024-06-17 23:26:09,850 [WARN] PackLoader:240 - Cannot read IP mode file for STMicroelectronics.X-CUBE-BLE2.3.3.0
2024-06-17 23:26:09,864 [WARN] PackLoader:240 - Cannot read IP mode file for STMicroelectronics.X-CUBE-TCPP.4.1.0
2024-06-17 23:26:09,885 [WARN] PackLoader:240 - Cannot read IP mode file for STMicroelectronics.X-CUBE-ALGOBUILD.1.3.0
2024-06-17 23:26:09,929 [WARN] PackLoader:240 - Cannot read IP mode file for STMicroelectronics.X-CUBE-AZRTOS-G0.1.1.0
2024-06-17 23:26:09,950 [WARN] PackLoader:240 - Cannot read IP mode file for STMicroelectronics.X-CUBE-SAFEA1.1.2.2
2024-06-17 23:26:09,976 [WARN] PackLoader:240 - Cannot read IP mode file for STMicroelectronics.X-CUBE-NFC4.3.0.0
2024-06-17 23:26:09,991 [WARN] PackLoader:240 - Cannot read IP mode file for wolfSSL.I-CUBE-wolfMQTT.1.18.0
2024-06-17 23:26:10,004 [WARN] PackLoader:240 - Cannot read IP mode file for STMicroelectronics.X-CUBE-BLEMGR.3.0.0
2024-06-17 23:26:10,016 [WARN] PackLoader:240 - Cannot read IP mode file for STMicroelectronics.FP-ATR-SIGFOX1.3.2.0
2024-06-17 23:26:10,026 [WARN] PackLoader:240 - Cannot read IP mode file for STMicroelectronics.X-CUBE-EEPRMA1.5.1.0
2024-06-17 23:26:10,083 [WARN] PackLoader:240 - Cannot read IP mode file for SEGGER.I-CUBE-embOS.1.3.1
2024-06-17 23:26:10,175 [WARN] PackLoader:240 - Cannot read IP mode file for STMicroelectronics.X-CUBE-ALGOBUILD.1.4.0
2024-06-17 23:26:10,184 [WARN] PackLoader:240 - Cannot read IP mode file for STMicroelectronics.X-CUBE-GNSS1.6.0.0
2024-06-17 23:26:10,209 [WARN] PackLoader:240 - Cannot read IP mode file for STMicroelectronics.X-CUBE-AZRTOS-F4.1.1.0
2024-06-17 23:26:10,219 [WARN] PackLoader:240 - Cannot read IP mode file for wolfSSL.I-CUBE-wolfSSL.5.6.3
2024-06-17 23:26:10,227 [WARN] PackLoader:240 - Cannot read IP mode file for STMicroelectronics.X-CUBE-FREERTOS.1.2.0
2024-06-17 23:26:10,251 [WARN] PackLoader:240 - Cannot read IP mode file for STMicroelectronics.X-CUBE-AZRTOS-L5.2.0.0
2024-06-17 23:26:10,317 [WARN] PackLoader:240 - Cannot read IP mode file for STMicroelectronics.X-CUBE-MEMS1.9.6.0
2024-06-17 23:26:10,567 [WARN] PackLoader:240 - Cannot read IP mode file for STMicroelectronics.X-CUBE-EEPRMA1.4.2.0
2024-06-17 23:26:10,578 [WARN] PackLoader:240 - Cannot read IP mode file for STMicroelectronics.X-CUBE-NFC6.3.1.0
2024-06-17 23:26:10,607 [WARN] PackLoader:240 - Cannot read IP mode file for ITTIA_DB.I-CUBE-ITTIADB.8.8.0
2024-06-17 23:26:10,619 [WARN] PackLoader:240 - Cannot read IP mode file for STMicroelectronics.X-CUBE-BLEMGR.2.0.0
2024-06-17 23:26:10,628 [WARN] PackLoader:240 - Cannot read IP mode file for STMicroelectronics.X-CUBE-AI.9.0.0
2024-06-17 23:26:10,652 [WARN] ConditionMgr:438 - getConditionDescription Invalid condition id : UX DEVICE CLASS RTOS Condition cause : null
2024-06-17 23:26:10,652 [WARN] ConditionMgr:438 - getConditionDescription Invalid condition id : UX DEVICE CLASS RTOS Condition cause : null
2024-06-17 23:26:10,659 [WARN] PackLoader:240 - Cannot read IP mode file for STMicroelectronics.X-CUBE-AZRTOS-H7.3.1.0
2024-06-17 23:26:10,662 [WARN] ConditionMgr:1039 - genDependencies : Invalid condition id : UX DEVICE CLASS RTOS Condition cause : null
2024-06-17 23:26:10,663 [WARN] ConditionMgr:1039 - genDependencies : Invalid condition id : UX DEVICE CLASS RTOS Condition cause : null
2024-06-17 23:26:10,664 [WARN] ConditionMgr:1039 - genDependencies : Invalid condition id : UX DEVICE CLASS RTOS Condition cause : null
2024-06-17 23:26:10,665 [WARN] ConditionMgr:1039 - genDependencies : Invalid condition id : UX DEVICE CLASS RTOS Condition cause : null
2024-06-17 23:26:10,665 [WARN] ConditionMgr:1039 - genDependencies : Invalid condition id : UX DEVICE CLASS RTOS Condition cause : null
2024-06-17 23:26:10,675 [WARN] PackLoader:240 - Cannot read IP mode file for STMicroelectronics.X-CUBE-NFC7.1.0.1
2024-06-17 23:26:10,686 [WARN] PackLoader:240 - Cannot read IP mode file for STMicroelectronics.X-CUBE-NFC6.3.0.0
2024-06-17 23:26:10,696 [WARN] PackLoader:240 - Cannot read IP mode file for STMicroelectronics.X-CUBE-EEPRMA1.4.1.0
2024-06-17 23:26:10,708 [WARN] PackLoader:240 - Cannot read IP mode file for STMicroelectronics.X-CUBE-AI.8.1.0
2024-06-17 23:26:10,751 [WARN] ConditionMgr:438 - getConditionDescription Invalid condition id : LAN8742 Phy interface Condition cause : null
2024-06-17 23:26:10,752 [WARN] PackLoader:240 - Cannot read IP mode file for STMicroelectronics.X-CUBE-AZRTOS-L4.2.0.0
2024-06-17 23:26:10,754 [WARN] ConditionMgr:1039 - genDependencies : Invalid condition id : LAN8742 Phy interface Condition cause : null
2024-06-17 23:26:10,755 [WARN] ConditionMgr:1039 - genDependencies : Invalid condition id : LAN8742 Phy interface Condition cause : null
2024-06-17 23:26:10,755 [WARN] ConditionMgr:1039 - genDependencies : Invalid condition id : LAN8742 Phy interface Condition cause : null
2024-06-17 23:26:10,768 [WARN] PackLoader:240 - Cannot read IP mode file for STMicroelectronics.X-CUBE-SFXS2LP1.4.0.0
2024-06-17 23:26:10,778 [WARN] PackLoader:240 - Cannot read IP mode file for STMicroelectronics.X-CUBE-ISPU.1.1.0
2024-06-17 23:26:10,799 [WARN] ConditionMgr:438 - getConditionDescription Invalid condition id : UX DEVICE CLASS RTOS Condition cause : null
2024-06-17 23:26:10,799 [WARN] ConditionMgr:438 - getConditionDescription Invalid condition id : UX DEVICE CLASS RTOS Condition cause : null
2024-06-17 23:26:10,803 [WARN] PackLoader:240 - Cannot read IP mode file for STMicroelectronics.X-CUBE-AZRTOS-WB.2.0.0
2024-06-17 23:26:10,804 [WARN] ConditionMgr:1039 - genDependencies : Invalid condition id : UX DEVICE CLASS RTOS Condition cause : null
2024-06-17 23:26:10,805 [WARN] ConditionMgr:1039 - genDependencies : Invalid condition id : UX DEVICE CLASS RTOS Condition cause : null
2024-06-17 23:26:10,806 [WARN] ConditionMgr:1039 - genDependencies : Invalid condition id : UX DEVICE CLASS RTOS Condition cause : null
2024-06-17 23:26:10,806 [WARN] ConditionMgr:1039 - genDependencies : Invalid condition id : UX DEVICE CLASS RTOS Condition cause : null
2024-06-17 23:26:10,807 [WARN] ConditionMgr:1039 - genDependencies : Invalid condition id : UX DEVICE CLASS RTOS Condition cause : null
2024-06-17 23:26:10,825 [WARN] PackLoader:240 - Cannot read IP mode file for STMicroelectronics.X-CUBE-SUBG2.5.0.0
2024-06-17 23:26:10,836 [WARN] PackLoader:240 - Cannot read IP mode file for Cesanta.I-CUBE-Mongoose.7.13.0
2024-06-17 23:26:10,851 [WARN] PackLoader:240 - Cannot read IP mode file for STMicroelectronics.X-CUBE-TOF1.3.3.1
2024-06-17 23:26:10,889 [WARN] PackLoader:240 - Cannot read IP mode file for STMicroelectronics.X-CUBE-AZRTOS-G4.2.0.0
2024-06-17 23:26:10,908 [WARN] PackLoader:240 - Cannot read IP mode file for Infineon.AIROC-Wi-Fi-Bluetooth-STM32.1.5.1
2024-06-17 23:26:10,920 [WARN] PackLoader:240 - Cannot read IP mode file for STMicroelectronics.FP-SNS-MOTENVWB1.1.3.0
2024-06-17 23:26:10,928 [WARN] PackLoader:240 - Cannot read IP mode file for STMicroelectronics.FP-SNS-MOTENVWB1.1.3.1
2024-06-17 23:26:10,935 [WARN] PackLoader:240 - Cannot read IP mode file for STMicroelectronics.X-CUBE-ISPU.2.0.0
2024-06-17 23:26:10,942 [WARN] PackLoader:240 - Cannot read IP mode file for STMicroelectronics.X-CUBE-ALS.1.0.2
2024-06-17 23:26:11,005 [WARN] PackLoader:240 - Cannot read IP mode file for STMicroelectronics.X-CUBE-MEMS1.10.0.0
2024-06-17 23:26:11,175 [WARN] PackLoader:240 - Cannot read IP mode file for STMicroelectronics.X-CUBE-FREERTOS.1.1.0
2024-06-17 23:26:11,182 [WARN] PackLoader:240 - Cannot read IP mode file for portGmbH.I-Cube-SoM-uGOAL.1.1.0
2024-06-17 23:26:11,187 [WARN] PackLoader:240 - Cannot read IP mode file for STMicroelectronics.X-CUBE-ALS.1.0.1
2024-06-17 23:26:11,214 [WARN] PackLoader:240 - Cannot read IP mode file for STMicroelectronics.X-CUBE-AZRTOS-H7RS.1.0.0
2024-06-17 23:26:11,224 [WARN] PackLoader:240 - Cannot read IP mode file for STMicroelectronics.FP-ATR-ASTRA1.2.0.0
2024-06-17 23:26:11,239 [WARN] PackLoader:240 - Cannot read IP mode file for STMicroelectronics.X-CUBE-TOF1.3.4.0
2024-06-17 23:26:11,268 [WARN] PackLoader:240 - Cannot read IP mode file for STMicroelectronics.X-CUBE-TOF1.3.4.1
2024-06-17 23:26:11,325 [WARN] PackLoader:240 - Cannot read IP mode file for STMicroelectronics.X-CUBE-AZRTOS-H7.3.2.0
2024-06-17 23:26:11,330 [INFO] ThirdParty:978 - Integrity check success = true
2024-06-17 23:26:11,331 [INFO] IntegrityCheckThread:100 - exiting critical section [integrity check]
2024-06-17 23:26:11,331 [INFO] IntegrityCheckThread:103 - End integrity checks thread
2024-06-17 23:26:24,266 [ERROR] LogOutputStream:75 - [STDERR_REDIRECT] 
