2024-08-15 19:39:59,514 [INFO] Activator:176 - 


2024-08-15 19:39:59,524 [INFO] Activator:177 - !SESSION log4j initialized
2024-08-15 19:40:08,202 [INFO] LogOutputStream:77 - [STDOUT_REDIRECT] 
2024-08-15 19:40:11,342 [INFO] ApplicationProperties:184 - Using Application install path: C:\ST\STM32CubeIDE_1.15.1\STM32CubeIDE\plugins\com.st.stm32cube.common.mx_6.11.1.202404110753
2024-08-15 19:40:11,372 [INFO] DbMcusXml:78 - Set database path to: C:\ST\STM32CubeIDE_1.15.1\STM32CubeIDE\plugins\com.st.stm32cube.common.mx_6.11.1.202404110753\\db\/mcu/
2024-08-15 19:40:11,373 [INFO] ApiDb:274 - Set plugin database path to: C:\ST\STM32CubeIDE_1.15.1\STM32CubeIDE\plugins\com.st.stm32cube.common.mx_6.11.1.202404110753\\db\/plugins/boardmanager/
2024-08-15 19:40:11,374 [WARN] ApiDb:259 - Overriding images path with different value:  => C:\ST\STM32CubeIDE_1.15.1\STM32CubeIDE\plugins\com.st.stm32cube.common.mx_6.11.1.202404110753\\db\/plugins/mcufinder/images/
2024-08-15 19:40:11,390 [INFO] ApiDb:250 - Set database path to: C:\Users\gusta\.stmcufinder\plugins\mcufinder//mcu/
2024-08-15 19:40:11,392 [INFO] DbMcusAds:125 - Set database path to: C:\Users\gusta\.stmcufinder\plugins\mcufinder//mcu/
2024-08-15 19:40:11,396 [INFO] CrossReferenceDbSqlite:203 - Set database path to: C:\Users\gusta\.stmcufinder\plugins\mcufinder//mcu/cs/
2024-08-15 19:40:11,626 [INFO] RulesReader:64 - Compatibility file has been processed (297 Rules)
2024-08-15 19:40:11,766 [INFO] DbMcusXml:78 - Set database path to: C:\ST\STM32CubeIDE_1.15.1\STM32CubeIDE\plugins\com.st.stm32cube.common.mx_6.11.1.202404110753\\db\/mcu/
2024-08-15 19:40:11,766 [INFO] ApiDb:274 - Set plugin database path to: C:\ST\STM32CubeIDE_1.15.1\STM32CubeIDE\plugins\com.st.stm32cube.common.mx_6.11.1.202404110753\\db\/plugins/boardmanager/
2024-08-15 19:40:11,766 [INFO] ApiDb:261 - Set plugin images path to: C:\ST\STM32CubeIDE_1.15.1\STM32CubeIDE\plugins\com.st.stm32cube.common.mx_6.11.1.202404110753\\db\/plugins/mcufinder/images/
2024-08-15 19:40:11,767 [WARN] DbFile:41 - Overriding database path with different value: C:\Users\gusta\.stmcufinder\plugins\mcufinder/ => C:\Users\gusta\.stmcufinder\plugins\mcufinder
2024-08-15 19:40:11,767 [INFO] ApiDb:250 - Set database path to: C:\Users\gusta\.stmcufinder\plugins\mcufinder//mcu/
2024-08-15 19:40:11,767 [WARN] DbFile:41 - Overriding database path with different value: C:\Users\gusta\.stmcufinder\plugins\mcufinder/ => C:\Users\gusta\.stmcufinder\plugins\mcufinder
2024-08-15 19:40:11,767 [INFO] DbMcusAds:125 - Set database path to: C:\Users\gusta\.stmcufinder\plugins\mcufinder//mcu/
2024-08-15 19:40:11,767 [WARN] DbFile:41 - Overriding database path with different value: C:\Users\gusta\.stmcufinder\plugins\mcufinder/ => C:\Users\gusta\.stmcufinder\plugins\mcufinder
2024-08-15 19:40:11,768 [WARN] DbFile:41 - Overriding database path with different value: C:\Users\gusta\.stmcufinder\plugins\mcufinder/ => C:\Users\gusta\.stmcufinder\plugins\mcufinder
2024-08-15 19:40:11,768 [INFO] CrossReferenceDbSqlite:203 - Set database path to: C:\Users\gusta\.stmcufinder\plugins\mcufinder//mcu/cs/
2024-08-15 19:40:11,896 [INFO] MainPanel:264 - HeapMemory: 268435456
2024-08-15 19:40:12,042 [INFO] DbMcusXml:78 - Set database path to: C:\ST\STM32CubeIDE_1.15.1\STM32CubeIDE\plugins\com.st.stm32cube.common.mx_6.11.1.202404110753\\db\/mcu/
2024-08-15 19:40:12,042 [INFO] ApiDb:274 - Set plugin database path to: C:\ST\STM32CubeIDE_1.15.1\STM32CubeIDE\plugins\com.st.stm32cube.common.mx_6.11.1.202404110753\\db\/plugins/boardmanager/
2024-08-15 19:40:12,043 [INFO] ApiDb:261 - Set plugin images path to: C:\ST\STM32CubeIDE_1.15.1\STM32CubeIDE\plugins\com.st.stm32cube.common.mx_6.11.1.202404110753\\db\/plugins/mcufinder/images/
2024-08-15 19:40:12,043 [WARN] DbFile:41 - Overriding database path with different value: C:\Users\gusta\.stmcufinder\plugins\mcufinder/ => C:\Users\gusta\.stmcufinder\plugins\mcufinder
2024-08-15 19:40:12,044 [INFO] ApiDb:250 - Set database path to: C:\Users\gusta\.stmcufinder\plugins\mcufinder//mcu/
2024-08-15 19:40:12,044 [WARN] DbFile:41 - Overriding database path with different value: C:\Users\gusta\.stmcufinder\plugins\mcufinder/ => C:\Users\gusta\.stmcufinder\plugins\mcufinder
2024-08-15 19:40:12,045 [INFO] DbMcusAds:125 - Set database path to: C:\Users\gusta\.stmcufinder\plugins\mcufinder//mcu/
2024-08-15 19:40:12,046 [WARN] DbFile:41 - Overriding database path with different value: C:\Users\gusta\.stmcufinder\plugins\mcufinder/ => C:\Users\gusta\.stmcufinder\plugins\mcufinder
2024-08-15 19:40:12,046 [WARN] DbFile:41 - Overriding database path with different value: C:\Users\gusta\.stmcufinder\plugins\mcufinder/ => C:\Users\gusta\.stmcufinder\plugins\mcufinder
2024-08-15 19:40:12,046 [INFO] CrossReferenceDbSqlite:203 - Set database path to: C:\Users\gusta\.stmcufinder\plugins\mcufinder//mcu/cs/
2024-08-15 19:40:12,071 [INFO] ApplicationProperties:184 - Using Application install path: C:\ST\STM32CubeIDE_1.15.1\STM32CubeIDE\plugins\com.st.stm32cube.common.mx_6.11.1.202404110753
2024-08-15 19:40:12,073 [INFO] PluginManage:196 - Search for loadable plugins [exclusion list=, ]
2024-08-15 19:40:12,075 [INFO] PluginManage:310 - Check plugin analytics
2024-08-15 19:40:12,382 [INFO] AnalyticsPlugin:253 - Accepted Software Licenses: 
2024-08-15 19:40:12,382 [INFO] AnalyticsPlugin:255 - Accepted CMSIS Pack Licenses: 
2024-08-15 19:40:12,383 [INFO] AnalyticsPlugin:257 - Accepted Firmware Licenses: FW.F4.1.27.0,FW.F4.1.28.0
2024-08-15 19:40:12,387 [INFO] PluginManage:359 - Loaded plugin analytics (category:tool,tabindex:-1)
2024-08-15 19:40:12,388 [INFO] PluginManage:310 - Check plugin cadmodel
2024-08-15 19:40:12,397 [INFO] CADModel:105 - Init CAD model plugin
2024-08-15 19:40:12,397 [INFO] PluginManage:359 - Loaded plugin cadmodel (category:power,tabindex:5)
2024-08-15 19:40:12,398 [INFO] PluginManage:310 - Check plugin clock
2024-08-15 19:40:12,417 [INFO] PluginManage:359 - Loaded plugin clock (category:base,tabindex:2)
2024-08-15 19:40:12,417 [INFO] PluginManage:310 - Check plugin ddr
2024-08-15 19:40:12,421 [INFO] PluginManage:359 - Loaded plugin ddr (category:tool,tabindex:6)
2024-08-15 19:40:12,422 [INFO] PluginManage:310 - Check plugin filemanager
2024-08-15 19:40:12,699 [INFO] PluginManage:359 - Loaded plugin filemanager (category:base,tabindex:10)
2024-08-15 19:40:12,700 [INFO] PluginManage:310 - Check plugin ipmanager
2024-08-15 19:40:12,715 [INFO] PluginManage:359 - Loaded plugin ipmanager (category:base,tabindex:5)
2024-08-15 19:40:12,715 [INFO] PluginManage:310 - Check plugin lpbam
2024-08-15 19:40:12,731 [INFO] PluginManage:359 - Loaded plugin lpbam (category:base,tabindex:0)
2024-08-15 19:40:12,731 [INFO] PluginManage:310 - Check plugin memorymap
2024-08-15 19:40:12,761 [INFO] PluginManage:359 - Loaded plugin memorymap (category:base,tabindex:4)
2024-08-15 19:40:12,762 [INFO] PluginManage:310 - Check plugin pinoutandconfiguration
2024-08-15 19:40:12,777 [INFO] PluginManage:359 - Loaded plugin pinoutandconfiguration (category:base,tabindex:1)
2024-08-15 19:40:12,778 [INFO] PluginManage:310 - Check plugin pinoutconfig
2024-08-15 19:40:12,935 [WARN] SupportedApi:132 - Cannot load RTOS API schema: s4s-elt-must-match.1: The content of 'definitions' must match (annotation?, (simpleType | complexType)?, (unique | key | keyref)*)). A problem was found starting at: attribute.
2024-08-15 19:40:13,164 [INFO] PluginManage:359 - Loaded plugin pinoutconfig (category:base,tabindex:0)
2024-08-15 19:40:13,165 [INFO] PluginManage:310 - Check plugin power
2024-08-15 19:40:13,181 [INFO] PluginManage:359 - Loaded plugin power (category:power,tabindex:4)
2024-08-15 19:40:13,181 [INFO] PluginManage:310 - Check plugin projectmanager
2024-08-15 19:40:13,207 [INFO] PluginManage:359 - Loaded plugin projectmanager (category:projectmanager,tabindex:3)
2024-08-15 19:40:13,208 [INFO] PluginManage:310 - Check plugin thirdparty
2024-08-15 19:40:13,540 [INFO] PluginManage:359 - Loaded plugin thirdparty (category:base,tabindex:-1)
2024-08-15 19:40:13,540 [INFO] PluginManage:310 - Check plugin tools
2024-08-15 19:40:13,545 [INFO] PluginManage:359 - Loaded plugin tools (category:base,tabindex:7)
2024-08-15 19:40:13,546 [INFO] PluginManage:310 - Check plugin tutovideos
2024-08-15 19:40:13,549 [WARN] IntegrityCheckThread:84 - waiting for thirdparty lock release [integrity check]
2024-08-15 19:40:13,549 [INFO] IntegrityCheckThread:86 - entering critical section [integrity check]
2024-08-15 19:40:13,550 [INFO] ThirdPartyUpdaterWithRetryManager:70 - Updater plugin not ready yet. [1/15]
2024-08-15 19:40:13,965 [INFO] PluginManage:359 - Loaded plugin tutovideos (category:base,tabindex:-1)
2024-08-15 19:40:13,966 [INFO] PluginManage:310 - Check plugin updater
2024-08-15 19:40:13,992 [INFO] PluginManage:359 - Loaded plugin updater (category:base,tabindex:12)
2024-08-15 19:40:13,992 [INFO] PluginManage:310 - Check plugin userauth
2024-08-15 19:40:14,001 [INFO] UserAuth:114 - Init User Auth plugin
2024-08-15 19:40:14,002 [INFO] PluginManage:359 - Loaded plugin userauth (category:base,tabindex:14)
2024-08-15 19:40:14,002 [INFO] PluginManage:283 - PluginManage : Loaded plugins [17]
2024-08-15 19:40:14,514 [INFO] PinOutPanel:1561 - setPackage(No Configuration,No Configuration)
2024-08-15 19:40:14,627 [INFO] CADModel:165 - CPN selected for project level
2024-08-15 19:40:14,627 [INFO] CADModel:114 - Register for checkConnection events
2024-08-15 19:40:14,655 [INFO] IPUIPlugin:80 - create IPUIPlugin
2024-08-15 19:40:14,655 [INFO] PluginManager:220 - loadIPPluginJar : add adc
2024-08-15 19:40:14,661 [INFO] IPUIPlugin:80 - create IPUIPlugin
2024-08-15 19:40:14,661 [INFO] PluginManager:220 - loadIPPluginJar : add aes
2024-08-15 19:40:14,667 [INFO] IPUIPlugin:80 - create IPUIPlugin
2024-08-15 19:40:14,667 [INFO] PluginManager:220 - loadIPPluginJar : add can
2024-08-15 19:40:14,669 [INFO] IPUIPlugin:80 - create IPUIPlugin
2024-08-15 19:40:14,670 [INFO] PluginManager:220 - loadIPPluginJar : add comp
2024-08-15 19:40:14,674 [INFO] IPUIPlugin:80 - create IPUIPlugin
2024-08-15 19:40:14,675 [INFO] PluginManager:220 - loadIPPluginJar : add cryp
2024-08-15 19:40:14,679 [INFO] IPUIPlugin:80 - create IPUIPlugin
2024-08-15 19:40:14,679 [INFO] PluginManager:220 - loadIPPluginJar : add dfsdm
2024-08-15 19:40:14,687 [INFO] IPUIPlugin:80 - create IPUIPlugin
2024-08-15 19:40:14,688 [INFO] PluginManager:220 - loadIPPluginJar : add dma
2024-08-15 19:40:14,693 [INFO] IPUIPlugin:80 - create IPUIPlugin
2024-08-15 19:40:14,694 [INFO] PluginManager:220 - loadIPPluginJar : add dma3
2024-08-15 19:40:14,698 [INFO] IPUIPlugin:80 - create IPUIPlugin
2024-08-15 19:40:14,698 [INFO] PluginManager:220 - loadIPPluginJar : add extmemmanager
2024-08-15 19:40:14,701 [INFO] IPUIPlugin:80 - create IPUIPlugin
2024-08-15 19:40:14,702 [INFO] PluginManager:220 - loadIPPluginJar : add fatfs
2024-08-15 19:40:14,709 [INFO] IPUIPlugin:80 - create IPUIPlugin
2024-08-15 19:40:14,709 [INFO] PluginManager:220 - loadIPPluginJar : add fmc
2024-08-15 19:40:14,718 [INFO] IPUIPlugin:80 - create IPUIPlugin
2024-08-15 19:40:14,718 [INFO] PluginManager:220 - loadIPPluginJar : add freertos
2024-08-15 19:40:14,721 [INFO] IPUIPlugin:80 - create IPUIPlugin
2024-08-15 19:40:14,721 [INFO] PluginManager:220 - loadIPPluginJar : add genericplugin
2024-08-15 19:40:14,726 [INFO] IPUIPlugin:80 - create IPUIPlugin
2024-08-15 19:40:14,726 [INFO] PluginManager:220 - loadIPPluginJar : add gfxmmu
2024-08-15 19:40:14,735 [INFO] IPUIPlugin:80 - create IPUIPlugin
2024-08-15 19:40:14,735 [INFO] PluginManager:220 - loadIPPluginJar : add gic
2024-08-15 19:40:14,742 [INFO] IPUIPlugin:80 - create IPUIPlugin
2024-08-15 19:40:14,742 [INFO] PluginManager:220 - loadIPPluginJar : add gpio
2024-08-15 19:40:14,748 [INFO] IPUIPlugin:80 - create IPUIPlugin
2024-08-15 19:40:14,749 [INFO] PluginManager:220 - loadIPPluginJar : add gtzc
2024-08-15 19:40:14,754 [INFO] IPUIPlugin:80 - create IPUIPlugin
2024-08-15 19:40:14,754 [INFO] PluginManager:220 - loadIPPluginJar : add hash
2024-08-15 19:40:14,759 [INFO] IPUIPlugin:80 - create IPUIPlugin
2024-08-15 19:40:14,759 [INFO] PluginManager:220 - loadIPPluginJar : add i2c
2024-08-15 19:40:14,764 [INFO] IPUIPlugin:80 - create IPUIPlugin
2024-08-15 19:40:14,765 [INFO] PluginManager:220 - loadIPPluginJar : add i2s
2024-08-15 19:40:14,770 [INFO] IPUIPlugin:80 - create IPUIPlugin
2024-08-15 19:40:14,771 [INFO] PluginManager:220 - loadIPPluginJar : add i3c
2024-08-15 19:40:14,777 [INFO] IPUIPlugin:80 - create IPUIPlugin
2024-08-15 19:40:14,777 [INFO] PluginManager:220 - loadIPPluginJar : add ipddr
2024-08-15 19:40:14,787 [INFO] IPUIPlugin:80 - create IPUIPlugin
2024-08-15 19:40:14,787 [INFO] PluginManager:220 - loadIPPluginJar : add linkedlist
2024-08-15 19:40:14,792 [INFO] IPUIPlugin:80 - create IPUIPlugin
2024-08-15 19:40:14,792 [INFO] PluginManager:220 - loadIPPluginJar : add lorawan
2024-08-15 19:40:14,795 [INFO] IPUIPlugin:80 - create IPUIPlugin
2024-08-15 19:40:14,795 [INFO] PluginManager:220 - loadIPPluginJar : add ltdc
2024-08-15 19:40:14,805 [INFO] IPUIPlugin:80 - create IPUIPlugin
2024-08-15 19:40:14,805 [INFO] PluginManager:220 - loadIPPluginJar : add mdma
2024-08-15 19:40:14,811 [INFO] IPUIPlugin:80 - create IPUIPlugin
2024-08-15 19:40:14,812 [INFO] PluginManager:220 - loadIPPluginJar : add nvic
2024-08-15 19:40:14,816 [INFO] IPUIPlugin:80 - create IPUIPlugin
2024-08-15 19:40:14,816 [INFO] PluginManager:220 - loadIPPluginJar : add opamp
2024-08-15 19:40:14,821 [INFO] IPUIPlugin:80 - create IPUIPlugin
2024-08-15 19:40:14,822 [INFO] PluginManager:220 - loadIPPluginJar : add openamp
2024-08-15 19:40:14,827 [INFO] IPUIPlugin:80 - create IPUIPlugin
2024-08-15 19:40:14,827 [INFO] PluginManager:220 - loadIPPluginJar : add pdm2pcm
2024-08-15 19:40:14,837 [INFO] IPUIPlugin:80 - create IPUIPlugin
2024-08-15 19:40:14,842 [INFO] PluginManager:220 - loadIPPluginJar : add plateformsettings
2024-08-15 19:40:14,846 [INFO] IPUIPlugin:80 - create IPUIPlugin
2024-08-15 19:40:14,846 [INFO] PluginManager:220 - loadIPPluginJar : add quadspi
2024-08-15 19:40:14,852 [INFO] IPUIPlugin:80 - create IPUIPlugin
2024-08-15 19:40:14,852 [INFO] PluginManager:220 - loadIPPluginJar : add resmgrutility
2024-08-15 19:40:14,857 [INFO] IPUIPlugin:80 - create IPUIPlugin
2024-08-15 19:40:14,858 [INFO] PluginManager:220 - loadIPPluginJar : add sai
2024-08-15 19:40:14,862 [INFO] IPUIPlugin:80 - create IPUIPlugin
2024-08-15 19:40:14,862 [INFO] PluginManager:220 - loadIPPluginJar : add spi
2024-08-15 19:40:14,871 [INFO] IPUIPlugin:80 - create IPUIPlugin
2024-08-15 19:40:14,871 [INFO] PluginManager:220 - loadIPPluginJar : add stm32_wpan
2024-08-15 19:40:14,874 [INFO] IPUIPlugin:80 - create IPUIPlugin
2024-08-15 19:40:14,875 [INFO] PluginManager:220 - loadIPPluginJar : add tim
2024-08-15 19:40:14,882 [INFO] IPUIPlugin:80 - create IPUIPlugin
2024-08-15 19:40:14,883 [INFO] PluginManager:220 - loadIPPluginJar : add touchsensing
2024-08-15 19:40:14,887 [INFO] IPUIPlugin:80 - create IPUIPlugin
2024-08-15 19:40:14,887 [INFO] PluginManager:220 - loadIPPluginJar : add tracer_emb
2024-08-15 19:40:14,914 [INFO] IPUIPlugin:80 - create IPUIPlugin
2024-08-15 19:40:14,914 [INFO] PluginManager:220 - loadIPPluginJar : add ts
2024-08-15 19:40:14,917 [INFO] IPUIPlugin:80 - create IPUIPlugin
2024-08-15 19:40:14,917 [INFO] PluginManager:220 - loadIPPluginJar : add tsc
2024-08-15 19:40:14,920 [INFO] IPUIPlugin:80 - create IPUIPlugin
2024-08-15 19:40:14,920 [INFO] PluginManager:220 - loadIPPluginJar : add ucpd
2024-08-15 19:40:14,927 [INFO] IPUIPlugin:80 - create IPUIPlugin
2024-08-15 19:40:14,927 [INFO] PluginManager:220 - loadIPPluginJar : add usart
2024-08-15 19:40:14,932 [INFO] IPUIPlugin:80 - create IPUIPlugin
2024-08-15 19:40:14,933 [INFO] PluginManager:220 - loadIPPluginJar : add usbx
2024-08-15 19:40:15,105 [INFO] CADModel:165 - CPN selected for project level
2024-08-15 19:40:15,105 [INFO] CADModel:114 - Register for checkConnection events
2024-08-15 19:40:15,105 [FATAL] Updater:308 - Updater called before beeing initialized
2024-08-15 19:40:15,106 [ERROR] CADModel:125 - Updater not yet initialized, retry later 
2024-08-15 19:40:15,340 [INFO] CADModel:165 - CPN selected for project level
2024-08-15 19:40:15,341 [INFO] CADModel:114 - Register for checkConnection events
2024-08-15 19:40:15,341 [FATAL] Updater:308 - Updater called before beeing initialized
2024-08-15 19:40:15,341 [ERROR] CADModel:125 - Updater not yet initialized, retry later 
2024-08-15 19:40:15,346 [FATAL] Updater:308 - Updater called before beeing initialized
2024-08-15 19:40:15,526 [FATAL] Updater:308 - Updater called before beeing initialized
2024-08-15 19:40:15,532 [INFO] DbMcusAds:53 - JSON generation date=Thu May 16 06:22:00 ART 2024 (1715851320667)
2024-08-15 19:40:15,532 [FATAL] Updater:308 - Updater called before beeing initialized
2024-08-15 19:40:15,603 [WARN] DetailPanel:346 - Failed to get advertising image, set to default
2024-08-15 19:40:15,714 [FATAL] Updater:308 - Updater called before beeing initialized
2024-08-15 19:40:15,716 [FATAL] Updater:308 - Updater called before beeing initialized
2024-08-15 19:40:15,716 [FATAL] Updater:308 - Updater called before beeing initialized
2024-08-15 19:40:15,716 [WARN] DetailPanel:346 - Failed to get advertising image, set to default
2024-08-15 19:40:15,718 [FATAL] Updater:308 - Updater called before beeing initialized
2024-08-15 19:40:15,809 [ERROR] Updater:1120 - MainUpdater not yet initialized. External WinMGr cannot be set.
2024-08-15 19:40:15,812 [INFO] Updater:1056 - Updater Version found : 6.11.1
2024-08-15 19:40:15,833 [INFO] ApplicationProperties:184 - Using Application install path: C:\ST\STM32CubeIDE_1.15.1\STM32CubeIDE\plugins\com.st.stm32cube.common.mx_6.11.1.202404110753
2024-08-15 19:40:16,551 [INFO] ThirdPartyUpdaterWithRetryManager:70 - Updater plugin not ready yet. [2/15]
2024-08-15 19:40:17,410 [ERROR] LogOutputStream:75 - [STDERR_REDIRECT] Aug 15, 2024 7:40:17 PM java.util.prefs.WindowsPreferences <init>
2024-08-15 19:40:17,412 [ERROR] LogOutputStream:75 - [STDERR_REDIRECT] WARNING: Could not open/create prefs root node Software\JavaSoft\Prefs at root 0xffffffff80000002. Windows RegCreateKeyEx(...) returned error code 5.
2024-08-15 19:40:17,412 [ERROR] LogOutputStream:75 - [STDERR_REDIRECT] 
2024-08-15 19:40:17,940 [INFO] MainUpdater:2873 - connection check result : 10
2024-08-15 19:40:17,968 [INFO] MainUpdater:290 - Updater Check For Update Now.
2024-08-15 19:40:17,968 [INFO] MicroXplorer:498 - Change Database Version : DB.6.0.111
2024-08-15 19:40:17,981 [INFO] McuFinderGlobals:63 - Set McuFinder mode to 2 (CubeIDE integrated)
2024-08-15 19:40:17,998 [INFO] UserAuth:415 - Internet connection configuration mode: 1
2024-08-15 19:40:18,084 [INFO] JxBrowserEngine:152 - Initiate JxBrowser Engine with user profile folder
2024-08-15 19:40:18,271 [INFO] CheckServerUpdateThread:120 - End of CheckServer Thread
2024-08-15 19:40:19,699 [INFO] WebApp:161 - Instantiating new browser for Auth
2024-08-15 19:40:20,271 [WARN] PackLoader:240 - Cannot read IP mode file for STMicroelectronics.FP-SNS-MOTENVWB1.1.4.0
2024-08-15 19:40:20,298 [WARN] PackLoader:240 - Cannot read IP mode file for STMicroelectronics.X-CUBE-SMBUS.2.1.0
2024-08-15 19:40:20,327 [WARN] PackLoader:240 - Cannot read IP mode file for STMicroelectronics.X-CUBE-TOUCHGFX.4.23.1
2024-08-15 19:40:20,349 [WARN] PackLoader:240 - Cannot read IP mode file for STMicroelectronics.X-CUBE-TOUCHGFX.4.23.0
2024-08-15 19:40:20,380 [WARN] PackLoader:240 - Cannot read IP mode file for STMicroelectronics.X-CUBE-TOUCHGFX.4.23.2
2024-08-15 19:40:20,451 [WARN] PackLoader:240 - Cannot read IP mode file for STMicroelectronics.X-CUBE-AZRTOS-F7.1.1.0
2024-08-15 19:40:20,505 [WARN] PackLoader:240 - Cannot read IP mode file for STMicroelectronics.FP-SNS-MOTENV1.4.3.2
2024-08-15 19:40:20,526 [WARN] PackLoader:240 - Cannot read IP mode file for STMicroelectronics.FP-SNS-FLIGHT1.5.0.2
2024-08-15 19:40:20,595 [WARN] PackLoader:240 - Cannot read IP mode file for STMicroelectronics.X-CUBE-DISPLAY.3.0.0
2024-08-15 19:40:20,626 [WARN] PackLoader:240 - Cannot read IP mode file for STMicroelectronics.X-CUBE-BLE1.7.0.0
2024-08-15 19:40:20,640 [WARN] PackLoader:240 - Cannot read IP mode file for emotas.I-CUBE-CANOPEN.1.3.0
2024-08-15 19:40:20,647 [WARN] PackLoader:240 - Cannot read IP mode file for STMicroelectronics.X-CUBE-TOUCHGFX.4.22.1
2024-08-15 19:40:20,667 [WARN] PackLoader:240 - Cannot read IP mode file for STMicroelectronics.X-CUBE-BLEMGR.3.1.0
2024-08-15 19:40:20,679 [WARN] PackLoader:240 - Cannot read IP mode file for STMicroelectronics.FP-SNS-SMARTAG2.1.2.0
2024-08-15 19:40:20,804 [INFO] LogOutputStream:77 - [STDOUT_REDIRECT] 1 : Invalid condition id : UX_CORESTACK_Condition cause : null
2024-08-15 19:40:20,805 [INFO] LogOutputStream:77 - [STDOUT_REDIRECT] 1 : Invalid condition id : UX_CORESTACK_Condition cause : null
2024-08-15 19:40:20,827 [INFO] LogOutputStream:77 - [STDOUT_REDIRECT] 1 : Invalid condition id : UX_CORESTACK_Condition cause : null
2024-08-15 19:40:20,829 [INFO] LogOutputStream:77 - [STDOUT_REDIRECT] 1 : Invalid condition id : UX_CORESTACK_Condition cause : null
2024-08-15 19:40:20,832 [INFO] LogOutputStream:77 - [STDOUT_REDIRECT] 1 : Invalid condition id : UX_CORESTACK_Condition cause : null
2024-08-15 19:40:20,837 [WARN] PackLoader:240 - Cannot read IP mode file for STMicroelectronics.X-CUBE-AZRTOS-WL.2.0.0
2024-08-15 19:40:20,847 [WARN] PackLoader:240 - Cannot read IP mode file for STMicroelectronics.FP-SNS-MOTENV1.5.0.0
2024-08-15 19:40:20,857 [WARN] PackLoader:240 - Cannot read IP mode file for wolfSSL.I-CUBE-wolfMQTT.1.19.0
2024-08-15 19:40:20,871 [WARN] PackLoader:240 - Cannot read IP mode file for WES.I-CUBE-Cesium.1.3.0
2024-08-15 19:40:20,881 [WARN] PackLoader:240 - Cannot read IP mode file for STMicroelectronics.X-CUBE-BLE2.3.3.0
2024-08-15 19:40:20,891 [WARN] PackLoader:240 - Cannot read IP mode file for STMicroelectronics.X-CUBE-TCPP.4.1.0
2024-08-15 19:40:20,915 [WARN] PackLoader:240 - Cannot read IP mode file for STMicroelectronics.X-CUBE-ALGOBUILD.1.3.0
2024-08-15 19:40:21,031 [WARN] PackLoader:240 - Cannot read IP mode file for STMicroelectronics.X-CUBE-AZRTOS-G0.1.1.0
2024-08-15 19:40:21,056 [WARN] PackLoader:240 - Cannot read IP mode file for STMicroelectronics.X-CUBE-SAFEA1.1.2.2
2024-08-15 19:40:21,083 [WARN] PackLoader:240 - Cannot read IP mode file for STMicroelectronics.X-CUBE-NFC4.3.0.0
2024-08-15 19:40:21,092 [WARN] PackLoader:240 - Cannot read IP mode file for wolfSSL.I-CUBE-wolfMQTT.1.18.0
2024-08-15 19:40:21,108 [WARN] PackLoader:240 - Cannot read IP mode file for EmbeddedOffice.I-CUBE-FS-RTOS.1.0.1
2024-08-15 19:40:21,108 [ERROR] ConditionMgr:805 - Attr not supported : Dmpu
2024-08-15 19:40:21,108 [ERROR] ConditionMgr:805 - Attr not supported : Dmpu
2024-08-15 19:40:21,109 [ERROR] ConditionMgr:805 - Attr not supported : Dmpu
2024-08-15 19:40:21,109 [ERROR] ConditionMgr:805 - Attr not supported : Dmpu
2024-08-15 19:40:21,109 [ERROR] ConditionMgr:805 - Attr not supported : Dmpu
2024-08-15 19:40:21,109 [ERROR] ConditionMgr:805 - Attr not supported : Dmpu
2024-08-15 19:40:21,109 [ERROR] ConditionMgr:805 - Attr not supported : Dmpu
2024-08-15 19:40:21,109 [ERROR] ConditionMgr:805 - Attr not supported : Dmpu
2024-08-15 19:40:21,109 [ERROR] ConditionMgr:805 - Attr not supported : Dmpu
2024-08-15 19:40:21,109 [ERROR] ConditionMgr:805 - Attr not supported : Dmpu
2024-08-15 19:40:21,109 [ERROR] ConditionMgr:805 - Attr not supported : Dmpu
2024-08-15 19:40:21,109 [ERROR] ConditionMgr:805 - Attr not supported : Dmpu
2024-08-15 19:40:21,110 [ERROR] ConditionMgr:805 - Attr not supported : Dmpu
2024-08-15 19:40:21,110 [ERROR] ConditionMgr:805 - Attr not supported : Dmpu
2024-08-15 19:40:21,111 [ERROR] ConditionMgr:805 - Attr not supported : Dmpu
2024-08-15 19:40:21,111 [ERROR] ConditionMgr:805 - Attr not supported : Dmpu
2024-08-15 19:40:21,111 [ERROR] ConditionMgr:805 - Attr not supported : Dmpu
2024-08-15 19:40:21,111 [ERROR] ConditionMgr:805 - Attr not supported : Dmpu
2024-08-15 19:40:21,111 [ERROR] ConditionMgr:805 - Attr not supported : Dmpu
2024-08-15 19:40:21,111 [ERROR] ConditionMgr:805 - Attr not supported : Dmpu
2024-08-15 19:40:21,111 [ERROR] ConditionMgr:805 - Attr not supported : Dmpu
2024-08-15 19:40:21,111 [ERROR] ConditionMgr:805 - Attr not supported : Dmpu
2024-08-15 19:40:21,112 [ERROR] ConditionMgr:805 - Attr not supported : Dmpu
2024-08-15 19:40:21,112 [ERROR] ConditionMgr:805 - Attr not supported : Dmpu
2024-08-15 19:40:21,112 [ERROR] ConditionMgr:805 - Attr not supported : Dmpu
2024-08-15 19:40:21,112 [ERROR] ConditionMgr:805 - Attr not supported : Dmpu
2024-08-15 19:40:21,112 [ERROR] ConditionMgr:805 - Attr not supported : Dmpu
2024-08-15 19:40:21,112 [ERROR] ConditionMgr:805 - Attr not supported : Dmpu
2024-08-15 19:40:21,112 [ERROR] ConditionMgr:805 - Attr not supported : Dmpu
2024-08-15 19:40:21,112 [ERROR] ConditionMgr:805 - Attr not supported : Dmpu
2024-08-15 19:40:21,112 [ERROR] ConditionMgr:805 - Attr not supported : Dmpu
2024-08-15 19:40:21,113 [ERROR] ConditionMgr:805 - Attr not supported : Dmpu
2024-08-15 19:40:21,113 [ERROR] ConditionMgr:805 - Attr not supported : Dmpu
2024-08-15 19:40:21,113 [ERROR] ConditionMgr:805 - Attr not supported : Dmpu
2024-08-15 19:40:21,113 [ERROR] ConditionMgr:805 - Attr not supported : Dmpu
2024-08-15 19:40:21,113 [ERROR] ConditionMgr:805 - Attr not supported : Dmpu
2024-08-15 19:40:21,114 [ERROR] ConditionMgr:805 - Attr not supported : Dmpu
2024-08-15 19:40:21,114 [ERROR] ConditionMgr:805 - Attr not supported : Dmpu
2024-08-15 19:40:21,114 [ERROR] ConditionMgr:805 - Attr not supported : Dmpu
2024-08-15 19:40:21,115 [ERROR] ConditionMgr:805 - Attr not supported : Dmpu
2024-08-15 19:40:21,115 [ERROR] ConditionMgr:805 - Attr not supported : Dmpu
2024-08-15 19:40:21,115 [ERROR] ConditionMgr:805 - Attr not supported : Dmpu
2024-08-15 19:40:21,115 [ERROR] ConditionMgr:805 - Attr not supported : Dmpu
2024-08-15 19:40:21,115 [ERROR] ConditionMgr:805 - Attr not supported : Dmpu
2024-08-15 19:40:21,115 [ERROR] ConditionMgr:805 - Attr not supported : Dmpu
2024-08-15 19:40:21,116 [ERROR] ConditionMgr:805 - Attr not supported : Dmpu
2024-08-15 19:40:21,116 [ERROR] ConditionMgr:805 - Attr not supported : Dmpu
2024-08-15 19:40:21,116 [ERROR] ConditionMgr:805 - Attr not supported : Dmpu
2024-08-15 19:40:21,116 [ERROR] ConditionMgr:805 - Attr not supported : Dmpu
2024-08-15 19:40:21,116 [ERROR] ConditionMgr:805 - Attr not supported : Dmpu
2024-08-15 19:40:21,116 [ERROR] ConditionMgr:805 - Attr not supported : Dmpu
2024-08-15 19:40:21,117 [ERROR] ConditionMgr:805 - Attr not supported : Dmpu
2024-08-15 19:40:21,117 [ERROR] ConditionMgr:805 - Attr not supported : Dmpu
2024-08-15 19:40:21,117 [ERROR] ConditionMgr:805 - Attr not supported : Dmpu
2024-08-15 19:40:21,117 [ERROR] ConditionMgr:805 - Attr not supported : Dmpu
2024-08-15 19:40:21,117 [ERROR] ConditionMgr:805 - Attr not supported : Dmpu
2024-08-15 19:40:21,117 [ERROR] ConditionMgr:805 - Attr not supported : Dmpu
2024-08-15 19:40:21,117 [ERROR] ConditionMgr:805 - Attr not supported : Dmpu
2024-08-15 19:40:21,117 [ERROR] ConditionMgr:805 - Attr not supported : Dmpu
2024-08-15 19:40:21,118 [ERROR] ConditionMgr:805 - Attr not supported : Dmpu
2024-08-15 19:40:21,118 [ERROR] ConditionMgr:805 - Attr not supported : Dmpu
2024-08-15 19:40:21,118 [ERROR] ConditionMgr:805 - Attr not supported : Dmpu
2024-08-15 19:40:21,118 [ERROR] ConditionMgr:805 - Attr not supported : Dmpu
2024-08-15 19:40:21,118 [ERROR] ConditionMgr:805 - Attr not supported : Dmpu
2024-08-15 19:40:21,131 [WARN] PackLoader:240 - Cannot read IP mode file for STMicroelectronics.X-CUBE-BLEMGR.3.0.0
2024-08-15 19:40:21,143 [WARN] PackLoader:240 - Cannot read IP mode file for RealThread.X-CUBE-RT-Thread_Nano.4.1.1
2024-08-15 19:40:21,151 [WARN] PackLoader:240 - Cannot read IP mode file for STMicroelectronics.FP-ATR-SIGFOX1.3.2.0
2024-08-15 19:40:21,163 [WARN] PackLoader:240 - Cannot read IP mode file for STMicroelectronics.X-CUBE-EEPRMA1.5.1.0
2024-08-15 19:40:21,242 [WARN] PackLoader:240 - Cannot read IP mode file for SEGGER.I-CUBE-embOS.1.3.1
2024-08-15 19:40:21,388 [WARN] PackLoader:240 - Cannot read IP mode file for STMicroelectronics.X-CUBE-ALGOBUILD.1.4.0
2024-08-15 19:40:21,400 [WARN] PackLoader:240 - Cannot read IP mode file for STMicroelectronics.X-CUBE-GNSS1.6.0.0
2024-08-15 19:40:21,430 [WARN] PackLoader:240 - Cannot read IP mode file for STMicroelectronics.X-CUBE-AZRTOS-F4.1.1.0
2024-08-15 19:40:21,440 [WARN] PackLoader:240 - Cannot read IP mode file for wolfSSL.I-CUBE-wolfSSL.5.6.3
2024-08-15 19:40:21,452 [WARN] PackLoader:240 - Cannot read IP mode file for STMicroelectronics.X-CUBE-FREERTOS.1.2.0
2024-08-15 19:40:21,523 [WARN] PackLoader:240 - Cannot read IP mode file for STMicroelectronics.X-CUBE-AZRTOS-L5.2.0.0
2024-08-15 19:40:21,608 [WARN] PackLoader:240 - Cannot read IP mode file for STMicroelectronics.X-CUBE-MEMS1.9.6.0
2024-08-15 19:40:21,922 [WARN] PackLoader:240 - Cannot read IP mode file for STMicroelectronics.X-CUBE-EEPRMA1.4.2.0
2024-08-15 19:40:21,940 [WARN] PackLoader:240 - Cannot read IP mode file for STMicroelectronics.X-CUBE-NFC6.3.1.0
2024-08-15 19:40:21,952 [WARN] PackLoader:240 - Cannot read IP mode file for ITTIA_DB.I-CUBE-ITTIADB.8.8.0
2024-08-15 19:40:21,962 [WARN] PackLoader:240 - Cannot read IP mode file for STMicroelectronics.X-CUBE-BLEMGR.2.0.0
2024-08-15 19:40:21,973 [WARN] PackLoader:240 - Cannot read IP mode file for STMicroelectronics.X-CUBE-DPower.1.2.0
2024-08-15 19:40:21,980 [WARN] PackLoader:240 - Cannot read IP mode file for STMicroelectronics.X-CUBE-AI.9.0.0
2024-08-15 19:40:22,003 [WARN] ConditionMgr:438 - getConditionDescription Invalid condition id : UX DEVICE CLASS RTOS Condition cause : null
2024-08-15 19:40:22,004 [WARN] ConditionMgr:438 - getConditionDescription Invalid condition id : UX DEVICE CLASS RTOS Condition cause : null
2024-08-15 19:40:22,008 [WARN] PackLoader:240 - Cannot read IP mode file for STMicroelectronics.X-CUBE-AZRTOS-H7.3.1.0
2024-08-15 19:40:22,010 [WARN] ConditionMgr:1039 - genDependencies : Invalid condition id : UX DEVICE CLASS RTOS Condition cause : null
2024-08-15 19:40:22,010 [WARN] ConditionMgr:1039 - genDependencies : Invalid condition id : UX DEVICE CLASS RTOS Condition cause : null
2024-08-15 19:40:22,011 [WARN] ConditionMgr:1039 - genDependencies : Invalid condition id : UX DEVICE CLASS RTOS Condition cause : null
2024-08-15 19:40:22,012 [WARN] ConditionMgr:1039 - genDependencies : Invalid condition id : UX DEVICE CLASS RTOS Condition cause : null
2024-08-15 19:40:22,012 [WARN] ConditionMgr:1039 - genDependencies : Invalid condition id : UX DEVICE CLASS RTOS Condition cause : null
2024-08-15 19:40:22,043 [WARN] PackLoader:240 - Cannot read IP mode file for STMicroelectronics.X-CUBE-NFC7.1.0.1
2024-08-15 19:40:22,050 [WARN] PackLoader:240 - Cannot read IP mode file for wolfSSL.I-CUBE-wolfTPM.3.2.0
2024-08-15 19:40:22,059 [WARN] PackLoader:240 - Cannot read IP mode file for STMicroelectronics.X-CUBE-NFC6.3.0.0
2024-08-15 19:40:22,069 [WARN] PackLoader:240 - Cannot read IP mode file for STMicroelectronics.X-CUBE-EEPRMA1.4.1.0
2024-08-15 19:40:22,076 [WARN] PackLoader:240 - Cannot read IP mode file for STMicroelectronics.X-CUBE-AI.8.1.0
2024-08-15 19:40:22,101 [WARN] ConditionMgr:438 - getConditionDescription Invalid condition id : LAN8742 Phy interface Condition cause : null
2024-08-15 19:40:22,103 [WARN] PackLoader:240 - Cannot read IP mode file for STMicroelectronics.X-CUBE-AZRTOS-L4.2.0.0
2024-08-15 19:40:22,105 [WARN] ConditionMgr:1039 - genDependencies : Invalid condition id : LAN8742 Phy interface Condition cause : null
2024-08-15 19:40:22,105 [WARN] ConditionMgr:1039 - genDependencies : Invalid condition id : LAN8742 Phy interface Condition cause : null
2024-08-15 19:40:22,106 [WARN] ConditionMgr:1039 - genDependencies : Invalid condition id : LAN8742 Phy interface Condition cause : null
2024-08-15 19:40:22,119 [WARN] PackLoader:240 - Cannot read IP mode file for STMicroelectronics.X-CUBE-SFXS2LP1.4.0.0
2024-08-15 19:40:22,128 [WARN] PackLoader:240 - Cannot read IP mode file for STMicroelectronics.X-CUBE-ISPU.1.1.0
2024-08-15 19:40:22,162 [WARN] PackLoader:240 - Cannot read IP mode file for STMicroelectronics.X-CUBE-AZRTOS-H7.3.3.0
2024-08-15 19:40:22,186 [WARN] ConditionMgr:438 - getConditionDescription Invalid condition id : UX DEVICE CLASS RTOS Condition cause : null
2024-08-15 19:40:22,186 [WARN] ConditionMgr:438 - getConditionDescription Invalid condition id : UX DEVICE CLASS RTOS Condition cause : null
2024-08-15 19:40:22,191 [WARN] PackLoader:240 - Cannot read IP mode file for STMicroelectronics.X-CUBE-AZRTOS-WB.2.0.0
2024-08-15 19:40:22,192 [WARN] ConditionMgr:1039 - genDependencies : Invalid condition id : UX DEVICE CLASS RTOS Condition cause : null
2024-08-15 19:40:22,192 [WARN] ConditionMgr:1039 - genDependencies : Invalid condition id : UX DEVICE CLASS RTOS Condition cause : null
2024-08-15 19:40:22,193 [WARN] ConditionMgr:1039 - genDependencies : Invalid condition id : UX DEVICE CLASS RTOS Condition cause : null
2024-08-15 19:40:22,194 [WARN] ConditionMgr:1039 - genDependencies : Invalid condition id : UX DEVICE CLASS RTOS Condition cause : null
2024-08-15 19:40:22,194 [WARN] ConditionMgr:1039 - genDependencies : Invalid condition id : UX DEVICE CLASS RTOS Condition cause : null
2024-08-15 19:40:22,208 [WARN] PackLoader:240 - Cannot read IP mode file for STMicroelectronics.FP-SNS-STBOX1.2.0.0
2024-08-15 19:40:22,228 [WARN] PackLoader:240 - Cannot read IP mode file for STMicroelectronics.X-CUBE-SUBG2.5.0.0
2024-08-15 19:40:22,242 [WARN] PackLoader:240 - Cannot read IP mode file for Cesanta.I-CUBE-Mongoose.7.13.0
2024-08-15 19:40:22,257 [WARN] PackLoader:240 - Cannot read IP mode file for STMicroelectronics.X-CUBE-TOF1.3.3.1
2024-08-15 19:40:22,296 [WARN] PackLoader:240 - Cannot read IP mode file for STMicroelectronics.X-CUBE-AZRTOS-G4.2.0.0
2024-08-15 19:40:22,316 [WARN] PackLoader:240 - Cannot read IP mode file for Infineon.AIROC-Wi-Fi-Bluetooth-STM32.1.5.1
2024-08-15 19:40:22,326 [WARN] PackLoader:240 - Cannot read IP mode file for STMicroelectronics.FP-SNS-MOTENVWB1.1.3.0
2024-08-15 19:40:22,332 [WARN] PackLoader:240 - Cannot read IP mode file for STMicroelectronics.FP-SNS-MOTENVWB1.1.3.1
2024-08-15 19:40:22,338 [WARN] PackLoader:240 - Cannot read IP mode file for STMicroelectronics.X-CUBE-ISPU.2.0.0
2024-08-15 19:40:22,345 [WARN] PackLoader:240 - Cannot read IP mode file for STMicroelectronics.X-CUBE-ALS.1.0.2
2024-08-15 19:40:22,465 [WARN] PackLoader:240 - Cannot read IP mode file for STMicroelectronics.X-CUBE-MEMS1.10.0.0
2024-08-15 19:40:22,503 [INFO] WebApp:779 - Register for checkConnection events
2024-08-15 19:40:22,504 [INFO] WebApp:414 - Apply proxy settings
2024-08-15 19:40:22,504 [INFO] WebApp:499 - Chromium requires no authentication
2024-08-15 19:40:22,520 [INFO] WebApp:442 - Direct internet connection detected
2024-08-15 19:40:22,671 [WARN] PackLoader:240 - Cannot read IP mode file for STMicroelectronics.X-CUBE-FREERTOS.1.1.0
2024-08-15 19:40:22,676 [WARN] PackLoader:240 - Cannot read IP mode file for STMicroelectronics.X-CUBE-TOUCHGFX.4.24.0
2024-08-15 19:40:22,709 [WARN] PackLoader:240 - Cannot read IP mode file for portGmbH.I-Cube-SoM-uGOAL.1.1.0
2024-08-15 19:40:22,714 [WARN] PackLoader:240 - Cannot read IP mode file for STMicroelectronics.X-CUBE-ALS.1.0.1
2024-08-15 19:40:22,743 [WARN] PackLoader:240 - Cannot read IP mode file for STMicroelectronics.X-CUBE-AZRTOS-H7RS.1.0.0
2024-08-15 19:40:22,752 [WARN] PackLoader:240 - Cannot read IP mode file for STMicroelectronics.FP-ATR-ASTRA1.2.0.0
2024-08-15 19:40:22,767 [WARN] PackLoader:240 - Cannot read IP mode file for STMicroelectronics.X-CUBE-TOF1.3.4.2
2024-08-15 19:40:22,811 [WARN] PackLoader:240 - Cannot read IP mode file for STMicroelectronics.X-CUBE-TOF1.3.4.0
2024-08-15 19:40:22,873 [WARN] PackLoader:240 - Cannot read IP mode file for STMicroelectronics.X-CUBE-TOF1.3.4.1
2024-08-15 19:40:22,917 [WARN] PackLoader:240 - Cannot read IP mode file for STMicroelectronics.X-CUBE-AZRTOS-H7.3.2.0
2024-08-15 19:40:22,928 [WARN] PackLoader:240 - Cannot read IP mode file for wolfSSL.I-CUBE-wolfSSH.1.4.17
2024-08-15 19:40:22,929 [INFO] ThirdParty:978 - Integrity check success = true
2024-08-15 19:40:22,929 [INFO] IntegrityCheckThread:100 - exiting critical section [integrity check]
2024-08-15 19:40:22,930 [INFO] IntegrityCheckThread:103 - End integrity checks thread
2024-08-15 19:40:23,093 [INFO] WebApp:192 - Starting web application
2024-08-15 19:40:23,093 [INFO] WebApp:544 - Web application path used C:\ST\STM32CubeIDE_1.15.1\STM32CubeIDE\plugins\com.st.stm32cube.common.mx_6.11.1.202404110753\db\plugins\mcufinder\reactClient1\index.html
2024-08-15 19:47:35,553 [ERROR] LogOutputStream:75 - [STDERR_REDIRECT] 
