2024-11-15 14:32:48,880 [INFO] Activator:176 - 


2024-11-15 14:32:48,890 [INFO] Activator:177 - !SESSION log4j initialized
2024-11-15 14:32:58,064 [INFO] LogOutputStream:77 - [STDOUT_REDIRECT] 
2024-11-15 14:33:01,936 [INFO] ApplicationProperties:184 - Using Application install path: C:\ST\STM32CubeIDE_1.15.1\STM32CubeIDE\plugins\com.st.stm32cube.common.mx_6.11.1.202404110753
2024-11-15 14:33:01,966 [INFO] DbMcusXml:78 - Set database path to: C:\ST\STM32CubeIDE_1.15.1\STM32CubeIDE\plugins\com.st.stm32cube.common.mx_6.11.1.202404110753\\db\/mcu/
2024-11-15 14:33:01,966 [INFO] ApiDb:274 - Set plugin database path to: C:\ST\STM32CubeIDE_1.15.1\STM32CubeIDE\plugins\com.st.stm32cube.common.mx_6.11.1.202404110753\\db\/plugins/boardmanager/
2024-11-15 14:33:01,967 [WARN] ApiDb:259 - Overriding images path with different value:  => C:\ST\STM32CubeIDE_1.15.1\STM32CubeIDE\plugins\com.st.stm32cube.common.mx_6.11.1.202404110753\\db\/plugins/mcufinder/images/
2024-11-15 14:33:01,981 [INFO] ApiDb:250 - Set database path to: C:\Users\gusta\.stmcufinder\plugins\mcufinder//mcu/
2024-11-15 14:33:01,983 [INFO] DbMcusAds:125 - Set database path to: C:\Users\gusta\.stmcufinder\plugins\mcufinder//mcu/
2024-11-15 14:33:01,987 [INFO] CrossReferenceDbSqlite:203 - Set database path to: C:\Users\gusta\.stmcufinder\plugins\mcufinder//mcu/cs/
2024-11-15 14:33:02,181 [INFO] RulesReader:64 - Compatibility file has been processed (297 Rules)
2024-11-15 14:33:02,314 [INFO] DbMcusXml:78 - Set database path to: C:\ST\STM32CubeIDE_1.15.1\STM32CubeIDE\plugins\com.st.stm32cube.common.mx_6.11.1.202404110753\\db\/mcu/
2024-11-15 14:33:02,315 [INFO] ApiDb:274 - Set plugin database path to: C:\ST\STM32CubeIDE_1.15.1\STM32CubeIDE\plugins\com.st.stm32cube.common.mx_6.11.1.202404110753\\db\/plugins/boardmanager/
2024-11-15 14:33:02,315 [INFO] ApiDb:261 - Set plugin images path to: C:\ST\STM32CubeIDE_1.15.1\STM32CubeIDE\plugins\com.st.stm32cube.common.mx_6.11.1.202404110753\\db\/plugins/mcufinder/images/
2024-11-15 14:33:02,315 [WARN] DbFile:41 - Overriding database path with different value: C:\Users\gusta\.stmcufinder\plugins\mcufinder/ => C:\Users\gusta\.stmcufinder\plugins\mcufinder
2024-11-15 14:33:02,315 [INFO] ApiDb:250 - Set database path to: C:\Users\gusta\.stmcufinder\plugins\mcufinder//mcu/
2024-11-15 14:33:02,315 [WARN] DbFile:41 - Overriding database path with different value: C:\Users\gusta\.stmcufinder\plugins\mcufinder/ => C:\Users\gusta\.stmcufinder\plugins\mcufinder
2024-11-15 14:33:02,316 [INFO] DbMcusAds:125 - Set database path to: C:\Users\gusta\.stmcufinder\plugins\mcufinder//mcu/
2024-11-15 14:33:02,316 [WARN] DbFile:41 - Overriding database path with different value: C:\Users\gusta\.stmcufinder\plugins\mcufinder/ => C:\Users\gusta\.stmcufinder\plugins\mcufinder
2024-11-15 14:33:02,316 [WARN] DbFile:41 - Overriding database path with different value: C:\Users\gusta\.stmcufinder\plugins\mcufinder/ => C:\Users\gusta\.stmcufinder\plugins\mcufinder
2024-11-15 14:33:02,316 [INFO] CrossReferenceDbSqlite:203 - Set database path to: C:\Users\gusta\.stmcufinder\plugins\mcufinder//mcu/cs/
2024-11-15 14:33:02,441 [INFO] MainPanel:264 - HeapMemory: 268435456
2024-11-15 14:33:02,575 [INFO] DbMcusXml:78 - Set database path to: C:\ST\STM32CubeIDE_1.15.1\STM32CubeIDE\plugins\com.st.stm32cube.common.mx_6.11.1.202404110753\\db\/mcu/
2024-11-15 14:33:02,575 [INFO] ApiDb:274 - Set plugin database path to: C:\ST\STM32CubeIDE_1.15.1\STM32CubeIDE\plugins\com.st.stm32cube.common.mx_6.11.1.202404110753\\db\/plugins/boardmanager/
2024-11-15 14:33:02,575 [INFO] ApiDb:261 - Set plugin images path to: C:\ST\STM32CubeIDE_1.15.1\STM32CubeIDE\plugins\com.st.stm32cube.common.mx_6.11.1.202404110753\\db\/plugins/mcufinder/images/
2024-11-15 14:33:02,575 [WARN] DbFile:41 - Overriding database path with different value: C:\Users\gusta\.stmcufinder\plugins\mcufinder/ => C:\Users\gusta\.stmcufinder\plugins\mcufinder
2024-11-15 14:33:02,576 [INFO] ApiDb:250 - Set database path to: C:\Users\gusta\.stmcufinder\plugins\mcufinder//mcu/
2024-11-15 14:33:02,576 [WARN] DbFile:41 - Overriding database path with different value: C:\Users\gusta\.stmcufinder\plugins\mcufinder/ => C:\Users\gusta\.stmcufinder\plugins\mcufinder
2024-11-15 14:33:02,576 [INFO] DbMcusAds:125 - Set database path to: C:\Users\gusta\.stmcufinder\plugins\mcufinder//mcu/
2024-11-15 14:33:02,576 [WARN] DbFile:41 - Overriding database path with different value: C:\Users\gusta\.stmcufinder\plugins\mcufinder/ => C:\Users\gusta\.stmcufinder\plugins\mcufinder
2024-11-15 14:33:02,576 [WARN] DbFile:41 - Overriding database path with different value: C:\Users\gusta\.stmcufinder\plugins\mcufinder/ => C:\Users\gusta\.stmcufinder\plugins\mcufinder
2024-11-15 14:33:02,576 [INFO] CrossReferenceDbSqlite:203 - Set database path to: C:\Users\gusta\.stmcufinder\plugins\mcufinder//mcu/cs/
2024-11-15 14:33:02,599 [INFO] ApplicationProperties:184 - Using Application install path: C:\ST\STM32CubeIDE_1.15.1\STM32CubeIDE\plugins\com.st.stm32cube.common.mx_6.11.1.202404110753
2024-11-15 14:33:02,601 [INFO] PluginManage:196 - Search for loadable plugins [exclusion list=, ]
2024-11-15 14:33:02,603 [INFO] PluginManage:310 - Check plugin analytics
2024-11-15 14:33:02,890 [INFO] AnalyticsPlugin:253 - Accepted Software Licenses: 
2024-11-15 14:33:02,890 [INFO] AnalyticsPlugin:255 - Accepted CMSIS Pack Licenses: 
2024-11-15 14:33:02,891 [INFO] AnalyticsPlugin:257 - Accepted Firmware Licenses: FW.F4.1.27.0,FW.F4.1.28.0
2024-11-15 14:33:02,897 [INFO] PluginManage:359 - Loaded plugin analytics (category:tool,tabindex:-1)
2024-11-15 14:33:02,897 [INFO] PluginManage:310 - Check plugin cadmodel
2024-11-15 14:33:02,906 [INFO] CADModel:105 - Init CAD model plugin
2024-11-15 14:33:02,906 [INFO] PluginManage:359 - Loaded plugin cadmodel (category:power,tabindex:5)
2024-11-15 14:33:02,907 [INFO] PluginManage:310 - Check plugin clock
2024-11-15 14:33:02,924 [INFO] PluginManage:359 - Loaded plugin clock (category:base,tabindex:2)
2024-11-15 14:33:02,924 [INFO] PluginManage:310 - Check plugin ddr
2024-11-15 14:33:02,929 [INFO] PluginManage:359 - Loaded plugin ddr (category:tool,tabindex:6)
2024-11-15 14:33:02,929 [INFO] PluginManage:310 - Check plugin filemanager
2024-11-15 14:33:03,161 [INFO] PluginManage:359 - Loaded plugin filemanager (category:base,tabindex:10)
2024-11-15 14:33:03,161 [INFO] PluginManage:310 - Check plugin ipmanager
2024-11-15 14:33:03,173 [INFO] PluginManage:359 - Loaded plugin ipmanager (category:base,tabindex:5)
2024-11-15 14:33:03,173 [INFO] PluginManage:310 - Check plugin lpbam
2024-11-15 14:33:03,187 [INFO] PluginManage:359 - Loaded plugin lpbam (category:base,tabindex:0)
2024-11-15 14:33:03,188 [INFO] PluginManage:310 - Check plugin memorymap
2024-11-15 14:33:03,214 [INFO] PluginManage:359 - Loaded plugin memorymap (category:base,tabindex:4)
2024-11-15 14:33:03,214 [INFO] PluginManage:310 - Check plugin pinoutandconfiguration
2024-11-15 14:33:03,226 [INFO] PluginManage:359 - Loaded plugin pinoutandconfiguration (category:base,tabindex:1)
2024-11-15 14:33:03,226 [INFO] PluginManage:310 - Check plugin pinoutconfig
2024-11-15 14:33:03,354 [WARN] SupportedApi:132 - Cannot load RTOS API schema: s4s-elt-must-match.1: The content of 'definitions' must match (annotation?, (simpleType | complexType)?, (unique | key | keyref)*)). A problem was found starting at: attribute.
2024-11-15 14:33:03,593 [INFO] PluginManage:359 - Loaded plugin pinoutconfig (category:base,tabindex:0)
2024-11-15 14:33:03,593 [INFO] PluginManage:310 - Check plugin power
2024-11-15 14:33:03,609 [INFO] PluginManage:359 - Loaded plugin power (category:power,tabindex:4)
2024-11-15 14:33:03,610 [INFO] PluginManage:310 - Check plugin projectmanager
2024-11-15 14:33:03,652 [INFO] PluginManage:359 - Loaded plugin projectmanager (category:projectmanager,tabindex:3)
2024-11-15 14:33:03,653 [INFO] PluginManage:310 - Check plugin thirdparty
2024-11-15 14:33:03,873 [INFO] PluginManage:359 - Loaded plugin thirdparty (category:base,tabindex:-1)
2024-11-15 14:33:03,873 [INFO] PluginManage:310 - Check plugin tools
2024-11-15 14:33:03,873 [WARN] IntegrityCheckThread:84 - waiting for thirdparty lock release [integrity check]
2024-11-15 14:33:03,874 [INFO] IntegrityCheckThread:86 - entering critical section [integrity check]
2024-11-15 14:33:03,876 [INFO] ThirdPartyUpdaterWithRetryManager:70 - Updater plugin not ready yet. [1/15]
2024-11-15 14:33:03,878 [INFO] PluginManage:359 - Loaded plugin tools (category:base,tabindex:7)
2024-11-15 14:33:03,878 [INFO] PluginManage:310 - Check plugin tutovideos
2024-11-15 14:33:04,135 [INFO] PluginManage:359 - Loaded plugin tutovideos (category:base,tabindex:-1)
2024-11-15 14:33:04,136 [INFO] PluginManage:310 - Check plugin updater
2024-11-15 14:33:04,163 [INFO] PluginManage:359 - Loaded plugin updater (category:base,tabindex:12)
2024-11-15 14:33:04,163 [INFO] PluginManage:310 - Check plugin userauth
2024-11-15 14:33:04,172 [INFO] UserAuth:114 - Init User Auth plugin
2024-11-15 14:33:04,172 [INFO] PluginManage:359 - Loaded plugin userauth (category:base,tabindex:14)
2024-11-15 14:33:04,173 [INFO] PluginManage:283 - PluginManage : Loaded plugins [17]
2024-11-15 14:33:04,512 [INFO] PinOutPanel:1561 - setPackage(No Configuration,No Configuration)
2024-11-15 14:33:04,614 [INFO] CADModel:165 - CPN selected for project level
2024-11-15 14:33:04,615 [INFO] CADModel:114 - Register for checkConnection events
2024-11-15 14:33:04,636 [INFO] IPUIPlugin:80 - create IPUIPlugin
2024-11-15 14:33:04,636 [INFO] PluginManager:220 - loadIPPluginJar : add adc
2024-11-15 14:33:04,639 [INFO] IPUIPlugin:80 - create IPUIPlugin
2024-11-15 14:33:04,640 [INFO] PluginManager:220 - loadIPPluginJar : add aes
2024-11-15 14:33:04,644 [INFO] IPUIPlugin:80 - create IPUIPlugin
2024-11-15 14:33:04,644 [INFO] PluginManager:220 - loadIPPluginJar : add can
2024-11-15 14:33:04,646 [INFO] IPUIPlugin:80 - create IPUIPlugin
2024-11-15 14:33:04,647 [INFO] PluginManager:220 - loadIPPluginJar : add comp
2024-11-15 14:33:04,650 [INFO] IPUIPlugin:80 - create IPUIPlugin
2024-11-15 14:33:04,650 [INFO] PluginManager:220 - loadIPPluginJar : add cryp
2024-11-15 14:33:04,653 [INFO] IPUIPlugin:80 - create IPUIPlugin
2024-11-15 14:33:04,654 [INFO] PluginManager:220 - loadIPPluginJar : add dfsdm
2024-11-15 14:33:04,660 [INFO] IPUIPlugin:80 - create IPUIPlugin
2024-11-15 14:33:04,661 [INFO] PluginManager:220 - loadIPPluginJar : add dma
2024-11-15 14:33:04,664 [INFO] IPUIPlugin:80 - create IPUIPlugin
2024-11-15 14:33:04,664 [INFO] PluginManager:220 - loadIPPluginJar : add dma3
2024-11-15 14:33:04,668 [INFO] IPUIPlugin:80 - create IPUIPlugin
2024-11-15 14:33:04,668 [INFO] PluginManager:220 - loadIPPluginJar : add extmemmanager
2024-11-15 14:33:04,671 [INFO] IPUIPlugin:80 - create IPUIPlugin
2024-11-15 14:33:04,671 [INFO] PluginManager:220 - loadIPPluginJar : add fatfs
2024-11-15 14:33:04,677 [INFO] IPUIPlugin:80 - create IPUIPlugin
2024-11-15 14:33:04,677 [INFO] PluginManager:220 - loadIPPluginJar : add fmc
2024-11-15 14:33:04,683 [INFO] IPUIPlugin:80 - create IPUIPlugin
2024-11-15 14:33:04,683 [INFO] PluginManager:220 - loadIPPluginJar : add freertos
2024-11-15 14:33:04,686 [INFO] IPUIPlugin:80 - create IPUIPlugin
2024-11-15 14:33:04,686 [INFO] PluginManager:220 - loadIPPluginJar : add genericplugin
2024-11-15 14:33:04,689 [INFO] IPUIPlugin:80 - create IPUIPlugin
2024-11-15 14:33:04,690 [INFO] PluginManager:220 - loadIPPluginJar : add gfxmmu
2024-11-15 14:33:04,695 [INFO] IPUIPlugin:80 - create IPUIPlugin
2024-11-15 14:33:04,696 [INFO] PluginManager:220 - loadIPPluginJar : add gic
2024-11-15 14:33:04,701 [INFO] IPUIPlugin:80 - create IPUIPlugin
2024-11-15 14:33:04,701 [INFO] PluginManager:220 - loadIPPluginJar : add gpio
2024-11-15 14:33:04,705 [INFO] IPUIPlugin:80 - create IPUIPlugin
2024-11-15 14:33:04,705 [INFO] PluginManager:220 - loadIPPluginJar : add gtzc
2024-11-15 14:33:04,708 [INFO] IPUIPlugin:80 - create IPUIPlugin
2024-11-15 14:33:04,709 [INFO] PluginManager:220 - loadIPPluginJar : add hash
2024-11-15 14:33:04,712 [INFO] IPUIPlugin:80 - create IPUIPlugin
2024-11-15 14:33:04,712 [INFO] PluginManager:220 - loadIPPluginJar : add i2c
2024-11-15 14:33:04,715 [INFO] IPUIPlugin:80 - create IPUIPlugin
2024-11-15 14:33:04,716 [INFO] PluginManager:220 - loadIPPluginJar : add i2s
2024-11-15 14:33:04,719 [INFO] IPUIPlugin:80 - create IPUIPlugin
2024-11-15 14:33:04,719 [INFO] PluginManager:220 - loadIPPluginJar : add i3c
2024-11-15 14:33:04,723 [INFO] IPUIPlugin:80 - create IPUIPlugin
2024-11-15 14:33:04,724 [INFO] PluginManager:220 - loadIPPluginJar : add ipddr
2024-11-15 14:33:04,731 [INFO] IPUIPlugin:80 - create IPUIPlugin
2024-11-15 14:33:04,731 [INFO] PluginManager:220 - loadIPPluginJar : add linkedlist
2024-11-15 14:33:04,734 [INFO] IPUIPlugin:80 - create IPUIPlugin
2024-11-15 14:33:04,734 [INFO] PluginManager:220 - loadIPPluginJar : add lorawan
2024-11-15 14:33:04,737 [INFO] IPUIPlugin:80 - create IPUIPlugin
2024-11-15 14:33:04,737 [INFO] PluginManager:220 - loadIPPluginJar : add ltdc
2024-11-15 14:33:04,748 [INFO] IPUIPlugin:80 - create IPUIPlugin
2024-11-15 14:33:04,748 [INFO] PluginManager:220 - loadIPPluginJar : add mdma
2024-11-15 14:33:04,755 [INFO] IPUIPlugin:80 - create IPUIPlugin
2024-11-15 14:33:04,755 [INFO] PluginManager:220 - loadIPPluginJar : add nvic
2024-11-15 14:33:04,761 [INFO] IPUIPlugin:80 - create IPUIPlugin
2024-11-15 14:33:04,761 [INFO] PluginManager:220 - loadIPPluginJar : add opamp
2024-11-15 14:33:04,767 [INFO] IPUIPlugin:80 - create IPUIPlugin
2024-11-15 14:33:04,767 [INFO] PluginManager:220 - loadIPPluginJar : add openamp
2024-11-15 14:33:04,771 [INFO] IPUIPlugin:80 - create IPUIPlugin
2024-11-15 14:33:04,772 [INFO] PluginManager:220 - loadIPPluginJar : add pdm2pcm
2024-11-15 14:33:04,782 [INFO] IPUIPlugin:80 - create IPUIPlugin
2024-11-15 14:33:04,786 [INFO] PluginManager:220 - loadIPPluginJar : add plateformsettings
2024-11-15 14:33:04,790 [INFO] IPUIPlugin:80 - create IPUIPlugin
2024-11-15 14:33:04,790 [INFO] PluginManager:220 - loadIPPluginJar : add quadspi
2024-11-15 14:33:04,796 [INFO] IPUIPlugin:80 - create IPUIPlugin
2024-11-15 14:33:04,796 [INFO] PluginManager:220 - loadIPPluginJar : add resmgrutility
2024-11-15 14:33:04,802 [INFO] IPUIPlugin:80 - create IPUIPlugin
2024-11-15 14:33:04,802 [INFO] PluginManager:220 - loadIPPluginJar : add sai
2024-11-15 14:33:04,806 [INFO] IPUIPlugin:80 - create IPUIPlugin
2024-11-15 14:33:04,806 [INFO] PluginManager:220 - loadIPPluginJar : add spi
2024-11-15 14:33:04,814 [INFO] IPUIPlugin:80 - create IPUIPlugin
2024-11-15 14:33:04,814 [INFO] PluginManager:220 - loadIPPluginJar : add stm32_wpan
2024-11-15 14:33:04,817 [INFO] IPUIPlugin:80 - create IPUIPlugin
2024-11-15 14:33:04,817 [INFO] PluginManager:220 - loadIPPluginJar : add tim
2024-11-15 14:33:04,824 [INFO] IPUIPlugin:80 - create IPUIPlugin
2024-11-15 14:33:04,824 [INFO] PluginManager:220 - loadIPPluginJar : add touchsensing
2024-11-15 14:33:04,828 [INFO] IPUIPlugin:80 - create IPUIPlugin
2024-11-15 14:33:04,828 [INFO] PluginManager:220 - loadIPPluginJar : add tracer_emb
2024-11-15 14:33:04,832 [INFO] IPUIPlugin:80 - create IPUIPlugin
2024-11-15 14:33:04,832 [INFO] PluginManager:220 - loadIPPluginJar : add ts
2024-11-15 14:33:04,835 [INFO] IPUIPlugin:80 - create IPUIPlugin
2024-11-15 14:33:04,835 [INFO] PluginManager:220 - loadIPPluginJar : add tsc
2024-11-15 14:33:04,839 [INFO] IPUIPlugin:80 - create IPUIPlugin
2024-11-15 14:33:04,839 [INFO] PluginManager:220 - loadIPPluginJar : add ucpd
2024-11-15 14:33:04,844 [INFO] IPUIPlugin:80 - create IPUIPlugin
2024-11-15 14:33:04,845 [INFO] PluginManager:220 - loadIPPluginJar : add usart
2024-11-15 14:33:04,849 [INFO] IPUIPlugin:80 - create IPUIPlugin
2024-11-15 14:33:04,849 [INFO] PluginManager:220 - loadIPPluginJar : add usbx
2024-11-15 14:33:05,000 [INFO] CADModel:165 - CPN selected for project level
2024-11-15 14:33:05,000 [INFO] CADModel:114 - Register for checkConnection events
2024-11-15 14:33:05,001 [FATAL] Updater:308 - Updater called before beeing initialized
2024-11-15 14:33:05,001 [ERROR] CADModel:125 - Updater not yet initialized, retry later 
2024-11-15 14:33:05,227 [INFO] CADModel:165 - CPN selected for project level
2024-11-15 14:33:05,228 [INFO] CADModel:114 - Register for checkConnection events
2024-11-15 14:33:05,228 [FATAL] Updater:308 - Updater called before beeing initialized
2024-11-15 14:33:05,228 [ERROR] CADModel:125 - Updater not yet initialized, retry later 
2024-11-15 14:33:05,232 [FATAL] Updater:308 - Updater called before beeing initialized
2024-11-15 14:33:05,416 [FATAL] Updater:308 - Updater called before beeing initialized
2024-11-15 14:33:05,420 [INFO] DbMcusAds:53 - JSON generation date=Thu May 16 06:22:00 ART 2024 (1715851320667)
2024-11-15 14:33:05,421 [FATAL] Updater:308 - Updater called before beeing initialized
2024-11-15 14:33:05,507 [WARN] DetailPanel:346 - Failed to get advertising image, set to default
2024-11-15 14:33:05,620 [FATAL] Updater:308 - Updater called before beeing initialized
2024-11-15 14:33:05,623 [FATAL] Updater:308 - Updater called before beeing initialized
2024-11-15 14:33:05,623 [FATAL] Updater:308 - Updater called before beeing initialized
2024-11-15 14:33:05,623 [WARN] DetailPanel:346 - Failed to get advertising image, set to default
2024-11-15 14:33:05,624 [FATAL] Updater:308 - Updater called before beeing initialized
2024-11-15 14:33:05,733 [ERROR] Updater:1120 - MainUpdater not yet initialized. External WinMGr cannot be set.
2024-11-15 14:33:05,736 [INFO] Updater:1056 - Updater Version found : 6.11.1
2024-11-15 14:33:05,764 [INFO] ApplicationProperties:184 - Using Application install path: C:\ST\STM32CubeIDE_1.15.1\STM32CubeIDE\plugins\com.st.stm32cube.common.mx_6.11.1.202404110753
2024-11-15 14:33:06,877 [INFO] ThirdPartyUpdaterWithRetryManager:70 - Updater plugin not ready yet. [2/15]
2024-11-15 14:33:07,366 [ERROR] LogOutputStream:75 - [STDERR_REDIRECT] Nov 15, 2024 2:33:07 PM java.util.prefs.WindowsPreferences <init>
2024-11-15 14:33:07,369 [ERROR] LogOutputStream:75 - [STDERR_REDIRECT] WARNING: Could not open/create prefs root node Software\JavaSoft\Prefs at root 0xffffffff80000002. Windows RegCreateKeyEx(...) returned error code 5.
2024-11-15 14:33:07,370 [ERROR] LogOutputStream:75 - [STDERR_REDIRECT] 
2024-11-15 14:33:08,228 [INFO] MainUpdater:2873 - connection check result : 10
2024-11-15 14:33:08,230 [INFO] MainUpdater:290 - Updater Check For Update Now.
2024-11-15 14:33:08,231 [INFO] MicroXplorer:498 - Change Database Version : DB.6.0.111
2024-11-15 14:33:08,243 [INFO] McuFinderGlobals:63 - Set McuFinder mode to 2 (CubeIDE integrated)
2024-11-15 14:33:08,254 [INFO] UserAuth:415 - Internet connection configuration mode: 1
2024-11-15 14:33:08,312 [INFO] JxBrowserEngine:152 - Initiate JxBrowser Engine with user profile folder
2024-11-15 14:33:08,521 [INFO] CheckServerUpdateThread:120 - End of CheckServer Thread
2024-11-15 14:33:09,435 [INFO] WebApp:161 - Instantiating new browser for Auth
2024-11-15 14:33:10,347 [WARN] PackLoader:240 - Cannot read IP mode file for STMicroelectronics.FP-SNS-MOTENVWB1.1.4.0
2024-11-15 14:33:10,361 [WARN] PackLoader:240 - Cannot read IP mode file for STMicroelectronics.FP-ATR-ASTRA1.2.0.1
2024-11-15 14:33:10,372 [WARN] PackLoader:240 - Cannot read IP mode file for STMicroelectronics.X-CUBE-SMBUS.2.1.0
2024-11-15 14:33:10,388 [WARN] PackLoader:240 - Cannot read IP mode file for STMicroelectronics.X-CUBE-WB05N.1.1.0
2024-11-15 14:33:10,397 [WARN] PackLoader:240 - Cannot read IP mode file for STMicroelectronics.X-CUBE-TOUCHGFX.4.23.1
2024-11-15 14:33:10,402 [WARN] PackLoader:240 - Cannot read IP mode file for STMicroelectronics.X-CUBE-TOUCHGFX.4.23.0
2024-11-15 14:33:10,408 [WARN] PackLoader:240 - Cannot read IP mode file for STMicroelectronics.X-CUBE-TOUCHGFX.4.23.2
2024-11-15 14:33:10,489 [WARN] PackLoader:240 - Cannot read IP mode file for STMicroelectronics.X-CUBE-AZRTOS-F7.1.1.0
2024-11-15 14:33:10,506 [WARN] PackLoader:240 - Cannot read IP mode file for STMicroelectronics.FP-SNS-MOTENV1.4.3.2
2024-11-15 14:33:10,527 [INFO] WebApp:779 - Register for checkConnection events
2024-11-15 14:33:10,527 [INFO] WebApp:414 - Apply proxy settings
2024-11-15 14:33:10,527 [INFO] WebApp:499 - Chromium requires no authentication
2024-11-15 14:33:10,563 [INFO] WebApp:442 - Direct internet connection detected
2024-11-15 14:33:10,622 [WARN] PackLoader:240 - Cannot read IP mode file for STMicroelectronics.X-CUBE-MEMS1.11.0.0
2024-11-15 14:33:11,042 [WARN] PackLoader:240 - Cannot read IP mode file for STMicroelectronics.FP-SNS-FLIGHT1.5.0.2
2024-11-15 14:33:11,053 [WARN] PackLoader:240 - Cannot read IP mode file for STMicroelectronics.X-CUBE-DISPLAY.3.0.0
2024-11-15 14:33:11,076 [WARN] PackLoader:240 - Cannot read IP mode file for STMicroelectronics.X-CUBE-BLE1.7.0.0
2024-11-15 14:33:11,122 [WARN] PackLoader:240 - Cannot read IP mode file for STMicroelectronics.X-CUBE-NFC10.1.0.0
2024-11-15 14:33:11,134 [WARN] PackLoader:240 - Cannot read IP mode file for emotas.I-CUBE-CANOPEN.1.3.0
2024-11-15 14:33:11,140 [WARN] PackLoader:240 - Cannot read IP mode file for STMicroelectronics.X-CUBE-TOUCHGFX.4.22.1
2024-11-15 14:33:11,156 [WARN] PackLoader:240 - Cannot read IP mode file for STMicroelectronics.X-CUBE-BLEMGR.3.1.0
2024-11-15 14:33:11,166 [WARN] PackLoader:240 - Cannot read IP mode file for STMicroelectronics.FP-SNS-SMARTAG2.1.2.0
2024-11-15 14:33:11,184 [INFO] LogOutputStream:77 - [STDOUT_REDIRECT] 1 : Invalid condition id : UX_CORESTACK_Condition cause : null
2024-11-15 14:33:11,185 [INFO] LogOutputStream:77 - [STDOUT_REDIRECT] 1 : Invalid condition id : UX_CORESTACK_Condition cause : null
2024-11-15 14:33:11,187 [INFO] LogOutputStream:77 - [STDOUT_REDIRECT] 1 : Invalid condition id : UX_CORESTACK_Condition cause : null
2024-11-15 14:33:11,189 [INFO] LogOutputStream:77 - [STDOUT_REDIRECT] 1 : Invalid condition id : UX_CORESTACK_Condition cause : null
2024-11-15 14:33:11,221 [INFO] LogOutputStream:77 - [STDOUT_REDIRECT] 1 : Invalid condition id : UX_CORESTACK_Condition cause : null
2024-11-15 14:33:11,245 [WARN] PackLoader:240 - Cannot read IP mode file for STMicroelectronics.X-CUBE-AZRTOS-WL.2.0.0
2024-11-15 14:33:11,252 [WARN] PackLoader:240 - Cannot read IP mode file for STMicroelectronics.FP-SNS-MOTENV1.5.0.0
2024-11-15 14:33:11,264 [WARN] PackLoader:240 - Cannot read IP mode file for wolfSSL.I-CUBE-wolfMQTT.1.19.0
2024-11-15 14:33:11,274 [WARN] PackLoader:240 - Cannot read IP mode file for WES.I-CUBE-Cesium.1.3.0
2024-11-15 14:33:11,294 [WARN] PackLoader:240 - Cannot read IP mode file for STMicroelectronics.X-CUBE-BLE2.3.3.0
2024-11-15 14:33:11,302 [WARN] PackLoader:240 - Cannot read IP mode file for STMicroelectronics.X-CUBE-NFC9.1.0.0
2024-11-15 14:33:11,313 [WARN] PackLoader:240 - Cannot read IP mode file for STMicroelectronics.X-CUBE-TCPP.4.1.0
2024-11-15 14:33:11,324 [WARN] PackLoader:240 - Cannot read IP mode file for STMicroelectronics.X-CUBE-ALGOBUILD.1.3.0
2024-11-15 14:33:11,347 [WARN] PackLoader:240 - Cannot read IP mode file for STMicroelectronics.X-CUBE-AZRTOS-G0.1.1.0
2024-11-15 14:33:11,374 [WARN] PackLoader:240 - Cannot read IP mode file for STMicroelectronics.X-CUBE-SAFEA1.1.2.2
2024-11-15 14:33:11,384 [WARN] PackLoader:240 - Cannot read IP mode file for STMicroelectronics.X-CUBE-NFC4.3.0.0
2024-11-15 14:33:11,390 [WARN] PackLoader:240 - Cannot read IP mode file for wolfSSL.I-CUBE-wolfMQTT.1.18.0
2024-11-15 14:33:11,406 [WARN] PackLoader:240 - Cannot read IP mode file for EmbeddedOffice.I-CUBE-FS-RTOS.1.0.1
2024-11-15 14:33:11,406 [ERROR] ConditionMgr:805 - Attr not supported : Dmpu
2024-11-15 14:33:11,407 [ERROR] ConditionMgr:805 - Attr not supported : Dmpu
2024-11-15 14:33:11,407 [ERROR] ConditionMgr:805 - Attr not supported : Dmpu
2024-11-15 14:33:11,407 [ERROR] ConditionMgr:805 - Attr not supported : Dmpu
2024-11-15 14:33:11,407 [ERROR] ConditionMgr:805 - Attr not supported : Dmpu
2024-11-15 14:33:11,407 [ERROR] ConditionMgr:805 - Attr not supported : Dmpu
2024-11-15 14:33:11,407 [ERROR] ConditionMgr:805 - Attr not supported : Dmpu
2024-11-15 14:33:11,408 [ERROR] ConditionMgr:805 - Attr not supported : Dmpu
2024-11-15 14:33:11,408 [ERROR] ConditionMgr:805 - Attr not supported : Dmpu
2024-11-15 14:33:11,408 [ERROR] ConditionMgr:805 - Attr not supported : Dmpu
2024-11-15 14:33:11,408 [ERROR] ConditionMgr:805 - Attr not supported : Dmpu
2024-11-15 14:33:11,408 [ERROR] ConditionMgr:805 - Attr not supported : Dmpu
2024-11-15 14:33:11,408 [ERROR] ConditionMgr:805 - Attr not supported : Dmpu
2024-11-15 14:33:11,409 [ERROR] ConditionMgr:805 - Attr not supported : Dmpu
2024-11-15 14:33:11,409 [ERROR] ConditionMgr:805 - Attr not supported : Dmpu
2024-11-15 14:33:11,409 [ERROR] ConditionMgr:805 - Attr not supported : Dmpu
2024-11-15 14:33:11,409 [ERROR] ConditionMgr:805 - Attr not supported : Dmpu
2024-11-15 14:33:11,409 [ERROR] ConditionMgr:805 - Attr not supported : Dmpu
2024-11-15 14:33:11,409 [ERROR] ConditionMgr:805 - Attr not supported : Dmpu
2024-11-15 14:33:11,409 [ERROR] ConditionMgr:805 - Attr not supported : Dmpu
2024-11-15 14:33:11,410 [ERROR] ConditionMgr:805 - Attr not supported : Dmpu
2024-11-15 14:33:11,410 [ERROR] ConditionMgr:805 - Attr not supported : Dmpu
2024-11-15 14:33:11,410 [ERROR] ConditionMgr:805 - Attr not supported : Dmpu
2024-11-15 14:33:11,411 [ERROR] ConditionMgr:805 - Attr not supported : Dmpu
2024-11-15 14:33:11,416 [ERROR] ConditionMgr:805 - Attr not supported : Dmpu
2024-11-15 14:33:11,416 [ERROR] ConditionMgr:805 - Attr not supported : Dmpu
2024-11-15 14:33:11,416 [ERROR] ConditionMgr:805 - Attr not supported : Dmpu
2024-11-15 14:33:11,416 [ERROR] ConditionMgr:805 - Attr not supported : Dmpu
2024-11-15 14:33:11,417 [ERROR] ConditionMgr:805 - Attr not supported : Dmpu
2024-11-15 14:33:11,417 [ERROR] ConditionMgr:805 - Attr not supported : Dmpu
2024-11-15 14:33:11,417 [ERROR] ConditionMgr:805 - Attr not supported : Dmpu
2024-11-15 14:33:11,417 [ERROR] ConditionMgr:805 - Attr not supported : Dmpu
2024-11-15 14:33:11,417 [ERROR] ConditionMgr:805 - Attr not supported : Dmpu
2024-11-15 14:33:11,417 [ERROR] ConditionMgr:805 - Attr not supported : Dmpu
2024-11-15 14:33:11,417 [ERROR] ConditionMgr:805 - Attr not supported : Dmpu
2024-11-15 14:33:11,417 [ERROR] ConditionMgr:805 - Attr not supported : Dmpu
2024-11-15 14:33:11,418 [ERROR] ConditionMgr:805 - Attr not supported : Dmpu
2024-11-15 14:33:11,418 [ERROR] ConditionMgr:805 - Attr not supported : Dmpu
2024-11-15 14:33:11,418 [ERROR] ConditionMgr:805 - Attr not supported : Dmpu
2024-11-15 14:33:11,418 [ERROR] ConditionMgr:805 - Attr not supported : Dmpu
2024-11-15 14:33:11,418 [ERROR] ConditionMgr:805 - Attr not supported : Dmpu
2024-11-15 14:33:11,418 [ERROR] ConditionMgr:805 - Attr not supported : Dmpu
2024-11-15 14:33:11,418 [ERROR] ConditionMgr:805 - Attr not supported : Dmpu
2024-11-15 14:33:11,419 [ERROR] ConditionMgr:805 - Attr not supported : Dmpu
2024-11-15 14:33:11,419 [ERROR] ConditionMgr:805 - Attr not supported : Dmpu
2024-11-15 14:33:11,419 [ERROR] ConditionMgr:805 - Attr not supported : Dmpu
2024-11-15 14:33:11,419 [ERROR] ConditionMgr:805 - Attr not supported : Dmpu
2024-11-15 14:33:11,419 [ERROR] ConditionMgr:805 - Attr not supported : Dmpu
2024-11-15 14:33:11,419 [ERROR] ConditionMgr:805 - Attr not supported : Dmpu
2024-11-15 14:33:11,419 [ERROR] ConditionMgr:805 - Attr not supported : Dmpu
2024-11-15 14:33:11,419 [ERROR] ConditionMgr:805 - Attr not supported : Dmpu
2024-11-15 14:33:11,420 [ERROR] ConditionMgr:805 - Attr not supported : Dmpu
2024-11-15 14:33:11,420 [ERROR] ConditionMgr:805 - Attr not supported : Dmpu
2024-11-15 14:33:11,420 [ERROR] ConditionMgr:805 - Attr not supported : Dmpu
2024-11-15 14:33:11,420 [ERROR] ConditionMgr:805 - Attr not supported : Dmpu
2024-11-15 14:33:11,420 [ERROR] ConditionMgr:805 - Attr not supported : Dmpu
2024-11-15 14:33:11,420 [ERROR] ConditionMgr:805 - Attr not supported : Dmpu
2024-11-15 14:33:11,420 [ERROR] ConditionMgr:805 - Attr not supported : Dmpu
2024-11-15 14:33:11,420 [ERROR] ConditionMgr:805 - Attr not supported : Dmpu
2024-11-15 14:33:11,420 [ERROR] ConditionMgr:805 - Attr not supported : Dmpu
2024-11-15 14:33:11,420 [ERROR] ConditionMgr:805 - Attr not supported : Dmpu
2024-11-15 14:33:11,421 [ERROR] ConditionMgr:805 - Attr not supported : Dmpu
2024-11-15 14:33:11,421 [ERROR] ConditionMgr:805 - Attr not supported : Dmpu
2024-11-15 14:33:11,421 [ERROR] ConditionMgr:805 - Attr not supported : Dmpu
2024-11-15 14:33:11,433 [WARN] PackLoader:240 - Cannot read IP mode file for STMicroelectronics.X-CUBE-BLEMGR.3.0.0
2024-11-15 14:33:11,444 [WARN] PackLoader:240 - Cannot read IP mode file for RealThread.X-CUBE-RT-Thread_Nano.4.1.1
2024-11-15 14:33:11,450 [WARN] PackLoader:240 - Cannot read IP mode file for STMicroelectronics.FP-ATR-SIGFOX1.3.2.0
2024-11-15 14:33:11,456 [WARN] ConditionMgr:438 - getConditionDescription Invalid condition id : Cortex-A Device cause : null
2024-11-15 14:33:11,477 [INFO] WebApp:192 - Starting web application
2024-11-15 14:33:11,477 [INFO] WebApp:544 - Web application path used C:\ST\STM32CubeIDE_1.15.1\STM32CubeIDE\plugins\com.st.stm32cube.common.mx_6.11.1.202404110753\db\plugins\mcufinder\reactClient1\index.html
2024-11-15 14:33:11,490 [WARN] ConditionMgr:1039 - genDependencies : Invalid condition id : Cortex-A Device cause : null
2024-11-15 14:33:11,491 [WARN] ConditionMgr:1039 - genDependencies : Invalid condition id : Cortex-A Device cause : null
2024-11-15 14:33:11,491 [WARN] ConditionMgr:1039 - genDependencies : Invalid condition id : Cortex-A Device cause : null
2024-11-15 14:33:11,502 [WARN] PackLoader:240 - Cannot read IP mode file for STMicroelectronics.X-CUBE-EEPRMA1.5.1.0
2024-11-15 14:33:11,567 [WARN] PackLoader:240 - Cannot read IP mode file for SEGGER.I-CUBE-embOS.1.3.1
2024-11-15 14:33:11,666 [WARN] PackLoader:240 - Cannot read IP mode file for STMicroelectronics.X-CUBE-ALGOBUILD.1.4.0
2024-11-15 14:33:11,672 [WARN] PackLoader:240 - Cannot read IP mode file for STMicroelectronics.X-CUBE-AI.9.1.0
2024-11-15 14:33:11,679 [WARN] PackLoader:240 - Cannot read IP mode file for STMicroelectronics.X-CUBE-GNSS1.6.0.0
2024-11-15 14:33:11,701 [WARN] PackLoader:240 - Cannot read IP mode file for STMicroelectronics.X-CUBE-AZRTOS-F4.1.1.0
2024-11-15 14:33:11,710 [WARN] PackLoader:240 - Cannot read IP mode file for wolfSSL.I-CUBE-wolfSSL.5.6.3
2024-11-15 14:33:11,716 [WARN] PackLoader:240 - Cannot read IP mode file for STMicroelectronics.X-CUBE-ISPU.2.1.0
2024-11-15 14:33:11,741 [WARN] PackLoader:240 - Cannot read IP mode file for STMicroelectronics.X-CUBE-FREERTOS.1.2.0
2024-11-15 14:33:11,768 [WARN] PackLoader:240 - Cannot read IP mode file for STMicroelectronics.X-CUBE-AZRTOS-L5.2.0.0
2024-11-15 14:33:11,854 [WARN] PackLoader:240 - Cannot read IP mode file for STMicroelectronics.X-CUBE-MEMS1.9.6.0
2024-11-15 14:33:12,323 [WARN] PackLoader:240 - Cannot read IP mode file for STMicroelectronics.X-CUBE-EEPRMA1.4.2.0
2024-11-15 14:33:12,335 [WARN] PackLoader:240 - Cannot read IP mode file for STMicroelectronics.X-CUBE-NFC6.3.1.0
2024-11-15 14:33:12,346 [WARN] PackLoader:240 - Cannot read IP mode file for ITTIA_DB.I-CUBE-ITTIADB.8.8.0
2024-11-15 14:33:12,357 [WARN] PackLoader:240 - Cannot read IP mode file for STMicroelectronics.X-CUBE-BLEMGR.2.0.0
2024-11-15 14:33:12,374 [WARN] PackLoader:240 - Cannot read IP mode file for STMicroelectronics.X-CUBE-DPower.1.2.0
2024-11-15 14:33:12,380 [WARN] PackLoader:240 - Cannot read IP mode file for STMicroelectronics.X-CUBE-AI.9.0.0
2024-11-15 14:33:12,403 [WARN] ConditionMgr:438 - getConditionDescription Invalid condition id : UX DEVICE CLASS RTOS Condition cause : null
2024-11-15 14:33:12,404 [WARN] ConditionMgr:438 - getConditionDescription Invalid condition id : UX DEVICE CLASS RTOS Condition cause : null
2024-11-15 14:33:12,408 [WARN] PackLoader:240 - Cannot read IP mode file for STMicroelectronics.X-CUBE-AZRTOS-H7.3.1.0
2024-11-15 14:33:12,409 [WARN] ConditionMgr:1039 - genDependencies : Invalid condition id : UX DEVICE CLASS RTOS Condition cause : null
2024-11-15 14:33:12,409 [WARN] ConditionMgr:1039 - genDependencies : Invalid condition id : UX DEVICE CLASS RTOS Condition cause : null
2024-11-15 14:33:12,411 [WARN] ConditionMgr:1039 - genDependencies : Invalid condition id : UX DEVICE CLASS RTOS Condition cause : null
2024-11-15 14:33:12,412 [WARN] ConditionMgr:1039 - genDependencies : Invalid condition id : UX DEVICE CLASS RTOS Condition cause : null
2024-11-15 14:33:12,412 [WARN] ConditionMgr:1039 - genDependencies : Invalid condition id : UX DEVICE CLASS RTOS Condition cause : null
2024-11-15 14:33:12,422 [WARN] PackLoader:240 - Cannot read IP mode file for STMicroelectronics.X-CUBE-NFC7.1.0.1
2024-11-15 14:33:12,428 [WARN] PackLoader:240 - Cannot read IP mode file for wolfSSL.I-CUBE-wolfTPM.3.2.0
2024-11-15 14:33:12,437 [WARN] PackLoader:240 - Cannot read IP mode file for STMicroelectronics.X-CUBE-NFC6.3.0.0
2024-11-15 14:33:12,447 [WARN] PackLoader:240 - Cannot read IP mode file for STMicroelectronics.X-CUBE-EEPRMA1.4.1.0
2024-11-15 14:33:12,454 [WARN] PackLoader:240 - Cannot read IP mode file for STMicroelectronics.X-CUBE-AI.8.1.0
2024-11-15 14:33:12,486 [WARN] ConditionMgr:438 - getConditionDescription Invalid condition id : LAN8742 Phy interface Condition cause : null
2024-11-15 14:33:12,487 [WARN] PackLoader:240 - Cannot read IP mode file for STMicroelectronics.X-CUBE-AZRTOS-L4.2.0.0
2024-11-15 14:33:12,489 [WARN] ConditionMgr:1039 - genDependencies : Invalid condition id : LAN8742 Phy interface Condition cause : null
2024-11-15 14:33:12,489 [WARN] ConditionMgr:1039 - genDependencies : Invalid condition id : LAN8742 Phy interface Condition cause : null
2024-11-15 14:33:12,490 [WARN] ConditionMgr:1039 - genDependencies : Invalid condition id : LAN8742 Phy interface Condition cause : null
2024-11-15 14:33:12,502 [WARN] PackLoader:240 - Cannot read IP mode file for STMicroelectronics.X-CUBE-SFXS2LP1.4.0.0
2024-11-15 14:33:12,508 [WARN] PackLoader:240 - Cannot read IP mode file for STMicroelectronics.X-CUBE-ISPU.1.1.0
2024-11-15 14:33:12,559 [WARN] PackLoader:240 - Cannot read IP mode file for STMicroelectronics.X-CUBE-AZRTOS-H7.3.3.0
2024-11-15 14:33:12,584 [WARN] PackLoader:240 - Cannot read IP mode file for STMicroelectronics.X-CUBE-IPS.3.0.0
2024-11-15 14:33:12,628 [WARN] ConditionMgr:438 - getConditionDescription Invalid condition id : UX DEVICE CLASS RTOS Condition cause : null
2024-11-15 14:33:12,628 [WARN] ConditionMgr:438 - getConditionDescription Invalid condition id : UX DEVICE CLASS RTOS Condition cause : null
2024-11-15 14:33:12,636 [WARN] PackLoader:240 - Cannot read IP mode file for STMicroelectronics.X-CUBE-AZRTOS-WB.2.0.0
2024-11-15 14:33:12,636 [WARN] ConditionMgr:1039 - genDependencies : Invalid condition id : UX DEVICE CLASS RTOS Condition cause : null
2024-11-15 14:33:12,637 [WARN] ConditionMgr:1039 - genDependencies : Invalid condition id : UX DEVICE CLASS RTOS Condition cause : null
2024-11-15 14:33:12,637 [WARN] ConditionMgr:1039 - genDependencies : Invalid condition id : UX DEVICE CLASS RTOS Condition cause : null
2024-11-15 14:33:12,638 [WARN] ConditionMgr:1039 - genDependencies : Invalid condition id : UX DEVICE CLASS RTOS Condition cause : null
2024-11-15 14:33:12,638 [WARN] ConditionMgr:1039 - genDependencies : Invalid condition id : UX DEVICE CLASS RTOS Condition cause : null
2024-11-15 14:33:12,646 [WARN] PackLoader:240 - Cannot read IP mode file for STMicroelectronics.X-CUBE-GNSS1.7.0.0
2024-11-15 14:33:12,657 [WARN] PackLoader:240 - Cannot read IP mode file for STMicroelectronics.FP-SNS-STBOX1.2.0.0
2024-11-15 14:33:12,674 [WARN] PackLoader:240 - Cannot read IP mode file for STMicroelectronics.X-CUBE-SUBG2.5.0.0
2024-11-15 14:33:12,688 [WARN] PackLoader:240 - Cannot read IP mode file for Cesanta.I-CUBE-Mongoose.7.13.0
2024-11-15 14:33:12,701 [WARN] PackLoader:240 - Cannot read IP mode file for STMicroelectronics.X-CUBE-TOF1.3.3.1
2024-11-15 14:33:12,744 [WARN] PackLoader:240 - Cannot read IP mode file for STMicroelectronics.X-CUBE-AZRTOS-G4.2.0.0
2024-11-15 14:33:12,767 [WARN] PackLoader:240 - Cannot read IP mode file for Infineon.AIROC-Wi-Fi-Bluetooth-STM32.1.5.1
2024-11-15 14:33:12,778 [WARN] PackLoader:240 - Cannot read IP mode file for STMicroelectronics.FP-SNS-MOTENVWB1.1.3.0
2024-11-15 14:33:12,785 [WARN] PackLoader:240 - Cannot read IP mode file for STMicroelectronics.FP-SNS-MOTENVWB1.1.3.1
2024-11-15 14:33:12,790 [WARN] PackLoader:240 - Cannot read IP mode file for STMicroelectronics.X-CUBE-ISPU.2.0.0
2024-11-15 14:33:12,796 [WARN] PackLoader:240 - Cannot read IP mode file for STMicroelectronics.X-CUBE-ALS.1.0.2
2024-11-15 14:33:12,862 [WARN] PackLoader:240 - Cannot read IP mode file for STMicroelectronics.X-CUBE-MEMS1.10.0.0
2024-11-15 14:33:13,108 [WARN] PackLoader:240 - Cannot read IP mode file for STMicroelectronics.X-CUBE-FREERTOS.1.1.0
2024-11-15 14:33:13,114 [WARN] PackLoader:240 - Cannot read IP mode file for STMicroelectronics.X-CUBE-TOUCHGFX.4.24.0
2024-11-15 14:33:13,118 [WARN] PackLoader:240 - Cannot read IP mode file for STMicroelectronics.X-CUBE-TOUCHGFX.4.24.1
2024-11-15 14:33:13,126 [WARN] PackLoader:240 - Cannot read IP mode file for portGmbH.I-Cube-SoM-uGOAL.1.1.0
2024-11-15 14:33:13,132 [WARN] PackLoader:240 - Cannot read IP mode file for STMicroelectronics.X-CUBE-ALS.1.0.1
2024-11-15 14:33:13,158 [WARN] PackLoader:240 - Cannot read IP mode file for STMicroelectronics.X-CUBE-AZRTOS-H7RS.1.0.0
2024-11-15 14:33:13,168 [WARN] PackLoader:240 - Cannot read IP mode file for STMicroelectronics.FP-ATR-ASTRA1.2.0.0
2024-11-15 14:33:13,184 [WARN] PackLoader:240 - Cannot read IP mode file for STMicroelectronics.X-CUBE-TOF1.3.4.2
2024-11-15 14:33:13,236 [WARN] PackLoader:240 - Cannot read IP mode file for STMicroelectronics.X-CUBE-TOF1.3.4.0
2024-11-15 14:33:13,264 [WARN] PackLoader:240 - Cannot read IP mode file for STMicroelectronics.X-CUBE-TOF1.3.4.1
2024-11-15 14:33:13,306 [WARN] PackLoader:240 - Cannot read IP mode file for STMicroelectronics.X-CUBE-AZRTOS-H7.3.2.0
2024-11-15 14:33:13,350 [WARN] PackLoader:240 - Cannot read IP mode file for wolfSSL.I-CUBE-wolfSSH.1.4.17
2024-11-15 14:33:13,351 [INFO] ThirdParty:978 - Integrity check success = true
2024-11-15 14:33:13,351 [INFO] IntegrityCheckThread:100 - exiting critical section [integrity check]
2024-11-15 14:33:13,351 [INFO] IntegrityCheckThread:103 - End integrity checks thread
2024-11-15 21:13:43,835 [INFO] McuFinderGlobals:63 - Set McuFinder mode to 2 (CubeIDE integrated)
2024-11-15 21:13:44,911 [INFO] MainUpdater:2873 - connection check result : 10
2024-11-15 21:13:44,915 [INFO] MainUpdater:2873 - connection check result : 10
2024-11-15 21:13:45,036 [INFO] MicroXplorer:468 - Change Database Path : 
2024-11-15 21:13:45,036 [INFO] MicroXplorer:498 - Change Database Version : DB.6.0.111
2024-11-15 21:13:45,052 [WARN] ThirdParty:871 - waiting for thirdparty lock release [close project]
2024-11-15 21:13:45,054 [INFO] ThirdParty:873 - entering critical section [close project]
2024-11-15 21:13:45,057 [INFO] ThirdParty:883 - exiting critical section [close project]
2024-11-15 21:13:45,061 [INFO] PinOutPanel:1561 - setPackage(No Configuration,No Configuration)
2024-11-15 21:13:45,067 [INFO] UtilMem:75 - Begin LoadConfig() Used Memory: 910434296 Bytes (1073741824)
2024-11-15 21:13:45,070 [INFO] MicroXplorer:468 - Change Database Path : 
2024-11-15 21:13:45,070 [INFO] MicroXplorer:498 - Change Database Version : DB.6.0.111
2024-11-15 21:13:45,071 [INFO] OpenFileManager:312 - Change cursor
2024-11-15 21:13:45,157 [INFO] Mcu:2021 - Initializing MCU STM32F429ZITx STM32F429ZITx STM32F429ZIT6
2024-11-15 21:13:50,060 [INFO] Context:663 - Trying to add GPIOservice into a context  which must be forbidden
2024-11-15 21:13:51,726 [INFO] RtosManager:555 - Registered RTOS mode: class=CMSIS, group=RTOS, mode=CMSIS_V1, owner=FREERTOS
2024-11-15 21:13:51,726 [INFO] RtosManager:555 - Registered RTOS mode: class=CMSIS, group=RTOS2, mode=CMSIS_V2, owner=FREERTOS
2024-11-15 21:13:51,726 [INFO] RtosManager:555 - Registered RTOS mode: class=RTOS, group=Core, mode=CMSIS_V1, owner=FREERTOS
2024-11-15 21:13:51,727 [INFO] RtosManager:555 - Registered RTOS mode: class=RTOS, group=Core, mode=CMSIS_V2, owner=FREERTOS
2024-11-15 21:13:51,727 [WARN] ModelIntegratedComponent:184 - Missing modes for component STMicroelectronics:FreeRTOS:0.0.1:STMicroelectronics:RTOS:FreeRTOS:Core:::10.2.0:
2024-11-15 21:13:51,739 [WARN] ModelIntegratedComponent:63 - No mode defined for component null
2024-11-15 21:13:51,739 [WARN] ModelIntegratedComponent:63 - No mode defined for component null
2024-11-15 21:13:51,739 [WARN] ModelIntegratedComponent:63 - No mode defined for component null
2024-11-15 21:13:51,739 [WARN] ModelIntegratedComponent:63 - No mode defined for component null
2024-11-15 21:13:51,740 [WARN] ModelIntegratedComponent:63 - No mode defined for component null
2024-11-15 21:13:51,740 [WARN] ModelIntegratedComponent:63 - No mode defined for component null
2024-11-15 21:13:51,740 [WARN] ModelIntegratedComponent:63 - No mode defined for component null
2024-11-15 21:13:51,740 [WARN] ModelIntegratedComponent:63 - No mode defined for component null
2024-11-15 21:13:51,740 [WARN] ModelIntegratedComponent:63 - No mode defined for component null
2024-11-15 21:13:51,740 [WARN] ModelIntegratedComponent:63 - No mode defined for component null
2024-11-15 21:13:51,740 [WARN] ModelIntegratedComponent:63 - No mode defined for component null
2024-11-15 21:13:51,740 [WARN] ModelIntegratedComponent:63 - No mode defined for component null
2024-11-15 21:13:51,741 [WARN] ModelIntegratedComponent:63 - No mode defined for component null
2024-11-15 21:13:51,741 [WARN] ModelIntegratedComponent:63 - No mode defined for component null
2024-11-15 21:13:51,741 [WARN] ModelIntegratedComponent:63 - No mode defined for component null
2024-11-15 21:13:51,741 [WARN] ModelIntegratedComponent:63 - No mode defined for component null
2024-11-15 21:13:51,741 [WARN] ModelIntegratedComponent:63 - No mode defined for component null
2024-11-15 21:13:51,741 [WARN] ModelIntegratedComponent:63 - No mode defined for component null
2024-11-15 21:13:51,742 [WARN] ModelIntegratedComponent:63 - No mode defined for component null
2024-11-15 21:13:51,742 [WARN] ModelIntegratedComponent:63 - No mode defined for component null
2024-11-15 21:13:51,742 [WARN] ModelIntegratedComponent:63 - No mode defined for component null
2024-11-15 21:13:51,742 [WARN] ModelIntegratedComponent:63 - No mode defined for component null
2024-11-15 21:13:51,742 [WARN] ModelIntegratedComponent:63 - No mode defined for component null
2024-11-15 21:13:51,742 [WARN] ModelIntegratedComponent:63 - No mode defined for component null
2024-11-15 21:13:51,742 [WARN] ModelIntegratedComponent:63 - No mode defined for component null
2024-11-15 21:13:51,742 [WARN] ModelIntegratedComponent:63 - No mode defined for component null
2024-11-15 21:13:51,742 [WARN] ModelIntegratedComponent:63 - No mode defined for component null
2024-11-15 21:13:51,742 [WARN] ModelIntegratedComponent:63 - No mode defined for component null
2024-11-15 21:13:51,742 [WARN] ModelIntegratedComponent:63 - No mode defined for component null
2024-11-15 21:13:51,742 [WARN] ModelIntegratedComponent:63 - No mode defined for component null
2024-11-15 21:13:51,743 [WARN] ModelIntegratedComponent:63 - No mode defined for component null
2024-11-15 21:13:51,743 [WARN] ModelIntegratedComponent:63 - No mode defined for component null
2024-11-15 21:13:51,743 [WARN] ModelIntegratedComponent:63 - No mode defined for component null
2024-11-15 21:13:51,743 [WARN] ModelIntegratedComponent:63 - No mode defined for component null
2024-11-15 21:13:52,041 [INFO] ThirdPartyModel:298 - Start build external matchings
2024-11-15 21:13:53,952 [INFO] ThirdPartyModel:316 - End build external matchings
2024-11-15 21:13:54,003 [INFO] RtosManager:919 - Current active RTOS is FREERTOS [Cortex-M4NS]
2024-11-15 21:13:54,034 [WARN] IP:2120 - LWIP_NETIF_HOSTNAME_NAME not found: check if there is a RefParameter without a condition.
2024-11-15 21:13:54,127 [INFO] ImportTextPane:194 - (OptionalMessage_ERROR) IP (RCC) : Invalid parameter (ADC12outputFreq_Value)
2024-11-15 21:13:54,127 [INFO] ImportTextPane:194 - (OptionalMessage_ERROR) IP (RCC) : Invalid parameter (ADC34outputFreq_Value)
2024-11-15 21:13:54,127 [INFO] ImportTextPane:194 - (OptionalMessage_ERROR) IP (RCC) : Invalid parameter (FamilyName)
2024-11-15 21:13:54,127 [INFO] ImportTextPane:194 - (OptionalMessage_ERROR) IP (RCC) : Invalid parameter (I2C1Freq_Value)
2024-11-15 21:13:54,127 [INFO] ImportTextPane:194 - (OptionalMessage_ERROR) IP (RCC) : Invalid parameter (I2C2Freq_Value)
2024-11-15 21:13:54,128 [INFO] ImportTextPane:194 - (OptionalMessage_ERROR) IP (RCC) : Invalid parameter (I2C3Freq_Value)
2024-11-15 21:13:54,128 [INFO] ImportTextPane:194 - (OptionalMessage_ERROR) IP (RCC) : Parameter (MCO2PinFreq_Value) has invalid value (168000000)
2024-11-15 21:13:54,128 [INFO] ImportTextPane:194 - (OptionalMessage_ERROR) IP (RCC) : Invalid parameter (MCOFreq_Value)
2024-11-15 21:13:54,128 [INFO] ImportTextPane:194 - (OptionalMessage_ERROR) IP (RCC) : Invalid parameter (PLLMCOFreq_Value)
2024-11-15 21:13:54,128 [INFO] ImportTextPane:194 - (OptionalMessage_ERROR) IP (RCC) : Invalid parameter (PLLMUL)
2024-11-15 21:13:54,129 [INFO] ImportTextPane:194 - (OptionalMessage_ERROR) IP (RCC) : Invalid parameter (PRESCALERUSB)
2024-11-15 21:13:54,130 [INFO] ImportTextPane:194 - (OptionalMessage_ERROR) IP (RCC) : Parameter (RTCHSEDivFreq_Value) has invalid value (4000000)
2024-11-15 21:13:54,130 [INFO] ImportTextPane:194 - (OptionalMessage_ERROR) IP (RCC) : Invalid parameter (SYSCLKSourceVirtual)
2024-11-15 21:13:54,130 [INFO] ImportTextPane:194 - (OptionalMessage_ERROR) IP (RCC) : Invalid parameter (TIM15Freq_Value)
2024-11-15 21:13:54,130 [INFO] ImportTextPane:194 - (OptionalMessage_ERROR) IP (RCC) : Invalid parameter (TIM16Freq_Value)
2024-11-15 21:13:54,130 [INFO] ImportTextPane:194 - (OptionalMessage_ERROR) IP (RCC) : Invalid parameter (TIM17Freq_Value)
2024-11-15 21:13:54,130 [INFO] ImportTextPane:194 - (OptionalMessage_ERROR) IP (RCC) : Invalid parameter (TIM1Freq_Value)
2024-11-15 21:13:54,130 [INFO] ImportTextPane:194 - (OptionalMessage_ERROR) IP (RCC) : Invalid parameter (TIM20Freq_Value)
2024-11-15 21:13:54,130 [INFO] ImportTextPane:194 - (OptionalMessage_ERROR) IP (RCC) : Invalid parameter (TIM2Freq_Value)
2024-11-15 21:13:54,130 [INFO] ImportTextPane:194 - (OptionalMessage_ERROR) IP (RCC) : Invalid parameter (TIM3Freq_Value)
2024-11-15 21:13:54,130 [INFO] ImportTextPane:194 - (OptionalMessage_ERROR) IP (RCC) : Invalid parameter (TIM8Freq_Value)
2024-11-15 21:13:54,130 [INFO] ImportTextPane:194 - (OptionalMessage_ERROR) IP (RCC) : Invalid parameter (UART4Freq_Value)
2024-11-15 21:13:54,131 [INFO] ImportTextPane:194 - (OptionalMessage_ERROR) IP (RCC) : Invalid parameter (UART5Freq_Value)
2024-11-15 21:13:54,131 [INFO] ImportTextPane:194 - (OptionalMessage_ERROR) IP (RCC) : Invalid parameter (USART1Freq_Value)
2024-11-15 21:13:54,131 [INFO] ImportTextPane:194 - (OptionalMessage_ERROR) IP (RCC) : Invalid parameter (USART2Freq_Value)
2024-11-15 21:13:54,131 [INFO] ImportTextPane:194 - (OptionalMessage_ERROR) IP (RCC) : Invalid parameter (USART3Freq_Value)
2024-11-15 21:13:54,131 [INFO] ImportTextPane:194 - (OptionalMessage_ERROR) IP (RCC) : Invalid parameter (USBFreq_Value)
2024-11-15 21:13:54,135 [INFO] ImportTextPane:194 - (OptionalMessage_ERROR) IP (RCC) : Invalid parameter (VCOOutput2Freq_Value)
2024-11-15 21:13:55,205 [INFO] ApiDb:581 - Connected to CubeFinder SQLite database (C:\Users\gusta\.stmcufinder\plugins\mcufinder\mcu\cube-finder-db.db)
2024-11-15 21:13:55,308 [INFO] ApiDb:668 - CubeFinder database Data Model version=2.1
2024-11-15 21:13:55,308 [INFO] ApiDb:669 - CubeFinder database Configuration version=3.0.39
2024-11-15 21:13:55,309 [INFO] ApiDb:670 - CubeFinder database generation date=2024-05-16 (1715872938)
2024-11-15 21:13:55,309 [INFO] ApiDb:671 - CubeFinder database FW Pack versions=[FP-ATR-ASTRA1_V2.0.0, FP-SNS-FLIGHT1_V5.0.1, FP-SNS-FLIGHT1_V5.0.2, FP-SNS-MOTENV1_V4.3.1, FP-SNS-MOTENV1_V4.3.2, FP-SNS-MOTENV1_V5.0.0, FP-SNS-MOTENVWB1_V1.4.0, FP-SNS-SMARTAG2_V1.2.0, STM32Cube_FW_C0_V1.1.0, STM32Cube_FW_F4_V1.28.0, STM32Cube_FW_F7_V1.17.0, STM32Cube_FW_G0_V1.6.2, STM32Cube_FW_G4_V1.5.2, STM32Cube_FW_H5_V0.5.1, STM32Cube_FW_H5_V1.1.1, STM32Cube_FW_H5_V1.2.0, STM32Cube_FW_H5_V1.2.0RC4, STM32Cube_FW_H7RS_V1.0.0, STM32Cube_FW_H7RS_V1.0.0RC4, STM32Cube_FW_H7_V1.11.0, STM32Cube_FW_L0_V1.12.2, STM32Cube_FW_L5_V1.5.1, STM32Cube_FW_U0_V1.0.0, STM32Cube_FW_U0_V1.0.0RC1, STM32Cube_FW_U5_V1.3.0RC4, STM32Cube_FW_U5_V1.5.0, STM32Cube_FW_U5_V1.5.0RC1, STM32Cube_FW_WBA_V1.0.0RC1, STM32Cube_FW_WBA_V1.2.0, STM32Cube_FW_WBA_V1.2.0RC2, STM32Cube_FW_WBA_V1.3.0, STM32Cube_FW_WBA_V1.3.0RC1, STM32Cube_FW_WB_V1.15.0RC1, STM32Cube_FW_WB_V1.16.0, STM32Cube_FW_WB_V1.16.0RC2, STM32Cube_FW_WB_V1.18.0, STM32Cube_FW_WB_V1.19.0, STM32Cube_FW_WL_V1.3.0, X-CUBE-ALGOBUILD_V1.4.0, X-CUBE-ALS_V1.0.1, X-CUBE-AZRTOS-F4_V1.1.0, X-CUBE-AZRTOS-F7_V1.1.0, X-CUBE-AZRTOS-G0_V1.1.0, X-CUBE-AZRTOS-G4_V2.0.0, X-CUBE-AZRTOS-H7_V3.2.0, X-CUBE-AZRTOS-L4_V1.0.0, X-CUBE-AZRTOS-L4_V2.0.0, X-CUBE-AZRTOS-L5_V1.1.0, X-CUBE-AZRTOS-WB_V2.0.0, X-CUBE-AZRTOS-WL_V2.0.0, X-CUBE-BLE1_V7.0.0, X-CUBE-BLE2_V3.3.0, X-CUBE-BLEMGR_V3.1.0, X-CUBE-EEPRMA1_V4.1.0, X-CUBE-EEPRMA1_V5.1.0, X-CUBE-FREERTOS_V1.1.0, X-CUBE-GNSS1_V6.0.0, X-CUBE-MEMS1_V10.0.0, X-CUBE-MEMS1_V9.1.0, X-CUBE-MEMS1_V9.4.0, X-CUBE-MEMS1_V9.6.0, X-CUBE-NFC4_V3.0.0, X-CUBE-NFC7_V1.0.1, X-CUBE-SFXS2LP1_V4.0.0, X-CUBE-SUBG2_V5.0.0, X-CUBE-TOF1_V3.4.0]
2024-11-15 21:13:55,473 [INFO] DbBoardsSqlite:226 - include board P-NUCLEO-WB55-NUCLEO as a kit item of type 'Nucleo-64'
2024-11-15 21:13:55,474 [INFO] DbBoardsSqlite:226 - include board P-NUCLEO-WB55-USBDONGLE as a kit item of type 'Nucleo USB Dongle'
2024-11-15 21:13:55,475 [INFO] DbBoardsSqlite:226 - include board STEVAL-IDP005V1 as a kit item of type 'Evaluation Board'
2024-11-15 21:13:55,475 [INFO] DbBoardsSqlite:226 - include board STEVAL-IDP005V2 as a kit item of type 'Evaluation Board'
2024-11-15 21:13:55,847 [INFO] ApiDb:240 - Found 483 in-development CPN: [B-G473E-ZEST1S, B-WB1M-WPAN1, B-WL5M-SUBG1, NUCLEO-C031C6, NUCLEO-H503RB, NUCLEO-H533RE, NUCLEO-H563ZI, NUCLEO-H7S3L8, NUCLEO-U031R8, NUCLEO-U083RC, NUCLEO-U545RE-Q, NUCLEO-U5A5ZJ-Q, NUCLEO-WBA52CG, NUCLEO-WBA55CG, STEVAL-PROTEUS1, STEVAL-SMARTAG2, STEVAL-STWINBX1, STM320518-EVAL, STM32C0116-DK, STM32C011D6Y3TR, STM32C011D6Y6TR, STM32C011F4P3, STM32C011F4P6, STM32C011F4U3, STM32C011F4U6TR, STM32C011F6P3, STM32C011F6P6, STM32C011F6U3, STM32C011F6U6TR, STM32C011J4M3, STM32C011J4M6, STM32C011J6M3, STM32C011J6M6, STM32C0316-DK, STM32C031C4T3, STM32C031C4T6, STM32C031C4U3, STM32C031C4U6, STM32C031C6T3, STM32C031C6T6, STM32C031C6U3, STM32C031C6U6, STM32C031F4P3, STM32C031F4P6, STM32C031F6P3, STM32C031F6P6, STM32C031G4U3, STM32C031G4U6, STM32C031G6U3, STM32C031G6U6, STM32C031K4T3, STM32C031K4T6, STM32C031K4U3, STM32C031K4U6, STM32C031K6T3, STM32C031K6T6, STM32C031K6U3, STM32C031K6U6, STM32G071K8TXN, STM32G071K8UXN, STM32G081GBU6N, STM32G081KBT6N, STM32G081KBUXN, STM32G0B1CCT6N, STM32G0B1KCT6, STM32G0B1NEY6TR, STM32G0B1RCT6N, STM32G0C1CCT6, STM32G0C1CCT6N, STM32G0C1CCU6N, STM32G0C1CET6N, STM32G0C1CEU6N, STM32G0C1KCT6, STM32G0C1NEY6TR, STM32G0C1RCI6N, STM32G0C1RCT6N, STM32G0C1REI6N, STM32G0C1RET6N, STM32G0C1VCI6, STM32G0C1VEI6, STM32G471CCT6, STM32G471CCU6, STM32G471CET3, STM32G471CET6, STM32G471CEU3, STM32G471CEU6, STM32G471MCT6, STM32G471MET3, STM32G471MET6, STM32G471MEY6TR, STM32G471QCT6, STM32G471QET3, STM32G471RCT6, STM32G471RET3, STM32G471RET6, STM32G471VCH6, STM32G471VCI6, STM32G471VCT6, STM32G471VEH3, STM32G471VEH6, STM32G471VEI3, STM32G471VEI6, STM32G471VET3, STM32G471VET6, STM32G474CCT6, STM32H503CBT6, STM32H503CBU6, STM32H503EBY6TR, STM32H503KBU6, STM32H503RBT6, STM32H523CCT6, STM32H523CCU6, STM32H523CET6, STM32H523CEU6, STM32H523HEY6TR, STM32H523RCT6, STM32H523RET6, STM32H523VCI6, STM32H523VCT6, STM32H523VEI6, STM32H523VET6, STM32H523ZCJ6, STM32H523ZCT6, STM32H523ZEJ6, STM32H523ZET6, STM32H533CET6, STM32H533CEU6, STM32H533HEY6TR, STM32H533RET6, STM32H533VEI6, STM32H533VET6, STM32H533ZEJ6, STM32H533ZET6, STM32H562AGI6, STM32H562AII6, STM32H562IGK6, STM32H562IGT6, STM32H562IIK6, STM32H562IIT6, STM32H562RGT6, STM32H562RGV6, STM32H562RIT6, STM32H562RIV6, STM32H562VGT6, STM32H562VIT6, STM32H562ZGT6, STM32H562ZIT6, STM32H563AGI6, STM32H563AII3Q, STM32H563AII6, STM32H563IGK6, STM32H563IGT6, STM32H563IIK3Q, STM32H563IIK6, STM32H563IIT3Q, STM32H563IIT6, STM32H563MIY3QTR, STM32H563RGT6, STM32H563RGV6, STM32H563RIT6, STM32H563RIV6, STM32H563VGT6, STM32H563VIT3Q, STM32H563VIT6, STM32H563ZGT6, STM32H563ZIT3Q, STM32H563ZIT6, STM32H573AII3Q, STM32H573AII6, STM32H573I-DK, STM32H573IIK3Q, STM32H573IIK6, STM32H573IIT3Q, STM32H573IIT6, STM32H573MIY3QTR, STM32H573RIT6, STM32H573RIV6, STM32H573VIT3Q, STM32H573VIT6, STM32H573ZIT3Q, STM32H573ZIT6, STM32H7R3A8I6, STM32H7R3I8K6, STM32H7R3I8T6, STM32H7R3L8H6, STM32H7R3L8H6H, STM32H7R3R8V6, STM32H7R3V8H6, STM32H7R3V8T6, STM32H7R3V8Y6, STM32H7R3Z8J6, STM32H7R3Z8T6, STM32H7R7A8I6, STM32H7R7I8K6, STM32H7R7I8T6, STM32H7R7L8H6, STM32H7R7L8H6H, STM32H7R7Z8J6, STM32H7S3A8I6, STM32H7S3I8K6, STM32H7S3I8T6, STM32H7S3L8H6, STM32H7S3L8H6H, STM32H7S3R8V6, STM32H7S3V8H6, STM32H7S3V8T6, STM32H7S3V8Y6, STM32H7S3Z8J6, STM32H7S3Z8T6, STM32H7S78-DK, STM32H7S7A8I6, STM32H7S7I8K6, STM32H7S7I8T6, STM32H7S7L8H6, STM32H7S7L8H6H, STM32H7S7Z8J6, STM32L4R5QGI6STR, STM32MP131AAE3, STM32MP131AAF3, STM32MP131AAG3, STM32MP131CAE3, STM32MP131CAF3, STM32MP131CAG3, STM32MP131DAE7, STM32MP131DAF7, STM32MP131DAG7, STM32MP131FAE7, STM32MP131FAF7, STM32MP131FAG7, STM32MP133AAE3, STM32MP133AAF3, STM32MP133AAG3, STM32MP133CAE3, STM32MP133CAF3, STM32MP133CAG3, STM32MP133DAE7, STM32MP133DAF7, STM32MP133DAG7, STM32MP133FAE7, STM32MP133FAF7, STM32MP133FAG7, STM32MP135AAE3, STM32MP135AAF3, STM32MP135AAG3, STM32MP135CAE3, STM32MP135CAF3, STM32MP135CAG3, STM32MP135DAE7, STM32MP135DAF7, STM32MP135DAG7, STM32MP135F-DK, STM32MP135FAE7, STM32MP135FAF7, STM32MP135FAF7T, STM32MP135FAF7U, STM32MP135FAG7, STM32U031C6T6, STM32U031C6U6, STM32U031C8T6, STM32U031C8U6, STM32U031F4P6, STM32U031F6P6, STM32U031F8P6, STM32U031G6Y6TR, STM32U031G8Y6TR, STM32U031K4U6, STM32U031K6U6, STM32U031K8U6, STM32U031R6I6, STM32U031R6T6, STM32U031R8I6, STM32U031R8T6, STM32U073C8T6, STM32U073C8U6, STM32U073CBT6, STM32U073CBU6, STM32U073CCT6, STM32U073CCU6, STM32U073H8Y6TR, STM32U073HBY6TR, STM32U073HCY6TR, STM32U073K8U6, STM32U073KBU6, STM32U073KCU6, STM32U073M8I6, STM32U073M8T6, STM32U073MBI6, STM32U073MBT6, STM32U073MCI6, STM32U073MCT6, STM32U073R8I6, STM32U073R8T6, STM32U073RBI6, STM32U073RBT6, STM32U073RCI6, STM32U073RCT6, STM32U083C-DK, STM32U083CCT6, STM32U083CCU6, STM32U083HCY6TR, STM32U083KCU6, STM32U083MCI6, STM32U083MCT6, STM32U083RCI6, STM32U083RCT6, STM32U535CBT6, STM32U535CBT6Q, STM32U535CBU6, STM32U535CBU6Q, STM32U535CCT6, STM32U535CCT6Q, STM32U535CCU6, STM32U535CCU6Q, STM32U535CET6, STM32U535CET6Q, STM32U535CEU6, STM32U535CEU6Q, STM32U535JEY6QTR, STM32U535NCY6QTR, STM32U535NEY6QTR, STM32U535RBI6, STM32U535RBI6Q, STM32U535RBT6, STM32U535RBT6Q, STM32U535RCI6, STM32U535RCI6Q, STM32U535RCT6, STM32U535RCT6Q, STM32U535REI6, STM32U535REI6Q, STM32U535RET6, STM32U535RET6Q, STM32U535VCI6, STM32U535VCI6Q, STM32U535VCT6, STM32U535VCT6Q, STM32U535VEI6, STM32U535VEI6Q, STM32U535VET6, STM32U535VET6Q, STM32U545CET6, STM32U545CET6Q, STM32U545CEU6, STM32U545CEU6Q, STM32U545JEY6QTR, STM32U545NEY6QTR, STM32U545REI6, STM32U545REI6Q, STM32U545RET6, STM32U545RET6Q, STM32U545VEI6, STM32U545VEI6Q, STM32U545VET6, STM32U545VET6Q, STM32U595AIH6, STM32U595AIH6Q, STM32U595AJH6, STM32U595AJH6Q, STM32U595QII6, STM32U595QII6Q, STM32U595QJI6, STM32U595QJI6Q, STM32U595RIT6, STM32U595RIT6Q, STM32U595RJT6, STM32U595RJT6Q, STM32U595VIT6, STM32U595VIT6Q, STM32U595VJT6, STM32U595VJT6Q, STM32U595ZIT6, STM32U595ZIT6Q, STM32U595ZIY6QTR, STM32U595ZJT6, STM32U595ZJT6Q, STM32U595ZJY6QTR, STM32U599BJY6QTR, STM32U599NIH6Q, STM32U599NJH6Q, STM32U599VIT6Q, STM32U599VJT6, STM32U599VJT6Q, STM32U599ZIT6Q, STM32U599ZIY6QTR, STM32U599ZJT6Q, STM32U599ZJY6QTR, STM32U5A5AJH6, STM32U5A5AJH6Q, STM32U5A5QII3Q , STM32U5A5QJI6, STM32U5A5QJI6Q, STM32U5A5RJT6, STM32U5A5RJT6Q, STM32U5A5VJT6, STM32U5A5VJT6Q, STM32U5A5ZJT6, STM32U5A5ZJT6Q, STM32U5A5ZJY6QTR, STM32U5A9BJY6QTR, STM32U5A9J-DK, STM32U5A9NJH6Q, STM32U5A9VJT6Q, STM32U5A9ZJT6Q, STM32U5A9ZJY6QTR, STM32U5F7VIT6, STM32U5F7VIT6Q, STM32U5F7VJT6, STM32U5F7VJT6Q, STM32U5F9BJY6QTR, STM32U5F9NJH6Q, STM32U5F9VIT6Q, STM32U5F9VJT6Q, STM32U5F9ZIJ6QTR, STM32U5F9ZIT6Q, STM32U5F9ZJJ6QTR, STM32U5F9ZJT6Q, STM32U5G7VJT6, STM32U5G7VJT6Q, STM32U5G9BJY6QTR, STM32U5G9J-DK1, STM32U5G9J-DK2, STM32U5G9NJH6Q, STM32U5G9VJT6Q, STM32U5G9ZJJ6QTR, STM32U5G9ZJT6Q, STM32WB1MMCH6, STM32WBA50KEU6, STM32WBA50KEU6TR, STM32WBA50KGU6, STM32WBA50KGU6TR, STM32WBA52CEU6, STM32WBA52CEU6TR, STM32WBA52CEU7, STM32WBA52CEU7TR, STM32WBA52CGU6, STM32WBA52CGU6TR, STM32WBA52CGU6U, STM32WBA52CGU7, STM32WBA52CGU7TR, STM32WBA52KEU6, STM32WBA52KEU6TR, STM32WBA52KGU6, STM32WBA52KGU6TR, STM32WBA54CEU6, STM32WBA54CEU6TR, STM32WBA54CEU7, STM32WBA54CEU7TR, STM32WBA54CGU6, STM32WBA54CGU6TR, STM32WBA54CGU7, STM32WBA54CGU7TR, STM32WBA54KEU6, STM32WBA54KEU6TR, STM32WBA54KEU7, STM32WBA54KEU7TR, STM32WBA54KGU6, STM32WBA54KGU6TR, STM32WBA54KGU7, STM32WBA54KGU7TR, STM32WBA55CEU6, STM32WBA55CEU6TR, STM32WBA55CEU7, STM32WBA55CEU7TR, STM32WBA55CGU6, STM32WBA55CGU6TR, STM32WBA55CGU6U, STM32WBA55CGU7, STM32WBA55CGU7TR, STM32WBA55G-DK1, STM32WBA55HEF6, STM32WBA55HEF7, STM32WBA55HGF6, STM32WBA55HGF7, STM32WBA55UEI6, STM32WBA55UEI6TR, STM32WBA55UEI7, STM32WBA55UEI7TR, STM32WBA55UGI6, STM32WBA55UGI6TR, STM32WBA55UGI7, STM32WBA55UGI7TR, STM32WL5MOCH6, STM32WL5MOCH6TR]
2024-11-15 21:13:56,022 [INFO] BoardInfo:889 - No configuration file found for board P-NUCLEO-WB55
2024-11-15 21:13:56,023 [INFO] DbBoards:161 - Kit is not supported: P-NUCLEO-WB55
2024-11-15 21:13:56,030 [INFO] BoardInfo:889 - No configuration file found for board STEVAL-BFA001V1B
2024-11-15 21:13:56,030 [INFO] DbBoards:161 - Kit is not supported: STEVAL-BFA001V1B
2024-11-15 21:13:56,032 [INFO] BoardInfo:889 - No configuration file found for board STEVAL-BFA001V2B
2024-11-15 21:13:56,032 [INFO] DbBoards:161 - Kit is not supported: STEVAL-BFA001V2B
2024-11-15 21:13:56,223 [INFO] DbBoards:168 - Found 199 boards, 196 are supported
2024-11-15 21:13:56,223 [INFO] DbBoards:169 - Found 199 boards, 8 of them is supported for  Bsp
2024-11-15 21:13:56,227 [INFO] ApiDb:668 - CubeFinder database Data Model version=2.1
2024-11-15 21:13:56,227 [INFO] ApiDb:669 - CubeFinder database Configuration version=3.0.39
2024-11-15 21:13:56,227 [INFO] ApiDb:670 - CubeFinder database generation date=2024-05-16 (1715872938)
2024-11-15 21:13:56,227 [INFO] ApiDb:671 - CubeFinder database FW Pack versions=[FP-ATR-ASTRA1_V2.0.0, FP-SNS-FLIGHT1_V5.0.1, FP-SNS-FLIGHT1_V5.0.2, FP-SNS-MOTENV1_V4.3.1, FP-SNS-MOTENV1_V4.3.2, FP-SNS-MOTENV1_V5.0.0, FP-SNS-MOTENVWB1_V1.4.0, FP-SNS-SMARTAG2_V1.2.0, STM32Cube_FW_C0_V1.1.0, STM32Cube_FW_F4_V1.28.0, STM32Cube_FW_F7_V1.17.0, STM32Cube_FW_G0_V1.6.2, STM32Cube_FW_G4_V1.5.2, STM32Cube_FW_H5_V0.5.1, STM32Cube_FW_H5_V1.1.1, STM32Cube_FW_H5_V1.2.0, STM32Cube_FW_H5_V1.2.0RC4, STM32Cube_FW_H7RS_V1.0.0, STM32Cube_FW_H7RS_V1.0.0RC4, STM32Cube_FW_H7_V1.11.0, STM32Cube_FW_L0_V1.12.2, STM32Cube_FW_L5_V1.5.1, STM32Cube_FW_U0_V1.0.0, STM32Cube_FW_U0_V1.0.0RC1, STM32Cube_FW_U5_V1.3.0RC4, STM32Cube_FW_U5_V1.5.0, STM32Cube_FW_U5_V1.5.0RC1, STM32Cube_FW_WBA_V1.0.0RC1, STM32Cube_FW_WBA_V1.2.0, STM32Cube_FW_WBA_V1.2.0RC2, STM32Cube_FW_WBA_V1.3.0, STM32Cube_FW_WBA_V1.3.0RC1, STM32Cube_FW_WB_V1.15.0RC1, STM32Cube_FW_WB_V1.16.0, STM32Cube_FW_WB_V1.16.0RC2, STM32Cube_FW_WB_V1.18.0, STM32Cube_FW_WB_V1.19.0, STM32Cube_FW_WL_V1.3.0, X-CUBE-ALGOBUILD_V1.4.0, X-CUBE-ALS_V1.0.1, X-CUBE-AZRTOS-F4_V1.1.0, X-CUBE-AZRTOS-F7_V1.1.0, X-CUBE-AZRTOS-G0_V1.1.0, X-CUBE-AZRTOS-G4_V2.0.0, X-CUBE-AZRTOS-H7_V3.2.0, X-CUBE-AZRTOS-L4_V1.0.0, X-CUBE-AZRTOS-L4_V2.0.0, X-CUBE-AZRTOS-L5_V1.1.0, X-CUBE-AZRTOS-WB_V2.0.0, X-CUBE-AZRTOS-WL_V2.0.0, X-CUBE-BLE1_V7.0.0, X-CUBE-BLE2_V3.3.0, X-CUBE-BLEMGR_V3.1.0, X-CUBE-EEPRMA1_V4.1.0, X-CUBE-EEPRMA1_V5.1.0, X-CUBE-FREERTOS_V1.1.0, X-CUBE-GNSS1_V6.0.0, X-CUBE-MEMS1_V10.0.0, X-CUBE-MEMS1_V9.1.0, X-CUBE-MEMS1_V9.4.0, X-CUBE-MEMS1_V9.6.0, X-CUBE-NFC4_V3.0.0, X-CUBE-NFC7_V1.0.1, X-CUBE-SFXS2LP1_V4.0.0, X-CUBE-SUBG2_V5.0.0, X-CUBE-TOF1_V3.4.0]
2024-11-15 21:13:58,561 [INFO] ApiDb:240 - Found 483 in-development CPN: [B-G473E-ZEST1S, B-WB1M-WPAN1, B-WL5M-SUBG1, NUCLEO-C031C6, NUCLEO-H503RB, NUCLEO-H533RE, NUCLEO-H563ZI, NUCLEO-H7S3L8, NUCLEO-U031R8, NUCLEO-U083RC, NUCLEO-U545RE-Q, NUCLEO-U5A5ZJ-Q, NUCLEO-WBA52CG, NUCLEO-WBA55CG, STEVAL-PROTEUS1, STEVAL-SMARTAG2, STEVAL-STWINBX1, STM320518-EVAL, STM32C0116-DK, STM32C011D6Y3TR, STM32C011D6Y6TR, STM32C011F4P3, STM32C011F4P6, STM32C011F4U3, STM32C011F4U6TR, STM32C011F6P3, STM32C011F6P6, STM32C011F6U3, STM32C011F6U6TR, STM32C011J4M3, STM32C011J4M6, STM32C011J6M3, STM32C011J6M6, STM32C0316-DK, STM32C031C4T3, STM32C031C4T6, STM32C031C4U3, STM32C031C4U6, STM32C031C6T3, STM32C031C6T6, STM32C031C6U3, STM32C031C6U6, STM32C031F4P3, STM32C031F4P6, STM32C031F6P3, STM32C031F6P6, STM32C031G4U3, STM32C031G4U6, STM32C031G6U3, STM32C031G6U6, STM32C031K4T3, STM32C031K4T6, STM32C031K4U3, STM32C031K4U6, STM32C031K6T3, STM32C031K6T6, STM32C031K6U3, STM32C031K6U6, STM32G071K8TXN, STM32G071K8UXN, STM32G081GBU6N, STM32G081KBT6N, STM32G081KBUXN, STM32G0B1CCT6N, STM32G0B1KCT6, STM32G0B1NEY6TR, STM32G0B1RCT6N, STM32G0C1CCT6, STM32G0C1CCT6N, STM32G0C1CCU6N, STM32G0C1CET6N, STM32G0C1CEU6N, STM32G0C1KCT6, STM32G0C1NEY6TR, STM32G0C1RCI6N, STM32G0C1RCT6N, STM32G0C1REI6N, STM32G0C1RET6N, STM32G0C1VCI6, STM32G0C1VEI6, STM32G471CCT6, STM32G471CCU6, STM32G471CET3, STM32G471CET6, STM32G471CEU3, STM32G471CEU6, STM32G471MCT6, STM32G471MET3, STM32G471MET6, STM32G471MEY6TR, STM32G471QCT6, STM32G471QET3, STM32G471RCT6, STM32G471RET3, STM32G471RET6, STM32G471VCH6, STM32G471VCI6, STM32G471VCT6, STM32G471VEH3, STM32G471VEH6, STM32G471VEI3, STM32G471VEI6, STM32G471VET3, STM32G471VET6, STM32G474CCT6, STM32H503CBT6, STM32H503CBU6, STM32H503EBY6TR, STM32H503KBU6, STM32H503RBT6, STM32H523CCT6, STM32H523CCU6, STM32H523CET6, STM32H523CEU6, STM32H523HEY6TR, STM32H523RCT6, STM32H523RET6, STM32H523VCI6, STM32H523VCT6, STM32H523VEI6, STM32H523VET6, STM32H523ZCJ6, STM32H523ZCT6, STM32H523ZEJ6, STM32H523ZET6, STM32H533CET6, STM32H533CEU6, STM32H533HEY6TR, STM32H533RET6, STM32H533VEI6, STM32H533VET6, STM32H533ZEJ6, STM32H533ZET6, STM32H562AGI6, STM32H562AII6, STM32H562IGK6, STM32H562IGT6, STM32H562IIK6, STM32H562IIT6, STM32H562RGT6, STM32H562RGV6, STM32H562RIT6, STM32H562RIV6, STM32H562VGT6, STM32H562VIT6, STM32H562ZGT6, STM32H562ZIT6, STM32H563AGI6, STM32H563AII3Q, STM32H563AII6, STM32H563IGK6, STM32H563IGT6, STM32H563IIK3Q, STM32H563IIK6, STM32H563IIT3Q, STM32H563IIT6, STM32H563MIY3QTR, STM32H563RGT6, STM32H563RGV6, STM32H563RIT6, STM32H563RIV6, STM32H563VGT6, STM32H563VIT3Q, STM32H563VIT6, STM32H563ZGT6, STM32H563ZIT3Q, STM32H563ZIT6, STM32H573AII3Q, STM32H573AII6, STM32H573I-DK, STM32H573IIK3Q, STM32H573IIK6, STM32H573IIT3Q, STM32H573IIT6, STM32H573MIY3QTR, STM32H573RIT6, STM32H573RIV6, STM32H573VIT3Q, STM32H573VIT6, STM32H573ZIT3Q, STM32H573ZIT6, STM32H7R3A8I6, STM32H7R3I8K6, STM32H7R3I8T6, STM32H7R3L8H6, STM32H7R3L8H6H, STM32H7R3R8V6, STM32H7R3V8H6, STM32H7R3V8T6, STM32H7R3V8Y6, STM32H7R3Z8J6, STM32H7R3Z8T6, STM32H7R7A8I6, STM32H7R7I8K6, STM32H7R7I8T6, STM32H7R7L8H6, STM32H7R7L8H6H, STM32H7R7Z8J6, STM32H7S3A8I6, STM32H7S3I8K6, STM32H7S3I8T6, STM32H7S3L8H6, STM32H7S3L8H6H, STM32H7S3R8V6, STM32H7S3V8H6, STM32H7S3V8T6, STM32H7S3V8Y6, STM32H7S3Z8J6, STM32H7S3Z8T6, STM32H7S78-DK, STM32H7S7A8I6, STM32H7S7I8K6, STM32H7S7I8T6, STM32H7S7L8H6, STM32H7S7L8H6H, STM32H7S7Z8J6, STM32L4R5QGI6STR, STM32MP131AAE3, STM32MP131AAF3, STM32MP131AAG3, STM32MP131CAE3, STM32MP131CAF3, STM32MP131CAG3, STM32MP131DAE7, STM32MP131DAF7, STM32MP131DAG7, STM32MP131FAE7, STM32MP131FAF7, STM32MP131FAG7, STM32MP133AAE3, STM32MP133AAF3, STM32MP133AAG3, STM32MP133CAE3, STM32MP133CAF3, STM32MP133CAG3, STM32MP133DAE7, STM32MP133DAF7, STM32MP133DAG7, STM32MP133FAE7, STM32MP133FAF7, STM32MP133FAG7, STM32MP135AAE3, STM32MP135AAF3, STM32MP135AAG3, STM32MP135CAE3, STM32MP135CAF3, STM32MP135CAG3, STM32MP135DAE7, STM32MP135DAF7, STM32MP135DAG7, STM32MP135F-DK, STM32MP135FAE7, STM32MP135FAF7, STM32MP135FAF7T, STM32MP135FAF7U, STM32MP135FAG7, STM32U031C6T6, STM32U031C6U6, STM32U031C8T6, STM32U031C8U6, STM32U031F4P6, STM32U031F6P6, STM32U031F8P6, STM32U031G6Y6TR, STM32U031G8Y6TR, STM32U031K4U6, STM32U031K6U6, STM32U031K8U6, STM32U031R6I6, STM32U031R6T6, STM32U031R8I6, STM32U031R8T6, STM32U073C8T6, STM32U073C8U6, STM32U073CBT6, STM32U073CBU6, STM32U073CCT6, STM32U073CCU6, STM32U073H8Y6TR, STM32U073HBY6TR, STM32U073HCY6TR, STM32U073K8U6, STM32U073KBU6, STM32U073KCU6, STM32U073M8I6, STM32U073M8T6, STM32U073MBI6, STM32U073MBT6, STM32U073MCI6, STM32U073MCT6, STM32U073R8I6, STM32U073R8T6, STM32U073RBI6, STM32U073RBT6, STM32U073RCI6, STM32U073RCT6, STM32U083C-DK, STM32U083CCT6, STM32U083CCU6, STM32U083HCY6TR, STM32U083KCU6, STM32U083MCI6, STM32U083MCT6, STM32U083RCI6, STM32U083RCT6, STM32U535CBT6, STM32U535CBT6Q, STM32U535CBU6, STM32U535CBU6Q, STM32U535CCT6, STM32U535CCT6Q, STM32U535CCU6, STM32U535CCU6Q, STM32U535CET6, STM32U535CET6Q, STM32U535CEU6, STM32U535CEU6Q, STM32U535JEY6QTR, STM32U535NCY6QTR, STM32U535NEY6QTR, STM32U535RBI6, STM32U535RBI6Q, STM32U535RBT6, STM32U535RBT6Q, STM32U535RCI6, STM32U535RCI6Q, STM32U535RCT6, STM32U535RCT6Q, STM32U535REI6, STM32U535REI6Q, STM32U535RET6, STM32U535RET6Q, STM32U535VCI6, STM32U535VCI6Q, STM32U535VCT6, STM32U535VCT6Q, STM32U535VEI6, STM32U535VEI6Q, STM32U535VET6, STM32U535VET6Q, STM32U545CET6, STM32U545CET6Q, STM32U545CEU6, STM32U545CEU6Q, STM32U545JEY6QTR, STM32U545NEY6QTR, STM32U545REI6, STM32U545REI6Q, STM32U545RET6, STM32U545RET6Q, STM32U545VEI6, STM32U545VEI6Q, STM32U545VET6, STM32U545VET6Q, STM32U595AIH6, STM32U595AIH6Q, STM32U595AJH6, STM32U595AJH6Q, STM32U595QII6, STM32U595QII6Q, STM32U595QJI6, STM32U595QJI6Q, STM32U595RIT6, STM32U595RIT6Q, STM32U595RJT6, STM32U595RJT6Q, STM32U595VIT6, STM32U595VIT6Q, STM32U595VJT6, STM32U595VJT6Q, STM32U595ZIT6, STM32U595ZIT6Q, STM32U595ZIY6QTR, STM32U595ZJT6, STM32U595ZJT6Q, STM32U595ZJY6QTR, STM32U599BJY6QTR, STM32U599NIH6Q, STM32U599NJH6Q, STM32U599VIT6Q, STM32U599VJT6, STM32U599VJT6Q, STM32U599ZIT6Q, STM32U599ZIY6QTR, STM32U599ZJT6Q, STM32U599ZJY6QTR, STM32U5A5AJH6, STM32U5A5AJH6Q, STM32U5A5QII3Q , STM32U5A5QJI6, STM32U5A5QJI6Q, STM32U5A5RJT6, STM32U5A5RJT6Q, STM32U5A5VJT6, STM32U5A5VJT6Q, STM32U5A5ZJT6, STM32U5A5ZJT6Q, STM32U5A5ZJY6QTR, STM32U5A9BJY6QTR, STM32U5A9J-DK, STM32U5A9NJH6Q, STM32U5A9VJT6Q, STM32U5A9ZJT6Q, STM32U5A9ZJY6QTR, STM32U5F7VIT6, STM32U5F7VIT6Q, STM32U5F7VJT6, STM32U5F7VJT6Q, STM32U5F9BJY6QTR, STM32U5F9NJH6Q, STM32U5F9VIT6Q, STM32U5F9VJT6Q, STM32U5F9ZIJ6QTR, STM32U5F9ZIT6Q, STM32U5F9ZJJ6QTR, STM32U5F9ZJT6Q, STM32U5G7VJT6, STM32U5G7VJT6Q, STM32U5G9BJY6QTR, STM32U5G9J-DK1, STM32U5G9J-DK2, STM32U5G9NJH6Q, STM32U5G9VJT6Q, STM32U5G9ZJJ6QTR, STM32U5G9ZJT6Q, STM32WB1MMCH6, STM32WBA50KEU6, STM32WBA50KEU6TR, STM32WBA50KGU6, STM32WBA50KGU6TR, STM32WBA52CEU6, STM32WBA52CEU6TR, STM32WBA52CEU7, STM32WBA52CEU7TR, STM32WBA52CGU6, STM32WBA52CGU6TR, STM32WBA52CGU6U, STM32WBA52CGU7, STM32WBA52CGU7TR, STM32WBA52KEU6, STM32WBA52KEU6TR, STM32WBA52KGU6, STM32WBA52KGU6TR, STM32WBA54CEU6, STM32WBA54CEU6TR, STM32WBA54CEU7, STM32WBA54CEU7TR, STM32WBA54CGU6, STM32WBA54CGU6TR, STM32WBA54CGU7, STM32WBA54CGU7TR, STM32WBA54KEU6, STM32WBA54KEU6TR, STM32WBA54KEU7, STM32WBA54KEU7TR, STM32WBA54KGU6, STM32WBA54KGU6TR, STM32WBA54KGU7, STM32WBA54KGU7TR, STM32WBA55CEU6, STM32WBA55CEU6TR, STM32WBA55CEU7, STM32WBA55CEU7TR, STM32WBA55CGU6, STM32WBA55CGU6TR, STM32WBA55CGU6U, STM32WBA55CGU7, STM32WBA55CGU7TR, STM32WBA55G-DK1, STM32WBA55HEF6, STM32WBA55HEF7, STM32WBA55HGF6, STM32WBA55HGF7, STM32WBA55UEI6, STM32WBA55UEI6TR, STM32WBA55UEI7, STM32WBA55UEI7TR, STM32WBA55UGI6, STM32WBA55UGI6TR, STM32WBA55UGI7, STM32WBA55UGI7TR, STM32WL5MOCH6, STM32WL5MOCH6TR]
2024-11-15 21:13:58,567 [INFO] DbMcus:218 - Found 4096 MCUs, 4096 are supported
2024-11-15 21:13:58,568 [INFO] ApiDb:423 - Load user favorites file C:\Users\gusta/.stm32cubeide/favorites.mcus.txt: 0 item(s)
2024-11-15 21:13:58,568 [INFO] ApiDb:427 - User favorites MCUs=[]
2024-11-15 21:13:58,569 [INFO] DbMcus:224 - Set 0 / 0 favorites MCUs
2024-11-15 21:13:59,290 [INFO] ApiDb:423 - Load user favorites file C:\Users\gusta/.stm32cubeide/favorites.boards.txt: 2 item(s)
2024-11-15 21:13:59,290 [INFO] ApiDb:427 - User favorites Boards=[NUCLEO-F401RE, NUCLEO-F429ZI]
2024-11-15 21:13:59,291 [INFO] DbBoards:198 - Set 2 / 2 favorites Boards
2024-11-15 21:13:59,384 [INFO] UtilMem:75 - End LoadConfig() Used Memory: 654882568 Bytes (1073741824)
2024-11-15 21:13:59,721 [WARN] ThirdParty:833 - waiting for thirdparty lock release [change project]
2024-11-15 21:13:59,721 [INFO] ThirdParty:835 - entering critical section [change project]
2024-11-15 21:13:59,721 [INFO] ThirdParty:1030 - CMSIS Pack Vendor :STMicroelectronics USBPD 4.1
2024-11-15 21:13:59,721 [INFO] ThirdParty:1030 - CMSIS Pack Vendor :STMicroelectronics X-CUBE-GNSS1 6.0.0
2024-11-15 21:13:59,722 [INFO] ThirdParty:1030 - CMSIS Pack Vendor :STMicroelectronics USB_HOST 2.0.0
2024-11-15 21:13:59,722 [INFO] ThirdParty:1030 - CMSIS Pack Vendor :STMicroelectronics FP-SNS-MOTENVWB1 1.4.0
2024-11-15 21:13:59,722 [INFO] ThirdParty:1030 - CMSIS Pack Vendor :STMicroelectronics X-CUBE-AZRTOS-F4 1.1.0
2024-11-15 21:13:59,722 [INFO] ThirdParty:1030 - CMSIS Pack Vendor :STMicroelectronics LIBJPEG 8.0.0
2024-11-15 21:13:59,722 [INFO] ThirdParty:1030 - CMSIS Pack Vendor :STMicroelectronics FP-ATR-ASTRA1 2.0.1
2024-11-15 21:13:59,722 [INFO] ThirdParty:1030 - CMSIS Pack Vendor :wolfSSL I-CUBE-wolfSSL 5.6.3
2024-11-15 21:13:59,722 [INFO] ThirdParty:1030 - CMSIS Pack Vendor :STMicroelectronics X-CUBE-SMBUS 2.1.0
2024-11-15 21:13:59,722 [INFO] ThirdParty:1030 - CMSIS Pack Vendor :STMicroelectronics X-CUBE-WB05N 1.1.0
2024-11-15 21:13:59,722 [INFO] ThirdParty:1030 - CMSIS Pack Vendor :STMicroelectronics X-CUBE-ISPU 2.1.0
2024-11-15 21:13:59,722 [INFO] ThirdParty:1030 - CMSIS Pack Vendor :STMicroelectronics X-CUBE-FREERTOS 1.2.0
2024-11-15 21:13:59,722 [INFO] ThirdParty:1030 - CMSIS Pack Vendor :STMicroelectronics X-CUBE-TOUCHGFX 4.23.1
2024-11-15 21:13:59,724 [INFO] ThirdParty:1030 - CMSIS Pack Vendor :STMicroelectronics X-CUBE-TOUCHGFX 4.23.0
2024-11-15 21:13:59,727 [INFO] ThirdParty:1030 - CMSIS Pack Vendor :STMicroelectronics X-CUBE-TOUCHGFX 4.23.2
2024-11-15 21:13:59,736 [INFO] ThirdParty:1030 - CMSIS Pack Vendor :STMicroelectronics X-CUBE-AZRTOS-F7 1.1.0
2024-11-15 21:13:59,739 [INFO] ThirdParty:1030 - CMSIS Pack Vendor :STMicroelectronics X-CUBE-AZRTOS-L5 2.0.0
2024-11-15 21:13:59,739 [INFO] ThirdParty:1030 - CMSIS Pack Vendor :STMicroelectronics USB_DEVICE 2.0.0
2024-11-15 21:13:59,739 [INFO] ThirdParty:1030 - CMSIS Pack Vendor :STMicroelectronics X-CUBE-MEMS1 9.6.0
2024-11-15 21:13:59,739 [INFO] ThirdParty:1030 - CMSIS Pack Vendor :STMicroelectronics X-CUBE-EEPRMA1 4.2.0
2024-11-15 21:13:59,739 [INFO] ThirdParty:1030 - CMSIS Pack Vendor :STMicroelectronics X-CUBE-NFC6 3.1.0
2024-11-15 21:13:59,739 [INFO] ThirdParty:1030 - CMSIS Pack Vendor :ITTIA_DB I-CUBE-ITTIADB 8.8.0
2024-11-15 21:13:59,739 [INFO] ThirdParty:1030 - CMSIS Pack Vendor :STMicroelectronics FP-SNS-MOTENV1 4.3.2
2024-11-15 21:13:59,739 [INFO] ThirdParty:1030 - CMSIS Pack Vendor :STMicroelectronics X-CUBE-MEMS1 11.0.0
2024-11-15 21:13:59,739 [INFO] ThirdParty:1030 - CMSIS Pack Vendor :STMicroelectronics FreeRTOS 0.0.1
2024-11-15 21:13:59,739 [INFO] ThirdParty:1030 - CMSIS Pack Vendor :STMicroelectronics X-CUBE-BLEMGR 2.0.0
2024-11-15 21:13:59,739 [INFO] ThirdParty:1030 - CMSIS Pack Vendor :STMicroelectronics X-CUBE-DPower 1.2.0
2024-11-15 21:13:59,739 [INFO] ThirdParty:1030 - CMSIS Pack Vendor :STMicroelectronics FP-SNS-FLIGHT1 5.0.2
2024-11-15 21:13:59,739 [INFO] ThirdParty:1030 - CMSIS Pack Vendor :STMicroelectronics X-CUBE-AI 9.0.0
2024-11-15 21:13:59,740 [INFO] ThirdParty:1030 - CMSIS Pack Vendor :STMicroelectronics X-CUBE-AZRTOS-H7 3.1.0
2024-11-15 21:13:59,740 [INFO] ThirdParty:1030 - CMSIS Pack Vendor :STMicroelectronics PDM2PCM 3.3.0
2024-11-15 21:13:59,740 [INFO] ThirdParty:1030 - CMSIS Pack Vendor :STMicroelectronics X-CUBE-DISPLAY 3.0.0
2024-11-15 21:13:59,740 [INFO] ThirdParty:1030 - CMSIS Pack Vendor :STMicroelectronics X-CUBE-BLE1 7.0.0
2024-11-15 21:13:59,740 [INFO] ThirdParty:1030 - CMSIS Pack Vendor :STMicroelectronics X-CUBE-NFC10 1.0.0
2024-11-15 21:13:59,740 [INFO] ThirdParty:1030 - CMSIS Pack Vendor :STMicroelectronics HAL Drivers 0.0.0
2024-11-15 21:13:59,740 [INFO] ThirdParty:1030 - CMSIS Pack Vendor :emotas I-CUBE-CANOPEN 1.3.0
2024-11-15 21:13:59,740 [INFO] ThirdParty:1030 - CMSIS Pack Vendor :STMicroelectronics X-CUBE-NFC7 1.0.1
2024-11-15 21:13:59,740 [INFO] ThirdParty:1030 - CMSIS Pack Vendor :STMicroelectronics MBEDTLS 2.14.1
2024-11-15 21:13:59,740 [INFO] ThirdParty:1030 - CMSIS Pack Vendor :STMicroelectronics X-CUBE-TOUCHGFX 4.22.1
2024-11-15 21:13:59,740 [INFO] ThirdParty:1030 - CMSIS Pack Vendor :wolfSSL I-CUBE-wolfTPM 3.2.0
2024-11-15 21:13:59,740 [INFO] ThirdParty:1030 - CMSIS Pack Vendor :STMicroelectronics X-CUBE-NFC6 3.0.0
2024-11-15 21:13:59,740 [INFO] ThirdParty:1030 - CMSIS Pack Vendor :STMicroelectronics X-CUBE-EEPRMA1 4.1.0
2024-11-15 21:13:59,740 [INFO] ThirdParty:1030 - CMSIS Pack Vendor :STMicroelectronics X-CUBE-BLEMGR 3.1.0
2024-11-15 21:13:59,740 [INFO] ThirdParty:1030 - CMSIS Pack Vendor :STMicroelectronics FP-SNS-SMARTAG2 1.2.0
2024-11-15 21:13:59,740 [INFO] ThirdParty:1030 - CMSIS Pack Vendor :STMicroelectronics X-CUBE-AZRTOS-WL 2.0.0
2024-11-15 21:13:59,740 [INFO] ThirdParty:1030 - CMSIS Pack Vendor :STMicroelectronics FP-SNS-MOTENV1 5.0.0
2024-11-15 21:13:59,741 [INFO] ThirdParty:1030 - CMSIS Pack Vendor :STMicroelectronics USB_DEVICE 1.0.0
2024-11-15 21:13:59,741 [INFO] ThirdParty:1030 - CMSIS Pack Vendor :STMicroelectronics X-CUBE-AI 8.1.0
2024-11-15 21:13:59,741 [INFO] ThirdParty:1030 - CMSIS Pack Vendor :wolfSSL I-CUBE-wolfMQTT 1.19.0
2024-11-15 21:13:59,741 [INFO] ThirdParty:1030 - CMSIS Pack Vendor :STMicroelectronics X-CUBE-AZRTOS-L4 2.0.0
2024-11-15 21:13:59,741 [INFO] ThirdParty:1030 - CMSIS Pack Vendor :STMicroelectronics ThreadX 0.0.2
2024-11-15 21:13:59,741 [INFO] ThirdParty:1030 - CMSIS Pack Vendor :WES I-CUBE-Cesium 1.3.0
2024-11-15 21:13:59,741 [INFO] ThirdParty:1030 - CMSIS Pack Vendor :STMicroelectronics lwIP 2.1.2
2024-11-15 21:13:59,741 [INFO] ThirdParty:1030 - CMSIS Pack Vendor :STMicroelectronics X-CUBE-SFXS2LP1 4.0.0
2024-11-15 21:13:59,741 [INFO] ThirdParty:1030 - CMSIS Pack Vendor :STMicroelectronics X-CUBE-BLE2 3.3.0
2024-11-15 21:13:59,741 [INFO] ThirdParty:1030 - CMSIS Pack Vendor :STMicroelectronics PDM2PCM 3.2.0
2024-11-15 21:13:59,741 [INFO] ThirdParty:1030 - CMSIS Pack Vendor :STMicroelectronics X-CUBE-ISPU 1.1.0
2024-11-15 21:13:59,741 [INFO] ThirdParty:1030 - CMSIS Pack Vendor :STMicroelectronics X-CUBE-AZRTOS-H7 3.3.0
2024-11-15 21:13:59,741 [INFO] ThirdParty:1030 - CMSIS Pack Vendor :STMicroelectronics X-CUBE-NFC9 1.0.0
2024-11-15 21:13:59,742 [INFO] ThirdParty:1030 - CMSIS Pack Vendor :STMicroelectronics USB_DEVICE 3.0.0
2024-11-15 21:13:59,742 [INFO] ThirdParty:1030 - CMSIS Pack Vendor :STMicroelectronics X-CUBE-TCPP 4.1.0
2024-11-15 21:13:59,742 [INFO] ThirdParty:1030 - CMSIS Pack Vendor :STMicroelectronics X-CUBE-IPS 3.0.0
2024-11-15 21:13:59,742 [INFO] ThirdParty:1030 - CMSIS Pack Vendor :STMicroelectronics X-CUBE-AZRTOS-WB 2.0.0
2024-11-15 21:13:59,742 [INFO] ThirdParty:1030 - CMSIS Pack Vendor :STMicroelectronics X-CUBE-GNSS1 7.0.0
2024-11-15 21:13:59,742 [INFO] ThirdParty:1030 - CMSIS Pack Vendor :STMicroelectronics FP-SNS-STBOX1 2.0.0
2024-11-15 21:13:59,742 [INFO] ThirdParty:1030 - CMSIS Pack Vendor :STMicroelectronics X-CUBE-ALGOBUILD 1.3.0
2024-11-15 21:13:59,742 [INFO] ThirdParty:1030 - CMSIS Pack Vendor :STMicroelectronics X-CUBE-AZRTOS-G0 1.1.0
2024-11-15 21:13:59,742 [INFO] ThirdParty:1030 - CMSIS Pack Vendor :STMicroelectronics X-CUBE-SAFEA1 1.2.2
2024-11-15 21:13:59,742 [INFO] ThirdParty:1030 - CMSIS Pack Vendor :STMicroelectronics X-CUBE-NFC4 3.0.0
2024-11-15 21:13:59,742 [INFO] ThirdParty:1030 - CMSIS Pack Vendor :STMicroelectronics X-CUBE-SUBG2 5.0.0
2024-11-15 21:13:59,742 [INFO] ThirdParty:1030 - CMSIS Pack Vendor :STMicroelectronics STM32_WPAN 1.0.0
2024-11-15 21:13:59,742 [INFO] ThirdParty:1030 - CMSIS Pack Vendor :wolfSSL I-CUBE-wolfMQTT 1.18.0
2024-11-15 21:13:59,742 [INFO] ThirdParty:1030 - CMSIS Pack Vendor :EmbeddedOffice I-CUBE-FS-RTOS 1.0.1
2024-11-15 21:13:59,742 [INFO] ThirdParty:1030 - CMSIS Pack Vendor :STMicroelectronics lwIP 2.0.3
2024-11-15 21:13:59,742 [INFO] ThirdParty:1030 - CMSIS Pack Vendor :Cesanta I-CUBE-Mongoose 7.13.0
2024-11-15 21:13:59,743 [INFO] ThirdParty:1030 - CMSIS Pack Vendor :STMicroelectronics USB_HOST 1.0.0
2024-11-15 21:13:59,743 [INFO] ThirdParty:1030 - CMSIS Pack Vendor :STMicroelectronics X-CUBE-TOF1 3.3.1
2024-11-15 21:13:59,743 [INFO] ThirdParty:1030 - CMSIS Pack Vendor :STMicroelectronics X-CUBE-AZRTOS-G4 2.0.0
2024-11-15 21:13:59,743 [INFO] ThirdParty:1030 - CMSIS Pack Vendor :STMicroelectronics PDM2PCM 3.1.0
2024-11-15 21:13:59,743 [INFO] ThirdParty:1030 - CMSIS Pack Vendor :Infineon AIROC-Wi-Fi-Bluetooth-STM32 1.5.1
2024-11-15 21:13:59,743 [INFO] ThirdParty:1030 - CMSIS Pack Vendor :STMicroelectronics X-CUBE-BLEMGR 3.0.0
2024-11-15 21:13:59,743 [INFO] ThirdParty:1030 - CMSIS Pack Vendor :STMicroelectronics FP-SNS-MOTENVWB1 1.3.0
2024-11-15 21:13:59,743 [INFO] ThirdParty:1030 - CMSIS Pack Vendor :RealThread X-CUBE-RT-Thread_Nano 4.1.1
2024-11-15 21:13:59,743 [INFO] ThirdParty:1030 - CMSIS Pack Vendor :STMicroelectronics FP-SNS-MOTENVWB1 1.3.1
2024-11-15 21:13:59,744 [INFO] ThirdParty:1030 - CMSIS Pack Vendor :STMicroelectronics FP-ATR-SIGFOX1 3.2.0
2024-11-15 21:13:59,744 [INFO] ThirdParty:1030 - CMSIS Pack Vendor :quantropi X-CUBE-qispace-sdk-base 1.9.3
2024-11-15 21:13:59,744 [INFO] ThirdParty:1030 - CMSIS Pack Vendor :STMicroelectronics X-CUBE-ISPU 2.0.0
2024-11-15 21:13:59,744 [INFO] ThirdParty:1030 - CMSIS Pack Vendor :STMicroelectronics X-CUBE-EEPRMA1 5.1.0
2024-11-15 21:13:59,744 [INFO] ThirdParty:1030 - CMSIS Pack Vendor :STMicroelectronics MBEDTLS 2.16.2
2024-11-15 21:13:59,744 [INFO] ThirdParty:1030 - CMSIS Pack Vendor :STMicroelectronics X-CUBE-ALS 1.0.2
2024-11-15 21:13:59,744 [INFO] ThirdParty:1030 - CMSIS Pack Vendor :STMicroelectronics X-CUBE-MEMS1 10.0.0
2024-11-15 21:13:59,744 [INFO] ThirdParty:1030 - CMSIS Pack Vendor :STMicroelectronics X-CUBE-FREERTOS 1.1.0
2024-11-15 21:13:59,744 [INFO] ThirdParty:1030 - CMSIS Pack Vendor :STMicroelectronics X-CUBE-TOUCHGFX 4.24.0
2024-11-15 21:13:59,744 [INFO] ThirdParty:1030 - CMSIS Pack Vendor :STMicroelectronics X-CUBE-TOUCHGFX 4.24.1
2024-11-15 21:13:59,744 [INFO] ThirdParty:1030 - CMSIS Pack Vendor :portGmbH I-Cube-SoM-uGOAL 1.1.0
2024-11-15 21:13:59,744 [INFO] ThirdParty:1030 - CMSIS Pack Vendor :STMicroelectronics X-CUBE-ALS 1.0.1
2024-11-15 21:13:59,744 [INFO] ThirdParty:1030 - CMSIS Pack Vendor :STMicroelectronics ThreadX 1.0.0
2024-11-15 21:13:59,744 [INFO] ThirdParty:1030 - CMSIS Pack Vendor :SEGGER I-CUBE-embOS 1.3.1
2024-11-15 21:13:59,745 [INFO] ThirdParty:1030 - CMSIS Pack Vendor :STMicroelectronics X-CUBE-ALGOBUILD 1.4.0
2024-11-15 21:13:59,745 [INFO] ThirdParty:1030 - CMSIS Pack Vendor :STMicroelectronics X-CUBE-AZRTOS-H7RS 1.0.0
2024-11-15 21:13:59,745 [INFO] ThirdParty:1030 - CMSIS Pack Vendor :STMicroelectronics FP-ATR-ASTRA1 2.0.0
2024-11-15 21:13:59,745 [INFO] ThirdParty:1030 - CMSIS Pack Vendor :STMicroelectronics X-CUBE-TOF1 3.4.2
2024-11-15 21:13:59,745 [INFO] ThirdParty:1030 - CMSIS Pack Vendor :STMicroelectronics X-CUBE-AI 9.1.0
2024-11-15 21:13:59,745 [INFO] ThirdParty:1030 - CMSIS Pack Vendor :STMicroelectronics X-CUBE-TOF1 3.4.0
2024-11-15 21:13:59,745 [INFO] ThirdParty:1030 - CMSIS Pack Vendor :STMicroelectronics X-CUBE-TOF1 3.4.1
2024-11-15 21:13:59,745 [INFO] ThirdParty:1030 - CMSIS Pack Vendor :STMicroelectronics X-CUBE-AZRTOS-H7 3.2.0
2024-11-15 21:13:59,746 [INFO] ThirdParty:1030 - CMSIS Pack Vendor :wolfSSL I-CUBE-wolfSSH 1.4.17
2024-11-15 21:13:59,746 [INFO] ThirdParty:841 - exiting critical section [change project]
2024-11-15 21:14:01,170 [INFO] PinOutPanel:1561 - setPackage(No Configuration,No Configuration)
2024-11-15 21:14:01,174 [INFO] PinOutPanel:1561 - setPackage(STM32F429ZITx,LQFP144)
2024-11-15 21:14:02,489 [INFO] UtilMem:75 - Before build in PCC Used Memory: 646734688 Bytes (1073741824)
2024-11-15 21:14:03,952 [INFO] UtilMem:75 - After build in PCC Used Memory: 726426464 Bytes (1073741824)
2024-11-15 21:14:04,167 [INFO] ApiDbMcu:508 - Load IP Config File for FREERTOS
2024-11-15 21:14:04,341 [INFO] ApiDbMcu:508 - Load IP Config File for LWIP
2024-11-15 21:14:04,411 [INFO] IPUIPlugin:80 - create IPUIPlugin
2024-11-15 21:14:04,412 [INFO] IPUIPlugin:80 - create IPUIPlugin
2024-11-15 21:14:04,412 [INFO] IPUIPlugin:80 - create IPUIPlugin
2024-11-15 21:14:04,412 [INFO] IPUIPlugin:80 - create IPUIPlugin
2024-11-15 21:14:04,412 [INFO] IPUIPlugin:80 - create IPUIPlugin
2024-11-15 21:14:04,413 [INFO] IPUIPlugin:80 - create IPUIPlugin
2024-11-15 21:14:04,413 [INFO] IPUIPlugin:80 - create IPUIPlugin
2024-11-15 21:14:04,413 [INFO] IPUIPlugin:80 - create IPUIPlugin
2024-11-15 21:14:04,413 [INFO] IPUIPlugin:80 - create IPUIPlugin
2024-11-15 21:14:04,414 [INFO] IPUIPlugin:80 - create IPUIPlugin
2024-11-15 21:14:04,414 [INFO] IPUIPlugin:80 - create IPUIPlugin
2024-11-15 21:14:04,414 [INFO] IPUIPlugin:80 - create IPUIPlugin
2024-11-15 21:14:04,414 [INFO] IPUIPlugin:80 - create IPUIPlugin
2024-11-15 21:14:04,414 [INFO] IPUIPlugin:80 - create IPUIPlugin
2024-11-15 21:14:04,415 [INFO] IPUIPlugin:80 - create IPUIPlugin
2024-11-15 21:14:04,415 [INFO] IPUIPlugin:80 - create IPUIPlugin
2024-11-15 21:14:04,415 [INFO] IPUIPlugin:80 - create IPUIPlugin
2024-11-15 21:14:04,415 [INFO] IPUIPlugin:80 - create IPUIPlugin
2024-11-15 21:14:04,415 [INFO] IPUIPlugin:80 - create IPUIPlugin
2024-11-15 21:14:04,416 [INFO] IPUIPlugin:80 - create IPUIPlugin
2024-11-15 21:14:04,416 [INFO] IPUIPlugin:80 - create IPUIPlugin
2024-11-15 21:14:04,416 [INFO] IPUIPlugin:80 - create IPUIPlugin
2024-11-15 21:14:04,417 [INFO] IPUIPlugin:80 - create IPUIPlugin
2024-11-15 21:14:04,417 [INFO] IPUIPlugin:80 - create IPUIPlugin
2024-11-15 21:14:04,417 [INFO] IPUIPlugin:80 - create IPUIPlugin
2024-11-15 21:14:04,418 [INFO] IPUIPlugin:80 - create IPUIPlugin
2024-11-15 21:14:04,418 [INFO] IPUIPlugin:80 - create IPUIPlugin
2024-11-15 21:14:04,419 [INFO] IPUIPlugin:80 - create IPUIPlugin
2024-11-15 21:14:04,419 [INFO] IPUIPlugin:80 - create IPUIPlugin
2024-11-15 21:14:04,420 [INFO] IPUIPlugin:80 - create IPUIPlugin
2024-11-15 21:14:04,420 [INFO] IPUIPlugin:80 - create IPUIPlugin
2024-11-15 21:14:04,421 [INFO] IPUIPlugin:80 - create IPUIPlugin
2024-11-15 21:14:04,421 [INFO] IPUIPlugin:80 - create IPUIPlugin
2024-11-15 21:14:04,422 [INFO] IPUIPlugin:80 - create IPUIPlugin
2024-11-15 21:14:04,422 [INFO] IPUIPlugin:80 - create IPUIPlugin
2024-11-15 21:14:04,423 [INFO] IPUIPlugin:80 - create IPUIPlugin
2024-11-15 21:14:04,423 [INFO] IPUIPlugin:80 - create IPUIPlugin
2024-11-15 21:14:04,424 [INFO] IPUIPlugin:80 - create IPUIPlugin
2024-11-15 21:14:04,425 [INFO] IPUIPlugin:80 - create IPUIPlugin
2024-11-15 21:14:04,425 [INFO] IPUIPlugin:80 - create IPUIPlugin
2024-11-15 21:14:04,426 [INFO] IPUIPlugin:80 - create IPUIPlugin
2024-11-15 21:14:04,426 [INFO] IPUIPlugin:80 - create IPUIPlugin
2024-11-15 21:14:04,427 [INFO] IPUIPlugin:80 - create IPUIPlugin
2024-11-15 21:14:04,427 [INFO] IPUIPlugin:80 - create IPUIPlugin
2024-11-15 21:14:04,428 [INFO] IPUIPlugin:80 - create IPUIPlugin
2024-11-15 21:14:04,428 [INFO] IPUIPlugin:80 - create IPUIPlugin
2024-11-15 21:14:04,429 [INFO] IPUIPlugin:80 - create IPUIPlugin
2024-11-15 21:14:04,429 [INFO] IPUIPlugin:80 - create IPUIPlugin
2024-11-15 21:14:04,430 [INFO] IPUIPlugin:80 - create IPUIPlugin
2024-11-15 21:14:04,430 [INFO] IPUIPlugin:80 - create IPUIPlugin
2024-11-15 21:14:04,431 [INFO] IPUIPlugin:80 - create IPUIPlugin
2024-11-15 21:14:04,431 [INFO] IPUIPlugin:80 - create IPUIPlugin
2024-11-15 21:14:04,431 [INFO] IPUIPlugin:80 - create IPUIPlugin
2024-11-15 21:14:04,432 [INFO] IPUIPlugin:80 - create IPUIPlugin
2024-11-15 21:14:04,433 [INFO] IPUIPlugin:80 - create IPUIPlugin
2024-11-15 21:14:04,433 [INFO] IPUIPlugin:80 - create IPUIPlugin
2024-11-15 21:14:04,434 [INFO] IPUIPlugin:80 - create IPUIPlugin
2024-11-15 21:14:04,434 [INFO] IPUIPlugin:80 - create IPUIPlugin
2024-11-15 21:14:04,435 [INFO] IPUIPlugin:80 - create IPUIPlugin
2024-11-15 21:14:04,436 [INFO] IPUIPlugin:80 - create IPUIPlugin
2024-11-15 21:14:04,437 [INFO] IPUIPlugin:80 - create IPUIPlugin
2024-11-15 21:14:04,438 [INFO] IPUIPlugin:80 - create IPUIPlugin
2024-11-15 21:14:04,439 [INFO] IPUIPlugin:80 - create IPUIPlugin
2024-11-15 21:14:04,440 [INFO] IPUIPlugin:80 - create IPUIPlugin
2024-11-15 21:14:04,441 [INFO] IPUIPlugin:80 - create IPUIPlugin
2024-11-15 21:14:04,442 [INFO] IPUIPlugin:80 - create IPUIPlugin
2024-11-15 21:14:04,468 [INFO] ApiDbMcu:508 - Load IP Config File for PDM2PCM
2024-11-15 21:14:04,524 [WARN] FreeRTOS:1023 - Null or empty value: should not occur! (nothing added to the table)
2024-11-15 21:14:04,943 [INFO] CADModel:165 - CPN selected for project levelSTM32F429ZIT6
2024-11-15 21:14:04,943 [INFO] CADModel:114 - Register for checkConnection events
2024-11-15 21:14:04,949 [INFO] RtosManager:697 - Active RTOS found at IOC load: FREERTOS [Cortex-M4NS]
2024-11-15 21:14:05,032 [INFO] OpenFileManager:343 - Restore cursor
2024-11-15 21:14:05,355 [WARN] IP:2120 - LWIP_NETIF_HOSTNAME_NAME not found: check if there is a RefParameter without a condition.
2024-11-15 21:14:05,433 [WARN] IP:2120 - LWIP_NETIF_HOSTNAME_NAME not found: check if there is a RefParameter without a condition.
2024-11-15 21:14:50,843 [WARN] IP:2120 - LWIP_NETIF_HOSTNAME_NAME not found: check if there is a RefParameter without a condition.
