2024-11-21 17:44:06,375 [INFO] Activator:176 - 


2024-11-21 17:44:06,383 [INFO] Activator:177 - !SESSION log4j initialized
2024-11-21 17:44:14,900 [INFO] LogOutputStream:77 - [STDOUT_REDIRECT] 
2024-11-21 17:44:23,192 [INFO] ApplicationProperties:184 - Using Application install path: C:\ST\STM32CubeIDE_1.15.1\STM32CubeIDE\plugins\com.st.stm32cube.common.mx_6.11.1.202404110753
2024-11-21 17:44:23,216 [INFO] DbMcusXml:78 - Set database path to: C:\ST\STM32CubeIDE_1.15.1\STM32CubeIDE\plugins\com.st.stm32cube.common.mx_6.11.1.202404110753\\db\/mcu/
2024-11-21 17:44:23,216 [INFO] ApiDb:274 - Set plugin database path to: C:\ST\STM32CubeIDE_1.15.1\STM32CubeIDE\plugins\com.st.stm32cube.common.mx_6.11.1.202404110753\\db\/plugins/boardmanager/
2024-11-21 17:44:23,217 [WARN] ApiDb:259 - Overriding images path with different value:  => C:\ST\STM32CubeIDE_1.15.1\STM32CubeIDE\plugins\com.st.stm32cube.common.mx_6.11.1.202404110753\\db\/plugins/mcufinder/images/
2024-11-21 17:44:23,228 [INFO] ApiDb:250 - Set database path to: C:\Users\gusta\.stmcufinder\plugins\mcufinder//mcu/
2024-11-21 17:44:23,230 [INFO] DbMcusAds:125 - Set database path to: C:\Users\gusta\.stmcufinder\plugins\mcufinder//mcu/
2024-11-21 17:44:23,232 [INFO] CrossReferenceDbSqlite:203 - Set database path to: C:\Users\gusta\.stmcufinder\plugins\mcufinder//mcu/cs/
2024-11-21 17:44:23,401 [INFO] RulesReader:64 - Compatibility file has been processed (297 Rules)
2024-11-21 17:44:23,520 [INFO] DbMcusXml:78 - Set database path to: C:\ST\STM32CubeIDE_1.15.1\STM32CubeIDE\plugins\com.st.stm32cube.common.mx_6.11.1.202404110753\\db\/mcu/
2024-11-21 17:44:23,520 [INFO] ApiDb:274 - Set plugin database path to: C:\ST\STM32CubeIDE_1.15.1\STM32CubeIDE\plugins\com.st.stm32cube.common.mx_6.11.1.202404110753\\db\/plugins/boardmanager/
2024-11-21 17:44:23,520 [INFO] ApiDb:261 - Set plugin images path to: C:\ST\STM32CubeIDE_1.15.1\STM32CubeIDE\plugins\com.st.stm32cube.common.mx_6.11.1.202404110753\\db\/plugins/mcufinder/images/
2024-11-21 17:44:23,520 [WARN] DbFile:41 - Overriding database path with different value: C:\Users\gusta\.stmcufinder\plugins\mcufinder/ => C:\Users\gusta\.stmcufinder\plugins\mcufinder
2024-11-21 17:44:23,520 [INFO] ApiDb:250 - Set database path to: C:\Users\gusta\.stmcufinder\plugins\mcufinder//mcu/
2024-11-21 17:44:23,521 [WARN] DbFile:41 - Overriding database path with different value: C:\Users\gusta\.stmcufinder\plugins\mcufinder/ => C:\Users\gusta\.stmcufinder\plugins\mcufinder
2024-11-21 17:44:23,521 [INFO] DbMcusAds:125 - Set database path to: C:\Users\gusta\.stmcufinder\plugins\mcufinder//mcu/
2024-11-21 17:44:23,521 [WARN] DbFile:41 - Overriding database path with different value: C:\Users\gusta\.stmcufinder\plugins\mcufinder/ => C:\Users\gusta\.stmcufinder\plugins\mcufinder
2024-11-21 17:44:23,521 [WARN] DbFile:41 - Overriding database path with different value: C:\Users\gusta\.stmcufinder\plugins\mcufinder/ => C:\Users\gusta\.stmcufinder\plugins\mcufinder
2024-11-21 17:44:23,521 [INFO] CrossReferenceDbSqlite:203 - Set database path to: C:\Users\gusta\.stmcufinder\plugins\mcufinder//mcu/cs/
2024-11-21 17:44:23,622 [INFO] MainPanel:264 - HeapMemory: 268435456
2024-11-21 17:44:23,733 [INFO] DbMcusXml:78 - Set database path to: C:\ST\STM32CubeIDE_1.15.1\STM32CubeIDE\plugins\com.st.stm32cube.common.mx_6.11.1.202404110753\\db\/mcu/
2024-11-21 17:44:23,733 [INFO] ApiDb:274 - Set plugin database path to: C:\ST\STM32CubeIDE_1.15.1\STM32CubeIDE\plugins\com.st.stm32cube.common.mx_6.11.1.202404110753\\db\/plugins/boardmanager/
2024-11-21 17:44:23,733 [INFO] ApiDb:261 - Set plugin images path to: C:\ST\STM32CubeIDE_1.15.1\STM32CubeIDE\plugins\com.st.stm32cube.common.mx_6.11.1.202404110753\\db\/plugins/mcufinder/images/
2024-11-21 17:44:23,733 [WARN] DbFile:41 - Overriding database path with different value: C:\Users\gusta\.stmcufinder\plugins\mcufinder/ => C:\Users\gusta\.stmcufinder\plugins\mcufinder
2024-11-21 17:44:23,733 [INFO] ApiDb:250 - Set database path to: C:\Users\gusta\.stmcufinder\plugins\mcufinder//mcu/
2024-11-21 17:44:23,733 [WARN] DbFile:41 - Overriding database path with different value: C:\Users\gusta\.stmcufinder\plugins\mcufinder/ => C:\Users\gusta\.stmcufinder\plugins\mcufinder
2024-11-21 17:44:23,734 [INFO] DbMcusAds:125 - Set database path to: C:\Users\gusta\.stmcufinder\plugins\mcufinder//mcu/
2024-11-21 17:44:23,734 [WARN] DbFile:41 - Overriding database path with different value: C:\Users\gusta\.stmcufinder\plugins\mcufinder/ => C:\Users\gusta\.stmcufinder\plugins\mcufinder
2024-11-21 17:44:23,734 [WARN] DbFile:41 - Overriding database path with different value: C:\Users\gusta\.stmcufinder\plugins\mcufinder/ => C:\Users\gusta\.stmcufinder\plugins\mcufinder
2024-11-21 17:44:23,734 [INFO] CrossReferenceDbSqlite:203 - Set database path to: C:\Users\gusta\.stmcufinder\plugins\mcufinder//mcu/cs/
2024-11-21 17:44:23,754 [INFO] ApplicationProperties:184 - Using Application install path: C:\ST\STM32CubeIDE_1.15.1\STM32CubeIDE\plugins\com.st.stm32cube.common.mx_6.11.1.202404110753
2024-11-21 17:44:23,756 [INFO] PluginManage:196 - Search for loadable plugins [exclusion list=, ]
2024-11-21 17:44:23,757 [INFO] PluginManage:310 - Check plugin analytics
2024-11-21 17:44:28,614 [INFO] AnalyticsPlugin:253 - Accepted Software Licenses: 
2024-11-21 17:44:28,614 [INFO] AnalyticsPlugin:255 - Accepted CMSIS Pack Licenses: 
2024-11-21 17:44:28,615 [INFO] AnalyticsPlugin:257 - Accepted Firmware Licenses: FW.F4.1.27.0,FW.F4.1.28.0
2024-11-21 17:44:28,620 [INFO] PluginManage:359 - Loaded plugin analytics (category:tool,tabindex:-1)
2024-11-21 17:44:28,620 [INFO] PluginManage:310 - Check plugin cadmodel
2024-11-21 17:44:28,628 [INFO] CADModel:105 - Init CAD model plugin
2024-11-21 17:44:28,628 [INFO] PluginManage:359 - Loaded plugin cadmodel (category:power,tabindex:5)
2024-11-21 17:44:28,628 [INFO] PluginManage:310 - Check plugin clock
2024-11-21 17:44:28,644 [INFO] PluginManage:359 - Loaded plugin clock (category:base,tabindex:2)
2024-11-21 17:44:28,645 [INFO] PluginManage:310 - Check plugin ddr
2024-11-21 17:44:28,648 [INFO] PluginManage:359 - Loaded plugin ddr (category:tool,tabindex:6)
2024-11-21 17:44:28,648 [INFO] PluginManage:310 - Check plugin filemanager
2024-11-21 17:44:28,817 [INFO] PluginManage:359 - Loaded plugin filemanager (category:base,tabindex:10)
2024-11-21 17:44:28,817 [INFO] PluginManage:310 - Check plugin ipmanager
2024-11-21 17:44:28,825 [INFO] PluginManage:359 - Loaded plugin ipmanager (category:base,tabindex:5)
2024-11-21 17:44:28,826 [INFO] PluginManage:310 - Check plugin lpbam
2024-11-21 17:44:28,838 [INFO] PluginManage:359 - Loaded plugin lpbam (category:base,tabindex:0)
2024-11-21 17:44:28,838 [INFO] PluginManage:310 - Check plugin memorymap
2024-11-21 17:44:28,863 [INFO] PluginManage:359 - Loaded plugin memorymap (category:base,tabindex:4)
2024-11-21 17:44:28,863 [INFO] PluginManage:310 - Check plugin pinoutandconfiguration
2024-11-21 17:44:28,877 [INFO] PluginManage:359 - Loaded plugin pinoutandconfiguration (category:base,tabindex:1)
2024-11-21 17:44:28,877 [INFO] PluginManage:310 - Check plugin pinoutconfig
2024-11-21 17:44:29,008 [WARN] SupportedApi:132 - Cannot load RTOS API schema: s4s-elt-must-match.1: The content of 'definitions' must match (annotation?, (simpleType | complexType)?, (unique | key | keyref)*)). A problem was found starting at: attribute.
2024-11-21 17:44:29,254 [INFO] PluginManage:359 - Loaded plugin pinoutconfig (category:base,tabindex:0)
2024-11-21 17:44:29,254 [INFO] PluginManage:310 - Check plugin power
2024-11-21 17:44:29,270 [INFO] PluginManage:359 - Loaded plugin power (category:power,tabindex:4)
2024-11-21 17:44:29,271 [INFO] PluginManage:310 - Check plugin projectmanager
2024-11-21 17:44:29,299 [INFO] PluginManage:359 - Loaded plugin projectmanager (category:projectmanager,tabindex:3)
2024-11-21 17:44:29,299 [INFO] PluginManage:310 - Check plugin thirdparty
2024-11-21 17:44:29,527 [INFO] PluginManage:359 - Loaded plugin thirdparty (category:base,tabindex:-1)
2024-11-21 17:44:29,527 [INFO] PluginManage:310 - Check plugin tools
2024-11-21 17:44:29,527 [WARN] IntegrityCheckThread:84 - waiting for thirdparty lock release [integrity check]
2024-11-21 17:44:29,528 [INFO] IntegrityCheckThread:86 - entering critical section [integrity check]
2024-11-21 17:44:29,529 [INFO] ThirdPartyUpdaterWithRetryManager:70 - Updater plugin not ready yet. [1/15]
2024-11-21 17:44:29,532 [INFO] PluginManage:359 - Loaded plugin tools (category:base,tabindex:7)
2024-11-21 17:44:29,532 [INFO] PluginManage:310 - Check plugin tutovideos
2024-11-21 17:44:29,822 [INFO] PluginManage:359 - Loaded plugin tutovideos (category:base,tabindex:-1)
2024-11-21 17:44:29,823 [INFO] PluginManage:310 - Check plugin updater
2024-11-21 17:44:29,842 [INFO] PluginManage:359 - Loaded plugin updater (category:base,tabindex:12)
2024-11-21 17:44:29,842 [INFO] PluginManage:310 - Check plugin userauth
2024-11-21 17:44:29,850 [INFO] UserAuth:114 - Init User Auth plugin
2024-11-21 17:44:29,851 [INFO] PluginManage:359 - Loaded plugin userauth (category:base,tabindex:14)
2024-11-21 17:44:29,851 [INFO] PluginManage:283 - PluginManage : Loaded plugins [17]
2024-11-21 17:44:30,190 [INFO] PinOutPanel:1561 - setPackage(No Configuration,No Configuration)
2024-11-21 17:44:30,299 [INFO] CADModel:165 - CPN selected for project level
2024-11-21 17:44:30,299 [INFO] CADModel:114 - Register for checkConnection events
2024-11-21 17:44:30,329 [INFO] IPUIPlugin:80 - create IPUIPlugin
2024-11-21 17:44:30,329 [INFO] PluginManager:220 - loadIPPluginJar : add adc
2024-11-21 17:44:30,333 [INFO] IPUIPlugin:80 - create IPUIPlugin
2024-11-21 17:44:30,334 [INFO] PluginManager:220 - loadIPPluginJar : add aes
2024-11-21 17:44:30,339 [INFO] IPUIPlugin:80 - create IPUIPlugin
2024-11-21 17:44:30,339 [INFO] PluginManager:220 - loadIPPluginJar : add can
2024-11-21 17:44:30,341 [INFO] IPUIPlugin:80 - create IPUIPlugin
2024-11-21 17:44:30,342 [INFO] PluginManager:220 - loadIPPluginJar : add comp
2024-11-21 17:44:30,346 [INFO] IPUIPlugin:80 - create IPUIPlugin
2024-11-21 17:44:30,346 [INFO] PluginManager:220 - loadIPPluginJar : add cryp
2024-11-21 17:44:30,351 [INFO] IPUIPlugin:80 - create IPUIPlugin
2024-11-21 17:44:30,351 [INFO] PluginManager:220 - loadIPPluginJar : add dfsdm
2024-11-21 17:44:30,358 [INFO] IPUIPlugin:80 - create IPUIPlugin
2024-11-21 17:44:30,359 [INFO] PluginManager:220 - loadIPPluginJar : add dma
2024-11-21 17:44:30,362 [INFO] IPUIPlugin:80 - create IPUIPlugin
2024-11-21 17:44:30,362 [INFO] PluginManager:220 - loadIPPluginJar : add dma3
2024-11-21 17:44:30,366 [INFO] IPUIPlugin:80 - create IPUIPlugin
2024-11-21 17:44:30,366 [INFO] PluginManager:220 - loadIPPluginJar : add extmemmanager
2024-11-21 17:44:30,368 [INFO] IPUIPlugin:80 - create IPUIPlugin
2024-11-21 17:44:30,369 [INFO] PluginManager:220 - loadIPPluginJar : add fatfs
2024-11-21 17:44:30,374 [INFO] IPUIPlugin:80 - create IPUIPlugin
2024-11-21 17:44:30,374 [INFO] PluginManager:220 - loadIPPluginJar : add fmc
2024-11-21 17:44:30,383 [INFO] IPUIPlugin:80 - create IPUIPlugin
2024-11-21 17:44:30,383 [INFO] PluginManager:220 - loadIPPluginJar : add freertos
2024-11-21 17:44:30,386 [INFO] IPUIPlugin:80 - create IPUIPlugin
2024-11-21 17:44:30,386 [INFO] PluginManager:220 - loadIPPluginJar : add genericplugin
2024-11-21 17:44:30,390 [INFO] IPUIPlugin:80 - create IPUIPlugin
2024-11-21 17:44:30,390 [INFO] PluginManager:220 - loadIPPluginJar : add gfxmmu
2024-11-21 17:44:30,396 [INFO] IPUIPlugin:80 - create IPUIPlugin
2024-11-21 17:44:30,397 [INFO] PluginManager:220 - loadIPPluginJar : add gic
2024-11-21 17:44:30,403 [INFO] IPUIPlugin:80 - create IPUIPlugin
2024-11-21 17:44:30,403 [INFO] PluginManager:220 - loadIPPluginJar : add gpio
2024-11-21 17:44:30,406 [INFO] IPUIPlugin:80 - create IPUIPlugin
2024-11-21 17:44:30,407 [INFO] PluginManager:220 - loadIPPluginJar : add gtzc
2024-11-21 17:44:30,410 [INFO] IPUIPlugin:80 - create IPUIPlugin
2024-11-21 17:44:30,410 [INFO] PluginManager:220 - loadIPPluginJar : add hash
2024-11-21 17:44:30,413 [INFO] IPUIPlugin:80 - create IPUIPlugin
2024-11-21 17:44:30,414 [INFO] PluginManager:220 - loadIPPluginJar : add i2c
2024-11-21 17:44:30,418 [INFO] IPUIPlugin:80 - create IPUIPlugin
2024-11-21 17:44:30,418 [INFO] PluginManager:220 - loadIPPluginJar : add i2s
2024-11-21 17:44:30,422 [INFO] IPUIPlugin:80 - create IPUIPlugin
2024-11-21 17:44:30,422 [INFO] PluginManager:220 - loadIPPluginJar : add i3c
2024-11-21 17:44:30,427 [INFO] IPUIPlugin:80 - create IPUIPlugin
2024-11-21 17:44:30,427 [INFO] PluginManager:220 - loadIPPluginJar : add ipddr
2024-11-21 17:44:30,435 [INFO] IPUIPlugin:80 - create IPUIPlugin
2024-11-21 17:44:30,435 [INFO] PluginManager:220 - loadIPPluginJar : add linkedlist
2024-11-21 17:44:30,439 [INFO] IPUIPlugin:80 - create IPUIPlugin
2024-11-21 17:44:30,439 [INFO] PluginManager:220 - loadIPPluginJar : add lorawan
2024-11-21 17:44:30,442 [INFO] IPUIPlugin:80 - create IPUIPlugin
2024-11-21 17:44:30,442 [INFO] PluginManager:220 - loadIPPluginJar : add ltdc
2024-11-21 17:44:30,451 [INFO] IPUIPlugin:80 - create IPUIPlugin
2024-11-21 17:44:30,451 [INFO] PluginManager:220 - loadIPPluginJar : add mdma
2024-11-21 17:44:30,456 [INFO] IPUIPlugin:80 - create IPUIPlugin
2024-11-21 17:44:30,457 [INFO] PluginManager:220 - loadIPPluginJar : add nvic
2024-11-21 17:44:30,460 [INFO] IPUIPlugin:80 - create IPUIPlugin
2024-11-21 17:44:30,461 [INFO] PluginManager:220 - loadIPPluginJar : add opamp
2024-11-21 17:44:30,467 [INFO] IPUIPlugin:80 - create IPUIPlugin
2024-11-21 17:44:30,467 [INFO] PluginManager:220 - loadIPPluginJar : add openamp
2024-11-21 17:44:30,475 [INFO] IPUIPlugin:80 - create IPUIPlugin
2024-11-21 17:44:30,476 [INFO] PluginManager:220 - loadIPPluginJar : add pdm2pcm
2024-11-21 17:44:30,486 [INFO] IPUIPlugin:80 - create IPUIPlugin
2024-11-21 17:44:30,490 [INFO] PluginManager:220 - loadIPPluginJar : add plateformsettings
2024-11-21 17:44:30,493 [INFO] IPUIPlugin:80 - create IPUIPlugin
2024-11-21 17:44:30,494 [INFO] PluginManager:220 - loadIPPluginJar : add quadspi
2024-11-21 17:44:30,502 [INFO] IPUIPlugin:80 - create IPUIPlugin
2024-11-21 17:44:30,502 [INFO] PluginManager:220 - loadIPPluginJar : add resmgrutility
2024-11-21 17:44:30,515 [INFO] IPUIPlugin:80 - create IPUIPlugin
2024-11-21 17:44:30,515 [INFO] PluginManager:220 - loadIPPluginJar : add sai
2024-11-21 17:44:30,520 [INFO] IPUIPlugin:80 - create IPUIPlugin
2024-11-21 17:44:30,520 [INFO] PluginManager:220 - loadIPPluginJar : add spi
2024-11-21 17:44:30,529 [INFO] IPUIPlugin:80 - create IPUIPlugin
2024-11-21 17:44:30,530 [INFO] PluginManager:220 - loadIPPluginJar : add stm32_wpan
2024-11-21 17:44:30,534 [INFO] IPUIPlugin:80 - create IPUIPlugin
2024-11-21 17:44:30,534 [INFO] PluginManager:220 - loadIPPluginJar : add tim
2024-11-21 17:44:30,540 [INFO] IPUIPlugin:80 - create IPUIPlugin
2024-11-21 17:44:30,540 [INFO] PluginManager:220 - loadIPPluginJar : add touchsensing
2024-11-21 17:44:30,543 [INFO] IPUIPlugin:80 - create IPUIPlugin
2024-11-21 17:44:30,544 [INFO] PluginManager:220 - loadIPPluginJar : add tracer_emb
2024-11-21 17:44:30,548 [INFO] IPUIPlugin:80 - create IPUIPlugin
2024-11-21 17:44:30,548 [INFO] PluginManager:220 - loadIPPluginJar : add ts
2024-11-21 17:44:30,551 [INFO] IPUIPlugin:80 - create IPUIPlugin
2024-11-21 17:44:30,552 [INFO] PluginManager:220 - loadIPPluginJar : add tsc
2024-11-21 17:44:30,555 [INFO] IPUIPlugin:80 - create IPUIPlugin
2024-11-21 17:44:30,555 [INFO] PluginManager:220 - loadIPPluginJar : add ucpd
2024-11-21 17:44:30,560 [INFO] IPUIPlugin:80 - create IPUIPlugin
2024-11-21 17:44:30,560 [INFO] PluginManager:220 - loadIPPluginJar : add usart
2024-11-21 17:44:30,566 [INFO] IPUIPlugin:80 - create IPUIPlugin
2024-11-21 17:44:30,566 [INFO] PluginManager:220 - loadIPPluginJar : add usbx
2024-11-21 17:44:30,727 [INFO] CADModel:165 - CPN selected for project level
2024-11-21 17:44:30,727 [INFO] CADModel:114 - Register for checkConnection events
2024-11-21 17:44:30,728 [FATAL] Updater:308 - Updater called before beeing initialized
2024-11-21 17:44:30,729 [ERROR] CADModel:125 - Updater not yet initialized, retry later 
2024-11-21 17:44:31,239 [INFO] CADModel:165 - CPN selected for project level
2024-11-21 17:44:31,239 [INFO] CADModel:114 - Register for checkConnection events
2024-11-21 17:44:31,239 [FATAL] Updater:308 - Updater called before beeing initialized
2024-11-21 17:44:31,239 [ERROR] CADModel:125 - Updater not yet initialized, retry later 
2024-11-21 17:44:31,243 [FATAL] Updater:308 - Updater called before beeing initialized
2024-11-21 17:44:31,503 [FATAL] Updater:308 - Updater called before beeing initialized
2024-11-21 17:44:31,509 [INFO] DbMcusAds:53 - JSON generation date=Thu May 16 06:22:00 ART 2024 (1715851320667)
2024-11-21 17:44:31,509 [FATAL] Updater:308 - Updater called before beeing initialized
2024-11-21 17:44:31,582 [WARN] DetailPanel:346 - Failed to get advertising image, set to default
2024-11-21 17:44:31,687 [FATAL] Updater:308 - Updater called before beeing initialized
2024-11-21 17:44:31,690 [FATAL] Updater:308 - Updater called before beeing initialized
2024-11-21 17:44:31,690 [FATAL] Updater:308 - Updater called before beeing initialized
2024-11-21 17:44:31,690 [WARN] DetailPanel:346 - Failed to get advertising image, set to default
2024-11-21 17:44:31,691 [FATAL] Updater:308 - Updater called before beeing initialized
2024-11-21 17:44:31,766 [ERROR] Updater:1120 - MainUpdater not yet initialized. External WinMGr cannot be set.
2024-11-21 17:44:31,769 [INFO] Updater:1056 - Updater Version found : 6.11.1
2024-11-21 17:44:31,797 [INFO] ApplicationProperties:184 - Using Application install path: C:\ST\STM32CubeIDE_1.15.1\STM32CubeIDE\plugins\com.st.stm32cube.common.mx_6.11.1.202404110753
2024-11-21 17:44:32,531 [INFO] ThirdPartyUpdaterWithRetryManager:70 - Updater plugin not ready yet. [2/15]
2024-11-21 17:44:33,384 [ERROR] LogOutputStream:75 - [STDERR_REDIRECT] Nov 21, 2024 5:44:33 PM java.util.prefs.WindowsPreferences <init>
2024-11-21 17:44:33,389 [ERROR] LogOutputStream:75 - [STDERR_REDIRECT] WARNING: Could not open/create prefs root node Software\JavaSoft\Prefs at root 0xffffffff80000002. Windows RegCreateKeyEx(...) returned error code 5.
2024-11-21 17:44:33,390 [ERROR] LogOutputStream:75 - [STDERR_REDIRECT] 
2024-11-21 17:44:33,834 [INFO] MainUpdater:2873 - connection check result : 10
2024-11-21 17:44:33,838 [INFO] MainUpdater:3567 - Updater definition file requires update
2024-11-21 17:44:33,841 [INFO] MainUpdater:290 - Updater Check For Update Now.
2024-11-21 17:44:33,841 [INFO] MicroXplorer:498 - Change Database Version : DB.6.0.111
2024-11-21 17:44:33,861 [INFO] McuFinderGlobals:63 - Set McuFinder mode to 2 (CubeIDE integrated)
2024-11-21 17:44:33,867 [INFO] ServerAccessManage:473 - Download File updaters.zip
2024-11-21 17:44:33,904 [INFO] UserAuth:415 - Internet connection configuration mode: 1
2024-11-21 17:44:33,934 [INFO] JxBrowserEngine:152 - Initiate JxBrowser Engine with user profile folder
2024-11-21 17:44:33,974 [INFO] FileExtend:240 - Unzip File : updaters.zip
2024-11-21 17:44:33,975 [INFO] FileExtend:255 - Standard Zip Deflate
2024-11-21 17:44:34,447 [INFO] ServerAccessManage:473 - Download File PacksControlFlags.xml
2024-11-21 17:44:34,523 [INFO] ServerAccessManage:473 - Download File cubemx.pidx
2024-11-21 17:44:34,867 [INFO] LoadServerUpdatesThread:375 - End of LoadServerUpdate Thread
2024-11-21 17:44:35,165 [INFO] CheckServerUpdateThread:120 - End of CheckServer Thread
2024-11-21 17:44:36,179 [INFO] WebApp:161 - Instantiating new browser for Auth
2024-11-21 17:44:36,606 [WARN] PackLoader:240 - Cannot read IP mode file for STMicroelectronics.FP-SNS-MOTENVWB1.1.4.0
2024-11-21 17:44:36,618 [WARN] PackLoader:240 - Cannot read IP mode file for STMicroelectronics.FP-ATR-ASTRA1.2.0.1
2024-11-21 17:44:36,632 [WARN] PackLoader:240 - Cannot read IP mode file for STMicroelectronics.X-CUBE-SMBUS.2.1.0
2024-11-21 17:44:36,643 [WARN] PackLoader:240 - Cannot read IP mode file for STMicroelectronics.X-CUBE-WB05N.1.1.0
2024-11-21 17:44:36,650 [WARN] PackLoader:240 - Cannot read IP mode file for STMicroelectronics.X-CUBE-TOUCHGFX.4.23.1
2024-11-21 17:44:36,653 [WARN] PackLoader:240 - Cannot read IP mode file for STMicroelectronics.X-CUBE-TOUCHGFX.4.23.0
2024-11-21 17:44:36,657 [WARN] PackLoader:240 - Cannot read IP mode file for STMicroelectronics.X-CUBE-TOUCHGFX.4.23.2
2024-11-21 17:44:36,709 [WARN] PackLoader:240 - Cannot read IP mode file for STMicroelectronics.X-CUBE-AZRTOS-F7.1.1.0
2024-11-21 17:44:36,736 [WARN] PackLoader:240 - Cannot read IP mode file for STMicroelectronics.FP-SNS-MOTENV1.4.3.2
2024-11-21 17:44:36,968 [WARN] PackLoader:240 - Cannot read IP mode file for STMicroelectronics.X-CUBE-MEMS1.11.0.0
2024-11-21 17:44:37,360 [WARN] PackLoader:240 - Cannot read IP mode file for STMicroelectronics.FP-SNS-FLIGHT1.5.0.2
2024-11-21 17:44:37,399 [WARN] PackLoader:240 - Cannot read IP mode file for STMicroelectronics.X-CUBE-DISPLAY.3.0.0
2024-11-21 17:44:37,413 [WARN] PackLoader:240 - Cannot read IP mode file for STMicroelectronics.X-CUBE-BLE1.7.0.0
2024-11-21 17:44:37,430 [WARN] PackLoader:240 - Cannot read IP mode file for STMicroelectronics.X-CUBE-NFC10.1.0.0
2024-11-21 17:44:37,440 [INFO] WebApp:779 - Register for checkConnection events
2024-11-21 17:44:37,440 [INFO] WebApp:414 - Apply proxy settings
2024-11-21 17:44:37,440 [INFO] WebApp:499 - Chromium requires no authentication
2024-11-21 17:44:37,443 [WARN] PackLoader:240 - Cannot read IP mode file for emotas.I-CUBE-CANOPEN.1.3.0
2024-11-21 17:44:37,447 [WARN] PackLoader:240 - Cannot read IP mode file for STMicroelectronics.X-CUBE-TOUCHGFX.4.22.1
2024-11-21 17:44:37,460 [INFO] WebApp:442 - Direct internet connection detected
2024-11-21 17:44:37,465 [WARN] PackLoader:240 - Cannot read IP mode file for STMicroelectronics.X-CUBE-BLEMGR.3.1.0
2024-11-21 17:44:37,476 [WARN] PackLoader:240 - Cannot read IP mode file for STMicroelectronics.FP-SNS-SMARTAG2.1.2.0
2024-11-21 17:44:37,490 [INFO] LogOutputStream:77 - [STDOUT_REDIRECT] 1 : Invalid condition id : UX_CORESTACK_Condition cause : null
2024-11-21 17:44:37,491 [INFO] LogOutputStream:77 - [STDOUT_REDIRECT] 1 : Invalid condition id : UX_CORESTACK_Condition cause : null
2024-11-21 17:44:37,493 [INFO] LogOutputStream:77 - [STDOUT_REDIRECT] 1 : Invalid condition id : UX_CORESTACK_Condition cause : null
2024-11-21 17:44:37,496 [INFO] LogOutputStream:77 - [STDOUT_REDIRECT] 1 : Invalid condition id : UX_CORESTACK_Condition cause : null
2024-11-21 17:44:37,498 [INFO] LogOutputStream:77 - [STDOUT_REDIRECT] 1 : Invalid condition id : UX_CORESTACK_Condition cause : null
2024-11-21 17:44:37,506 [WARN] PackLoader:240 - Cannot read IP mode file for STMicroelectronics.X-CUBE-AZRTOS-WL.2.0.0
2024-11-21 17:44:37,516 [WARN] PackLoader:240 - Cannot read IP mode file for STMicroelectronics.FP-SNS-MOTENV1.5.0.0
2024-11-21 17:44:37,525 [WARN] PackLoader:240 - Cannot read IP mode file for wolfSSL.I-CUBE-wolfMQTT.1.19.0
2024-11-21 17:44:37,538 [WARN] PackLoader:240 - Cannot read IP mode file for WES.I-CUBE-Cesium.1.3.0
2024-11-21 17:44:37,546 [WARN] PackLoader:240 - Cannot read IP mode file for STMicroelectronics.X-CUBE-BLE2.3.3.0
2024-11-21 17:44:37,556 [WARN] PackLoader:240 - Cannot read IP mode file for STMicroelectronics.X-CUBE-NFC9.1.0.0
2024-11-21 17:44:37,567 [WARN] PackLoader:240 - Cannot read IP mode file for STMicroelectronics.X-CUBE-TCPP.4.1.0
2024-11-21 17:44:37,587 [WARN] PackLoader:240 - Cannot read IP mode file for STMicroelectronics.X-CUBE-ALGOBUILD.1.3.0
2024-11-21 17:44:37,613 [WARN] PackLoader:240 - Cannot read IP mode file for STMicroelectronics.X-CUBE-AZRTOS-G0.1.1.0
2024-11-21 17:44:37,629 [WARN] PackLoader:240 - Cannot read IP mode file for STMicroelectronics.X-CUBE-SAFEA1.1.2.2
2024-11-21 17:44:37,639 [WARN] PackLoader:240 - Cannot read IP mode file for STMicroelectronics.X-CUBE-NFC4.3.0.0
2024-11-21 17:44:37,646 [WARN] PackLoader:240 - Cannot read IP mode file for wolfSSL.I-CUBE-wolfMQTT.1.18.0
2024-11-21 17:44:37,664 [WARN] PackLoader:240 - Cannot read IP mode file for EmbeddedOffice.I-CUBE-FS-RTOS.1.0.1
2024-11-21 17:44:37,664 [ERROR] ConditionMgr:805 - Attr not supported : Dmpu
2024-11-21 17:44:37,664 [ERROR] ConditionMgr:805 - Attr not supported : Dmpu
2024-11-21 17:44:37,665 [ERROR] ConditionMgr:805 - Attr not supported : Dmpu
2024-11-21 17:44:37,665 [ERROR] ConditionMgr:805 - Attr not supported : Dmpu
2024-11-21 17:44:37,665 [ERROR] ConditionMgr:805 - Attr not supported : Dmpu
2024-11-21 17:44:37,666 [ERROR] ConditionMgr:805 - Attr not supported : Dmpu
2024-11-21 17:44:37,667 [ERROR] ConditionMgr:805 - Attr not supported : Dmpu
2024-11-21 17:44:37,669 [ERROR] ConditionMgr:805 - Attr not supported : Dmpu
2024-11-21 17:44:37,669 [ERROR] ConditionMgr:805 - Attr not supported : Dmpu
2024-11-21 17:44:37,669 [ERROR] ConditionMgr:805 - Attr not supported : Dmpu
2024-11-21 17:44:37,669 [ERROR] ConditionMgr:805 - Attr not supported : Dmpu
2024-11-21 17:44:37,669 [ERROR] ConditionMgr:805 - Attr not supported : Dmpu
2024-11-21 17:44:37,669 [ERROR] ConditionMgr:805 - Attr not supported : Dmpu
2024-11-21 17:44:37,670 [ERROR] ConditionMgr:805 - Attr not supported : Dmpu
2024-11-21 17:44:37,670 [ERROR] ConditionMgr:805 - Attr not supported : Dmpu
2024-11-21 17:44:37,670 [ERROR] ConditionMgr:805 - Attr not supported : Dmpu
2024-11-21 17:44:37,671 [ERROR] ConditionMgr:805 - Attr not supported : Dmpu
2024-11-21 17:44:37,673 [ERROR] ConditionMgr:805 - Attr not supported : Dmpu
2024-11-21 17:44:37,675 [ERROR] ConditionMgr:805 - Attr not supported : Dmpu
2024-11-21 17:44:37,676 [ERROR] ConditionMgr:805 - Attr not supported : Dmpu
2024-11-21 17:44:37,676 [ERROR] ConditionMgr:805 - Attr not supported : Dmpu
2024-11-21 17:44:37,676 [ERROR] ConditionMgr:805 - Attr not supported : Dmpu
2024-11-21 17:44:37,676 [ERROR] ConditionMgr:805 - Attr not supported : Dmpu
2024-11-21 17:44:37,676 [ERROR] ConditionMgr:805 - Attr not supported : Dmpu
2024-11-21 17:44:37,677 [ERROR] ConditionMgr:805 - Attr not supported : Dmpu
2024-11-21 17:44:37,677 [ERROR] ConditionMgr:805 - Attr not supported : Dmpu
2024-11-21 17:44:37,677 [ERROR] ConditionMgr:805 - Attr not supported : Dmpu
2024-11-21 17:44:37,677 [ERROR] ConditionMgr:805 - Attr not supported : Dmpu
2024-11-21 17:44:37,678 [ERROR] ConditionMgr:805 - Attr not supported : Dmpu
2024-11-21 17:44:37,678 [ERROR] ConditionMgr:805 - Attr not supported : Dmpu
2024-11-21 17:44:37,678 [ERROR] ConditionMgr:805 - Attr not supported : Dmpu
2024-11-21 17:44:37,678 [ERROR] ConditionMgr:805 - Attr not supported : Dmpu
2024-11-21 17:44:37,678 [ERROR] ConditionMgr:805 - Attr not supported : Dmpu
2024-11-21 17:44:37,678 [ERROR] ConditionMgr:805 - Attr not supported : Dmpu
2024-11-21 17:44:37,678 [ERROR] ConditionMgr:805 - Attr not supported : Dmpu
2024-11-21 17:44:37,678 [ERROR] ConditionMgr:805 - Attr not supported : Dmpu
2024-11-21 17:44:37,678 [ERROR] ConditionMgr:805 - Attr not supported : Dmpu
2024-11-21 17:44:37,679 [ERROR] ConditionMgr:805 - Attr not supported : Dmpu
2024-11-21 17:44:37,679 [ERROR] ConditionMgr:805 - Attr not supported : Dmpu
2024-11-21 17:44:37,679 [ERROR] ConditionMgr:805 - Attr not supported : Dmpu
2024-11-21 17:44:37,679 [ERROR] ConditionMgr:805 - Attr not supported : Dmpu
2024-11-21 17:44:37,679 [ERROR] ConditionMgr:805 - Attr not supported : Dmpu
2024-11-21 17:44:37,679 [ERROR] ConditionMgr:805 - Attr not supported : Dmpu
2024-11-21 17:44:37,679 [ERROR] ConditionMgr:805 - Attr not supported : Dmpu
2024-11-21 17:44:37,679 [ERROR] ConditionMgr:805 - Attr not supported : Dmpu
2024-11-21 17:44:37,679 [ERROR] ConditionMgr:805 - Attr not supported : Dmpu
2024-11-21 17:44:37,680 [ERROR] ConditionMgr:805 - Attr not supported : Dmpu
2024-11-21 17:44:37,680 [ERROR] ConditionMgr:805 - Attr not supported : Dmpu
2024-11-21 17:44:37,680 [ERROR] ConditionMgr:805 - Attr not supported : Dmpu
2024-11-21 17:44:37,680 [ERROR] ConditionMgr:805 - Attr not supported : Dmpu
2024-11-21 17:44:37,680 [ERROR] ConditionMgr:805 - Attr not supported : Dmpu
2024-11-21 17:44:37,680 [ERROR] ConditionMgr:805 - Attr not supported : Dmpu
2024-11-21 17:44:37,680 [ERROR] ConditionMgr:805 - Attr not supported : Dmpu
2024-11-21 17:44:37,680 [ERROR] ConditionMgr:805 - Attr not supported : Dmpu
2024-11-21 17:44:37,680 [ERROR] ConditionMgr:805 - Attr not supported : Dmpu
2024-11-21 17:44:37,681 [ERROR] ConditionMgr:805 - Attr not supported : Dmpu
2024-11-21 17:44:37,681 [ERROR] ConditionMgr:805 - Attr not supported : Dmpu
2024-11-21 17:44:37,681 [ERROR] ConditionMgr:805 - Attr not supported : Dmpu
2024-11-21 17:44:37,681 [ERROR] ConditionMgr:805 - Attr not supported : Dmpu
2024-11-21 17:44:37,681 [ERROR] ConditionMgr:805 - Attr not supported : Dmpu
2024-11-21 17:44:37,681 [ERROR] ConditionMgr:805 - Attr not supported : Dmpu
2024-11-21 17:44:37,681 [ERROR] ConditionMgr:805 - Attr not supported : Dmpu
2024-11-21 17:44:37,682 [ERROR] ConditionMgr:805 - Attr not supported : Dmpu
2024-11-21 17:44:37,682 [ERROR] ConditionMgr:805 - Attr not supported : Dmpu
2024-11-21 17:44:37,695 [WARN] PackLoader:240 - Cannot read IP mode file for STMicroelectronics.X-CUBE-BLEMGR.3.0.0
2024-11-21 17:44:37,707 [WARN] PackLoader:240 - Cannot read IP mode file for RealThread.X-CUBE-RT-Thread_Nano.4.1.1
2024-11-21 17:44:37,713 [WARN] PackLoader:240 - Cannot read IP mode file for STMicroelectronics.FP-ATR-SIGFOX1.3.2.0
2024-11-21 17:44:37,719 [WARN] ConditionMgr:438 - getConditionDescription Invalid condition id : Cortex-A Device cause : null
2024-11-21 17:44:37,735 [WARN] ConditionMgr:1039 - genDependencies : Invalid condition id : Cortex-A Device cause : null
2024-11-21 17:44:37,735 [WARN] ConditionMgr:1039 - genDependencies : Invalid condition id : Cortex-A Device cause : null
2024-11-21 17:44:37,735 [WARN] ConditionMgr:1039 - genDependencies : Invalid condition id : Cortex-A Device cause : null
2024-11-21 17:44:37,745 [WARN] PackLoader:240 - Cannot read IP mode file for STMicroelectronics.X-CUBE-EEPRMA1.5.1.0
2024-11-21 17:44:37,807 [WARN] PackLoader:240 - Cannot read IP mode file for SEGGER.I-CUBE-embOS.1.3.1
2024-11-21 17:44:37,882 [INFO] WebApp:192 - Starting web application
2024-11-21 17:44:37,882 [INFO] WebApp:544 - Web application path used C:\ST\STM32CubeIDE_1.15.1\STM32CubeIDE\plugins\com.st.stm32cube.common.mx_6.11.1.202404110753\db\plugins\mcufinder\reactClient1\index.html
2024-11-21 17:44:37,925 [WARN] PackLoader:240 - Cannot read IP mode file for STMicroelectronics.X-CUBE-ALGOBUILD.1.4.0
2024-11-21 17:44:37,933 [WARN] PackLoader:240 - Cannot read IP mode file for STMicroelectronics.X-CUBE-AI.9.1.0
2024-11-21 17:44:37,943 [WARN] PackLoader:240 - Cannot read IP mode file for STMicroelectronics.X-CUBE-GNSS1.6.0.0
2024-11-21 17:44:37,971 [WARN] PackLoader:240 - Cannot read IP mode file for STMicroelectronics.X-CUBE-AZRTOS-F4.1.1.0
2024-11-21 17:44:37,982 [WARN] PackLoader:240 - Cannot read IP mode file for wolfSSL.I-CUBE-wolfSSL.5.6.3
2024-11-21 17:44:37,989 [WARN] PackLoader:240 - Cannot read IP mode file for STMicroelectronics.X-CUBE-ISPU.2.1.0
2024-11-21 17:44:37,997 [WARN] PackLoader:240 - Cannot read IP mode file for STMicroelectronics.X-CUBE-FREERTOS.1.2.0
2024-11-21 17:44:38,032 [WARN] PackLoader:240 - Cannot read IP mode file for STMicroelectronics.X-CUBE-AZRTOS-L5.2.0.0
2024-11-21 17:44:38,268 [WARN] PackLoader:240 - Cannot read IP mode file for STMicroelectronics.X-CUBE-MEMS1.9.6.0
2024-11-21 17:44:38,619 [WARN] PackLoader:240 - Cannot read IP mode file for STMicroelectronics.X-CUBE-EEPRMA1.4.2.0
2024-11-21 17:44:38,635 [WARN] PackLoader:240 - Cannot read IP mode file for STMicroelectronics.X-CUBE-NFC6.3.1.0
2024-11-21 17:44:38,650 [WARN] PackLoader:240 - Cannot read IP mode file for ITTIA_DB.I-CUBE-ITTIADB.8.8.0
2024-11-21 17:44:38,664 [WARN] PackLoader:240 - Cannot read IP mode file for STMicroelectronics.X-CUBE-BLEMGR.2.0.0
2024-11-21 17:44:38,673 [WARN] PackLoader:240 - Cannot read IP mode file for STMicroelectronics.X-CUBE-DPower.1.2.0
2024-11-21 17:44:38,681 [WARN] PackLoader:240 - Cannot read IP mode file for STMicroelectronics.X-CUBE-AI.9.0.0
2024-11-21 17:44:38,709 [WARN] ConditionMgr:438 - getConditionDescription Invalid condition id : UX DEVICE CLASS RTOS Condition cause : null
2024-11-21 17:44:38,711 [WARN] ConditionMgr:438 - getConditionDescription Invalid condition id : UX DEVICE CLASS RTOS Condition cause : null
2024-11-21 17:44:38,718 [WARN] PackLoader:240 - Cannot read IP mode file for STMicroelectronics.X-CUBE-AZRTOS-H7.3.1.0
2024-11-21 17:44:38,719 [WARN] ConditionMgr:1039 - genDependencies : Invalid condition id : UX DEVICE CLASS RTOS Condition cause : null
2024-11-21 17:44:38,719 [WARN] ConditionMgr:1039 - genDependencies : Invalid condition id : UX DEVICE CLASS RTOS Condition cause : null
2024-11-21 17:44:38,721 [WARN] ConditionMgr:1039 - genDependencies : Invalid condition id : UX DEVICE CLASS RTOS Condition cause : null
2024-11-21 17:44:38,721 [WARN] ConditionMgr:1039 - genDependencies : Invalid condition id : UX DEVICE CLASS RTOS Condition cause : null
2024-11-21 17:44:38,722 [WARN] ConditionMgr:1039 - genDependencies : Invalid condition id : UX DEVICE CLASS RTOS Condition cause : null
2024-11-21 17:44:38,734 [WARN] PackLoader:240 - Cannot read IP mode file for STMicroelectronics.X-CUBE-NFC7.1.0.1
2024-11-21 17:44:38,739 [WARN] PackLoader:240 - Cannot read IP mode file for wolfSSL.I-CUBE-wolfTPM.3.2.0
2024-11-21 17:44:38,752 [WARN] PackLoader:240 - Cannot read IP mode file for STMicroelectronics.X-CUBE-NFC6.3.0.0
2024-11-21 17:44:38,768 [WARN] PackLoader:240 - Cannot read IP mode file for STMicroelectronics.X-CUBE-EEPRMA1.4.1.0
2024-11-21 17:44:38,774 [WARN] PackLoader:240 - Cannot read IP mode file for STMicroelectronics.X-CUBE-AI.8.1.0
2024-11-21 17:44:38,814 [WARN] ConditionMgr:438 - getConditionDescription Invalid condition id : LAN8742 Phy interface Condition cause : null
2024-11-21 17:44:38,815 [WARN] PackLoader:240 - Cannot read IP mode file for STMicroelectronics.X-CUBE-AZRTOS-L4.2.0.0
2024-11-21 17:44:38,818 [WARN] ConditionMgr:1039 - genDependencies : Invalid condition id : LAN8742 Phy interface Condition cause : null
2024-11-21 17:44:38,818 [WARN] ConditionMgr:1039 - genDependencies : Invalid condition id : LAN8742 Phy interface Condition cause : null
2024-11-21 17:44:38,820 [WARN] ConditionMgr:1039 - genDependencies : Invalid condition id : LAN8742 Phy interface Condition cause : null
2024-11-21 17:44:38,837 [WARN] PackLoader:240 - Cannot read IP mode file for STMicroelectronics.X-CUBE-SFXS2LP1.4.0.0
2024-11-21 17:44:38,845 [WARN] PackLoader:240 - Cannot read IP mode file for STMicroelectronics.X-CUBE-ISPU.1.1.0
2024-11-21 17:44:38,938 [WARN] PackLoader:240 - Cannot read IP mode file for STMicroelectronics.X-CUBE-AZRTOS-H7.3.3.0
2024-11-21 17:44:38,981 [WARN] PackLoader:240 - Cannot read IP mode file for STMicroelectronics.X-CUBE-IPS.3.0.0
2024-11-21 17:44:39,057 [WARN] ConditionMgr:438 - getConditionDescription Invalid condition id : UX DEVICE CLASS RTOS Condition cause : null
2024-11-21 17:44:39,057 [WARN] ConditionMgr:438 - getConditionDescription Invalid condition id : UX DEVICE CLASS RTOS Condition cause : null
2024-11-21 17:44:39,066 [WARN] PackLoader:240 - Cannot read IP mode file for STMicroelectronics.X-CUBE-AZRTOS-WB.2.0.0
2024-11-21 17:44:39,067 [WARN] ConditionMgr:1039 - genDependencies : Invalid condition id : UX DEVICE CLASS RTOS Condition cause : null
2024-11-21 17:44:39,068 [WARN] ConditionMgr:1039 - genDependencies : Invalid condition id : UX DEVICE CLASS RTOS Condition cause : null
2024-11-21 17:44:39,068 [WARN] ConditionMgr:1039 - genDependencies : Invalid condition id : UX DEVICE CLASS RTOS Condition cause : null
2024-11-21 17:44:39,069 [WARN] ConditionMgr:1039 - genDependencies : Invalid condition id : UX DEVICE CLASS RTOS Condition cause : null
2024-11-21 17:44:39,069 [WARN] ConditionMgr:1039 - genDependencies : Invalid condition id : UX DEVICE CLASS RTOS Condition cause : null
2024-11-21 17:44:39,099 [WARN] PackLoader:240 - Cannot read IP mode file for STMicroelectronics.X-CUBE-GNSS1.7.0.0
2024-11-21 17:44:39,131 [WARN] PackLoader:240 - Cannot read IP mode file for STMicroelectronics.FP-SNS-STBOX1.2.0.0
2024-11-21 17:44:39,180 [WARN] PackLoader:240 - Cannot read IP mode file for STMicroelectronics.X-CUBE-SUBG2.5.0.0
2024-11-21 17:44:39,203 [WARN] PackLoader:240 - Cannot read IP mode file for Cesanta.I-CUBE-Mongoose.7.13.0
2024-11-21 17:44:39,223 [WARN] PackLoader:240 - Cannot read IP mode file for STMicroelectronics.X-CUBE-TOF1.3.3.1
2024-11-21 17:44:39,298 [WARN] PackLoader:240 - Cannot read IP mode file for STMicroelectronics.X-CUBE-AZRTOS-G4.2.0.0
2024-11-21 17:44:39,329 [WARN] PackLoader:240 - Cannot read IP mode file for Infineon.AIROC-Wi-Fi-Bluetooth-STM32.1.5.1
2024-11-21 17:44:39,341 [WARN] PackLoader:240 - Cannot read IP mode file for STMicroelectronics.FP-SNS-MOTENVWB1.1.3.0
2024-11-21 17:44:39,353 [WARN] PackLoader:240 - Cannot read IP mode file for STMicroelectronics.FP-SNS-MOTENVWB1.1.3.1
2024-11-21 17:44:39,362 [WARN] PackLoader:240 - Cannot read IP mode file for STMicroelectronics.X-CUBE-ISPU.2.0.0
2024-11-21 17:44:39,368 [WARN] PackLoader:240 - Cannot read IP mode file for STMicroelectronics.X-CUBE-ALS.1.0.2
2024-11-21 17:44:39,452 [WARN] PackLoader:240 - Cannot read IP mode file for STMicroelectronics.X-CUBE-MEMS1.10.0.0
2024-11-21 17:44:39,670 [WARN] PackLoader:240 - Cannot read IP mode file for STMicroelectronics.X-CUBE-FREERTOS.1.1.0
2024-11-21 17:44:39,674 [WARN] PackLoader:240 - Cannot read IP mode file for STMicroelectronics.X-CUBE-TOUCHGFX.4.24.0
2024-11-21 17:44:39,680 [WARN] PackLoader:240 - Cannot read IP mode file for STMicroelectronics.X-CUBE-TOUCHGFX.4.24.1
2024-11-21 17:44:39,688 [WARN] PackLoader:240 - Cannot read IP mode file for portGmbH.I-Cube-SoM-uGOAL.1.1.0
2024-11-21 17:44:39,694 [WARN] PackLoader:240 - Cannot read IP mode file for STMicroelectronics.X-CUBE-ALS.1.0.1
2024-11-21 17:44:39,724 [WARN] PackLoader:240 - Cannot read IP mode file for STMicroelectronics.X-CUBE-AZRTOS-H7RS.1.0.0
2024-11-21 17:44:39,737 [WARN] PackLoader:240 - Cannot read IP mode file for STMicroelectronics.FP-ATR-ASTRA1.2.0.0
2024-11-21 17:44:39,752 [WARN] PackLoader:240 - Cannot read IP mode file for STMicroelectronics.X-CUBE-TOF1.3.4.2
2024-11-21 17:44:39,786 [WARN] PackLoader:240 - Cannot read IP mode file for STMicroelectronics.X-CUBE-TOF1.3.4.0
2024-11-21 17:44:39,825 [WARN] PackLoader:240 - Cannot read IP mode file for STMicroelectronics.X-CUBE-TOF1.3.4.1
2024-11-21 17:44:39,878 [WARN] PackLoader:240 - Cannot read IP mode file for STMicroelectronics.X-CUBE-AZRTOS-H7.3.2.0
2024-11-21 17:44:39,894 [WARN] PackLoader:240 - Cannot read IP mode file for wolfSSL.I-CUBE-wolfSSH.1.4.17
2024-11-21 17:44:39,895 [INFO] ThirdParty:978 - Integrity check success = true
2024-11-21 17:44:39,897 [INFO] IntegrityCheckThread:100 - exiting critical section [integrity check]
2024-11-21 17:44:39,897 [INFO] IntegrityCheckThread:103 - End integrity checks thread
2024-11-21 19:46:22,904 [ERROR] LogOutputStream:75 - [STDERR_REDIRECT] 
2024-11-21 19:46:22,907 [ERROR] LogOutputStream:75 - [STDERR_REDIRECT] 
