2024-08-17 10:51:00,242 [INFO] Activator:176 - 


2024-08-17 10:51:00,275 [INFO] Activator:177 - !SESSION log4j initialized
2024-08-17 10:51:12,896 [INFO] LogOutputStream:77 - [STDOUT_REDIRECT] 
2024-08-17 10:51:22,166 [INFO] ApplicationProperties:184 - Using Application install path: C:\ST\STM32CubeIDE_1.15.1\STM32CubeIDE\plugins\com.st.stm32cube.common.mx_6.11.1.202404110753
2024-08-17 10:51:22,205 [INFO] DbMcusXml:78 - Set database path to: C:\ST\STM32CubeIDE_1.15.1\STM32CubeIDE\plugins\com.st.stm32cube.common.mx_6.11.1.202404110753\\db\/mcu/
2024-08-17 10:51:22,206 [INFO] ApiDb:274 - Set plugin database path to: C:\ST\STM32CubeIDE_1.15.1\STM32CubeIDE\plugins\com.st.stm32cube.common.mx_6.11.1.202404110753\\db\/plugins/boardmanager/
2024-08-17 10:51:22,207 [WARN] ApiDb:259 - Overriding images path with different value:  => C:\ST\STM32CubeIDE_1.15.1\STM32CubeIDE\plugins\com.st.stm32cube.common.mx_6.11.1.202404110753\\db\/plugins/mcufinder/images/
2024-08-17 10:51:22,226 [INFO] ApiDb:250 - Set database path to: C:\Users\gusta\.stmcufinder\plugins\mcufinder//mcu/
2024-08-17 10:51:22,228 [INFO] DbMcusAds:125 - Set database path to: C:\Users\gusta\.stmcufinder\plugins\mcufinder//mcu/
2024-08-17 10:51:22,231 [INFO] CrossReferenceDbSqlite:203 - Set database path to: C:\Users\gusta\.stmcufinder\plugins\mcufinder//mcu/cs/
2024-08-17 10:51:22,472 [INFO] RulesReader:64 - Compatibility file has been processed (297 Rules)
2024-08-17 10:51:22,667 [INFO] DbMcusXml:78 - Set database path to: C:\ST\STM32CubeIDE_1.15.1\STM32CubeIDE\plugins\com.st.stm32cube.common.mx_6.11.1.202404110753\\db\/mcu/
2024-08-17 10:51:22,667 [INFO] ApiDb:274 - Set plugin database path to: C:\ST\STM32CubeIDE_1.15.1\STM32CubeIDE\plugins\com.st.stm32cube.common.mx_6.11.1.202404110753\\db\/plugins/boardmanager/
2024-08-17 10:51:22,667 [INFO] ApiDb:261 - Set plugin images path to: C:\ST\STM32CubeIDE_1.15.1\STM32CubeIDE\plugins\com.st.stm32cube.common.mx_6.11.1.202404110753\\db\/plugins/mcufinder/images/
2024-08-17 10:51:22,668 [WARN] DbFile:41 - Overriding database path with different value: C:\Users\gusta\.stmcufinder\plugins\mcufinder/ => C:\Users\gusta\.stmcufinder\plugins\mcufinder
2024-08-17 10:51:22,668 [INFO] ApiDb:250 - Set database path to: C:\Users\gusta\.stmcufinder\plugins\mcufinder//mcu/
2024-08-17 10:51:22,668 [WARN] DbFile:41 - Overriding database path with different value: C:\Users\gusta\.stmcufinder\plugins\mcufinder/ => C:\Users\gusta\.stmcufinder\plugins\mcufinder
2024-08-17 10:51:22,668 [INFO] DbMcusAds:125 - Set database path to: C:\Users\gusta\.stmcufinder\plugins\mcufinder//mcu/
2024-08-17 10:51:22,669 [WARN] DbFile:41 - Overriding database path with different value: C:\Users\gusta\.stmcufinder\plugins\mcufinder/ => C:\Users\gusta\.stmcufinder\plugins\mcufinder
2024-08-17 10:51:22,669 [WARN] DbFile:41 - Overriding database path with different value: C:\Users\gusta\.stmcufinder\plugins\mcufinder/ => C:\Users\gusta\.stmcufinder\plugins\mcufinder
2024-08-17 10:51:22,669 [INFO] CrossReferenceDbSqlite:203 - Set database path to: C:\Users\gusta\.stmcufinder\plugins\mcufinder//mcu/cs/
2024-08-17 10:51:22,882 [INFO] MainPanel:264 - HeapMemory: 268435456
2024-08-17 10:51:23,174 [INFO] DbMcusXml:78 - Set database path to: C:\ST\STM32CubeIDE_1.15.1\STM32CubeIDE\plugins\com.st.stm32cube.common.mx_6.11.1.202404110753\\db\/mcu/
2024-08-17 10:51:23,175 [INFO] ApiDb:274 - Set plugin database path to: C:\ST\STM32CubeIDE_1.15.1\STM32CubeIDE\plugins\com.st.stm32cube.common.mx_6.11.1.202404110753\\db\/plugins/boardmanager/
2024-08-17 10:51:23,175 [INFO] ApiDb:261 - Set plugin images path to: C:\ST\STM32CubeIDE_1.15.1\STM32CubeIDE\plugins\com.st.stm32cube.common.mx_6.11.1.202404110753\\db\/plugins/mcufinder/images/
2024-08-17 10:51:23,175 [WARN] DbFile:41 - Overriding database path with different value: C:\Users\gusta\.stmcufinder\plugins\mcufinder/ => C:\Users\gusta\.stmcufinder\plugins\mcufinder
2024-08-17 10:51:23,176 [INFO] ApiDb:250 - Set database path to: C:\Users\gusta\.stmcufinder\plugins\mcufinder//mcu/
2024-08-17 10:51:23,176 [WARN] DbFile:41 - Overriding database path with different value: C:\Users\gusta\.stmcufinder\plugins\mcufinder/ => C:\Users\gusta\.stmcufinder\plugins\mcufinder
2024-08-17 10:51:23,176 [INFO] DbMcusAds:125 - Set database path to: C:\Users\gusta\.stmcufinder\plugins\mcufinder//mcu/
2024-08-17 10:51:23,176 [WARN] DbFile:41 - Overriding database path with different value: C:\Users\gusta\.stmcufinder\plugins\mcufinder/ => C:\Users\gusta\.stmcufinder\plugins\mcufinder
2024-08-17 10:51:23,176 [WARN] DbFile:41 - Overriding database path with different value: C:\Users\gusta\.stmcufinder\plugins\mcufinder/ => C:\Users\gusta\.stmcufinder\plugins\mcufinder
2024-08-17 10:51:23,176 [INFO] CrossReferenceDbSqlite:203 - Set database path to: C:\Users\gusta\.stmcufinder\plugins\mcufinder//mcu/cs/
2024-08-17 10:51:23,231 [INFO] ApplicationProperties:184 - Using Application install path: C:\ST\STM32CubeIDE_1.15.1\STM32CubeIDE\plugins\com.st.stm32cube.common.mx_6.11.1.202404110753
2024-08-17 10:51:23,237 [INFO] PluginManage:196 - Search for loadable plugins [exclusion list=, ]
2024-08-17 10:51:23,241 [INFO] PluginManage:310 - Check plugin analytics
2024-08-17 10:51:28,165 [INFO] AnalyticsPlugin:253 - Accepted Software Licenses: 
2024-08-17 10:51:28,165 [INFO] AnalyticsPlugin:255 - Accepted CMSIS Pack Licenses: 
2024-08-17 10:51:28,165 [INFO] AnalyticsPlugin:257 - Accepted Firmware Licenses: FW.F4.1.27.0,FW.F4.1.28.0
2024-08-17 10:51:28,169 [INFO] PluginManage:359 - Loaded plugin analytics (category:tool,tabindex:-1)
2024-08-17 10:51:28,171 [INFO] PluginManage:310 - Check plugin cadmodel
2024-08-17 10:51:28,187 [INFO] CADModel:105 - Init CAD model plugin
2024-08-17 10:51:28,187 [INFO] PluginManage:359 - Loaded plugin cadmodel (category:power,tabindex:5)
2024-08-17 10:51:28,188 [INFO] PluginManage:310 - Check plugin clock
2024-08-17 10:51:28,205 [INFO] PluginManage:359 - Loaded plugin clock (category:base,tabindex:2)
2024-08-17 10:51:28,205 [INFO] PluginManage:310 - Check plugin ddr
2024-08-17 10:51:28,210 [INFO] PluginManage:359 - Loaded plugin ddr (category:tool,tabindex:6)
2024-08-17 10:51:28,210 [INFO] PluginManage:310 - Check plugin filemanager
2024-08-17 10:51:28,521 [INFO] PluginManage:359 - Loaded plugin filemanager (category:base,tabindex:10)
2024-08-17 10:51:28,521 [INFO] PluginManage:310 - Check plugin ipmanager
2024-08-17 10:51:28,538 [INFO] PluginManage:359 - Loaded plugin ipmanager (category:base,tabindex:5)
2024-08-17 10:51:28,538 [INFO] PluginManage:310 - Check plugin lpbam
2024-08-17 10:51:28,555 [INFO] PluginManage:359 - Loaded plugin lpbam (category:base,tabindex:0)
2024-08-17 10:51:28,555 [INFO] PluginManage:310 - Check plugin memorymap
2024-08-17 10:51:28,597 [INFO] PluginManage:359 - Loaded plugin memorymap (category:base,tabindex:4)
2024-08-17 10:51:28,597 [INFO] PluginManage:310 - Check plugin pinoutandconfiguration
2024-08-17 10:51:28,617 [INFO] PluginManage:359 - Loaded plugin pinoutandconfiguration (category:base,tabindex:1)
2024-08-17 10:51:28,617 [INFO] PluginManage:310 - Check plugin pinoutconfig
2024-08-17 10:51:28,807 [WARN] SupportedApi:132 - Cannot load RTOS API schema: s4s-elt-must-match.1: The content of 'definitions' must match (annotation?, (simpleType | complexType)?, (unique | key | keyref)*)). A problem was found starting at: attribute.
2024-08-17 10:51:29,150 [INFO] PluginManage:359 - Loaded plugin pinoutconfig (category:base,tabindex:0)
2024-08-17 10:51:29,151 [INFO] PluginManage:310 - Check plugin power
2024-08-17 10:51:29,173 [INFO] PluginManage:359 - Loaded plugin power (category:power,tabindex:4)
2024-08-17 10:51:29,173 [INFO] PluginManage:310 - Check plugin projectmanager
2024-08-17 10:51:29,205 [INFO] PluginManage:359 - Loaded plugin projectmanager (category:projectmanager,tabindex:3)
2024-08-17 10:51:29,206 [INFO] PluginManage:310 - Check plugin thirdparty
2024-08-17 10:51:29,516 [INFO] PluginManage:359 - Loaded plugin thirdparty (category:base,tabindex:-1)
2024-08-17 10:51:29,517 [INFO] PluginManage:310 - Check plugin tools
2024-08-17 10:51:29,516 [WARN] IntegrityCheckThread:84 - waiting for thirdparty lock release [integrity check]
2024-08-17 10:51:29,518 [INFO] IntegrityCheckThread:86 - entering critical section [integrity check]
2024-08-17 10:51:29,518 [INFO] ThirdPartyUpdaterWithRetryManager:70 - Updater plugin not ready yet. [1/15]
2024-08-17 10:51:29,521 [INFO] PluginManage:359 - Loaded plugin tools (category:base,tabindex:7)
2024-08-17 10:51:29,522 [INFO] PluginManage:310 - Check plugin tutovideos
2024-08-17 10:51:29,981 [INFO] PluginManage:359 - Loaded plugin tutovideos (category:base,tabindex:-1)
2024-08-17 10:51:29,981 [INFO] PluginManage:310 - Check plugin updater
2024-08-17 10:51:30,010 [INFO] PluginManage:359 - Loaded plugin updater (category:base,tabindex:12)
2024-08-17 10:51:30,010 [INFO] PluginManage:310 - Check plugin userauth
2024-08-17 10:51:30,027 [INFO] UserAuth:114 - Init User Auth plugin
2024-08-17 10:51:30,027 [INFO] PluginManage:359 - Loaded plugin userauth (category:base,tabindex:14)
2024-08-17 10:51:30,028 [INFO] PluginManage:283 - PluginManage : Loaded plugins [17]
2024-08-17 10:51:30,634 [INFO] PinOutPanel:1561 - setPackage(No Configuration,No Configuration)
2024-08-17 10:51:30,818 [INFO] CADModel:165 - CPN selected for project level
2024-08-17 10:51:30,818 [INFO] CADModel:114 - Register for checkConnection events
2024-08-17 10:51:30,867 [INFO] IPUIPlugin:80 - create IPUIPlugin
2024-08-17 10:51:30,867 [INFO] PluginManager:220 - loadIPPluginJar : add adc
2024-08-17 10:51:30,876 [INFO] IPUIPlugin:80 - create IPUIPlugin
2024-08-17 10:51:30,877 [INFO] PluginManager:220 - loadIPPluginJar : add aes
2024-08-17 10:51:30,885 [INFO] IPUIPlugin:80 - create IPUIPlugin
2024-08-17 10:51:30,885 [INFO] PluginManager:220 - loadIPPluginJar : add can
2024-08-17 10:51:30,889 [INFO] IPUIPlugin:80 - create IPUIPlugin
2024-08-17 10:51:30,889 [INFO] PluginManager:220 - loadIPPluginJar : add comp
2024-08-17 10:51:30,896 [INFO] IPUIPlugin:80 - create IPUIPlugin
2024-08-17 10:51:30,896 [INFO] PluginManager:220 - loadIPPluginJar : add cryp
2024-08-17 10:51:30,914 [INFO] IPUIPlugin:80 - create IPUIPlugin
2024-08-17 10:51:30,914 [INFO] PluginManager:220 - loadIPPluginJar : add dfsdm
2024-08-17 10:51:30,924 [INFO] IPUIPlugin:80 - create IPUIPlugin
2024-08-17 10:51:30,925 [INFO] PluginManager:220 - loadIPPluginJar : add dma
2024-08-17 10:51:30,932 [INFO] IPUIPlugin:80 - create IPUIPlugin
2024-08-17 10:51:30,933 [INFO] PluginManager:220 - loadIPPluginJar : add dma3
2024-08-17 10:51:30,940 [INFO] IPUIPlugin:80 - create IPUIPlugin
2024-08-17 10:51:30,940 [INFO] PluginManager:220 - loadIPPluginJar : add extmemmanager
2024-08-17 10:51:30,944 [INFO] IPUIPlugin:80 - create IPUIPlugin
2024-08-17 10:51:30,944 [INFO] PluginManager:220 - loadIPPluginJar : add fatfs
2024-08-17 10:51:30,953 [INFO] IPUIPlugin:80 - create IPUIPlugin
2024-08-17 10:51:30,953 [INFO] PluginManager:220 - loadIPPluginJar : add fmc
2024-08-17 10:51:30,970 [INFO] IPUIPlugin:80 - create IPUIPlugin
2024-08-17 10:51:30,972 [INFO] PluginManager:220 - loadIPPluginJar : add freertos
2024-08-17 10:51:30,975 [INFO] IPUIPlugin:80 - create IPUIPlugin
2024-08-17 10:51:30,975 [INFO] PluginManager:220 - loadIPPluginJar : add genericplugin
2024-08-17 10:51:30,981 [INFO] IPUIPlugin:80 - create IPUIPlugin
2024-08-17 10:51:30,981 [INFO] PluginManager:220 - loadIPPluginJar : add gfxmmu
2024-08-17 10:51:30,990 [INFO] IPUIPlugin:80 - create IPUIPlugin
2024-08-17 10:51:30,990 [INFO] PluginManager:220 - loadIPPluginJar : add gic
2024-08-17 10:51:30,998 [INFO] IPUIPlugin:80 - create IPUIPlugin
2024-08-17 10:51:30,998 [INFO] PluginManager:220 - loadIPPluginJar : add gpio
2024-08-17 10:51:31,007 [INFO] IPUIPlugin:80 - create IPUIPlugin
2024-08-17 10:51:31,007 [INFO] PluginManager:220 - loadIPPluginJar : add gtzc
2024-08-17 10:51:31,011 [INFO] IPUIPlugin:80 - create IPUIPlugin
2024-08-17 10:51:31,012 [INFO] PluginManager:220 - loadIPPluginJar : add hash
2024-08-17 10:51:31,017 [INFO] IPUIPlugin:80 - create IPUIPlugin
2024-08-17 10:51:31,017 [INFO] PluginManager:220 - loadIPPluginJar : add i2c
2024-08-17 10:51:31,023 [INFO] IPUIPlugin:80 - create IPUIPlugin
2024-08-17 10:51:31,023 [INFO] PluginManager:220 - loadIPPluginJar : add i2s
2024-08-17 10:51:31,031 [INFO] IPUIPlugin:80 - create IPUIPlugin
2024-08-17 10:51:31,031 [INFO] PluginManager:220 - loadIPPluginJar : add i3c
2024-08-17 10:51:31,036 [INFO] IPUIPlugin:80 - create IPUIPlugin
2024-08-17 10:51:31,037 [INFO] PluginManager:220 - loadIPPluginJar : add ipddr
2024-08-17 10:51:31,050 [INFO] IPUIPlugin:80 - create IPUIPlugin
2024-08-17 10:51:31,050 [INFO] PluginManager:220 - loadIPPluginJar : add linkedlist
2024-08-17 10:51:31,055 [INFO] IPUIPlugin:80 - create IPUIPlugin
2024-08-17 10:51:31,056 [INFO] PluginManager:220 - loadIPPluginJar : add lorawan
2024-08-17 10:51:31,061 [INFO] IPUIPlugin:80 - create IPUIPlugin
2024-08-17 10:51:31,061 [INFO] PluginManager:220 - loadIPPluginJar : add ltdc
2024-08-17 10:51:31,071 [INFO] IPUIPlugin:80 - create IPUIPlugin
2024-08-17 10:51:31,072 [INFO] PluginManager:220 - loadIPPluginJar : add mdma
2024-08-17 10:51:31,081 [INFO] IPUIPlugin:80 - create IPUIPlugin
2024-08-17 10:51:31,082 [INFO] PluginManager:220 - loadIPPluginJar : add nvic
2024-08-17 10:51:31,089 [INFO] IPUIPlugin:80 - create IPUIPlugin
2024-08-17 10:51:31,089 [INFO] PluginManager:220 - loadIPPluginJar : add opamp
2024-08-17 10:51:31,095 [INFO] IPUIPlugin:80 - create IPUIPlugin
2024-08-17 10:51:31,096 [INFO] PluginManager:220 - loadIPPluginJar : add openamp
2024-08-17 10:51:31,103 [INFO] IPUIPlugin:80 - create IPUIPlugin
2024-08-17 10:51:31,103 [INFO] PluginManager:220 - loadIPPluginJar : add pdm2pcm
2024-08-17 10:51:31,115 [INFO] IPUIPlugin:80 - create IPUIPlugin
2024-08-17 10:51:31,118 [INFO] PluginManager:220 - loadIPPluginJar : add plateformsettings
2024-08-17 10:51:31,122 [INFO] IPUIPlugin:80 - create IPUIPlugin
2024-08-17 10:51:31,122 [INFO] PluginManager:220 - loadIPPluginJar : add quadspi
2024-08-17 10:51:31,132 [INFO] IPUIPlugin:80 - create IPUIPlugin
2024-08-17 10:51:31,133 [INFO] PluginManager:220 - loadIPPluginJar : add resmgrutility
2024-08-17 10:51:31,138 [INFO] IPUIPlugin:80 - create IPUIPlugin
2024-08-17 10:51:31,138 [INFO] PluginManager:220 - loadIPPluginJar : add sai
2024-08-17 10:51:31,143 [INFO] IPUIPlugin:80 - create IPUIPlugin
2024-08-17 10:51:31,143 [INFO] PluginManager:220 - loadIPPluginJar : add spi
2024-08-17 10:51:31,153 [INFO] IPUIPlugin:80 - create IPUIPlugin
2024-08-17 10:51:31,153 [INFO] PluginManager:220 - loadIPPluginJar : add stm32_wpan
2024-08-17 10:51:31,157 [INFO] IPUIPlugin:80 - create IPUIPlugin
2024-08-17 10:51:31,157 [INFO] PluginManager:220 - loadIPPluginJar : add tim
2024-08-17 10:51:31,162 [INFO] IPUIPlugin:80 - create IPUIPlugin
2024-08-17 10:51:31,163 [INFO] PluginManager:220 - loadIPPluginJar : add touchsensing
2024-08-17 10:51:31,167 [INFO] IPUIPlugin:80 - create IPUIPlugin
2024-08-17 10:51:31,167 [INFO] PluginManager:220 - loadIPPluginJar : add tracer_emb
2024-08-17 10:51:31,171 [INFO] IPUIPlugin:80 - create IPUIPlugin
2024-08-17 10:51:31,171 [INFO] PluginManager:220 - loadIPPluginJar : add ts
2024-08-17 10:51:31,174 [INFO] IPUIPlugin:80 - create IPUIPlugin
2024-08-17 10:51:31,174 [INFO] PluginManager:220 - loadIPPluginJar : add tsc
2024-08-17 10:51:31,178 [INFO] IPUIPlugin:80 - create IPUIPlugin
2024-08-17 10:51:31,179 [INFO] PluginManager:220 - loadIPPluginJar : add ucpd
2024-08-17 10:51:31,185 [INFO] IPUIPlugin:80 - create IPUIPlugin
2024-08-17 10:51:31,185 [INFO] PluginManager:220 - loadIPPluginJar : add usart
2024-08-17 10:51:31,192 [INFO] IPUIPlugin:80 - create IPUIPlugin
2024-08-17 10:51:31,192 [INFO] PluginManager:220 - loadIPPluginJar : add usbx
2024-08-17 10:51:31,395 [INFO] CADModel:165 - CPN selected for project level
2024-08-17 10:51:31,395 [INFO] CADModel:114 - Register for checkConnection events
2024-08-17 10:51:31,397 [FATAL] Updater:308 - Updater called before beeing initialized
2024-08-17 10:51:31,397 [ERROR] CADModel:125 - Updater not yet initialized, retry later 
2024-08-17 10:51:31,760 [INFO] CADModel:165 - CPN selected for project level
2024-08-17 10:51:31,761 [INFO] CADModel:114 - Register for checkConnection events
2024-08-17 10:51:31,761 [FATAL] Updater:308 - Updater called before beeing initialized
2024-08-17 10:51:31,761 [ERROR] CADModel:125 - Updater not yet initialized, retry later 
2024-08-17 10:51:31,766 [FATAL] Updater:308 - Updater called before beeing initialized
2024-08-17 10:51:32,026 [FATAL] Updater:308 - Updater called before beeing initialized
2024-08-17 10:51:32,040 [INFO] DbMcusAds:53 - JSON generation date=Thu May 16 06:22:00 ART 2024 (1715851320667)
2024-08-17 10:51:32,040 [FATAL] Updater:308 - Updater called before beeing initialized
2024-08-17 10:51:32,185 [WARN] DetailPanel:346 - Failed to get advertising image, set to default
2024-08-17 10:51:32,364 [FATAL] Updater:308 - Updater called before beeing initialized
2024-08-17 10:51:32,366 [FATAL] Updater:308 - Updater called before beeing initialized
2024-08-17 10:51:32,366 [FATAL] Updater:308 - Updater called before beeing initialized
2024-08-17 10:51:32,367 [WARN] DetailPanel:346 - Failed to get advertising image, set to default
2024-08-17 10:51:32,368 [FATAL] Updater:308 - Updater called before beeing initialized
2024-08-17 10:51:32,519 [INFO] ThirdPartyUpdaterWithRetryManager:70 - Updater plugin not ready yet. [2/15]
2024-08-17 10:51:32,638 [ERROR] Updater:1120 - MainUpdater not yet initialized. External WinMGr cannot be set.
2024-08-17 10:51:32,641 [INFO] Updater:1056 - Updater Version found : 6.11.1
2024-08-17 10:51:32,667 [INFO] ApplicationProperties:184 - Using Application install path: C:\ST\STM32CubeIDE_1.15.1\STM32CubeIDE\plugins\com.st.stm32cube.common.mx_6.11.1.202404110753
2024-08-17 10:51:34,256 [ERROR] LogOutputStream:75 - [STDERR_REDIRECT] Aug 17, 2024 10:51:34 AM java.util.prefs.WindowsPreferences <init>
2024-08-17 10:51:34,261 [ERROR] LogOutputStream:75 - [STDERR_REDIRECT] WARNING: Could not open/create prefs root node Software\JavaSoft\Prefs at root 0xffffffff80000002. Windows RegCreateKeyEx(...) returned error code 5.
2024-08-17 10:51:34,262 [ERROR] LogOutputStream:75 - [STDERR_REDIRECT] 
2024-08-17 10:51:34,920 [INFO] MainUpdater:2873 - connection check result : 10
2024-08-17 10:51:34,921 [INFO] MainUpdater:290 - Updater Check For Update Now.
2024-08-17 10:51:34,922 [INFO] MicroXplorer:498 - Change Database Version : DB.6.0.111
2024-08-17 10:51:34,943 [INFO] McuFinderGlobals:63 - Set McuFinder mode to 2 (CubeIDE integrated)
2024-08-17 10:51:34,958 [INFO] UserAuth:415 - Internet connection configuration mode: 1
2024-08-17 10:51:34,995 [INFO] JxBrowserEngine:152 - Initiate JxBrowser Engine with user profile folder
2024-08-17 10:51:35,181 [INFO] CheckServerUpdateThread:120 - End of CheckServer Thread
2024-08-17 10:51:36,212 [WARN] PackLoader:240 - Cannot read IP mode file for STMicroelectronics.FP-SNS-MOTENVWB1.1.4.0
2024-08-17 10:51:36,229 [WARN] PackLoader:240 - Cannot read IP mode file for STMicroelectronics.X-CUBE-SMBUS.2.1.0
2024-08-17 10:51:36,236 [WARN] PackLoader:240 - Cannot read IP mode file for STMicroelectronics.X-CUBE-TOUCHGFX.4.23.1
2024-08-17 10:51:36,241 [WARN] PackLoader:240 - Cannot read IP mode file for STMicroelectronics.X-CUBE-TOUCHGFX.4.23.0
2024-08-17 10:51:36,325 [WARN] PackLoader:240 - Cannot read IP mode file for STMicroelectronics.X-CUBE-TOUCHGFX.4.23.2
2024-08-17 10:51:36,372 [WARN] PackLoader:240 - Cannot read IP mode file for STMicroelectronics.X-CUBE-AZRTOS-F7.1.1.0
2024-08-17 10:51:36,407 [WARN] PackLoader:240 - Cannot read IP mode file for STMicroelectronics.FP-SNS-MOTENV1.4.3.2
2024-08-17 10:51:36,421 [WARN] PackLoader:240 - Cannot read IP mode file for STMicroelectronics.FP-SNS-FLIGHT1.5.0.2
2024-08-17 10:51:36,434 [WARN] PackLoader:240 - Cannot read IP mode file for STMicroelectronics.X-CUBE-DISPLAY.3.0.0
2024-08-17 10:51:36,454 [WARN] PackLoader:240 - Cannot read IP mode file for STMicroelectronics.X-CUBE-BLE1.7.0.0
2024-08-17 10:51:36,465 [WARN] PackLoader:240 - Cannot read IP mode file for emotas.I-CUBE-CANOPEN.1.3.0
2024-08-17 10:51:36,472 [WARN] PackLoader:240 - Cannot read IP mode file for STMicroelectronics.X-CUBE-TOUCHGFX.4.22.1
2024-08-17 10:51:36,487 [WARN] PackLoader:240 - Cannot read IP mode file for STMicroelectronics.X-CUBE-BLEMGR.3.1.0
2024-08-17 10:51:36,499 [WARN] PackLoader:240 - Cannot read IP mode file for STMicroelectronics.FP-SNS-SMARTAG2.1.2.0
2024-08-17 10:51:36,532 [INFO] LogOutputStream:77 - [STDOUT_REDIRECT] 1 : Invalid condition id : UX_CORESTACK_Condition cause : null
2024-08-17 10:51:36,532 [INFO] LogOutputStream:77 - [STDOUT_REDIRECT] 1 : Invalid condition id : UX_CORESTACK_Condition cause : null
2024-08-17 10:51:36,535 [INFO] LogOutputStream:77 - [STDOUT_REDIRECT] 1 : Invalid condition id : UX_CORESTACK_Condition cause : null
2024-08-17 10:51:36,538 [INFO] LogOutputStream:77 - [STDOUT_REDIRECT] 1 : Invalid condition id : UX_CORESTACK_Condition cause : null
2024-08-17 10:51:36,539 [INFO] LogOutputStream:77 - [STDOUT_REDIRECT] 1 : Invalid condition id : UX_CORESTACK_Condition cause : null
2024-08-17 10:51:36,547 [WARN] PackLoader:240 - Cannot read IP mode file for STMicroelectronics.X-CUBE-AZRTOS-WL.2.0.0
2024-08-17 10:51:36,557 [WARN] PackLoader:240 - Cannot read IP mode file for STMicroelectronics.FP-SNS-MOTENV1.5.0.0
2024-08-17 10:51:36,570 [WARN] PackLoader:240 - Cannot read IP mode file for wolfSSL.I-CUBE-wolfMQTT.1.19.0
2024-08-17 10:51:36,582 [WARN] PackLoader:240 - Cannot read IP mode file for WES.I-CUBE-Cesium.1.3.0
2024-08-17 10:51:36,591 [WARN] PackLoader:240 - Cannot read IP mode file for STMicroelectronics.X-CUBE-BLE2.3.3.0
2024-08-17 10:51:36,600 [WARN] PackLoader:240 - Cannot read IP mode file for STMicroelectronics.X-CUBE-TCPP.4.1.0
2024-08-17 10:51:36,611 [WARN] PackLoader:240 - Cannot read IP mode file for STMicroelectronics.X-CUBE-ALGOBUILD.1.3.0
2024-08-17 10:51:36,649 [WARN] PackLoader:240 - Cannot read IP mode file for STMicroelectronics.X-CUBE-AZRTOS-G0.1.1.0
2024-08-17 10:51:36,710 [WARN] PackLoader:240 - Cannot read IP mode file for STMicroelectronics.X-CUBE-SAFEA1.1.2.2
2024-08-17 10:51:36,724 [WARN] PackLoader:240 - Cannot read IP mode file for STMicroelectronics.X-CUBE-NFC4.3.0.0
2024-08-17 10:51:36,729 [WARN] PackLoader:240 - Cannot read IP mode file for wolfSSL.I-CUBE-wolfMQTT.1.18.0
2024-08-17 10:51:36,897 [INFO] WebApp:161 - Instantiating new browser for Auth
2024-08-17 10:51:36,988 [WARN] PackLoader:240 - Cannot read IP mode file for EmbeddedOffice.I-CUBE-FS-RTOS.1.0.1
2024-08-17 10:51:36,988 [ERROR] ConditionMgr:805 - Attr not supported : Dmpu
2024-08-17 10:51:36,988 [ERROR] ConditionMgr:805 - Attr not supported : Dmpu
2024-08-17 10:51:36,989 [ERROR] ConditionMgr:805 - Attr not supported : Dmpu
2024-08-17 10:51:36,989 [ERROR] ConditionMgr:805 - Attr not supported : Dmpu
2024-08-17 10:51:36,989 [ERROR] ConditionMgr:805 - Attr not supported : Dmpu
2024-08-17 10:51:36,989 [ERROR] ConditionMgr:805 - Attr not supported : Dmpu
2024-08-17 10:51:36,989 [ERROR] ConditionMgr:805 - Attr not supported : Dmpu
2024-08-17 10:51:36,989 [ERROR] ConditionMgr:805 - Attr not supported : Dmpu
2024-08-17 10:51:36,989 [ERROR] ConditionMgr:805 - Attr not supported : Dmpu
2024-08-17 10:51:36,989 [ERROR] ConditionMgr:805 - Attr not supported : Dmpu
2024-08-17 10:51:36,989 [ERROR] ConditionMgr:805 - Attr not supported : Dmpu
2024-08-17 10:51:36,989 [ERROR] ConditionMgr:805 - Attr not supported : Dmpu
2024-08-17 10:51:36,990 [ERROR] ConditionMgr:805 - Attr not supported : Dmpu
2024-08-17 10:51:36,990 [ERROR] ConditionMgr:805 - Attr not supported : Dmpu
2024-08-17 10:51:36,990 [ERROR] ConditionMgr:805 - Attr not supported : Dmpu
2024-08-17 10:51:36,990 [ERROR] ConditionMgr:805 - Attr not supported : Dmpu
2024-08-17 10:51:36,990 [ERROR] ConditionMgr:805 - Attr not supported : Dmpu
2024-08-17 10:51:36,990 [ERROR] ConditionMgr:805 - Attr not supported : Dmpu
2024-08-17 10:51:36,990 [ERROR] ConditionMgr:805 - Attr not supported : Dmpu
2024-08-17 10:51:36,990 [ERROR] ConditionMgr:805 - Attr not supported : Dmpu
2024-08-17 10:51:36,990 [ERROR] ConditionMgr:805 - Attr not supported : Dmpu
2024-08-17 10:51:36,991 [ERROR] ConditionMgr:805 - Attr not supported : Dmpu
2024-08-17 10:51:36,991 [ERROR] ConditionMgr:805 - Attr not supported : Dmpu
2024-08-17 10:51:36,991 [ERROR] ConditionMgr:805 - Attr not supported : Dmpu
2024-08-17 10:51:36,991 [ERROR] ConditionMgr:805 - Attr not supported : Dmpu
2024-08-17 10:51:36,991 [ERROR] ConditionMgr:805 - Attr not supported : Dmpu
2024-08-17 10:51:36,991 [ERROR] ConditionMgr:805 - Attr not supported : Dmpu
2024-08-17 10:51:36,991 [ERROR] ConditionMgr:805 - Attr not supported : Dmpu
2024-08-17 10:51:36,991 [ERROR] ConditionMgr:805 - Attr not supported : Dmpu
2024-08-17 10:51:36,991 [ERROR] ConditionMgr:805 - Attr not supported : Dmpu
2024-08-17 10:51:36,991 [ERROR] ConditionMgr:805 - Attr not supported : Dmpu
2024-08-17 10:51:36,992 [ERROR] ConditionMgr:805 - Attr not supported : Dmpu
2024-08-17 10:51:36,992 [ERROR] ConditionMgr:805 - Attr not supported : Dmpu
2024-08-17 10:51:36,992 [ERROR] ConditionMgr:805 - Attr not supported : Dmpu
2024-08-17 10:51:36,992 [ERROR] ConditionMgr:805 - Attr not supported : Dmpu
2024-08-17 10:51:36,992 [ERROR] ConditionMgr:805 - Attr not supported : Dmpu
2024-08-17 10:51:36,992 [ERROR] ConditionMgr:805 - Attr not supported : Dmpu
2024-08-17 10:51:36,992 [ERROR] ConditionMgr:805 - Attr not supported : Dmpu
2024-08-17 10:51:36,993 [ERROR] ConditionMgr:805 - Attr not supported : Dmpu
2024-08-17 10:51:36,993 [ERROR] ConditionMgr:805 - Attr not supported : Dmpu
2024-08-17 10:51:36,993 [ERROR] ConditionMgr:805 - Attr not supported : Dmpu
2024-08-17 10:51:36,993 [ERROR] ConditionMgr:805 - Attr not supported : Dmpu
2024-08-17 10:51:36,993 [ERROR] ConditionMgr:805 - Attr not supported : Dmpu
2024-08-17 10:51:36,994 [ERROR] ConditionMgr:805 - Attr not supported : Dmpu
2024-08-17 10:51:36,994 [ERROR] ConditionMgr:805 - Attr not supported : Dmpu
2024-08-17 10:51:36,994 [ERROR] ConditionMgr:805 - Attr not supported : Dmpu
2024-08-17 10:51:36,994 [ERROR] ConditionMgr:805 - Attr not supported : Dmpu
2024-08-17 10:51:36,994 [ERROR] ConditionMgr:805 - Attr not supported : Dmpu
2024-08-17 10:51:36,994 [ERROR] ConditionMgr:805 - Attr not supported : Dmpu
2024-08-17 10:51:36,994 [ERROR] ConditionMgr:805 - Attr not supported : Dmpu
2024-08-17 10:51:36,994 [ERROR] ConditionMgr:805 - Attr not supported : Dmpu
2024-08-17 10:51:36,995 [ERROR] ConditionMgr:805 - Attr not supported : Dmpu
2024-08-17 10:51:36,995 [ERROR] ConditionMgr:805 - Attr not supported : Dmpu
2024-08-17 10:51:36,995 [ERROR] ConditionMgr:805 - Attr not supported : Dmpu
2024-08-17 10:51:36,995 [ERROR] ConditionMgr:805 - Attr not supported : Dmpu
2024-08-17 10:51:36,995 [ERROR] ConditionMgr:805 - Attr not supported : Dmpu
2024-08-17 10:51:36,995 [ERROR] ConditionMgr:805 - Attr not supported : Dmpu
2024-08-17 10:51:36,995 [ERROR] ConditionMgr:805 - Attr not supported : Dmpu
2024-08-17 10:51:36,995 [ERROR] ConditionMgr:805 - Attr not supported : Dmpu
2024-08-17 10:51:36,995 [ERROR] ConditionMgr:805 - Attr not supported : Dmpu
2024-08-17 10:51:36,996 [ERROR] ConditionMgr:805 - Attr not supported : Dmpu
2024-08-17 10:51:36,996 [ERROR] ConditionMgr:805 - Attr not supported : Dmpu
2024-08-17 10:51:36,996 [ERROR] ConditionMgr:805 - Attr not supported : Dmpu
2024-08-17 10:51:36,996 [ERROR] ConditionMgr:805 - Attr not supported : Dmpu
2024-08-17 10:51:37,044 [WARN] PackLoader:240 - Cannot read IP mode file for STMicroelectronics.X-CUBE-BLEMGR.3.0.0
2024-08-17 10:51:37,083 [WARN] PackLoader:240 - Cannot read IP mode file for RealThread.X-CUBE-RT-Thread_Nano.4.1.1
2024-08-17 10:51:37,158 [WARN] PackLoader:240 - Cannot read IP mode file for STMicroelectronics.FP-ATR-SIGFOX1.3.2.0
2024-08-17 10:51:37,201 [WARN] PackLoader:240 - Cannot read IP mode file for STMicroelectronics.X-CUBE-EEPRMA1.5.1.0
2024-08-17 10:51:37,249 [WARN] PackLoader:240 - Cannot read IP mode file for SEGGER.I-CUBE-embOS.1.3.1
2024-08-17 10:51:37,373 [WARN] PackLoader:240 - Cannot read IP mode file for STMicroelectronics.X-CUBE-ALGOBUILD.1.4.0
2024-08-17 10:51:37,380 [WARN] PackLoader:240 - Cannot read IP mode file for STMicroelectronics.X-CUBE-GNSS1.6.0.0
2024-08-17 10:51:37,405 [WARN] PackLoader:240 - Cannot read IP mode file for STMicroelectronics.X-CUBE-AZRTOS-F4.1.1.0
2024-08-17 10:51:37,415 [WARN] PackLoader:240 - Cannot read IP mode file for wolfSSL.I-CUBE-wolfSSL.5.6.3
2024-08-17 10:51:37,424 [WARN] PackLoader:240 - Cannot read IP mode file for STMicroelectronics.X-CUBE-FREERTOS.1.2.0
2024-08-17 10:51:37,524 [WARN] PackLoader:240 - Cannot read IP mode file for STMicroelectronics.X-CUBE-AZRTOS-L5.2.0.0
2024-08-17 10:51:37,636 [WARN] PackLoader:240 - Cannot read IP mode file for STMicroelectronics.X-CUBE-MEMS1.9.6.0
2024-08-17 10:51:38,082 [WARN] PackLoader:240 - Cannot read IP mode file for STMicroelectronics.X-CUBE-EEPRMA1.4.2.0
2024-08-17 10:51:38,119 [WARN] PackLoader:240 - Cannot read IP mode file for STMicroelectronics.X-CUBE-NFC6.3.1.0
2024-08-17 10:51:38,142 [WARN] PackLoader:240 - Cannot read IP mode file for ITTIA_DB.I-CUBE-ITTIADB.8.8.0
2024-08-17 10:51:38,152 [WARN] PackLoader:240 - Cannot read IP mode file for STMicroelectronics.X-CUBE-BLEMGR.2.0.0
2024-08-17 10:51:38,167 [WARN] PackLoader:240 - Cannot read IP mode file for STMicroelectronics.X-CUBE-DPower.1.2.0
2024-08-17 10:51:38,174 [WARN] PackLoader:240 - Cannot read IP mode file for STMicroelectronics.X-CUBE-AI.9.0.0
2024-08-17 10:51:38,197 [WARN] ConditionMgr:438 - getConditionDescription Invalid condition id : UX DEVICE CLASS RTOS Condition cause : null
2024-08-17 10:51:38,197 [WARN] ConditionMgr:438 - getConditionDescription Invalid condition id : UX DEVICE CLASS RTOS Condition cause : null
2024-08-17 10:51:38,202 [WARN] PackLoader:240 - Cannot read IP mode file for STMicroelectronics.X-CUBE-AZRTOS-H7.3.1.0
2024-08-17 10:51:38,203 [WARN] ConditionMgr:1039 - genDependencies : Invalid condition id : UX DEVICE CLASS RTOS Condition cause : null
2024-08-17 10:51:38,204 [WARN] ConditionMgr:1039 - genDependencies : Invalid condition id : UX DEVICE CLASS RTOS Condition cause : null
2024-08-17 10:51:38,204 [WARN] ConditionMgr:1039 - genDependencies : Invalid condition id : UX DEVICE CLASS RTOS Condition cause : null
2024-08-17 10:51:38,205 [WARN] ConditionMgr:1039 - genDependencies : Invalid condition id : UX DEVICE CLASS RTOS Condition cause : null
2024-08-17 10:51:38,205 [WARN] ConditionMgr:1039 - genDependencies : Invalid condition id : UX DEVICE CLASS RTOS Condition cause : null
2024-08-17 10:51:38,214 [WARN] PackLoader:240 - Cannot read IP mode file for STMicroelectronics.X-CUBE-NFC7.1.0.1
2024-08-17 10:51:38,220 [WARN] PackLoader:240 - Cannot read IP mode file for wolfSSL.I-CUBE-wolfTPM.3.2.0
2024-08-17 10:51:38,229 [WARN] PackLoader:240 - Cannot read IP mode file for STMicroelectronics.X-CUBE-NFC6.3.0.0
2024-08-17 10:51:38,257 [WARN] PackLoader:240 - Cannot read IP mode file for STMicroelectronics.X-CUBE-EEPRMA1.4.1.0
2024-08-17 10:51:38,263 [WARN] PackLoader:240 - Cannot read IP mode file for STMicroelectronics.X-CUBE-AI.8.1.0
2024-08-17 10:51:38,293 [WARN] ConditionMgr:438 - getConditionDescription Invalid condition id : LAN8742 Phy interface Condition cause : null
2024-08-17 10:51:38,294 [WARN] PackLoader:240 - Cannot read IP mode file for STMicroelectronics.X-CUBE-AZRTOS-L4.2.0.0
2024-08-17 10:51:38,295 [WARN] ConditionMgr:1039 - genDependencies : Invalid condition id : LAN8742 Phy interface Condition cause : null
2024-08-17 10:51:38,296 [WARN] ConditionMgr:1039 - genDependencies : Invalid condition id : LAN8742 Phy interface Condition cause : null
2024-08-17 10:51:38,296 [WARN] ConditionMgr:1039 - genDependencies : Invalid condition id : LAN8742 Phy interface Condition cause : null
2024-08-17 10:51:38,307 [WARN] PackLoader:240 - Cannot read IP mode file for STMicroelectronics.X-CUBE-SFXS2LP1.4.0.0
2024-08-17 10:51:38,314 [WARN] PackLoader:240 - Cannot read IP mode file for STMicroelectronics.X-CUBE-ISPU.1.1.0
2024-08-17 10:51:38,344 [WARN] PackLoader:240 - Cannot read IP mode file for STMicroelectronics.X-CUBE-AZRTOS-H7.3.3.0
2024-08-17 10:51:38,382 [WARN] ConditionMgr:438 - getConditionDescription Invalid condition id : UX DEVICE CLASS RTOS Condition cause : null
2024-08-17 10:51:38,382 [WARN] ConditionMgr:438 - getConditionDescription Invalid condition id : UX DEVICE CLASS RTOS Condition cause : null
2024-08-17 10:51:38,385 [WARN] PackLoader:240 - Cannot read IP mode file for STMicroelectronics.X-CUBE-AZRTOS-WB.2.0.0
2024-08-17 10:51:38,386 [WARN] ConditionMgr:1039 - genDependencies : Invalid condition id : UX DEVICE CLASS RTOS Condition cause : null
2024-08-17 10:51:38,386 [WARN] ConditionMgr:1039 - genDependencies : Invalid condition id : UX DEVICE CLASS RTOS Condition cause : null
2024-08-17 10:51:38,387 [WARN] ConditionMgr:1039 - genDependencies : Invalid condition id : UX DEVICE CLASS RTOS Condition cause : null
2024-08-17 10:51:38,388 [WARN] ConditionMgr:1039 - genDependencies : Invalid condition id : UX DEVICE CLASS RTOS Condition cause : null
2024-08-17 10:51:38,388 [WARN] ConditionMgr:1039 - genDependencies : Invalid condition id : UX DEVICE CLASS RTOS Condition cause : null
2024-08-17 10:51:38,398 [WARN] PackLoader:240 - Cannot read IP mode file for STMicroelectronics.FP-SNS-STBOX1.2.0.0
2024-08-17 10:51:38,414 [WARN] PackLoader:240 - Cannot read IP mode file for STMicroelectronics.X-CUBE-SUBG2.5.0.0
2024-08-17 10:51:38,425 [WARN] PackLoader:240 - Cannot read IP mode file for Cesanta.I-CUBE-Mongoose.7.13.0
2024-08-17 10:51:38,437 [WARN] PackLoader:240 - Cannot read IP mode file for STMicroelectronics.X-CUBE-TOF1.3.3.1
2024-08-17 10:51:38,465 [WARN] PackLoader:240 - Cannot read IP mode file for STMicroelectronics.X-CUBE-AZRTOS-G4.2.0.0
2024-08-17 10:51:38,527 [WARN] PackLoader:240 - Cannot read IP mode file for Infineon.AIROC-Wi-Fi-Bluetooth-STM32.1.5.1
2024-08-17 10:51:38,538 [WARN] PackLoader:240 - Cannot read IP mode file for STMicroelectronics.FP-SNS-MOTENVWB1.1.3.0
2024-08-17 10:51:38,545 [WARN] PackLoader:240 - Cannot read IP mode file for STMicroelectronics.FP-SNS-MOTENVWB1.1.3.1
2024-08-17 10:51:38,550 [WARN] PackLoader:240 - Cannot read IP mode file for STMicroelectronics.X-CUBE-ISPU.2.0.0
2024-08-17 10:51:38,557 [WARN] PackLoader:240 - Cannot read IP mode file for STMicroelectronics.X-CUBE-ALS.1.0.2
2024-08-17 10:51:38,651 [WARN] PackLoader:240 - Cannot read IP mode file for STMicroelectronics.X-CUBE-MEMS1.10.0.0
2024-08-17 10:51:38,886 [WARN] PackLoader:240 - Cannot read IP mode file for STMicroelectronics.X-CUBE-FREERTOS.1.1.0
2024-08-17 10:51:38,931 [WARN] PackLoader:240 - Cannot read IP mode file for STMicroelectronics.X-CUBE-TOUCHGFX.4.24.0
2024-08-17 10:51:38,940 [WARN] PackLoader:240 - Cannot read IP mode file for portGmbH.I-Cube-SoM-uGOAL.1.1.0
2024-08-17 10:51:38,945 [WARN] PackLoader:240 - Cannot read IP mode file for STMicroelectronics.X-CUBE-ALS.1.0.1
2024-08-17 10:51:38,975 [WARN] PackLoader:240 - Cannot read IP mode file for STMicroelectronics.X-CUBE-AZRTOS-H7RS.1.0.0
2024-08-17 10:51:38,985 [WARN] PackLoader:240 - Cannot read IP mode file for STMicroelectronics.FP-ATR-ASTRA1.2.0.0
2024-08-17 10:51:39,003 [WARN] PackLoader:240 - Cannot read IP mode file for STMicroelectronics.X-CUBE-TOF1.3.4.2
2024-08-17 10:51:39,064 [WARN] PackLoader:240 - Cannot read IP mode file for STMicroelectronics.X-CUBE-TOF1.3.4.0
2024-08-17 10:51:39,095 [WARN] PackLoader:240 - Cannot read IP mode file for STMicroelectronics.X-CUBE-TOF1.3.4.1
2024-08-17 10:51:39,140 [WARN] PackLoader:240 - Cannot read IP mode file for STMicroelectronics.X-CUBE-AZRTOS-H7.3.2.0
2024-08-17 10:51:39,150 [WARN] PackLoader:240 - Cannot read IP mode file for wolfSSL.I-CUBE-wolfSSH.1.4.17
2024-08-17 10:51:39,151 [INFO] ThirdParty:978 - Integrity check success = true
2024-08-17 10:51:39,151 [INFO] IntegrityCheckThread:100 - exiting critical section [integrity check]
2024-08-17 10:51:39,151 [INFO] IntegrityCheckThread:103 - End integrity checks thread
2024-08-17 10:51:40,057 [INFO] WebApp:779 - Register for checkConnection events
2024-08-17 10:51:40,057 [INFO] WebApp:414 - Apply proxy settings
2024-08-17 10:51:40,057 [INFO] WebApp:499 - Chromium requires no authentication
2024-08-17 10:51:40,091 [INFO] WebApp:442 - Direct internet connection detected
2024-08-17 10:51:40,633 [INFO] WebApp:192 - Starting web application
2024-08-17 10:51:40,634 [INFO] WebApp:544 - Web application path used C:\ST\STM32CubeIDE_1.15.1\STM32CubeIDE\plugins\com.st.stm32cube.common.mx_6.11.1.202404110753\db\plugins\mcufinder\reactClient1\index.html
2024-08-17 12:29:34,427 [ERROR] LogOutputStream:75 - [STDERR_REDIRECT] 
2024-08-17 12:29:34,430 [ERROR] LogOutputStream:75 - [STDERR_REDIRECT] 
