2024-11-02 21:42:46,274 [INFO] Activator:176 - 


2024-11-02 21:42:46,284 [INFO] Activator:177 - !SESSION log4j initialized
2024-11-02 21:42:58,692 [INFO] LogOutputStream:77 - [STDOUT_REDIRECT] 
2024-11-02 21:43:06,499 [INFO] ApplicationProperties:184 - Using Application install path: C:\ST\STM32CubeIDE_1.15.1\STM32CubeIDE\plugins\com.st.stm32cube.common.mx_6.11.1.202404110753
2024-11-02 21:43:06,524 [INFO] DbMcusXml:78 - Set database path to: C:\ST\STM32CubeIDE_1.15.1\STM32CubeIDE\plugins\com.st.stm32cube.common.mx_6.11.1.202404110753\\db\/mcu/
2024-11-02 21:43:06,525 [INFO] ApiDb:274 - Set plugin database path to: C:\ST\STM32CubeIDE_1.15.1\STM32CubeIDE\plugins\com.st.stm32cube.common.mx_6.11.1.202404110753\\db\/plugins/boardmanager/
2024-11-02 21:43:06,525 [WARN] ApiDb:259 - Overriding images path with different value:  => C:\ST\STM32CubeIDE_1.15.1\STM32CubeIDE\plugins\com.st.stm32cube.common.mx_6.11.1.202404110753\\db\/plugins/mcufinder/images/
2024-11-02 21:43:06,535 [INFO] ApiDb:250 - Set database path to: C:\Users\gusta\.stmcufinder\plugins\mcufinder//mcu/
2024-11-02 21:43:06,537 [INFO] DbMcusAds:125 - Set database path to: C:\Users\gusta\.stmcufinder\plugins\mcufinder//mcu/
2024-11-02 21:43:06,541 [INFO] CrossReferenceDbSqlite:203 - Set database path to: C:\Users\gusta\.stmcufinder\plugins\mcufinder//mcu/cs/
2024-11-02 21:43:06,694 [INFO] RulesReader:64 - Compatibility file has been processed (297 Rules)
2024-11-02 21:43:06,791 [INFO] DbMcusXml:78 - Set database path to: C:\ST\STM32CubeIDE_1.15.1\STM32CubeIDE\plugins\com.st.stm32cube.common.mx_6.11.1.202404110753\\db\/mcu/
2024-11-02 21:43:06,791 [INFO] ApiDb:274 - Set plugin database path to: C:\ST\STM32CubeIDE_1.15.1\STM32CubeIDE\plugins\com.st.stm32cube.common.mx_6.11.1.202404110753\\db\/plugins/boardmanager/
2024-11-02 21:43:06,791 [INFO] ApiDb:261 - Set plugin images path to: C:\ST\STM32CubeIDE_1.15.1\STM32CubeIDE\plugins\com.st.stm32cube.common.mx_6.11.1.202404110753\\db\/plugins/mcufinder/images/
2024-11-02 21:43:06,792 [WARN] DbFile:41 - Overriding database path with different value: C:\Users\gusta\.stmcufinder\plugins\mcufinder/ => C:\Users\gusta\.stmcufinder\plugins\mcufinder
2024-11-02 21:43:06,792 [INFO] ApiDb:250 - Set database path to: C:\Users\gusta\.stmcufinder\plugins\mcufinder//mcu/
2024-11-02 21:43:06,792 [WARN] DbFile:41 - Overriding database path with different value: C:\Users\gusta\.stmcufinder\plugins\mcufinder/ => C:\Users\gusta\.stmcufinder\plugins\mcufinder
2024-11-02 21:43:06,792 [INFO] DbMcusAds:125 - Set database path to: C:\Users\gusta\.stmcufinder\plugins\mcufinder//mcu/
2024-11-02 21:43:06,792 [WARN] DbFile:41 - Overriding database path with different value: C:\Users\gusta\.stmcufinder\plugins\mcufinder/ => C:\Users\gusta\.stmcufinder\plugins\mcufinder
2024-11-02 21:43:06,792 [WARN] DbFile:41 - Overriding database path with different value: C:\Users\gusta\.stmcufinder\plugins\mcufinder/ => C:\Users\gusta\.stmcufinder\plugins\mcufinder
2024-11-02 21:43:06,792 [INFO] CrossReferenceDbSqlite:203 - Set database path to: C:\Users\gusta\.stmcufinder\plugins\mcufinder//mcu/cs/
2024-11-02 21:43:06,893 [INFO] MainPanel:264 - HeapMemory: 268435456
2024-11-02 21:43:07,006 [INFO] DbMcusXml:78 - Set database path to: C:\ST\STM32CubeIDE_1.15.1\STM32CubeIDE\plugins\com.st.stm32cube.common.mx_6.11.1.202404110753\\db\/mcu/
2024-11-02 21:43:07,006 [INFO] ApiDb:274 - Set plugin database path to: C:\ST\STM32CubeIDE_1.15.1\STM32CubeIDE\plugins\com.st.stm32cube.common.mx_6.11.1.202404110753\\db\/plugins/boardmanager/
2024-11-02 21:43:07,006 [INFO] ApiDb:261 - Set plugin images path to: C:\ST\STM32CubeIDE_1.15.1\STM32CubeIDE\plugins\com.st.stm32cube.common.mx_6.11.1.202404110753\\db\/plugins/mcufinder/images/
2024-11-02 21:43:07,007 [WARN] DbFile:41 - Overriding database path with different value: C:\Users\gusta\.stmcufinder\plugins\mcufinder/ => C:\Users\gusta\.stmcufinder\plugins\mcufinder
2024-11-02 21:43:07,007 [INFO] ApiDb:250 - Set database path to: C:\Users\gusta\.stmcufinder\plugins\mcufinder//mcu/
2024-11-02 21:43:07,007 [WARN] DbFile:41 - Overriding database path with different value: C:\Users\gusta\.stmcufinder\plugins\mcufinder/ => C:\Users\gusta\.stmcufinder\plugins\mcufinder
2024-11-02 21:43:07,007 [INFO] DbMcusAds:125 - Set database path to: C:\Users\gusta\.stmcufinder\plugins\mcufinder//mcu/
2024-11-02 21:43:07,007 [WARN] DbFile:41 - Overriding database path with different value: C:\Users\gusta\.stmcufinder\plugins\mcufinder/ => C:\Users\gusta\.stmcufinder\plugins\mcufinder
2024-11-02 21:43:07,007 [WARN] DbFile:41 - Overriding database path with different value: C:\Users\gusta\.stmcufinder\plugins\mcufinder/ => C:\Users\gusta\.stmcufinder\plugins\mcufinder
2024-11-02 21:43:07,007 [INFO] CrossReferenceDbSqlite:203 - Set database path to: C:\Users\gusta\.stmcufinder\plugins\mcufinder//mcu/cs/
2024-11-02 21:43:07,030 [INFO] ApplicationProperties:184 - Using Application install path: C:\ST\STM32CubeIDE_1.15.1\STM32CubeIDE\plugins\com.st.stm32cube.common.mx_6.11.1.202404110753
2024-11-02 21:43:07,032 [INFO] PluginManage:196 - Search for loadable plugins [exclusion list=, ]
2024-11-02 21:43:07,033 [INFO] PluginManage:310 - Check plugin analytics
2024-11-02 21:43:11,848 [INFO] AnalyticsPlugin:253 - Accepted Software Licenses: 
2024-11-02 21:43:11,849 [INFO] AnalyticsPlugin:255 - Accepted CMSIS Pack Licenses: 
2024-11-02 21:43:11,849 [INFO] AnalyticsPlugin:257 - Accepted Firmware Licenses: FW.F4.1.27.0,FW.F4.1.28.0
2024-11-02 21:43:11,854 [INFO] PluginManage:359 - Loaded plugin analytics (category:tool,tabindex:-1)
2024-11-02 21:43:11,855 [INFO] PluginManage:310 - Check plugin cadmodel
2024-11-02 21:43:11,863 [INFO] CADModel:105 - Init CAD model plugin
2024-11-02 21:43:11,863 [INFO] PluginManage:359 - Loaded plugin cadmodel (category:power,tabindex:5)
2024-11-02 21:43:11,864 [INFO] PluginManage:310 - Check plugin clock
2024-11-02 21:43:11,878 [INFO] PluginManage:359 - Loaded plugin clock (category:base,tabindex:2)
2024-11-02 21:43:11,879 [INFO] PluginManage:310 - Check plugin ddr
2024-11-02 21:43:11,882 [INFO] PluginManage:359 - Loaded plugin ddr (category:tool,tabindex:6)
2024-11-02 21:43:11,882 [INFO] PluginManage:310 - Check plugin filemanager
2024-11-02 21:43:12,040 [INFO] PluginManage:359 - Loaded plugin filemanager (category:base,tabindex:10)
2024-11-02 21:43:12,040 [INFO] PluginManage:310 - Check plugin ipmanager
2024-11-02 21:43:12,049 [INFO] PluginManage:359 - Loaded plugin ipmanager (category:base,tabindex:5)
2024-11-02 21:43:12,049 [INFO] PluginManage:310 - Check plugin lpbam
2024-11-02 21:43:12,058 [INFO] PluginManage:359 - Loaded plugin lpbam (category:base,tabindex:0)
2024-11-02 21:43:12,058 [INFO] PluginManage:310 - Check plugin memorymap
2024-11-02 21:43:12,077 [INFO] PluginManage:359 - Loaded plugin memorymap (category:base,tabindex:4)
2024-11-02 21:43:12,077 [INFO] PluginManage:310 - Check plugin pinoutandconfiguration
2024-11-02 21:43:12,088 [INFO] PluginManage:359 - Loaded plugin pinoutandconfiguration (category:base,tabindex:1)
2024-11-02 21:43:12,088 [INFO] PluginManage:310 - Check plugin pinoutconfig
2024-11-02 21:43:12,192 [WARN] SupportedApi:132 - Cannot load RTOS API schema: s4s-elt-must-match.1: The content of 'definitions' must match (annotation?, (simpleType | complexType)?, (unique | key | keyref)*)). A problem was found starting at: attribute.
2024-11-02 21:43:12,370 [INFO] PluginManage:359 - Loaded plugin pinoutconfig (category:base,tabindex:0)
2024-11-02 21:43:12,370 [INFO] PluginManage:310 - Check plugin power
2024-11-02 21:43:12,384 [INFO] PluginManage:359 - Loaded plugin power (category:power,tabindex:4)
2024-11-02 21:43:12,384 [INFO] PluginManage:310 - Check plugin projectmanager
2024-11-02 21:43:12,410 [INFO] PluginManage:359 - Loaded plugin projectmanager (category:projectmanager,tabindex:3)
2024-11-02 21:43:12,410 [INFO] PluginManage:310 - Check plugin thirdparty
2024-11-02 21:43:12,617 [INFO] PluginManage:359 - Loaded plugin thirdparty (category:base,tabindex:-1)
2024-11-02 21:43:12,618 [INFO] PluginManage:310 - Check plugin tools
2024-11-02 21:43:12,617 [WARN] IntegrityCheckThread:84 - waiting for thirdparty lock release [integrity check]
2024-11-02 21:43:12,619 [INFO] IntegrityCheckThread:86 - entering critical section [integrity check]
2024-11-02 21:43:12,619 [INFO] ThirdPartyUpdaterWithRetryManager:70 - Updater plugin not ready yet. [1/15]
2024-11-02 21:43:12,622 [INFO] PluginManage:359 - Loaded plugin tools (category:base,tabindex:7)
2024-11-02 21:43:12,622 [INFO] PluginManage:310 - Check plugin tutovideos
2024-11-02 21:43:12,871 [INFO] PluginManage:359 - Loaded plugin tutovideos (category:base,tabindex:-1)
2024-11-02 21:43:12,872 [INFO] PluginManage:310 - Check plugin updater
2024-11-02 21:43:12,888 [INFO] PluginManage:359 - Loaded plugin updater (category:base,tabindex:12)
2024-11-02 21:43:12,888 [INFO] PluginManage:310 - Check plugin userauth
2024-11-02 21:43:12,895 [INFO] UserAuth:114 - Init User Auth plugin
2024-11-02 21:43:12,895 [INFO] PluginManage:359 - Loaded plugin userauth (category:base,tabindex:14)
2024-11-02 21:43:12,896 [INFO] PluginManage:283 - PluginManage : Loaded plugins [17]
2024-11-02 21:43:13,171 [INFO] PinOutPanel:1561 - setPackage(No Configuration,No Configuration)
2024-11-02 21:43:13,266 [INFO] CADModel:165 - CPN selected for project level
2024-11-02 21:43:13,266 [INFO] CADModel:114 - Register for checkConnection events
2024-11-02 21:43:13,286 [INFO] IPUIPlugin:80 - create IPUIPlugin
2024-11-02 21:43:13,286 [INFO] PluginManager:220 - loadIPPluginJar : add adc
2024-11-02 21:43:13,289 [INFO] IPUIPlugin:80 - create IPUIPlugin
2024-11-02 21:43:13,289 [INFO] PluginManager:220 - loadIPPluginJar : add aes
2024-11-02 21:43:13,292 [INFO] IPUIPlugin:80 - create IPUIPlugin
2024-11-02 21:43:13,293 [INFO] PluginManager:220 - loadIPPluginJar : add can
2024-11-02 21:43:13,295 [INFO] IPUIPlugin:80 - create IPUIPlugin
2024-11-02 21:43:13,295 [INFO] PluginManager:220 - loadIPPluginJar : add comp
2024-11-02 21:43:13,299 [INFO] IPUIPlugin:80 - create IPUIPlugin
2024-11-02 21:43:13,299 [INFO] PluginManager:220 - loadIPPluginJar : add cryp
2024-11-02 21:43:13,302 [INFO] IPUIPlugin:80 - create IPUIPlugin
2024-11-02 21:43:13,303 [INFO] PluginManager:220 - loadIPPluginJar : add dfsdm
2024-11-02 21:43:13,311 [INFO] IPUIPlugin:80 - create IPUIPlugin
2024-11-02 21:43:13,312 [INFO] PluginManager:220 - loadIPPluginJar : add dma
2024-11-02 21:43:13,316 [INFO] IPUIPlugin:80 - create IPUIPlugin
2024-11-02 21:43:13,316 [INFO] PluginManager:220 - loadIPPluginJar : add dma3
2024-11-02 21:43:13,320 [INFO] IPUIPlugin:80 - create IPUIPlugin
2024-11-02 21:43:13,320 [INFO] PluginManager:220 - loadIPPluginJar : add extmemmanager
2024-11-02 21:43:13,323 [INFO] IPUIPlugin:80 - create IPUIPlugin
2024-11-02 21:43:13,323 [INFO] PluginManager:220 - loadIPPluginJar : add fatfs
2024-11-02 21:43:13,329 [INFO] IPUIPlugin:80 - create IPUIPlugin
2024-11-02 21:43:13,329 [INFO] PluginManager:220 - loadIPPluginJar : add fmc
2024-11-02 21:43:13,336 [INFO] IPUIPlugin:80 - create IPUIPlugin
2024-11-02 21:43:13,337 [INFO] PluginManager:220 - loadIPPluginJar : add freertos
2024-11-02 21:43:13,339 [INFO] IPUIPlugin:80 - create IPUIPlugin
2024-11-02 21:43:13,339 [INFO] PluginManager:220 - loadIPPluginJar : add genericplugin
2024-11-02 21:43:13,343 [INFO] IPUIPlugin:80 - create IPUIPlugin
2024-11-02 21:43:13,343 [INFO] PluginManager:220 - loadIPPluginJar : add gfxmmu
2024-11-02 21:43:13,349 [INFO] IPUIPlugin:80 - create IPUIPlugin
2024-11-02 21:43:13,349 [INFO] PluginManager:220 - loadIPPluginJar : add gic
2024-11-02 21:43:13,354 [INFO] IPUIPlugin:80 - create IPUIPlugin
2024-11-02 21:43:13,355 [INFO] PluginManager:220 - loadIPPluginJar : add gpio
2024-11-02 21:43:13,359 [INFO] IPUIPlugin:80 - create IPUIPlugin
2024-11-02 21:43:13,359 [INFO] PluginManager:220 - loadIPPluginJar : add gtzc
2024-11-02 21:43:13,362 [INFO] IPUIPlugin:80 - create IPUIPlugin
2024-11-02 21:43:13,363 [INFO] PluginManager:220 - loadIPPluginJar : add hash
2024-11-02 21:43:13,366 [INFO] IPUIPlugin:80 - create IPUIPlugin
2024-11-02 21:43:13,366 [INFO] PluginManager:220 - loadIPPluginJar : add i2c
2024-11-02 21:43:13,370 [INFO] IPUIPlugin:80 - create IPUIPlugin
2024-11-02 21:43:13,370 [INFO] PluginManager:220 - loadIPPluginJar : add i2s
2024-11-02 21:43:13,374 [INFO] IPUIPlugin:80 - create IPUIPlugin
2024-11-02 21:43:13,374 [INFO] PluginManager:220 - loadIPPluginJar : add i3c
2024-11-02 21:43:13,378 [INFO] IPUIPlugin:80 - create IPUIPlugin
2024-11-02 21:43:13,379 [INFO] PluginManager:220 - loadIPPluginJar : add ipddr
2024-11-02 21:43:13,387 [INFO] IPUIPlugin:80 - create IPUIPlugin
2024-11-02 21:43:13,388 [INFO] PluginManager:220 - loadIPPluginJar : add linkedlist
2024-11-02 21:43:13,391 [INFO] IPUIPlugin:80 - create IPUIPlugin
2024-11-02 21:43:13,392 [INFO] PluginManager:220 - loadIPPluginJar : add lorawan
2024-11-02 21:43:13,394 [INFO] IPUIPlugin:80 - create IPUIPlugin
2024-11-02 21:43:13,394 [INFO] PluginManager:220 - loadIPPluginJar : add ltdc
2024-11-02 21:43:13,401 [INFO] IPUIPlugin:80 - create IPUIPlugin
2024-11-02 21:43:13,402 [INFO] PluginManager:220 - loadIPPluginJar : add mdma
2024-11-02 21:43:13,407 [INFO] IPUIPlugin:80 - create IPUIPlugin
2024-11-02 21:43:13,407 [INFO] PluginManager:220 - loadIPPluginJar : add nvic
2024-11-02 21:43:13,411 [INFO] IPUIPlugin:80 - create IPUIPlugin
2024-11-02 21:43:13,411 [INFO] PluginManager:220 - loadIPPluginJar : add opamp
2024-11-02 21:43:13,416 [INFO] IPUIPlugin:80 - create IPUIPlugin
2024-11-02 21:43:13,416 [INFO] PluginManager:220 - loadIPPluginJar : add openamp
2024-11-02 21:43:13,421 [INFO] IPUIPlugin:80 - create IPUIPlugin
2024-11-02 21:43:13,421 [INFO] PluginManager:220 - loadIPPluginJar : add pdm2pcm
2024-11-02 21:43:13,428 [INFO] IPUIPlugin:80 - create IPUIPlugin
2024-11-02 21:43:13,431 [INFO] PluginManager:220 - loadIPPluginJar : add plateformsettings
2024-11-02 21:43:13,434 [INFO] IPUIPlugin:80 - create IPUIPlugin
2024-11-02 21:43:13,434 [INFO] PluginManager:220 - loadIPPluginJar : add quadspi
2024-11-02 21:43:13,439 [INFO] IPUIPlugin:80 - create IPUIPlugin
2024-11-02 21:43:13,439 [INFO] PluginManager:220 - loadIPPluginJar : add resmgrutility
2024-11-02 21:43:13,443 [INFO] IPUIPlugin:80 - create IPUIPlugin
2024-11-02 21:43:13,443 [INFO] PluginManager:220 - loadIPPluginJar : add sai
2024-11-02 21:43:13,447 [INFO] IPUIPlugin:80 - create IPUIPlugin
2024-11-02 21:43:13,447 [INFO] PluginManager:220 - loadIPPluginJar : add spi
2024-11-02 21:43:13,455 [INFO] IPUIPlugin:80 - create IPUIPlugin
2024-11-02 21:43:13,456 [INFO] PluginManager:220 - loadIPPluginJar : add stm32_wpan
2024-11-02 21:43:13,458 [INFO] IPUIPlugin:80 - create IPUIPlugin
2024-11-02 21:43:13,458 [INFO] PluginManager:220 - loadIPPluginJar : add tim
2024-11-02 21:43:13,463 [INFO] IPUIPlugin:80 - create IPUIPlugin
2024-11-02 21:43:13,463 [INFO] PluginManager:220 - loadIPPluginJar : add touchsensing
2024-11-02 21:43:13,466 [INFO] IPUIPlugin:80 - create IPUIPlugin
2024-11-02 21:43:13,466 [INFO] PluginManager:220 - loadIPPluginJar : add tracer_emb
2024-11-02 21:43:13,469 [INFO] IPUIPlugin:80 - create IPUIPlugin
2024-11-02 21:43:13,469 [INFO] PluginManager:220 - loadIPPluginJar : add ts
2024-11-02 21:43:13,471 [INFO] IPUIPlugin:80 - create IPUIPlugin
2024-11-02 21:43:13,472 [INFO] PluginManager:220 - loadIPPluginJar : add tsc
2024-11-02 21:43:13,474 [INFO] IPUIPlugin:80 - create IPUIPlugin
2024-11-02 21:43:13,475 [INFO] PluginManager:220 - loadIPPluginJar : add ucpd
2024-11-02 21:43:13,480 [INFO] IPUIPlugin:80 - create IPUIPlugin
2024-11-02 21:43:13,480 [INFO] PluginManager:220 - loadIPPluginJar : add usart
2024-11-02 21:43:13,485 [INFO] IPUIPlugin:80 - create IPUIPlugin
2024-11-02 21:43:13,485 [INFO] PluginManager:220 - loadIPPluginJar : add usbx
2024-11-02 21:43:13,635 [INFO] CADModel:165 - CPN selected for project level
2024-11-02 21:43:13,635 [INFO] CADModel:114 - Register for checkConnection events
2024-11-02 21:43:13,635 [FATAL] Updater:308 - Updater called before beeing initialized
2024-11-02 21:43:13,635 [ERROR] CADModel:125 - Updater not yet initialized, retry later 
2024-11-02 21:43:13,879 [INFO] CADModel:165 - CPN selected for project level
2024-11-02 21:43:13,879 [INFO] CADModel:114 - Register for checkConnection events
2024-11-02 21:43:13,879 [FATAL] Updater:308 - Updater called before beeing initialized
2024-11-02 21:43:13,879 [ERROR] CADModel:125 - Updater not yet initialized, retry later 
2024-11-02 21:43:13,884 [FATAL] Updater:308 - Updater called before beeing initialized
2024-11-02 21:43:14,108 [FATAL] Updater:308 - Updater called before beeing initialized
2024-11-02 21:43:14,113 [INFO] DbMcusAds:53 - JSON generation date=Thu May 16 06:22:00 ART 2024 (1715851320667)
2024-11-02 21:43:14,113 [FATAL] Updater:308 - Updater called before beeing initialized
2024-11-02 21:43:14,197 [WARN] DetailPanel:346 - Failed to get advertising image, set to default
2024-11-02 21:43:14,289 [FATAL] Updater:308 - Updater called before beeing initialized
2024-11-02 21:43:14,291 [FATAL] Updater:308 - Updater called before beeing initialized
2024-11-02 21:43:14,291 [FATAL] Updater:308 - Updater called before beeing initialized
2024-11-02 21:43:14,291 [WARN] DetailPanel:346 - Failed to get advertising image, set to default
2024-11-02 21:43:14,292 [FATAL] Updater:308 - Updater called before beeing initialized
2024-11-02 21:43:14,350 [ERROR] Updater:1120 - MainUpdater not yet initialized. External WinMGr cannot be set.
2024-11-02 21:43:14,352 [INFO] Updater:1056 - Updater Version found : 6.11.1
2024-11-02 21:43:14,375 [INFO] ApplicationProperties:184 - Using Application install path: C:\ST\STM32CubeIDE_1.15.1\STM32CubeIDE\plugins\com.st.stm32cube.common.mx_6.11.1.202404110753
2024-11-02 21:43:15,624 [INFO] ThirdPartyUpdaterWithRetryManager:70 - Updater plugin not ready yet. [2/15]
2024-11-02 21:43:15,979 [ERROR] LogOutputStream:75 - [STDERR_REDIRECT] Nov 02, 2024 9:43:15 PM java.util.prefs.WindowsPreferences <init>
2024-11-02 21:43:15,981 [ERROR] LogOutputStream:75 - [STDERR_REDIRECT] WARNING: Could not open/create prefs root node Software\JavaSoft\Prefs at root 0xffffffff80000002. Windows RegCreateKeyEx(...) returned error code 5.
2024-11-02 21:43:15,981 [ERROR] LogOutputStream:75 - [STDERR_REDIRECT] 
2024-11-02 21:43:16,338 [INFO] MainUpdater:2873 - connection check result : 10
2024-11-02 21:43:16,340 [INFO] MainUpdater:290 - Updater Check For Update Now.
2024-11-02 21:43:16,340 [INFO] MicroXplorer:498 - Change Database Version : DB.6.0.111
2024-11-02 21:43:16,347 [INFO] McuFinderGlobals:63 - Set McuFinder mode to 2 (CubeIDE integrated)
2024-11-02 21:43:16,355 [INFO] UserAuth:415 - Internet connection configuration mode: 1
2024-11-02 21:43:16,392 [INFO] JxBrowserEngine:152 - Initiate JxBrowser Engine with user profile folder
2024-11-02 21:43:16,601 [INFO] CheckServerUpdateThread:120 - End of CheckServer Thread
2024-11-02 21:43:17,521 [INFO] WebApp:161 - Instantiating new browser for Auth
2024-11-02 21:43:18,454 [INFO] WebApp:779 - Register for checkConnection events
2024-11-02 21:43:18,454 [INFO] WebApp:414 - Apply proxy settings
2024-11-02 21:43:18,454 [INFO] WebApp:499 - Chromium requires no authentication
2024-11-02 21:43:18,464 [INFO] WebApp:442 - Direct internet connection detected
2024-11-02 21:43:18,698 [INFO] WebApp:192 - Starting web application
2024-11-02 21:43:18,698 [INFO] WebApp:544 - Web application path used C:\ST\STM32CubeIDE_1.15.1\STM32CubeIDE\plugins\com.st.stm32cube.common.mx_6.11.1.202404110753\db\plugins\mcufinder\reactClient1\index.html
2024-11-02 21:43:19,156 [WARN] PackLoader:240 - Cannot read IP mode file for STMicroelectronics.FP-SNS-MOTENVWB1.1.4.0
2024-11-02 21:43:19,179 [WARN] PackLoader:240 - Cannot read IP mode file for STMicroelectronics.X-CUBE-SMBUS.2.1.0
2024-11-02 21:43:19,195 [WARN] PackLoader:240 - Cannot read IP mode file for STMicroelectronics.X-CUBE-WB05N.1.1.0
2024-11-02 21:43:19,205 [WARN] PackLoader:240 - Cannot read IP mode file for STMicroelectronics.X-CUBE-TOUCHGFX.4.23.1
2024-11-02 21:43:19,209 [WARN] PackLoader:240 - Cannot read IP mode file for STMicroelectronics.X-CUBE-TOUCHGFX.4.23.0
2024-11-02 21:43:19,213 [WARN] PackLoader:240 - Cannot read IP mode file for STMicroelectronics.X-CUBE-TOUCHGFX.4.23.2
2024-11-02 21:43:19,270 [WARN] PackLoader:240 - Cannot read IP mode file for STMicroelectronics.X-CUBE-AZRTOS-F7.1.1.0
2024-11-02 21:43:19,289 [WARN] PackLoader:240 - Cannot read IP mode file for STMicroelectronics.FP-SNS-MOTENV1.4.3.2
2024-11-02 21:43:19,469 [WARN] PackLoader:240 - Cannot read IP mode file for STMicroelectronics.X-CUBE-MEMS1.11.0.0
2024-11-02 21:43:19,873 [WARN] PackLoader:240 - Cannot read IP mode file for STMicroelectronics.FP-SNS-FLIGHT1.5.0.2
2024-11-02 21:43:19,901 [WARN] PackLoader:240 - Cannot read IP mode file for STMicroelectronics.X-CUBE-DISPLAY.3.0.0
2024-11-02 21:43:19,913 [WARN] PackLoader:240 - Cannot read IP mode file for STMicroelectronics.X-CUBE-BLE1.7.0.0
2024-11-02 21:43:19,922 [WARN] PackLoader:240 - Cannot read IP mode file for STMicroelectronics.X-CUBE-NFC10.1.0.0
2024-11-02 21:43:19,930 [WARN] PackLoader:240 - Cannot read IP mode file for emotas.I-CUBE-CANOPEN.1.3.0
2024-11-02 21:43:19,935 [WARN] PackLoader:240 - Cannot read IP mode file for STMicroelectronics.X-CUBE-TOUCHGFX.4.22.1
2024-11-02 21:43:19,955 [WARN] PackLoader:240 - Cannot read IP mode file for STMicroelectronics.X-CUBE-BLEMGR.3.1.0
2024-11-02 21:43:19,968 [WARN] PackLoader:240 - Cannot read IP mode file for STMicroelectronics.FP-SNS-SMARTAG2.1.2.0
2024-11-02 21:43:19,991 [INFO] LogOutputStream:77 - [STDOUT_REDIRECT] 1 : Invalid condition id : UX_CORESTACK_Condition cause : null
2024-11-02 21:43:19,991 [INFO] LogOutputStream:77 - [STDOUT_REDIRECT] 1 : Invalid condition id : UX_CORESTACK_Condition cause : null
2024-11-02 21:43:19,994 [INFO] LogOutputStream:77 - [STDOUT_REDIRECT] 1 : Invalid condition id : UX_CORESTACK_Condition cause : null
2024-11-02 21:43:19,996 [INFO] LogOutputStream:77 - [STDOUT_REDIRECT] 1 : Invalid condition id : UX_CORESTACK_Condition cause : null
2024-11-02 21:43:19,998 [INFO] LogOutputStream:77 - [STDOUT_REDIRECT] 1 : Invalid condition id : UX_CORESTACK_Condition cause : null
2024-11-02 21:43:20,004 [WARN] PackLoader:240 - Cannot read IP mode file for STMicroelectronics.X-CUBE-AZRTOS-WL.2.0.0
2024-11-02 21:43:20,013 [WARN] PackLoader:240 - Cannot read IP mode file for STMicroelectronics.FP-SNS-MOTENV1.5.0.0
2024-11-02 21:43:20,022 [WARN] PackLoader:240 - Cannot read IP mode file for wolfSSL.I-CUBE-wolfMQTT.1.19.0
2024-11-02 21:43:20,035 [WARN] PackLoader:240 - Cannot read IP mode file for WES.I-CUBE-Cesium.1.3.0
2024-11-02 21:43:20,042 [WARN] PackLoader:240 - Cannot read IP mode file for STMicroelectronics.X-CUBE-BLE2.3.3.0
2024-11-02 21:43:20,052 [WARN] PackLoader:240 - Cannot read IP mode file for STMicroelectronics.X-CUBE-NFC9.1.0.0
2024-11-02 21:43:20,062 [WARN] PackLoader:240 - Cannot read IP mode file for STMicroelectronics.X-CUBE-TCPP.4.1.0
2024-11-02 21:43:20,074 [WARN] PackLoader:240 - Cannot read IP mode file for STMicroelectronics.X-CUBE-ALGOBUILD.1.3.0
2024-11-02 21:43:20,107 [WARN] PackLoader:240 - Cannot read IP mode file for STMicroelectronics.X-CUBE-AZRTOS-G0.1.1.0
2024-11-02 21:43:20,132 [WARN] PackLoader:240 - Cannot read IP mode file for STMicroelectronics.X-CUBE-SAFEA1.1.2.2
2024-11-02 21:43:20,141 [WARN] PackLoader:240 - Cannot read IP mode file for STMicroelectronics.X-CUBE-NFC4.3.0.0
2024-11-02 21:43:20,147 [WARN] PackLoader:240 - Cannot read IP mode file for wolfSSL.I-CUBE-wolfMQTT.1.18.0
2024-11-02 21:43:20,161 [WARN] PackLoader:240 - Cannot read IP mode file for EmbeddedOffice.I-CUBE-FS-RTOS.1.0.1
2024-11-02 21:43:20,162 [ERROR] ConditionMgr:805 - Attr not supported : Dmpu
2024-11-02 21:43:20,162 [ERROR] ConditionMgr:805 - Attr not supported : Dmpu
2024-11-02 21:43:20,162 [ERROR] ConditionMgr:805 - Attr not supported : Dmpu
2024-11-02 21:43:20,162 [ERROR] ConditionMgr:805 - Attr not supported : Dmpu
2024-11-02 21:43:20,162 [ERROR] ConditionMgr:805 - Attr not supported : Dmpu
2024-11-02 21:43:20,162 [ERROR] ConditionMgr:805 - Attr not supported : Dmpu
2024-11-02 21:43:20,162 [ERROR] ConditionMgr:805 - Attr not supported : Dmpu
2024-11-02 21:43:20,163 [ERROR] ConditionMgr:805 - Attr not supported : Dmpu
2024-11-02 21:43:20,163 [ERROR] ConditionMgr:805 - Attr not supported : Dmpu
2024-11-02 21:43:20,164 [ERROR] ConditionMgr:805 - Attr not supported : Dmpu
2024-11-02 21:43:20,164 [ERROR] ConditionMgr:805 - Attr not supported : Dmpu
2024-11-02 21:43:20,164 [ERROR] ConditionMgr:805 - Attr not supported : Dmpu
2024-11-02 21:43:20,165 [ERROR] ConditionMgr:805 - Attr not supported : Dmpu
2024-11-02 21:43:20,165 [ERROR] ConditionMgr:805 - Attr not supported : Dmpu
2024-11-02 21:43:20,165 [ERROR] ConditionMgr:805 - Attr not supported : Dmpu
2024-11-02 21:43:20,165 [ERROR] ConditionMgr:805 - Attr not supported : Dmpu
2024-11-02 21:43:20,165 [ERROR] ConditionMgr:805 - Attr not supported : Dmpu
2024-11-02 21:43:20,165 [ERROR] ConditionMgr:805 - Attr not supported : Dmpu
2024-11-02 21:43:20,165 [ERROR] ConditionMgr:805 - Attr not supported : Dmpu
2024-11-02 21:43:20,165 [ERROR] ConditionMgr:805 - Attr not supported : Dmpu
2024-11-02 21:43:20,166 [ERROR] ConditionMgr:805 - Attr not supported : Dmpu
2024-11-02 21:43:20,166 [ERROR] ConditionMgr:805 - Attr not supported : Dmpu
2024-11-02 21:43:20,168 [ERROR] ConditionMgr:805 - Attr not supported : Dmpu
2024-11-02 21:43:20,168 [ERROR] ConditionMgr:805 - Attr not supported : Dmpu
2024-11-02 21:43:20,168 [ERROR] ConditionMgr:805 - Attr not supported : Dmpu
2024-11-02 21:43:20,169 [ERROR] ConditionMgr:805 - Attr not supported : Dmpu
2024-11-02 21:43:20,169 [ERROR] ConditionMgr:805 - Attr not supported : Dmpu
2024-11-02 21:43:20,169 [ERROR] ConditionMgr:805 - Attr not supported : Dmpu
2024-11-02 21:43:20,169 [ERROR] ConditionMgr:805 - Attr not supported : Dmpu
2024-11-02 21:43:20,169 [ERROR] ConditionMgr:805 - Attr not supported : Dmpu
2024-11-02 21:43:20,169 [ERROR] ConditionMgr:805 - Attr not supported : Dmpu
2024-11-02 21:43:20,169 [ERROR] ConditionMgr:805 - Attr not supported : Dmpu
2024-11-02 21:43:20,169 [ERROR] ConditionMgr:805 - Attr not supported : Dmpu
2024-11-02 21:43:20,169 [ERROR] ConditionMgr:805 - Attr not supported : Dmpu
2024-11-02 21:43:20,169 [ERROR] ConditionMgr:805 - Attr not supported : Dmpu
2024-11-02 21:43:20,169 [ERROR] ConditionMgr:805 - Attr not supported : Dmpu
2024-11-02 21:43:20,170 [ERROR] ConditionMgr:805 - Attr not supported : Dmpu
2024-11-02 21:43:20,170 [ERROR] ConditionMgr:805 - Attr not supported : Dmpu
2024-11-02 21:43:20,170 [ERROR] ConditionMgr:805 - Attr not supported : Dmpu
2024-11-02 21:43:20,170 [ERROR] ConditionMgr:805 - Attr not supported : Dmpu
2024-11-02 21:43:20,170 [ERROR] ConditionMgr:805 - Attr not supported : Dmpu
2024-11-02 21:43:20,170 [ERROR] ConditionMgr:805 - Attr not supported : Dmpu
2024-11-02 21:43:20,170 [ERROR] ConditionMgr:805 - Attr not supported : Dmpu
2024-11-02 21:43:20,170 [ERROR] ConditionMgr:805 - Attr not supported : Dmpu
2024-11-02 21:43:20,171 [ERROR] ConditionMgr:805 - Attr not supported : Dmpu
2024-11-02 21:43:20,171 [ERROR] ConditionMgr:805 - Attr not supported : Dmpu
2024-11-02 21:43:20,171 [ERROR] ConditionMgr:805 - Attr not supported : Dmpu
2024-11-02 21:43:20,171 [ERROR] ConditionMgr:805 - Attr not supported : Dmpu
2024-11-02 21:43:20,171 [ERROR] ConditionMgr:805 - Attr not supported : Dmpu
2024-11-02 21:43:20,171 [ERROR] ConditionMgr:805 - Attr not supported : Dmpu
2024-11-02 21:43:20,171 [ERROR] ConditionMgr:805 - Attr not supported : Dmpu
2024-11-02 21:43:20,171 [ERROR] ConditionMgr:805 - Attr not supported : Dmpu
2024-11-02 21:43:20,171 [ERROR] ConditionMgr:805 - Attr not supported : Dmpu
2024-11-02 21:43:20,171 [ERROR] ConditionMgr:805 - Attr not supported : Dmpu
2024-11-02 21:43:20,171 [ERROR] ConditionMgr:805 - Attr not supported : Dmpu
2024-11-02 21:43:20,172 [ERROR] ConditionMgr:805 - Attr not supported : Dmpu
2024-11-02 21:43:20,172 [ERROR] ConditionMgr:805 - Attr not supported : Dmpu
2024-11-02 21:43:20,172 [ERROR] ConditionMgr:805 - Attr not supported : Dmpu
2024-11-02 21:43:20,172 [ERROR] ConditionMgr:805 - Attr not supported : Dmpu
2024-11-02 21:43:20,172 [ERROR] ConditionMgr:805 - Attr not supported : Dmpu
2024-11-02 21:43:20,172 [ERROR] ConditionMgr:805 - Attr not supported : Dmpu
2024-11-02 21:43:20,172 [ERROR] ConditionMgr:805 - Attr not supported : Dmpu
2024-11-02 21:43:20,173 [ERROR] ConditionMgr:805 - Attr not supported : Dmpu
2024-11-02 21:43:20,173 [ERROR] ConditionMgr:805 - Attr not supported : Dmpu
2024-11-02 21:43:20,186 [WARN] PackLoader:240 - Cannot read IP mode file for STMicroelectronics.X-CUBE-BLEMGR.3.0.0
2024-11-02 21:43:20,197 [WARN] PackLoader:240 - Cannot read IP mode file for RealThread.X-CUBE-RT-Thread_Nano.4.1.1
2024-11-02 21:43:20,204 [WARN] PackLoader:240 - Cannot read IP mode file for STMicroelectronics.FP-ATR-SIGFOX1.3.2.0
2024-11-02 21:43:20,211 [WARN] PackLoader:240 - Cannot read IP mode file for STMicroelectronics.X-CUBE-EEPRMA1.5.1.0
2024-11-02 21:43:20,261 [WARN] PackLoader:240 - Cannot read IP mode file for SEGGER.I-CUBE-embOS.1.3.1
2024-11-02 21:43:20,342 [WARN] PackLoader:240 - Cannot read IP mode file for STMicroelectronics.X-CUBE-ALGOBUILD.1.4.0
2024-11-02 21:43:20,349 [WARN] PackLoader:240 - Cannot read IP mode file for STMicroelectronics.X-CUBE-AI.9.1.0
2024-11-02 21:43:20,356 [WARN] PackLoader:240 - Cannot read IP mode file for STMicroelectronics.X-CUBE-GNSS1.6.0.0
2024-11-02 21:43:20,380 [WARN] PackLoader:240 - Cannot read IP mode file for STMicroelectronics.X-CUBE-AZRTOS-F4.1.1.0
2024-11-02 21:43:20,390 [WARN] PackLoader:240 - Cannot read IP mode file for wolfSSL.I-CUBE-wolfSSL.5.6.3
2024-11-02 21:43:20,395 [WARN] PackLoader:240 - Cannot read IP mode file for STMicroelectronics.X-CUBE-ISPU.2.1.0
2024-11-02 21:43:20,404 [WARN] PackLoader:240 - Cannot read IP mode file for STMicroelectronics.X-CUBE-FREERTOS.1.2.0
2024-11-02 21:43:20,427 [WARN] PackLoader:240 - Cannot read IP mode file for STMicroelectronics.X-CUBE-AZRTOS-L5.2.0.0
2024-11-02 21:43:20,504 [WARN] PackLoader:240 - Cannot read IP mode file for STMicroelectronics.X-CUBE-MEMS1.9.6.0
2024-11-02 21:43:20,770 [WARN] PackLoader:240 - Cannot read IP mode file for STMicroelectronics.X-CUBE-EEPRMA1.4.2.0
2024-11-02 21:43:20,779 [WARN] PackLoader:240 - Cannot read IP mode file for STMicroelectronics.X-CUBE-NFC6.3.1.0
2024-11-02 21:43:20,789 [WARN] PackLoader:240 - Cannot read IP mode file for ITTIA_DB.I-CUBE-ITTIADB.8.8.0
2024-11-02 21:43:20,798 [WARN] PackLoader:240 - Cannot read IP mode file for STMicroelectronics.X-CUBE-BLEMGR.2.0.0
2024-11-02 21:43:20,806 [WARN] PackLoader:240 - Cannot read IP mode file for STMicroelectronics.X-CUBE-DPower.1.2.0
2024-11-02 21:43:20,811 [WARN] PackLoader:240 - Cannot read IP mode file for STMicroelectronics.X-CUBE-AI.9.0.0
2024-11-02 21:43:20,837 [WARN] ConditionMgr:438 - getConditionDescription Invalid condition id : UX DEVICE CLASS RTOS Condition cause : null
2024-11-02 21:43:20,837 [WARN] ConditionMgr:438 - getConditionDescription Invalid condition id : UX DEVICE CLASS RTOS Condition cause : null
2024-11-02 21:43:20,842 [WARN] PackLoader:240 - Cannot read IP mode file for STMicroelectronics.X-CUBE-AZRTOS-H7.3.1.0
2024-11-02 21:43:20,843 [WARN] ConditionMgr:1039 - genDependencies : Invalid condition id : UX DEVICE CLASS RTOS Condition cause : null
2024-11-02 21:43:20,844 [WARN] ConditionMgr:1039 - genDependencies : Invalid condition id : UX DEVICE CLASS RTOS Condition cause : null
2024-11-02 21:43:20,845 [WARN] ConditionMgr:1039 - genDependencies : Invalid condition id : UX DEVICE CLASS RTOS Condition cause : null
2024-11-02 21:43:20,846 [WARN] ConditionMgr:1039 - genDependencies : Invalid condition id : UX DEVICE CLASS RTOS Condition cause : null
2024-11-02 21:43:20,847 [WARN] ConditionMgr:1039 - genDependencies : Invalid condition id : UX DEVICE CLASS RTOS Condition cause : null
2024-11-02 21:43:20,856 [WARN] PackLoader:240 - Cannot read IP mode file for STMicroelectronics.X-CUBE-NFC7.1.0.1
2024-11-02 21:43:20,863 [WARN] PackLoader:240 - Cannot read IP mode file for wolfSSL.I-CUBE-wolfTPM.3.2.0
2024-11-02 21:43:20,873 [WARN] PackLoader:240 - Cannot read IP mode file for STMicroelectronics.X-CUBE-NFC6.3.0.0
2024-11-02 21:43:20,885 [WARN] PackLoader:240 - Cannot read IP mode file for STMicroelectronics.X-CUBE-EEPRMA1.4.1.0
2024-11-02 21:43:20,891 [WARN] PackLoader:240 - Cannot read IP mode file for STMicroelectronics.X-CUBE-AI.8.1.0
2024-11-02 21:43:20,915 [WARN] ConditionMgr:438 - getConditionDescription Invalid condition id : LAN8742 Phy interface Condition cause : null
2024-11-02 21:43:20,916 [WARN] PackLoader:240 - Cannot read IP mode file for STMicroelectronics.X-CUBE-AZRTOS-L4.2.0.0
2024-11-02 21:43:20,917 [WARN] ConditionMgr:1039 - genDependencies : Invalid condition id : LAN8742 Phy interface Condition cause : null
2024-11-02 21:43:20,920 [WARN] ConditionMgr:1039 - genDependencies : Invalid condition id : LAN8742 Phy interface Condition cause : null
2024-11-02 21:43:20,921 [WARN] ConditionMgr:1039 - genDependencies : Invalid condition id : LAN8742 Phy interface Condition cause : null
2024-11-02 21:43:20,932 [WARN] PackLoader:240 - Cannot read IP mode file for STMicroelectronics.X-CUBE-SFXS2LP1.4.0.0
2024-11-02 21:43:20,939 [WARN] PackLoader:240 - Cannot read IP mode file for STMicroelectronics.X-CUBE-ISPU.1.1.0
2024-11-02 21:43:20,997 [WARN] PackLoader:240 - Cannot read IP mode file for STMicroelectronics.X-CUBE-AZRTOS-H7.3.3.0
2024-11-02 21:43:21,020 [WARN] PackLoader:240 - Cannot read IP mode file for STMicroelectronics.X-CUBE-IPS.3.0.0
2024-11-02 21:43:21,046 [WARN] ConditionMgr:438 - getConditionDescription Invalid condition id : UX DEVICE CLASS RTOS Condition cause : null
2024-11-02 21:43:21,047 [WARN] ConditionMgr:438 - getConditionDescription Invalid condition id : UX DEVICE CLASS RTOS Condition cause : null
2024-11-02 21:43:21,053 [WARN] PackLoader:240 - Cannot read IP mode file for STMicroelectronics.X-CUBE-AZRTOS-WB.2.0.0
2024-11-02 21:43:21,054 [WARN] ConditionMgr:1039 - genDependencies : Invalid condition id : UX DEVICE CLASS RTOS Condition cause : null
2024-11-02 21:43:21,055 [WARN] ConditionMgr:1039 - genDependencies : Invalid condition id : UX DEVICE CLASS RTOS Condition cause : null
2024-11-02 21:43:21,055 [WARN] ConditionMgr:1039 - genDependencies : Invalid condition id : UX DEVICE CLASS RTOS Condition cause : null
2024-11-02 21:43:21,056 [WARN] ConditionMgr:1039 - genDependencies : Invalid condition id : UX DEVICE CLASS RTOS Condition cause : null
2024-11-02 21:43:21,056 [WARN] ConditionMgr:1039 - genDependencies : Invalid condition id : UX DEVICE CLASS RTOS Condition cause : null
2024-11-02 21:43:21,066 [WARN] PackLoader:240 - Cannot read IP mode file for STMicroelectronics.X-CUBE-GNSS1.7.0.0
2024-11-02 21:43:21,078 [WARN] PackLoader:240 - Cannot read IP mode file for STMicroelectronics.FP-SNS-STBOX1.2.0.0
2024-11-02 21:43:21,100 [WARN] PackLoader:240 - Cannot read IP mode file for STMicroelectronics.X-CUBE-SUBG2.5.0.0
2024-11-02 21:43:21,115 [WARN] PackLoader:240 - Cannot read IP mode file for Cesanta.I-CUBE-Mongoose.7.13.0
2024-11-02 21:43:21,132 [WARN] PackLoader:240 - Cannot read IP mode file for STMicroelectronics.X-CUBE-TOF1.3.3.1
2024-11-02 21:43:21,179 [WARN] PackLoader:240 - Cannot read IP mode file for STMicroelectronics.X-CUBE-AZRTOS-G4.2.0.0
2024-11-02 21:43:21,204 [WARN] PackLoader:240 - Cannot read IP mode file for Infineon.AIROC-Wi-Fi-Bluetooth-STM32.1.5.1
2024-11-02 21:43:21,215 [WARN] PackLoader:240 - Cannot read IP mode file for STMicroelectronics.FP-SNS-MOTENVWB1.1.3.0
2024-11-02 21:43:21,221 [WARN] PackLoader:240 - Cannot read IP mode file for STMicroelectronics.FP-SNS-MOTENVWB1.1.3.1
2024-11-02 21:43:21,227 [WARN] PackLoader:240 - Cannot read IP mode file for STMicroelectronics.X-CUBE-ISPU.2.0.0
2024-11-02 21:43:21,235 [WARN] PackLoader:240 - Cannot read IP mode file for STMicroelectronics.X-CUBE-ALS.1.0.2
2024-11-02 21:43:21,327 [WARN] PackLoader:240 - Cannot read IP mode file for STMicroelectronics.X-CUBE-MEMS1.10.0.0
2024-11-02 21:43:21,530 [WARN] PackLoader:240 - Cannot read IP mode file for STMicroelectronics.X-CUBE-FREERTOS.1.1.0
2024-11-02 21:43:21,535 [WARN] PackLoader:240 - Cannot read IP mode file for STMicroelectronics.X-CUBE-TOUCHGFX.4.24.0
2024-11-02 21:43:21,538 [WARN] PackLoader:240 - Cannot read IP mode file for STMicroelectronics.X-CUBE-TOUCHGFX.4.24.1
2024-11-02 21:43:21,545 [WARN] PackLoader:240 - Cannot read IP mode file for portGmbH.I-Cube-SoM-uGOAL.1.1.0
2024-11-02 21:43:21,552 [WARN] PackLoader:240 - Cannot read IP mode file for STMicroelectronics.X-CUBE-ALS.1.0.1
2024-11-02 21:43:21,584 [WARN] PackLoader:240 - Cannot read IP mode file for STMicroelectronics.X-CUBE-AZRTOS-H7RS.1.0.0
2024-11-02 21:43:21,594 [WARN] PackLoader:240 - Cannot read IP mode file for STMicroelectronics.FP-ATR-ASTRA1.2.0.0
2024-11-02 21:43:21,608 [WARN] PackLoader:240 - Cannot read IP mode file for STMicroelectronics.X-CUBE-TOF1.3.4.2
2024-11-02 21:43:21,640 [WARN] PackLoader:240 - Cannot read IP mode file for STMicroelectronics.X-CUBE-TOF1.3.4.0
2024-11-02 21:43:21,671 [WARN] PackLoader:240 - Cannot read IP mode file for STMicroelectronics.X-CUBE-TOF1.3.4.1
2024-11-02 21:43:21,719 [WARN] PackLoader:240 - Cannot read IP mode file for STMicroelectronics.X-CUBE-AZRTOS-H7.3.2.0
2024-11-02 21:43:21,728 [WARN] PackLoader:240 - Cannot read IP mode file for wolfSSL.I-CUBE-wolfSSH.1.4.17
2024-11-02 21:43:21,730 [INFO] ThirdParty:978 - Integrity check success = true
2024-11-02 21:43:21,730 [INFO] IntegrityCheckThread:100 - exiting critical section [integrity check]
2024-11-02 21:43:21,731 [INFO] IntegrityCheckThread:103 - End integrity checks thread
2024-11-02 22:31:04,276 [ERROR] LogOutputStream:75 - [STDERR_REDIRECT] 
2024-11-02 22:31:04,277 [ERROR] LogOutputStream:75 - [STDERR_REDIRECT] 
